2024-06-07 14:51:44,040	TRACE	evk.IxanaEVK.__init__	CALL *('68:05:16:46:BF:24',) **{}
2024-06-07 14:51:44,040	DEBUG	asyncio.__init__	Using proactor: IocpProactor
2024-06-07 14:51:44,239	DEBUG	bleak.backends.winrt.scanner._received_handler	Received 33:E0:B7:B5:17:D3: .
2024-06-07 14:51:44,246	DEBUG	bleak.backends.winrt.scanner._received_handler	Received 27:21:4E:9E:F5:68: .
2024-06-07 14:51:44,246	DEBUG	bleak.backends.winrt.scanner._received_handler	Received 04:1F:E3:93:27:47: .
2024-06-07 14:51:44,589	DEBUG	bleak.backends.winrt.scanner._received_handler	Received 2D:D5:42:76:4B:24: .
2024-06-07 14:51:44,591	DEBUG	bleak.backends.winrt.scanner._received_handler	Received 2D:D5:42:76:4B:24: .
2024-06-07 14:51:44,595	DEBUG	bleak.backends.winrt.scanner._received_handler	Received 68:03:71:74:E0:2A: .
2024-06-07 14:51:44,596	DEBUG	bleak.backends.winrt.scanner._received_handler	Received 68:03:71:74:E0:2A: Amdtp.
2024-06-07 14:51:44,604	DEBUG	bleak.backends.winrt.scanner._received_handler	Received 68:08:FC:E1:F4:00: .
2024-06-07 14:51:44,604	DEBUG	bleak.backends.winrt.scanner._received_handler	Received 68:08:FC:E1:F4:00: Amdtp.
2024-06-07 14:51:44,604	DEBUG	bleak.backends.winrt.scanner._received_handler	Received 38:01:95:99:1C:66: .
2024-06-07 14:51:44,611	DEBUG	bleak.backends.winrt.scanner._received_handler	Received 68:02:15:5A:DB:AC: .
2024-06-07 14:51:44,710	DEBUG	bleak.backends.winrt.scanner._received_handler	Received 68:02:15:5A:DB:AC: .
2024-06-07 14:51:44,710	DEBUG	bleak.backends.winrt.scanner._received_handler	Received 68:02:15:5A:DB:AC: Amdtp.
2024-06-07 14:51:44,712	DEBUG	bleak.backends.winrt.scanner._received_handler	Received 68:03:E8:3F:09:02: .
2024-06-07 14:51:44,715	DEBUG	bleak.backends.winrt.scanner._received_handler	Received 68:03:E8:3F:09:02: Ixana YR22 EVK.
2024-06-07 14:51:44,715	DEBUG	bleak.backends.winrt.scanner._received_handler	Received 3A:63:DB:4A:92:21: .
2024-06-07 14:51:44,715	DEBUG	bleak.backends.winrt.scanner._received_handler	Received 37:1F:DD:F3:5D:A4: .
2024-06-07 14:51:44,715	DEBUG	bleak.backends.winrt.scanner._received_handler	Received 37:1F:DD:F3:5D:A4: .
2024-06-07 14:51:44,826	DEBUG	bleak.backends.winrt.scanner._received_handler	Received 0E:E5:CA:65:57:0E: .
2024-06-07 14:51:44,828	DEBUG	bleak.backends.winrt.scanner._received_handler	Received 68:05:16:46:BF:24: .
2024-06-07 14:51:44,830	DEBUG	bleak.backends.winrt.scanner._stopped_handler	13 devices found. Watcher status: <BluetoothLEAdvertisementWatcherStatus.STOPPED: 3>.
2024-06-07 14:51:44,836	DEBUG	bleak.backends.winrt.client.connect	Connecting to BLE device @ 68:05:16:46:BF:24
2024-06-07 14:51:44,842	DEBUG	bleak.backends.winrt.scanner._received_handler	Received 68:05:16:46:BF:24: Ixana YR22 EVK.
2024-06-07 14:51:44,896	DEBUG	bleak.backends.winrt.client.get_services	getting services (service_cache_mode=None, cache_mode=None)...
2024-06-07 14:51:45,253	DEBUG	bleak.backends.winrt.client.session_status_changed_event_handler	session_status_changed_event_handler: id: BluetoothLE#BluetoothLEe8:48:b8:c8:20:00-68:05:16:46:bf:24, error: <BluetoothError.SUCCESS: 0>, status: <GattSessionStatus.ACTIVE: 1>
2024-06-07 14:51:45,343	DEBUG	bleak.backends.winrt.client.max_pdu_size_changed_handler	max_pdu_size_changed_handler: 247
2024-06-07 14:51:46,393	TRACE	evk.IxanaEVK.mode_reset	CALL *() **{}
2024-06-07 14:51:46,393	TRACE	evk.IxanaEVK._write	CALL *(bytearray(b'\x00\x03\x01\x00'),) **{}
2024-06-07 14:51:46,422	TRACE	evk.IxanaEVK._write	RETURN None
2024-06-07 14:51:46,922	TRACE	evk.IxanaEVK.data_enable	CALL *(False,) **{}
2024-06-07 14:51:46,922	TRACE	evk.IxanaEVK._write	CALL *(bytearray(b'\x04\x00'),) **{}
2024-06-07 14:51:46,941	TRACE	evk.IxanaEVK._write	RETURN None
2024-06-07 14:51:46,941	TRACE	evk.IxanaEVK.data_enable	RETURN None
2024-06-07 14:51:46,941	TRACE	evk.IxanaEVK.mode_reset	RETURN None
2024-06-07 14:51:46,941	TRACE	evk.IxanaEVK.field_rd	CALL *(<FIELD_NAME.VERSION: 0>,) **{}
2024-06-07 14:51:46,941	TRACE	evk.IxanaEVK._write	CALL *(bytearray(b'\x00\x00\x00'),) **{}
2024-06-07 14:51:46,976	TRACE	evk.IxanaEVK._write	RETURN None
2024-06-07 14:51:46,976	TRACE	evk.IxanaEVK._read	CALL *(4,) **{}
2024-06-07 14:51:46,976	TRACE	evk.IxanaEVK._read	RETURN bytearray(b'\x02\x00\x00\x00')
2024-06-07 14:51:46,976	TRACE	evk.IxanaEVK._read	CALL *(3,) **{}
2024-06-07 14:51:46,976	TRACE	evk.IxanaEVK._read	RETURN bytearray(b'\x00\x00\x01')
2024-06-07 14:51:46,976	TRACE	evk.IxanaEVK.field_rd	RETURN bytearray(b'\x00\x00\x01')
2024-06-07 14:51:46,976	TRACE	evk.IxanaEVK.field_rd	CALL *(<FIELD_NAME.BOARDID: 1>,) **{}
2024-06-07 14:51:46,976	TRACE	evk.IxanaEVK._write	CALL *(bytearray(b'\x00\x01\x00'),) **{}
2024-06-07 14:51:47,004	TRACE	evk.IxanaEVK._write	RETURN None
2024-06-07 14:51:47,004	TRACE	evk.IxanaEVK._read	CALL *(4,) **{}
2024-06-07 14:51:47,004	TRACE	evk.IxanaEVK._read	RETURN bytearray(b'\x02\x01\x00\x00')
2024-06-07 14:51:47,004	TRACE	evk.IxanaEVK._read	CALL *(16,) **{}
2024-06-07 14:51:47,004	TRACE	evk.IxanaEVK._read	RETURN bytearray(b'\x18 4\x08\x02\x05he$\xbfF\x161\xbf\x0e\x00')
2024-06-07 14:51:47,004	TRACE	evk.IxanaEVK.field_rd	RETURN bytearray(b'\x18 4\x08\x02\x05he$\xbfF\x161\xbf\x0e\x00')
2024-06-07 14:51:47,004	TRACE	evk.IxanaEVK.__init__	RETURN None
2024-06-07 14:51:47,004	TRACE	evk.IxanaEVK.mode_rd	CALL *() **{}
2024-06-07 14:51:47,004	TRACE	evk.IxanaEVK.field_rd	CALL *(<FIELD_NAME.MODE: 3>,) **{}
2024-06-07 14:51:47,004	TRACE	evk.IxanaEVK._write	CALL *(bytearray(b'\x00\x03\x00'),) **{}
2024-06-07 14:51:47,052	TRACE	evk.IxanaEVK._write	RETURN None
2024-06-07 14:51:47,052	TRACE	evk.IxanaEVK._read	CALL *(4,) **{}
2024-06-07 14:51:47,052	TRACE	evk.IxanaEVK._read	RETURN bytearray(b'\x02\x03\x00\x00')
2024-06-07 14:51:47,052	TRACE	evk.IxanaEVK._read	CALL *(1,) **{}
2024-06-07 14:51:47,052	TRACE	evk.IxanaEVK._read	RETURN bytearray(b'\x00')
2024-06-07 14:51:47,053	TRACE	evk.IxanaEVK.field_rd	RETURN bytearray(b'\x00')
2024-06-07 14:51:47,053	TRACE	evk.IxanaEVK.mode_rd	RETURN <MODE.NONE: 0>
2024-06-07 14:51:47,054	TRACE	evk.IxanaEVK.mode_start	CALL *(<MODE.STATS_RX: 2>, <FIELD_NAME.MODE_STATS_RX: 5>, FieldModeStatsRX(icsetting_bitrate=0, data_size=32, duration_us=1000000)) **{}
2024-06-07 14:51:47,054	TRACE	evk.IxanaEVK.mode_reset	CALL *() **{}
2024-06-07 14:51:47,054	TRACE	evk.IxanaEVK._write	CALL *(bytearray(b'\x00\x03\x01\x00'),) **{}
2024-06-07 14:51:47,081	TRACE	evk.IxanaEVK._write	RETURN None
2024-06-07 14:51:47,583	TRACE	evk.IxanaEVK.data_enable	CALL *(False,) **{}
2024-06-07 14:51:47,583	TRACE	evk.IxanaEVK._write	CALL *(bytearray(b'\x04\x00'),) **{}
2024-06-07 14:51:47,603	TRACE	evk.IxanaEVK._write	RETURN None
2024-06-07 14:51:47,603	TRACE	evk.IxanaEVK.data_enable	RETURN None
2024-06-07 14:51:47,603	TRACE	evk.IxanaEVK.mode_reset	RETURN None
2024-06-07 14:51:47,603	TRACE	evk.IxanaEVK.mode_wrrd	CALL *(<MODE.NONE: 0>,) **{}
2024-06-07 14:51:47,603	TRACE	evk.IxanaEVK.mode_wr	CALL *(<MODE.NONE: 0>,) **{}
2024-06-07 14:51:47,603	TRACE	evk.IxanaEVK.field_wr	CALL *(<FIELD_NAME.MODE: 3>, <MODE.NONE: 0>) **{}
2024-06-07 14:51:47,603	TRACE	evk.IxanaEVK._field_data_format	CALL *(<MODE.NONE: 0>,) **{}
2024-06-07 14:51:47,603	TRACE	evk.IxanaEVK._field_data_format	RETURN b'\x00'
2024-06-07 14:51:47,603	TRACE	evk.IxanaEVK._write	CALL *(bytearray(b'\x00\x03\x01\x00'),) **{}
2024-06-07 14:51:47,634	TRACE	evk.IxanaEVK._write	RETURN None
2024-06-07 14:51:47,634	TRACE	evk.IxanaEVK._read	CALL *(4,) **{}
2024-06-07 14:51:47,634	TRACE	evk.IxanaEVK._read	RETURN bytearray(b'\x02\x03\x01\x00')
2024-06-07 14:51:47,634	TRACE	evk.IxanaEVK.field_wr	RETURN None
2024-06-07 14:51:47,634	TRACE	evk.IxanaEVK.mode_wr	RETURN None
2024-06-07 14:51:47,634	TRACE	evk.IxanaEVK.mode_rd	CALL *() **{}
2024-06-07 14:51:47,634	TRACE	evk.IxanaEVK.field_rd	CALL *(<FIELD_NAME.MODE: 3>,) **{}
2024-06-07 14:51:47,634	TRACE	evk.IxanaEVK._write	CALL *(bytearray(b'\x00\x03\x00'),) **{}
2024-06-07 14:51:47,666	TRACE	evk.IxanaEVK._write	RETURN None
2024-06-07 14:51:47,666	TRACE	evk.IxanaEVK._read	CALL *(4,) **{}
2024-06-07 14:51:47,666	TRACE	evk.IxanaEVK._read	RETURN bytearray(b'\x02\x03\x00\x00')
2024-06-07 14:51:47,667	TRACE	evk.IxanaEVK._read	CALL *(1,) **{}
2024-06-07 14:51:47,667	TRACE	evk.IxanaEVK._read	RETURN bytearray(b'\x00')
2024-06-07 14:51:47,667	TRACE	evk.IxanaEVK.field_rd	RETURN bytearray(b'\x00')
2024-06-07 14:51:47,667	TRACE	evk.IxanaEVK.mode_rd	RETURN <MODE.NONE: 0>
2024-06-07 14:51:47,667	TRACE	evk.IxanaEVK.mode_wrrd	RETURN None
2024-06-07 14:51:47,667	TRACE	evk.IxanaEVK.field_wrrd	CALL *(<FIELD_NAME.MODE_STATS_RX: 5>, bytearray(b'\x00 @B\x0f\x00')) **{}
2024-06-07 14:51:47,667	TRACE	evk.IxanaEVK.field_wr	CALL *(<FIELD_NAME.MODE_STATS_RX: 5>, bytearray(b'\x00 @B\x0f\x00')) **{}
2024-06-07 14:51:47,667	TRACE	evk.IxanaEVK._field_data_format	CALL *(bytearray(b'\x00 @B\x0f\x00'),) **{}
2024-06-07 14:51:47,667	TRACE	evk.IxanaEVK._field_data_format	RETURN bytearray(b'\x00 @B\x0f\x00')
2024-06-07 14:51:47,667	TRACE	evk.IxanaEVK._write	CALL *(bytearray(b'\x00\x05\x01\x00 @B\x0f\x00'),) **{}
2024-06-07 14:51:47,694	TRACE	evk.IxanaEVK._write	RETURN None
2024-06-07 14:51:47,694	TRACE	evk.IxanaEVK._read	CALL *(4,) **{}
2024-06-07 14:51:47,694	TRACE	evk.IxanaEVK._read	RETURN bytearray(b'\x02\x05\x01\x00')
2024-06-07 14:51:47,694	TRACE	evk.IxanaEVK.field_wr	RETURN None
2024-06-07 14:51:47,694	TRACE	evk.IxanaEVK._field_data_format	CALL *(bytearray(b'\x00 @B\x0f\x00'),) **{}
2024-06-07 14:51:47,694	TRACE	evk.IxanaEVK._field_data_format	RETURN bytearray(b'\x00 @B\x0f\x00')
2024-06-07 14:51:47,694	TRACE	evk.IxanaEVK.field_rd	CALL *(<FIELD_NAME.MODE_STATS_RX: 5>,) **{}
2024-06-07 14:51:47,694	TRACE	evk.IxanaEVK._write	CALL *(bytearray(b'\x00\x05\x00'),) **{}
2024-06-07 14:51:47,720	TRACE	evk.IxanaEVK._write	RETURN None
2024-06-07 14:51:47,720	TRACE	evk.IxanaEVK._read	CALL *(4,) **{}
2024-06-07 14:51:47,720	TRACE	evk.IxanaEVK._read	RETURN bytearray(b'\x02\x05\x00\x00')
2024-06-07 14:51:47,720	TRACE	evk.IxanaEVK._read	CALL *(6,) **{}
2024-06-07 14:51:47,720	TRACE	evk.IxanaEVK._read	RETURN bytearray(b'\x00 @B\x0f\x00')
2024-06-07 14:51:47,720	TRACE	evk.IxanaEVK.field_rd	RETURN bytearray(b'\x00 @B\x0f\x00')
2024-06-07 14:51:47,720	TRACE	evk.IxanaEVK.field_wrrd	RETURN None
2024-06-07 14:51:47,720	TRACE	evk.IxanaEVK.mode_wrrd	CALL *(<MODE.STATS_RX: 2>,) **{}
2024-06-07 14:51:47,720	TRACE	evk.IxanaEVK.mode_wr	CALL *(<MODE.STATS_RX: 2>,) **{}
2024-06-07 14:51:47,720	TRACE	evk.IxanaEVK.field_wr	CALL *(<FIELD_NAME.MODE: 3>, <MODE.STATS_RX: 2>) **{}
2024-06-07 14:51:47,720	TRACE	evk.IxanaEVK._field_data_format	CALL *(<MODE.STATS_RX: 2>,) **{}
2024-06-07 14:51:47,720	TRACE	evk.IxanaEVK._field_data_format	RETURN b'\x02'
2024-06-07 14:51:47,720	TRACE	evk.IxanaEVK._write	CALL *(bytearray(b'\x00\x03\x01\x02'),) **{}
2024-06-07 14:51:47,770	TRACE	evk.IxanaEVK._write	RETURN None
2024-06-07 14:51:47,770	TRACE	evk.IxanaEVK._read	CALL *(4,) **{}
2024-06-07 14:51:48,135	TRACE	evk.IxanaEVK._read	RETURN bytearray(b'\x02\x03\x01\x00')
2024-06-07 14:51:48,135	TRACE	evk.IxanaEVK.field_wr	RETURN None
2024-06-07 14:51:48,135	TRACE	evk.IxanaEVK.mode_wr	RETURN None
2024-06-07 14:51:48,135	TRACE	evk.IxanaEVK.mode_rd	CALL *() **{}
2024-06-07 14:51:48,135	TRACE	evk.IxanaEVK.field_rd	CALL *(<FIELD_NAME.MODE: 3>,) **{}
2024-06-07 14:51:48,135	TRACE	evk.IxanaEVK._write	CALL *(bytearray(b'\x00\x03\x00'),) **{}
2024-06-07 14:51:48,262	TRACE	evk.IxanaEVK._write	RETURN None
2024-06-07 14:51:48,262	TRACE	evk.IxanaEVK._read	CALL *(4,) **{}
2024-06-07 14:51:48,262	TRACE	evk.IxanaEVK._read	RETURN bytearray(b'\x02\x03\x00\x00')
2024-06-07 14:51:48,262	TRACE	evk.IxanaEVK._read	CALL *(1,) **{}
2024-06-07 14:51:48,262	TRACE	evk.IxanaEVK._read	RETURN bytearray(b'\x02')
2024-06-07 14:51:48,262	TRACE	evk.IxanaEVK.field_rd	RETURN bytearray(b'\x02')
2024-06-07 14:51:48,262	TRACE	evk.IxanaEVK.mode_rd	RETURN <MODE.STATS_RX: 2>
2024-06-07 14:51:48,262	TRACE	evk.IxanaEVK.mode_wrrd	RETURN None
2024-06-07 14:51:48,262	TRACE	evk.IxanaEVK.check_ic_status	CALL *() **{}
2024-06-07 14:51:48,262	TRACE	evk.IxanaEVK.icstatus_rd	CALL *() **{}
2024-06-07 14:51:48,262	TRACE	evk.IxanaEVK.field_rd	CALL *(<FIELD_NAME.ICSTATUS: 2>,) **{}
2024-06-07 14:51:48,262	TRACE	evk.IxanaEVK._write	CALL *(bytearray(b'\x00\x02\x00'),) **{}
2024-06-07 14:51:48,386	TRACE	evk.IxanaEVK._write	RETURN None
2024-06-07 14:51:48,386	TRACE	evk.IxanaEVK._read	CALL *(4,) **{}
2024-06-07 14:51:48,386	TRACE	evk.IxanaEVK._read	RETURN bytearray(b'\x02\x02\x00\x00')
2024-06-07 14:51:48,386	TRACE	evk.IxanaEVK._read	CALL *(1,) **{}
2024-06-07 14:51:48,386	TRACE	evk.IxanaEVK._read	RETURN bytearray(b'\x05')
2024-06-07 14:51:48,386	TRACE	evk.IxanaEVK.field_rd	RETURN bytearray(b'\x05')
2024-06-07 14:51:48,386	TRACE	evk.IxanaEVK.icstatus_rd	RETURN <IC_STATUS.SUCCESS: 5>
2024-06-07 14:51:48,386	TRACE	evk.IxanaEVK.check_ic_status	RETURN None
2024-06-07 14:51:48,386	TRACE	evk.IxanaEVK.data_enable	CALL *(True,) **{}
2024-06-07 14:51:48,386	TRACE	evk.IxanaEVK._write	CALL *(bytearray(b'\x04\x01'),) **{}
2024-06-07 14:51:48,504	TRACE	evk.IxanaEVK._write	RETURN None
2024-06-07 14:51:48,504	TRACE	evk.IxanaEVK.data_enable	RETURN None
2024-06-07 14:51:48,504	TRACE	evk.IxanaEVK.mode_start	RETURN None
2024-06-07 14:51:49,508	TRACE	evk.IxanaEVK.data_rd	CALL *() **{}
2024-06-07 14:51:49,508	TRACE	evk.IxanaEVK.rd8	CALL *() **{}
2024-06-07 14:51:49,508	TRACE	evk.IxanaEVK._read	CALL *(1,) **{}
2024-06-07 14:51:49,508	TRACE	evk.IxanaEVK._read	RETURN bytearray(b'\x01')
2024-06-07 14:51:49,508	TRACE	evk.IxanaEVK.rd8	RETURN 1
2024-06-07 14:51:49,508	TRACE	evk.IxanaEVK.rd8	CALL *() **{}
2024-06-07 14:51:49,508	TRACE	evk.IxanaEVK._read	CALL *(1,) **{}
2024-06-07 14:51:49,508	TRACE	evk.IxanaEVK._read	RETURN bytearray(b'\x02')
2024-06-07 14:51:49,508	TRACE	evk.IxanaEVK.rd8	RETURN 2
2024-06-07 14:51:49,508	TRACE	evk.IxanaEVK.rd8	CALL *() **{}
2024-06-07 14:51:49,508	TRACE	evk.IxanaEVK._read	CALL *(1,) **{}
2024-06-07 14:51:49,508	TRACE	evk.IxanaEVK._read	RETURN bytearray(b' ')
2024-06-07 14:51:49,508	TRACE	evk.IxanaEVK.rd8	RETURN 32
2024-06-07 14:51:49,508	TRACE	evk.IxanaEVK._read	CALL *(32,) **{}
2024-06-07 14:51:49,508	TRACE	evk.IxanaEVK._read	RETURN bytearray(b' \x00\x00\x00@B\x0f\x00i\x00\x00\x00\x15\x01\x00\x00\x10\x01\x00\x00\x00\x15\x01\x00.\x03\x00\x00\xff\x00\x8c\x00')
2024-06-07 14:51:49,508	TRACE	evk.IxanaEVK.data_rd	RETURN (<MODE.STATS_RX: 2>, bytearray(b' \x00\x00\x00@B\x0f\x00i\x00\x00\x00\x15\x01\x00\x00\x10\x01\x00\x00\x00\x15\x01\x00.\x03\x00\x00\xff\x00\x8c\x00'))
2024-06-07 14:51:49,708	DEBUG	bleak.backends.winrt.client.disconnect	Disconnecting from BLE device...
2024-06-07 14:51:52,947	DEBUG	bleak.backends.winrt.client.max_pdu_size_changed_handler	max_pdu_size_changed_handler: 23
2024-06-07 14:51:52,949	DEBUG	bleak.backends.winrt.client.session_status_changed_event_handler	session_status_changed_event_handler: id: BluetoothLE#BluetoothLEe8:48:b8:c8:20:00-68:05:16:46:bf:24, error: <BluetoothError.SUCCESS: 0>, status: <GattSessionStatus.CLOSED: 0>
2024-06-07 14:51:52,949	DEBUG	bleak.backends.winrt.client.handle_disconnect	closing requester
2024-06-07 14:51:52,949	DEBUG	bleak.backends.winrt.client.handle_disconnect	closing session
