2024-06-07 14:47:31,562	TRACE	evk.IxanaEVK.__init__	CALL *('68:05:16:46:BF:24',) **{}
2024-06-07 14:47:31,562	DEBUG	asyncio.__init__	Using proactor: IocpProactor
2024-06-07 14:47:31,710	DEBUG	bleak.backends.winrt.scanner._received_handler	Received 27:70:77:7C:5A:08: .
2024-06-07 14:47:31,719	DEBUG	bleak.backends.winrt.scanner._received_handler	Received 58:6E:C0:2A:75:A8: LE_WH-1000XM5.
2024-06-07 14:47:31,725	DEBUG	bleak.backends.winrt.scanner._received_handler	Received 04:1F:E3:93:27:47: .
2024-06-07 14:47:31,829	DEBUG	bleak.backends.winrt.scanner._received_handler	Received 58:6E:C0:2A:75:A8: LE_WH-1000XM5.
2024-06-07 14:47:31,829	DEBUG	bleak.backends.winrt.scanner._received_handler	Received 58:6E:C0:2A:75:A8: .
2024-06-07 14:47:31,832	DEBUG	bleak.backends.winrt.scanner._received_handler	Received 2A:4D:F5:8F:24:C4: .
2024-06-07 14:47:31,834	DEBUG	bleak.backends.winrt.scanner._received_handler	Received 04:1F:E3:93:27:47: .
2024-06-07 14:47:31,838	DEBUG	bleak.backends.winrt.scanner._received_handler	Received 68:02:15:5A:DB:AC: .
2024-06-07 14:47:31,841	DEBUG	bleak.backends.winrt.scanner._received_handler	Received 68:02:15:5A:DB:AC: Amdtp.
2024-06-07 14:47:31,947	DEBUG	bleak.backends.winrt.scanner._received_handler	Received 68:02:15:5A:DB:AC: .
2024-06-07 14:47:31,947	DEBUG	bleak.backends.winrt.scanner._received_handler	Received 68:02:15:5A:DB:AC: Amdtp.
2024-06-07 14:47:32,068	DEBUG	bleak.backends.winrt.scanner._received_handler	Received 68:05:16:46:BF:24: .
2024-06-07 14:47:32,070	DEBUG	bleak.backends.winrt.scanner._received_handler	Received 68:05:16:46:BF:24: Ixana YR22 EVK.
2024-06-07 14:47:32,070	DEBUG	bleak.backends.winrt.scanner._stopped_handler	6 devices found. Watcher status: <BluetoothLEAdvertisementWatcherStatus.STOPPED: 3>.
2024-06-07 14:47:32,079	DEBUG	bleak.backends.winrt.client.connect	Connecting to BLE device @ 68:05:16:46:BF:24
2024-06-07 14:47:32,107	DEBUG	bleak.backends.winrt.client.get_services	getting services (service_cache_mode=None, cache_mode=None)...
2024-06-07 14:47:32,792	DEBUG	bleak.backends.winrt.client.session_status_changed_event_handler	session_status_changed_event_handler: id: BluetoothLE#BluetoothLEe8:48:b8:c8:20:00-68:05:16:46:bf:24, error: <BluetoothError.SUCCESS: 0>, status: <GattSessionStatus.ACTIVE: 1>
2024-06-07 14:47:32,910	DEBUG	bleak.backends.winrt.client.max_pdu_size_changed_handler	max_pdu_size_changed_handler: 247
2024-06-07 14:47:33,160	DEBUG	bleak.backends.winrt.client.services_changed_handler	68:05:16:46:BF:24: services changed
2024-06-07 14:47:34,711	DEBUG	bleak.backends.winrt.client.services_changed_handler	68:05:16:46:BF:24: services changed
2024-06-07 14:47:35,146	TRACE	evk.IxanaEVK.mode_reset	CALL *() **{}
2024-06-07 14:47:35,146	TRACE	evk.IxanaEVK._write	CALL *(bytearray(b'\x00\x03\x01\x00'),) **{}
2024-06-07 14:47:35,176	TRACE	evk.IxanaEVK._write	RETURN None
2024-06-07 14:47:35,676	TRACE	evk.IxanaEVK.data_enable	CALL *(False,) **{}
2024-06-07 14:47:35,676	TRACE	evk.IxanaEVK._write	CALL *(bytearray(b'\x04\x00'),) **{}
2024-06-07 14:47:35,692	TRACE	evk.IxanaEVK._write	RETURN None
2024-06-07 14:47:35,692	TRACE	evk.IxanaEVK.data_enable	RETURN None
2024-06-07 14:47:35,692	TRACE	evk.IxanaEVK.mode_reset	RETURN None
2024-06-07 14:47:35,692	TRACE	evk.IxanaEVK.field_rd	CALL *(<FIELD_NAME.VERSION: 0>,) **{}
2024-06-07 14:47:35,692	TRACE	evk.IxanaEVK._write	CALL *(bytearray(b'\x00\x00\x00'),) **{}
2024-06-07 14:47:35,729	TRACE	evk.IxanaEVK._write	RETURN None
2024-06-07 14:47:35,729	TRACE	evk.IxanaEVK._read	CALL *(4,) **{}
2024-06-07 14:47:35,729	TRACE	evk.IxanaEVK._read	RETURN bytearray(b'\x02\x00\x00\x00')
2024-06-07 14:47:35,731	TRACE	evk.IxanaEVK._read	CALL *(3,) **{}
2024-06-07 14:47:35,731	TRACE	evk.IxanaEVK._read	RETURN bytearray(b'\x00\x00\x01')
2024-06-07 14:47:35,731	TRACE	evk.IxanaEVK.field_rd	RETURN bytearray(b'\x00\x00\x01')
2024-06-07 14:47:35,731	TRACE	evk.IxanaEVK.field_rd	CALL *(<FIELD_NAME.BOARDID: 1>,) **{}
2024-06-07 14:47:35,731	TRACE	evk.IxanaEVK._write	CALL *(bytearray(b'\x00\x01\x00'),) **{}
2024-06-07 14:47:35,760	TRACE	evk.IxanaEVK._write	RETURN None
2024-06-07 14:47:35,760	TRACE	evk.IxanaEVK._read	CALL *(4,) **{}
2024-06-07 14:47:35,760	TRACE	evk.IxanaEVK._read	RETURN bytearray(b'\x02\x01\x00\x00')
2024-06-07 14:47:35,760	TRACE	evk.IxanaEVK._read	CALL *(16,) **{}
2024-06-07 14:47:35,760	TRACE	evk.IxanaEVK._read	RETURN bytearray(b'\x18 4\x08\x02\x05he$\xbfF\x161\xbf\x0e\x00')
2024-06-07 14:47:35,760	TRACE	evk.IxanaEVK.field_rd	RETURN bytearray(b'\x18 4\x08\x02\x05he$\xbfF\x161\xbf\x0e\x00')
2024-06-07 14:47:35,760	TRACE	evk.IxanaEVK.__init__	RETURN None
2024-06-07 14:47:35,760	TRACE	evk.IxanaEVK.mode_rd	CALL *() **{}
2024-06-07 14:47:35,760	TRACE	evk.IxanaEVK.field_rd	CALL *(<FIELD_NAME.MODE: 3>,) **{}
2024-06-07 14:47:35,760	TRACE	evk.IxanaEVK._write	CALL *(bytearray(b'\x00\x03\x00'),) **{}
2024-06-07 14:47:35,776	TRACE	evk.IxanaEVK._write	RETURN None
2024-06-07 14:47:35,792	TRACE	evk.IxanaEVK._read	CALL *(4,) **{}
2024-06-07 14:47:35,792	TRACE	evk.IxanaEVK._read	RETURN bytearray(b'\x02\x03\x00\x00')
2024-06-07 14:47:35,792	TRACE	evk.IxanaEVK._read	CALL *(1,) **{}
2024-06-07 14:47:35,792	TRACE	evk.IxanaEVK._read	RETURN bytearray(b'\x00')
2024-06-07 14:47:35,792	TRACE	evk.IxanaEVK.field_rd	RETURN bytearray(b'\x00')
2024-06-07 14:47:35,792	TRACE	evk.IxanaEVK.mode_rd	RETURN <MODE.NONE: 0>
2024-06-07 14:47:35,793	TRACE	evk.IxanaEVK.mode_start	CALL *(<MODE.STATS_RX: 2>, <FIELD_NAME.MODE_STATS_RX: 5>, FieldModeStatsRX(icsetting_bitrate=0, data_size=32, duration_us=1000000)) **{}
2024-06-07 14:47:35,794	TRACE	evk.IxanaEVK.mode_reset	CALL *() **{}
2024-06-07 14:47:35,794	TRACE	evk.IxanaEVK._write	CALL *(bytearray(b'\x00\x03\x01\x00'),) **{}
2024-06-07 14:47:35,820	TRACE	evk.IxanaEVK._write	RETURN None
2024-06-07 14:47:36,321	TRACE	evk.IxanaEVK.data_enable	CALL *(False,) **{}
2024-06-07 14:47:36,321	TRACE	evk.IxanaEVK._write	CALL *(bytearray(b'\x04\x00'),) **{}
2024-06-07 14:47:36,342	TRACE	evk.IxanaEVK._write	RETURN None
2024-06-07 14:47:36,342	TRACE	evk.IxanaEVK.data_enable	RETURN None
2024-06-07 14:47:36,342	TRACE	evk.IxanaEVK.mode_reset	RETURN None
2024-06-07 14:47:36,342	TRACE	evk.IxanaEVK.mode_wrrd	CALL *(<MODE.NONE: 0>,) **{}
2024-06-07 14:47:36,342	TRACE	evk.IxanaEVK.mode_wr	CALL *(<MODE.NONE: 0>,) **{}
2024-06-07 14:47:36,342	TRACE	evk.IxanaEVK.field_wr	CALL *(<FIELD_NAME.MODE: 3>, <MODE.NONE: 0>) **{}
2024-06-07 14:47:36,342	TRACE	evk.IxanaEVK._field_data_format	CALL *(<MODE.NONE: 0>,) **{}
2024-06-07 14:47:36,342	TRACE	evk.IxanaEVK._field_data_format	RETURN b'\x00'
2024-06-07 14:47:36,342	TRACE	evk.IxanaEVK._write	CALL *(bytearray(b'\x00\x03\x01\x00'),) **{}
2024-06-07 14:47:36,421	TRACE	evk.IxanaEVK._write	RETURN None
2024-06-07 14:47:36,421	TRACE	evk.IxanaEVK._read	CALL *(4,) **{}
2024-06-07 14:47:36,421	TRACE	evk.IxanaEVK._read	RETURN bytearray(b'\x02\x03\x01\x00')
2024-06-07 14:47:36,421	TRACE	evk.IxanaEVK.field_wr	RETURN None
2024-06-07 14:47:36,421	TRACE	evk.IxanaEVK.mode_wr	RETURN None
2024-06-07 14:47:36,421	TRACE	evk.IxanaEVK.mode_rd	CALL *() **{}
2024-06-07 14:47:36,421	TRACE	evk.IxanaEVK.field_rd	CALL *(<FIELD_NAME.MODE: 3>,) **{}
2024-06-07 14:47:36,421	TRACE	evk.IxanaEVK._write	CALL *(bytearray(b'\x00\x03\x00'),) **{}
2024-06-07 14:47:36,541	TRACE	evk.IxanaEVK._write	RETURN None
2024-06-07 14:47:36,541	TRACE	evk.IxanaEVK._read	CALL *(4,) **{}
2024-06-07 14:47:36,541	TRACE	evk.IxanaEVK._read	RETURN bytearray(b'\x02\x03\x00\x00')
2024-06-07 14:47:36,541	TRACE	evk.IxanaEVK._read	CALL *(1,) **{}
2024-06-07 14:47:36,541	TRACE	evk.IxanaEVK._read	RETURN bytearray(b'\x00')
2024-06-07 14:47:36,541	TRACE	evk.IxanaEVK.field_rd	RETURN bytearray(b'\x00')
2024-06-07 14:47:36,541	TRACE	evk.IxanaEVK.mode_rd	RETURN <MODE.NONE: 0>
2024-06-07 14:47:36,541	TRACE	evk.IxanaEVK.mode_wrrd	RETURN None
2024-06-07 14:47:36,541	TRACE	evk.IxanaEVK.field_wrrd	CALL *(<FIELD_NAME.MODE_STATS_RX: 5>, bytearray(b'\x00 @B\x0f\x00')) **{}
2024-06-07 14:47:36,541	TRACE	evk.IxanaEVK.field_wr	CALL *(<FIELD_NAME.MODE_STATS_RX: 5>, bytearray(b'\x00 @B\x0f\x00')) **{}
2024-06-07 14:47:36,541	TRACE	evk.IxanaEVK._field_data_format	CALL *(bytearray(b'\x00 @B\x0f\x00'),) **{}
2024-06-07 14:47:36,541	TRACE	evk.IxanaEVK._field_data_format	RETURN bytearray(b'\x00 @B\x0f\x00')
2024-06-07 14:47:36,541	TRACE	evk.IxanaEVK._write	CALL *(bytearray(b'\x00\x05\x01\x00 @B\x0f\x00'),) **{}
2024-06-07 14:47:36,661	TRACE	evk.IxanaEVK._write	RETURN None
2024-06-07 14:47:36,661	TRACE	evk.IxanaEVK._read	CALL *(4,) **{}
2024-06-07 14:47:36,661	TRACE	evk.IxanaEVK._read	RETURN bytearray(b'\x02\x05\x01\x00')
2024-06-07 14:47:36,661	TRACE	evk.IxanaEVK.field_wr	RETURN None
2024-06-07 14:47:36,661	TRACE	evk.IxanaEVK._field_data_format	CALL *(bytearray(b'\x00 @B\x0f\x00'),) **{}
2024-06-07 14:47:36,661	TRACE	evk.IxanaEVK._field_data_format	RETURN bytearray(b'\x00 @B\x0f\x00')
2024-06-07 14:47:36,661	TRACE	evk.IxanaEVK.field_rd	CALL *(<FIELD_NAME.MODE_STATS_RX: 5>,) **{}
2024-06-07 14:47:36,661	TRACE	evk.IxanaEVK._write	CALL *(bytearray(b'\x00\x05\x00'),) **{}
2024-06-07 14:47:36,775	TRACE	evk.IxanaEVK._write	RETURN None
2024-06-07 14:47:36,775	TRACE	evk.IxanaEVK._read	CALL *(4,) **{}
2024-06-07 14:47:36,775	TRACE	evk.IxanaEVK._read	RETURN bytearray(b'\x02\x05\x00\x00')
2024-06-07 14:47:36,775	TRACE	evk.IxanaEVK._read	CALL *(6,) **{}
2024-06-07 14:47:36,775	TRACE	evk.IxanaEVK._read	RETURN bytearray(b'\x00 @B\x0f\x00')
2024-06-07 14:47:36,775	TRACE	evk.IxanaEVK.field_rd	RETURN bytearray(b'\x00 @B\x0f\x00')
2024-06-07 14:47:36,775	TRACE	evk.IxanaEVK.field_wrrd	RETURN None
2024-06-07 14:47:36,775	TRACE	evk.IxanaEVK.mode_wrrd	CALL *(<MODE.STATS_RX: 2>,) **{}
2024-06-07 14:47:36,775	TRACE	evk.IxanaEVK.mode_wr	CALL *(<MODE.STATS_RX: 2>,) **{}
2024-06-07 14:47:36,775	TRACE	evk.IxanaEVK.field_wr	CALL *(<FIELD_NAME.MODE: 3>, <MODE.STATS_RX: 2>) **{}
2024-06-07 14:47:36,775	TRACE	evk.IxanaEVK._field_data_format	CALL *(<MODE.STATS_RX: 2>,) **{}
2024-06-07 14:47:36,775	TRACE	evk.IxanaEVK._field_data_format	RETURN b'\x02'
2024-06-07 14:47:36,775	TRACE	evk.IxanaEVK._write	CALL *(bytearray(b'\x00\x03\x01\x02'),) **{}
2024-06-07 14:47:37,020	TRACE	evk.IxanaEVK._write	RETURN None
2024-06-07 14:47:37,020	TRACE	evk.IxanaEVK._read	CALL *(4,) **{}
2024-06-07 14:47:37,261	TRACE	evk.IxanaEVK._read	RETURN bytearray(b'\x02\x03\x01\x00')
2024-06-07 14:47:37,261	TRACE	evk.IxanaEVK.field_wr	RETURN None
2024-06-07 14:47:37,261	TRACE	evk.IxanaEVK.mode_wr	RETURN None
2024-06-07 14:47:37,261	TRACE	evk.IxanaEVK.mode_rd	CALL *() **{}
2024-06-07 14:47:37,261	TRACE	evk.IxanaEVK.field_rd	CALL *(<FIELD_NAME.MODE: 3>,) **{}
2024-06-07 14:47:37,261	TRACE	evk.IxanaEVK._write	CALL *(bytearray(b'\x00\x03\x00'),) **{}
2024-06-07 14:47:37,379	TRACE	evk.IxanaEVK._write	RETURN None
2024-06-07 14:47:37,380	TRACE	evk.IxanaEVK._read	CALL *(4,) **{}
2024-06-07 14:47:37,381	TRACE	evk.IxanaEVK._read	RETURN bytearray(b'\x02\x03\x00\x00')
2024-06-07 14:47:37,381	TRACE	evk.IxanaEVK._read	CALL *(1,) **{}
2024-06-07 14:47:37,381	TRACE	evk.IxanaEVK._read	RETURN bytearray(b'\x02')
2024-06-07 14:47:37,381	TRACE	evk.IxanaEVK.field_rd	RETURN bytearray(b'\x02')
2024-06-07 14:47:37,381	TRACE	evk.IxanaEVK.mode_rd	RETURN <MODE.STATS_RX: 2>
2024-06-07 14:47:37,381	TRACE	evk.IxanaEVK.mode_wrrd	RETURN None
2024-06-07 14:47:37,381	TRACE	evk.IxanaEVK.check_ic_status	CALL *() **{}
2024-06-07 14:47:37,381	TRACE	evk.IxanaEVK.icstatus_rd	CALL *() **{}
2024-06-07 14:47:37,381	TRACE	evk.IxanaEVK.field_rd	CALL *(<FIELD_NAME.ICSTATUS: 2>,) **{}
2024-06-07 14:47:37,381	TRACE	evk.IxanaEVK._write	CALL *(bytearray(b'\x00\x02\x00'),) **{}
2024-06-07 14:47:37,499	TRACE	evk.IxanaEVK._write	RETURN None
2024-06-07 14:47:37,499	TRACE	evk.IxanaEVK._read	CALL *(4,) **{}
2024-06-07 14:47:37,499	TRACE	evk.IxanaEVK._read	RETURN bytearray(b'\x02\x02\x00\x00')
2024-06-07 14:47:37,499	TRACE	evk.IxanaEVK._read	CALL *(1,) **{}
2024-06-07 14:47:37,499	TRACE	evk.IxanaEVK._read	RETURN bytearray(b'\x05')
2024-06-07 14:47:37,499	TRACE	evk.IxanaEVK.field_rd	RETURN bytearray(b'\x05')
2024-06-07 14:47:37,499	TRACE	evk.IxanaEVK.icstatus_rd	RETURN <IC_STATUS.SUCCESS: 5>
2024-06-07 14:47:37,499	TRACE	evk.IxanaEVK.check_ic_status	RETURN None
2024-06-07 14:47:37,499	TRACE	evk.IxanaEVK.data_enable	CALL *(True,) **{}
2024-06-07 14:47:37,499	TRACE	evk.IxanaEVK._write	CALL *(bytearray(b'\x04\x01'),) **{}
2024-06-07 14:47:37,621	TRACE	evk.IxanaEVK._write	RETURN None
2024-06-07 14:47:37,621	TRACE	evk.IxanaEVK.data_enable	RETURN None
2024-06-07 14:47:37,621	TRACE	evk.IxanaEVK.mode_start	RETURN None
2024-06-07 14:47:38,622	TRACE	evk.IxanaEVK.data_rd	CALL *() **{}
2024-06-07 14:47:38,622	TRACE	evk.IxanaEVK.rd8	CALL *() **{}
2024-06-07 14:47:38,622	TRACE	evk.IxanaEVK._read	CALL *(1,) **{}
2024-06-07 14:47:38,622	TRACE	evk.IxanaEVK._read	RETURN bytearray(b'\x01')
2024-06-07 14:47:38,622	TRACE	evk.IxanaEVK.rd8	RETURN 1
2024-06-07 14:47:38,622	TRACE	evk.IxanaEVK.rd8	CALL *() **{}
2024-06-07 14:47:38,622	TRACE	evk.IxanaEVK._read	CALL *(1,) **{}
2024-06-07 14:47:38,622	TRACE	evk.IxanaEVK._read	RETURN bytearray(b'\x02')
2024-06-07 14:47:38,622	TRACE	evk.IxanaEVK.rd8	RETURN 2
2024-06-07 14:47:38,622	TRACE	evk.IxanaEVK.rd8	CALL *() **{}
2024-06-07 14:47:38,622	TRACE	evk.IxanaEVK._read	CALL *(1,) **{}
2024-06-07 14:47:38,622	TRACE	evk.IxanaEVK._read	RETURN bytearray(b' ')
2024-06-07 14:47:38,622	TRACE	evk.IxanaEVK.rd8	RETURN 32
2024-06-07 14:47:38,622	TRACE	evk.IxanaEVK._read	CALL *(32,) **{}
2024-06-07 14:47:38,622	TRACE	evk.IxanaEVK._read	RETURN bytearray(b' \x00\x00\x00@B\x0f\x00g\x00\x00\x00\x17\x01\x00\x00\x08\x01\x00\x00\x00\x17\x01\x00\xdb\x02\x00\x00\xed\x00\x86\x00')
2024-06-07 14:47:38,622	TRACE	evk.IxanaEVK.data_rd	RETURN (<MODE.STATS_RX: 2>, bytearray(b' \x00\x00\x00@B\x0f\x00g\x00\x00\x00\x17\x01\x00\x00\x08\x01\x00\x00\x00\x17\x01\x00\xdb\x02\x00\x00\xed\x00\x86\x00'))
2024-06-07 14:47:38,813	DEBUG	bleak.backends.winrt.client.disconnect	Disconnecting from BLE device...
2024-06-07 14:47:42,061	DEBUG	bleak.backends.winrt.client.max_pdu_size_changed_handler	max_pdu_size_changed_handler: 23
2024-06-07 14:47:42,061	DEBUG	bleak.backends.winrt.client.session_status_changed_event_handler	session_status_changed_event_handler: id: BluetoothLE#BluetoothLEe8:48:b8:c8:20:00-68:05:16:46:bf:24, error: <BluetoothError.SUCCESS: 0>, status: <GattSessionStatus.CLOSED: 0>
2024-06-07 14:47:42,061	DEBUG	bleak.backends.winrt.client.handle_disconnect	closing requester
2024-06-07 14:47:42,061	DEBUG	bleak.backends.winrt.client.handle_disconnect	closing session
