2024-06-10 12:51:11,496	TRACE	evk.IxanaEVK.__init__	CALL *('68:05:16:46:BF:24',) **{}
2024-06-10 12:51:11,500	DEBUG	asyncio.__init__	Using proactor: IocpProactor
2024-06-10 12:51:11,835	DEBUG	bleak.backends.winrt.scanner._received_handler	Received 68:07:2E:5B:6F:67: .
2024-06-10 12:51:11,848	DEBUG	bleak.backends.winrt.scanner._received_handler	Received 70:CC:28:D1:D6:E0: .
2024-06-10 12:51:11,861	DEBUG	bleak.backends.winrt.scanner._received_handler	Received 70:CC:28:D1:D6:E0: .
2024-06-10 12:51:11,951	DEBUG	bleak.backends.winrt.scanner._received_handler	Received 0F:DB:CE:88:A5:82: .
2024-06-10 12:51:12,070	DEBUG	bleak.backends.winrt.scanner._received_handler	Received 0E:69:0A:C5:6A:CB: .
2024-06-10 12:51:12,536	DEBUG	bleak.backends.winrt.scanner._received_handler	Received 68:08:FC:E1:F4:00: .
2024-06-10 12:51:12,540	DEBUG	bleak.backends.winrt.scanner._received_handler	Received 68:08:FC:E1:F4:00: Amdtp.
2024-06-10 12:51:12,656	DEBUG	bleak.backends.winrt.scanner._received_handler	Received DC:D8:71:59:A2:BA: .
2024-06-10 12:51:12,776	DEBUG	bleak.backends.winrt.scanner._received_handler	Received 68:07:2E:5B:6F:67: .
2024-06-10 12:51:12,782	DEBUG	bleak.backends.winrt.scanner._received_handler	Received 68:07:2E:5B:6F:67: Amdtp.
2024-06-10 12:51:12,788	DEBUG	bleak.backends.winrt.scanner._received_handler	Received 68:03:71:74:E0:2A: .
2024-06-10 12:51:12,792	DEBUG	bleak.backends.winrt.scanner._received_handler	Received 68:03:71:74:E0:2A: Amdtp.
2024-06-10 12:51:12,796	DEBUG	bleak.backends.winrt.scanner._received_handler	Received 0E:69:0A:C5:6A:CB: .
2024-06-10 12:51:12,894	DEBUG	bleak.backends.winrt.scanner._received_handler	Received 0F:DB:CE:88:A5:82: .
2024-06-10 12:51:13,014	DEBUG	bleak.backends.winrt.scanner._received_handler	Received 5D:87:DF:22:4A:16: .
2024-06-10 12:51:13,019	DEBUG	bleak.backends.winrt.scanner._received_handler	Received 5D:87:DF:22:4A:16: .
2024-06-10 12:51:13,023	DEBUG	bleak.backends.winrt.scanner._received_handler	Received 5D:87:DF:22:4A:16: .
2024-06-10 12:51:13,025	DEBUG	bleak.backends.winrt.scanner._received_handler	Received 5D:87:DF:22:4A:16: LE_WH-1000XM5.
2024-06-10 12:51:13,136	DEBUG	bleak.backends.winrt.scanner._received_handler	Received 15:B0:DB:5A:61:DC: .
2024-06-10 12:51:13,244	DEBUG	bleak.backends.winrt.scanner._received_handler	Received 5D:87:DF:22:4A:16: LE_WH-1000XM5.
2024-06-10 12:51:13,247	DEBUG	bleak.backends.winrt.scanner._received_handler	Received 5D:87:DF:22:4A:16: .
2024-06-10 12:51:13,252	DEBUG	bleak.backends.winrt.scanner._received_handler	Received 06:24:7D:47:A7:63: .
2024-06-10 12:51:13,258	DEBUG	bleak.backends.winrt.scanner._received_handler	Received 68:08:FC:E1:F4:00: .
2024-06-10 12:51:13,263	DEBUG	bleak.backends.winrt.scanner._received_handler	Received 68:08:FC:E1:F4:00: Amdtp.
2024-06-10 12:51:13,361	DEBUG	bleak.backends.winrt.scanner._received_handler	Received 68:08:FC:E1:F4:00: .
2024-06-10 12:51:13,365	DEBUG	bleak.backends.winrt.scanner._received_handler	Received 68:08:FC:E1:F4:00: Amdtp.
2024-06-10 12:51:13,479	DEBUG	bleak.backends.winrt.scanner._received_handler	Received 52:E1:E1:AB:9B:CF: .
2024-06-10 12:51:13,720	DEBUG	bleak.backends.winrt.scanner._received_handler	Received 0E:69:0A:C5:6A:CB: .
2024-06-10 12:51:13,842	DEBUG	bleak.backends.winrt.scanner._received_handler	Received 0F:DB:CE:88:A5:82: .
2024-06-10 12:51:13,949	DEBUG	bleak.backends.winrt.scanner._received_handler	Received 0F:DB:CE:88:A5:82: .
2024-06-10 12:51:14,077	DEBUG	bleak.backends.winrt.scanner._received_handler	Received 4C:4D:BA:E1:31:C4: .
2024-06-10 12:51:14,081	DEBUG	bleak.backends.winrt.scanner._received_handler	Received 15:B0:DB:5A:61:DC: .
2024-06-10 12:51:14,187	DEBUG	bleak.backends.winrt.scanner._received_handler	Received 68:27:37:44:4B:71: .
2024-06-10 12:51:14,311	DEBUG	bleak.backends.winrt.scanner._received_handler	Received 70:CC:28:D1:D6:E0: .
2024-06-10 12:51:14,316	DEBUG	bleak.backends.winrt.scanner._received_handler	Received 70:CC:28:D1:D6:E0: .
2024-06-10 12:51:14,321	DEBUG	bleak.backends.winrt.scanner._received_handler	Received 68:02:15:5A:DB:AC: .
2024-06-10 12:51:14,325	DEBUG	bleak.backends.winrt.scanner._received_handler	Received 68:02:15:5A:DB:AC: Amdtp.
2024-06-10 12:51:14,557	DEBUG	bleak.backends.winrt.scanner._received_handler	Received 68:03:71:74:E0:2A: .
2024-06-10 12:51:14,561	DEBUG	bleak.backends.winrt.scanner._received_handler	Received 68:03:71:74:E0:2A: Amdtp.
2024-06-10 12:51:14,661	DEBUG	bleak.backends.winrt.scanner._received_handler	Received 0E:69:0A:C5:6A:CB: .
2024-06-10 12:51:14,667	DEBUG	bleak.backends.winrt.scanner._received_handler	Received 68:03:71:74:E0:2A: .
2024-06-10 12:51:14,672	DEBUG	bleak.backends.winrt.scanner._received_handler	Received 68:03:71:74:E0:2A: Amdtp.
2024-06-10 12:51:14,678	DEBUG	bleak.backends.winrt.scanner._received_handler	Received 68:07:2E:5B:6F:67: .
2024-06-10 12:51:14,684	DEBUG	bleak.backends.winrt.scanner._received_handler	Received 68:07:2E:5B:6F:67: Amdtp.
2024-06-10 12:51:14,787	DEBUG	bleak.backends.winrt.scanner._received_handler	Received 68:07:2E:5B:6F:67: .
2024-06-10 12:51:14,792	DEBUG	bleak.backends.winrt.scanner._received_handler	Received 68:07:2E:5B:6F:67: Amdtp.
2024-06-10 12:51:14,795	DEBUG	bleak.backends.winrt.scanner._received_handler	Received 0F:DB:CE:88:A5:82: .
2024-06-10 12:51:14,905	DEBUG	bleak.backends.winrt.scanner._received_handler	Received 0F:DB:CE:88:A5:82: .
2024-06-10 12:51:14,906	DEBUG	bleak.backends.winrt.scanner._received_handler	Received 15:B0:DB:5A:61:DC: .
2024-06-10 12:51:14,913	DEBUG	bleak.backends.winrt.scanner._received_handler	Received 03:6F:22:64:AF:39: .
2024-06-10 12:51:15,013	DEBUG	bleak.backends.winrt.scanner._received_handler	Received 03:6F:22:64:AF:39: .
2024-06-10 12:51:15,137	DEBUG	bleak.backends.winrt.scanner._received_handler	Received 5D:87:DF:22:4A:16: LE_WH-1000XM5.
2024-06-10 12:51:15,141	DEBUG	bleak.backends.winrt.scanner._received_handler	Received 5D:87:DF:22:4A:16: .
2024-06-10 12:51:15,144	DEBUG	bleak.backends.winrt.scanner._received_handler	Received 06:24:7D:47:A7:63: .
2024-06-10 12:51:15,249	DEBUG	bleak.backends.winrt.scanner._received_handler	Received 06:24:7D:47:A7:63: .
2024-06-10 12:51:15,267	DEBUG	bleak.backends.winrt.scanner._received_handler	Received 0C:EB:CA:B6:37:52: .
2024-06-10 12:51:15,376	DEBUG	bleak.backends.winrt.scanner._received_handler	Received 68:02:15:5A:DB:AC: .
2024-06-10 12:51:15,381	DEBUG	bleak.backends.winrt.scanner._received_handler	Received 68:02:15:5A:DB:AC: Amdtp.
2024-06-10 12:51:15,493	DEBUG	bleak.backends.winrt.scanner._received_handler	Received 5D:87:DF:22:4A:16: .
2024-06-10 12:51:15,617	DEBUG	bleak.backends.winrt.scanner._received_handler	Received 68:03:71:74:E0:2A: .
2024-06-10 12:51:15,621	DEBUG	bleak.backends.winrt.scanner._received_handler	Received 68:03:71:74:E0:2A: Amdtp.
2024-06-10 12:51:15,730	DEBUG	bleak.backends.winrt.scanner._received_handler	Received 0F:DB:CE:88:A5:82: .
2024-06-10 12:51:15,735	DEBUG	bleak.backends.winrt.scanner._received_handler	Received 15:B0:DB:5A:61:DC: .
2024-06-10 12:51:15,846	DEBUG	bleak.backends.winrt.scanner._received_handler	Received E2:C4:7E:E8:9B:69: .
2024-06-10 12:51:15,961	DEBUG	bleak.backends.winrt.scanner._received_handler	Received 5D:87:DF:22:4A:16: .
2024-06-10 12:51:15,966	DEBUG	bleak.backends.winrt.scanner._received_handler	Received 5D:87:DF:22:4A:16: .
2024-06-10 12:51:16,079	DEBUG	bleak.backends.winrt.scanner._received_handler	Received 3F:2F:C1:04:F8:8A: .
2024-06-10 12:51:16,083	DEBUG	bleak.backends.winrt.scanner._received_handler	Received 03:6F:22:64:AF:39: .
2024-06-10 12:51:16,089	DEBUG	bleak.backends.winrt.scanner._received_handler	Received 68:08:FC:E1:F4:00: .
2024-06-10 12:51:16,207	DEBUG	bleak.backends.winrt.scanner._received_handler	Received 06:24:7D:47:A7:63: .
2024-06-10 12:51:16,317	DEBUG	bleak.backends.winrt.scanner._received_handler	Received 06:24:7D:47:A7:63: .
2024-06-10 12:51:16,322	DEBUG	bleak.backends.winrt.scanner._received_handler	Received 6D:FE:E6:82:51:6A: .
2024-06-10 12:51:16,326	DEBUG	bleak.backends.winrt.scanner._received_handler	Received 6D:FE:E6:82:51:6A: .
2024-06-10 12:51:16,332	DEBUG	bleak.backends.winrt.scanner._received_handler	Received 68:02:15:5A:DB:AC: .
2024-06-10 12:51:16,433	DEBUG	bleak.backends.winrt.scanner._received_handler	Received 5D:87:DF:22:4A:16: .
2024-06-10 12:51:16,445	DEBUG	bleak.backends.winrt.scanner._received_handler	Received 0E:69:0A:C5:6A:CB: .
2024-06-10 12:51:16,557	DEBUG	bleak.backends.winrt.scanner._received_handler	Received 35:EC:C9:27:4B:10: .
2024-06-10 12:51:16,562	DEBUG	bleak.backends.winrt.scanner._received_handler	Received 35:EC:C9:27:4B:10: .
2024-06-10 12:51:16,566	DEBUG	bleak.backends.winrt.scanner._received_handler	Received 15:B0:DB:5A:61:DC: .
2024-06-10 12:51:16,572	DEBUG	bleak.backends.winrt.scanner._received_handler	Received 68:03:71:74:E0:2A: .
2024-06-10 12:51:16,668	DEBUG	bleak.backends.winrt.scanner._received_handler	Received 15:B0:DB:5A:61:DC: .
2024-06-10 12:51:16,672	DEBUG	bleak.backends.winrt.scanner._received_handler	Received 0F:DB:CE:88:A5:82: .
2024-06-10 12:51:16,792	DEBUG	bleak.backends.winrt.scanner._received_handler	Received 70:CC:28:D1:D6:E0: .
2024-06-10 12:51:17,025	DEBUG	bleak.backends.winrt.scanner._received_handler	Received 68:08:FC:E1:F4:00: .
2024-06-10 12:51:17,028	DEBUG	bleak.backends.winrt.scanner._received_handler	Received 68:08:FC:E1:F4:00: Amdtp.
2024-06-10 12:51:17,034	DEBUG	bleak.backends.winrt.scanner._received_handler	Received 5D:87:DF:22:4A:16: LE_WH-1000XM5.
2024-06-10 12:51:17,037	DEBUG	bleak.backends.winrt.scanner._received_handler	Received 03:6F:22:64:AF:39: .
2024-06-10 12:51:17,042	DEBUG	bleak.backends.winrt.scanner._received_handler	Received 06:24:7D:47:A7:63: .
2024-06-10 12:51:17,140	DEBUG	bleak.backends.winrt.scanner._received_handler	Received 68:02:15:5A:DB:AC: Amdtp.
2024-06-10 12:51:17,144	DEBUG	bleak.backends.winrt.scanner._received_handler	Received 06:24:7D:47:A7:63: .
2024-06-10 12:51:17,150	DEBUG	bleak.backends.winrt.scanner._received_handler	Received 5C:99:44:DE:E1:E8: .
2024-06-10 12:51:17,268	DEBUG	bleak.backends.winrt.scanner._received_handler	Received 32:04:DB:A2:5B:DC: .
2024-06-10 12:51:17,389	DEBUG	bleak.backends.winrt.scanner._received_handler	Received 0F:DB:CE:88:A5:82: .
2024-06-10 12:51:17,393	DEBUG	bleak.backends.winrt.scanner._received_handler	Received F8:77:B8:FF:80:9D: .
2024-06-10 12:51:17,496	DEBUG	bleak.backends.winrt.scanner._received_handler	Received 0F:DB:CE:88:A5:82: .
2024-06-10 12:51:17,499	DEBUG	bleak.backends.winrt.scanner._received_handler	Received 15:B0:DB:5A:61:DC: .
2024-06-10 12:51:17,511	DEBUG	bleak.backends.winrt.scanner._received_handler	Received 68:03:71:74:E0:2A: .
2024-06-10 12:51:17,618	DEBUG	bleak.backends.winrt.scanner._received_handler	Received 68:03:71:74:E0:2A: .
2024-06-10 12:51:17,622	DEBUG	bleak.backends.winrt.scanner._received_handler	Received 68:03:71:74:E0:2A: Amdtp.
2024-06-10 12:51:17,739	DEBUG	bleak.backends.winrt.scanner._received_handler	Received CC:38:32:34:3D:5A: Govee_H6099_3D5A.
2024-06-10 12:51:17,744	DEBUG	bleak.backends.winrt.scanner._received_handler	Received 6F:BE:22:FC:7E:1B: .
2024-06-10 12:51:17,850	DEBUG	bleak.backends.winrt.scanner._received_handler	Received E2:C4:7E:E8:9B:69: .
2024-06-10 12:51:17,866	DEBUG	bleak.backends.winrt.scanner._received_handler	Received 5D:87:DF:22:4A:16: LE_WH-1000XM5.
2024-06-10 12:51:17,868	DEBUG	bleak.backends.winrt.scanner._received_handler	Received 5D:87:DF:22:4A:16: .
2024-06-10 12:51:17,969	DEBUG	bleak.backends.winrt.scanner._received_handler	Received 68:02:15:5A:DB:AC: .
2024-06-10 12:51:18,205	DEBUG	bleak.backends.winrt.scanner._received_handler	Received 03:6F:22:64:AF:39: .
2024-06-10 12:51:18,210	DEBUG	bleak.backends.winrt.scanner._received_handler	Received 06:24:7D:47:A7:63: .
2024-06-10 12:51:18,217	DEBUG	bleak.backends.winrt.scanner._received_handler	Received 0F:DB:CE:88:A5:82: .
2024-06-10 12:51:18,327	DEBUG	bleak.backends.winrt.scanner._received_handler	Received 0F:DB:CE:88:A5:82: .
2024-06-10 12:51:18,449	DEBUG	bleak.backends.winrt.scanner._received_handler	Received 5D:87:DF:22:4A:16: .
2024-06-10 12:51:18,458	DEBUG	bleak.backends.winrt.scanner._received_handler	Received 5D:87:DF:22:4A:16: .
2024-06-10 12:51:18,463	DEBUG	bleak.backends.winrt.scanner._received_handler	Received 68:07:2E:5B:6F:67: .
2024-06-10 12:51:18,467	DEBUG	bleak.backends.winrt.scanner._received_handler	Received 15:B0:DB:5A:61:DC: .
2024-06-10 12:51:18,564	DEBUG	bleak.backends.winrt.scanner._received_handler	Received 68:07:2E:5B:6F:67: .
2024-06-10 12:51:18,568	DEBUG	bleak.backends.winrt.scanner._received_handler	Received 68:03:71:74:E0:2A: .
2024-06-10 12:51:18,571	DEBUG	bleak.backends.winrt.scanner._received_handler	Received 68:03:71:74:E0:2A: Amdtp.
2024-06-10 12:51:18,806	DEBUG	bleak.backends.winrt.scanner._received_handler	Received 68:02:15:5A:DB:AC: .
2024-06-10 12:51:18,810	DEBUG	bleak.backends.winrt.scanner._received_handler	Received 68:02:15:5A:DB:AC: Amdtp.
2024-06-10 12:51:18,815	DEBUG	bleak.backends.winrt.scanner._received_handler	Received 5D:87:DF:22:4A:16: LE_WH-1000XM5.
2024-06-10 12:51:18,915	DEBUG	bleak.backends.winrt.scanner._received_handler	Received 68:02:15:5A:DB:AC: .
2024-06-10 12:51:19,043	DEBUG	bleak.backends.winrt.scanner._received_handler	Received 03:6F:22:64:AF:39: .
2024-06-10 12:51:19,150	DEBUG	bleak.backends.winrt.scanner._received_handler	Received 06:24:7D:47:A7:63: .
2024-06-10 12:51:19,154	DEBUG	bleak.backends.winrt.scanner._received_handler	Received 03:6F:22:64:AF:39: .
2024-06-10 12:51:19,159	DEBUG	bleak.backends.winrt.scanner._received_handler	Received 5C:99:44:DE:E1:E8: .
2024-06-10 12:51:19,165	DEBUG	bleak.backends.winrt.scanner._received_handler	Received 0E:69:0A:C5:6A:CB: .
2024-06-10 12:51:19,169	DEBUG	bleak.backends.winrt.scanner._received_handler	Received 0F:DB:CE:88:A5:82: .
2024-06-10 12:51:19,280	DEBUG	bleak.backends.winrt.scanner._received_handler	Received 15:B0:DB:5A:61:DC: .
2024-06-10 12:51:19,393	DEBUG	bleak.backends.winrt.scanner._received_handler	Received 68:03:71:74:E0:2A: .
2024-06-10 12:51:19,396	DEBUG	bleak.backends.winrt.scanner._received_handler	Received 68:03:71:74:E0:2A: Amdtp.
2024-06-10 12:51:19,506	DEBUG	bleak.backends.winrt.scanner._received_handler	Received 68:03:71:74:E0:2A: .
2024-06-10 12:51:19,510	DEBUG	bleak.backends.winrt.scanner._received_handler	Received 68:03:71:74:E0:2A: Amdtp.
2024-06-10 12:51:19,756	DEBUG	bleak.backends.winrt.scanner._received_handler	Received 5D:87:DF:22:4A:16: LE_WH-1000XM5.
2024-06-10 12:51:19,759	DEBUG	bleak.backends.winrt.scanner._received_handler	Received 5D:87:DF:22:4A:16: .
2024-06-10 12:51:19,861	DEBUG	bleak.backends.winrt.scanner._received_handler	Received 5D:87:DF:22:4A:16: LE_WH-1000XM5.
2024-06-10 12:51:19,867	DEBUG	bleak.backends.winrt.scanner._received_handler	Received 5D:87:DF:22:4A:16: .
2024-06-10 12:51:19,873	DEBUG	bleak.backends.winrt.scanner._received_handler	Received 68:08:FC:E1:F4:00: .
2024-06-10 12:51:19,876	DEBUG	bleak.backends.winrt.scanner._received_handler	Received 68:08:FC:E1:F4:00: Amdtp.
2024-06-10 12:51:19,983	DEBUG	bleak.backends.winrt.scanner._received_handler	Received 06:24:7D:47:A7:63: .
2024-06-10 12:51:20,097	DEBUG	bleak.backends.winrt.scanner._received_handler	Received 0F:DB:CE:88:A5:82: .
2024-06-10 12:51:20,104	DEBUG	bleak.backends.winrt.scanner._received_handler	Received 03:6F:22:64:AF:39: .
2024-06-10 12:51:20,218	DEBUG	bleak.backends.winrt.scanner._received_handler	Received 0E:69:0A:C5:6A:CB: .
2024-06-10 12:51:20,221	DEBUG	bleak.backends.winrt.scanner._received_handler	Received 15:B0:DB:5A:61:DC: .
2024-06-10 12:51:20,338	DEBUG	bleak.backends.winrt.scanner._received_handler	Received 68:03:71:74:E0:2A: .
2024-06-10 12:51:20,343	DEBUG	bleak.backends.winrt.scanner._received_handler	Received 68:03:71:74:E0:2A: Amdtp.
2024-06-10 12:51:20,447	DEBUG	bleak.backends.winrt.scanner._received_handler	Received F8:77:B8:FF:80:9D: .
2024-06-10 12:51:20,687	DEBUG	bleak.backends.winrt.scanner._received_handler	Received 60:52:98:47:91:F1: .
2024-06-10 12:51:20,693	DEBUG	bleak.backends.winrt.scanner._received_handler	Received 60:52:98:47:91:F1: .
2024-06-10 12:51:20,699	DEBUG	bleak.backends.winrt.scanner._received_handler	Received 5D:87:DF:22:4A:16: LE_WH-1000XM5.
2024-06-10 12:51:20,703	DEBUG	bleak.backends.winrt.scanner._received_handler	Received 5D:87:DF:22:4A:16: .
2024-06-10 12:51:20,924	DEBUG	bleak.backends.winrt.scanner._received_handler	Received 68:08:FC:E1:F4:00: .
2024-06-10 12:51:20,927	DEBUG	bleak.backends.winrt.scanner._received_handler	Received 68:08:FC:E1:F4:00: Amdtp.
2024-06-10 12:51:20,931	DEBUG	bleak.backends.winrt.scanner._received_handler	Received 03:6F:22:64:AF:39: .
2024-06-10 12:51:20,933	DEBUG	bleak.backends.winrt.scanner._received_handler	Received 0F:DB:CE:88:A5:82: .
2024-06-10 12:51:21,042	DEBUG	bleak.backends.winrt.scanner._received_handler	Received 06:24:7D:47:A7:63: .
2024-06-10 12:51:21,051	DEBUG	bleak.backends.winrt.scanner._received_handler	Received 15:B0:DB:5A:61:DC: .
2024-06-10 12:51:21,153	DEBUG	bleak.backends.winrt.scanner._received_handler	Received 35:EC:C9:27:4B:10: .
2024-06-10 12:51:21,157	DEBUG	bleak.backends.winrt.scanner._received_handler	Received 15:B0:DB:5A:61:DC: .
2024-06-10 12:51:21,274	DEBUG	bleak.backends.winrt.scanner._received_handler	Received 32:04:DB:A2:5B:DC: .
2024-06-10 12:51:21,525	DEBUG	bleak.backends.winrt.scanner._received_handler	Received 68:07:2E:5B:6F:67: .
2024-06-10 12:51:21,528	DEBUG	bleak.backends.winrt.scanner._received_handler	Received 68:07:2E:5B:6F:67: Amdtp.
2024-06-10 12:51:21,531	DEBUG	bleak.backends.winrt.scanner._received_handler	Received 5D:87:DF:22:4A:16: LE_WH-1000XM5.
2024-06-10 12:51:21,644	DEBUG	bleak.backends.winrt.scanner._received_handler	Received 68:02:15:5A:DB:AC: .
2024-06-10 12:51:21,647	DEBUG	bleak.backends.winrt.scanner._received_handler	Received 68:02:15:5A:DB:AC: Amdtp.
2024-06-10 12:51:21,751	DEBUG	bleak.backends.winrt.scanner._received_handler	Received 68:02:15:5A:DB:AC: .
2024-06-10 12:51:21,772	DEBUG	bleak.backends.winrt.scanner._received_handler	Received 0F:DB:CE:88:A5:82: .
2024-06-10 12:51:21,774	DEBUG	bleak.backends.winrt.scanner._received_handler	Received 03:6F:22:64:AF:39: .
2024-06-10 12:51:21,774	DEBUG	bleak.backends.winrt.scanner._stopped_handler	26 devices found. Watcher status: <BluetoothLEAdvertisementWatcherStatus.STOPPED: 3>.
