2024-06-10 13:02:19,296	TRACE	evk.IxanaEVK.__init__	CALL *('68:05:16:46:BF:24',) **{}
2024-06-10 13:02:19,298	DEBUG	asyncio.__init__	Using proactor: IocpProactor
2024-06-10 13:02:19,577	DEBUG	bleak.backends.winrt.scanner._received_handler	Received 63:D0:94:AE:84:CE: .
2024-06-10 13:02:19,595	DEBUG	bleak.backends.winrt.scanner._received_handler	Received 63:D0:94:AE:84:CE: .
2024-06-10 13:02:19,597	DEBUG	bleak.backends.winrt.scanner._received_handler	Received 14:60:F6:FF:E5:C3: .
2024-06-10 13:02:19,681	DEBUG	bleak.backends.winrt.scanner._received_handler	Received 7F:17:8B:5E:E2:5E: LE_WH-1000XM5.
2024-06-10 13:02:19,684	DEBUG	bleak.backends.winrt.scanner._received_handler	Received 7F:17:8B:5E:E2:5E: .
2024-06-10 13:02:19,693	DEBUG	bleak.backends.winrt.scanner._received_handler	Received 4A:A8:C4:39:93:EF: .
2024-06-10 13:02:19,697	DEBUG	bleak.backends.winrt.scanner._received_handler	Received 4A:A8:C4:39:93:EF: .
2024-06-10 13:02:19,799	DEBUG	bleak.backends.winrt.scanner._received_handler	Received 02:7B:2A:88:18:87: .
2024-06-10 13:02:19,803	DEBUG	bleak.backends.winrt.scanner._received_handler	Received 34:CF:BE:56:C7:3C: .
2024-06-10 13:02:19,816	DEBUG	bleak.backends.winrt.scanner._received_handler	Received 68:08:FC:E1:F4:00: .
2024-06-10 13:02:19,820	DEBUG	bleak.backends.winrt.scanner._received_handler	Received 68:08:FC:E1:F4:00: Amdtp.
2024-06-10 13:02:19,924	DEBUG	bleak.backends.winrt.scanner._received_handler	Received 68:08:FC:E1:F4:00: .
2024-06-10 13:02:19,930	DEBUG	bleak.backends.winrt.scanner._received_handler	Received 68:08:FC:E1:F4:00: Amdtp.
2024-06-10 13:02:19,934	DEBUG	bleak.backends.winrt.scanner._received_handler	Received 16:F7:B4:01:12:EB: .
2024-06-10 13:02:19,938	DEBUG	bleak.backends.winrt.scanner._received_handler	Received 7F:17:8B:5E:E2:5E: .
2024-06-10 13:02:19,942	DEBUG	bleak.backends.winrt.scanner._received_handler	Received 7F:17:8B:5E:E2:5E: .
2024-06-10 13:02:20,035	DEBUG	bleak.backends.winrt.scanner._received_handler	Received DC:D2:C5:45:82:16: .
2024-06-10 13:02:20,040	DEBUG	bleak.backends.winrt.scanner._received_handler	Received 68:05:16:46:BF:24: .
2024-06-10 13:02:20,044	DEBUG	bleak.backends.winrt.scanner._stopped_handler	10 devices found. Watcher status: <BluetoothLEAdvertisementWatcherStatus.STOPPED: 3>.
2024-06-10 13:02:20,075	DEBUG	bleak.backends.winrt.client.connect	Connecting to BLE device @ 68:05:16:46:BF:24
2024-06-10 13:02:20,076	DEBUG	bleak.backends.winrt.scanner._received_handler	Received 68:05:16:46:BF:24: Ixana YR22 EVK.
2024-06-10 13:02:20,258	DEBUG	bleak.backends.winrt.client.get_services	getting services (service_cache_mode=None, cache_mode=None)...
2024-06-10 13:02:21,194	DEBUG	bleak.backends.winrt.client.session_status_changed_event_handler	session_status_changed_event_handler: id: BluetoothLE#BluetoothLEe8:48:b8:c8:20:00-68:05:16:46:bf:24, error: <BluetoothError.SUCCESS: 0>, status: <GattSessionStatus.ACTIVE: 1>
2024-06-10 13:02:21,222	DEBUG	bleak.backends.winrt.client.max_pdu_size_changed_handler	max_pdu_size_changed_handler: 247
2024-06-10 13:02:21,620	TRACE	evk.IxanaEVK.mode_reset	CALL *() **{}
2024-06-10 13:02:21,620	TRACE	evk.IxanaEVK._write	CALL *(bytearray(b'\x00\x03\x01\x00'),) **{}
2024-06-10 13:02:21,649	TRACE	evk.IxanaEVK._write	RETURN None
2024-06-10 13:02:22,151	TRACE	evk.IxanaEVK.data_enable	CALL *(False,) **{}
2024-06-10 13:02:22,151	TRACE	evk.IxanaEVK._write	CALL *(bytearray(b'\x04\x00'),) **{}
2024-06-10 13:02:22,188	TRACE	evk.IxanaEVK._write	RETURN None
2024-06-10 13:02:22,188	TRACE	evk.IxanaEVK.data_enable	RETURN None
2024-06-10 13:02:22,188	TRACE	evk.IxanaEVK.mode_reset	RETURN None
2024-06-10 13:02:22,188	TRACE	evk.IxanaEVK.field_rd	CALL *(<FIELD_NAME.VERSION: 0>,) **{}
2024-06-10 13:02:22,188	TRACE	evk.IxanaEVK._write	CALL *(bytearray(b'\x00\x00\x00'),) **{}
2024-06-10 13:02:22,219	TRACE	evk.IxanaEVK._write	RETURN None
2024-06-10 13:02:22,219	TRACE	evk.IxanaEVK._read	CALL *(4,) **{}
2024-06-10 13:02:22,219	TRACE	evk.IxanaEVK._read	RETURN bytearray(b'\x02\x00\x00\x00')
2024-06-10 13:02:22,219	TRACE	evk.IxanaEVK._read	CALL *(3,) **{}
2024-06-10 13:02:22,220	TRACE	evk.IxanaEVK._read	RETURN bytearray(b'\x00\x00\x01')
2024-06-10 13:02:22,220	TRACE	evk.IxanaEVK.field_rd	RETURN bytearray(b'\x00\x00\x01')
2024-06-10 13:02:22,220	TRACE	evk.IxanaEVK.field_rd	CALL *(<FIELD_NAME.BOARDID: 1>,) **{}
2024-06-10 13:02:22,220	TRACE	evk.IxanaEVK._write	CALL *(bytearray(b'\x00\x01\x00'),) **{}
2024-06-10 13:02:22,248	TRACE	evk.IxanaEVK._write	RETURN None
2024-06-10 13:02:22,248	TRACE	evk.IxanaEVK._read	CALL *(4,) **{}
2024-06-10 13:02:22,250	TRACE	evk.IxanaEVK._read	RETURN bytearray(b'\x02\x01\x00\x00')
2024-06-10 13:02:22,250	TRACE	evk.IxanaEVK._read	CALL *(16,) **{}
2024-06-10 13:02:22,250	TRACE	evk.IxanaEVK._read	RETURN bytearray(b'\x18 4\x08\x02\x05he$\xbfF\x161\xbf\x0e\x00')
2024-06-10 13:02:22,250	TRACE	evk.IxanaEVK.field_rd	RETURN bytearray(b'\x18 4\x08\x02\x05he$\xbfF\x161\xbf\x0e\x00')
2024-06-10 13:02:22,250	TRACE	evk.IxanaEVK.__init__	RETURN None
2024-06-10 13:02:22,251	TRACE	evk.IxanaEVK.mode_rd	CALL *() **{}
2024-06-10 13:02:22,251	TRACE	evk.IxanaEVK.field_rd	CALL *(<FIELD_NAME.MODE: 3>,) **{}
2024-06-10 13:02:22,251	TRACE	evk.IxanaEVK._write	CALL *(bytearray(b'\x00\x03\x00'),) **{}
2024-06-10 13:02:22,280	TRACE	evk.IxanaEVK._write	RETURN None
2024-06-10 13:02:22,280	TRACE	evk.IxanaEVK._read	CALL *(4,) **{}
2024-06-10 13:02:22,280	TRACE	evk.IxanaEVK._read	RETURN bytearray(b'\x02\x03\x00\x00')
2024-06-10 13:02:22,280	TRACE	evk.IxanaEVK._read	CALL *(1,) **{}
2024-06-10 13:02:22,280	TRACE	evk.IxanaEVK._read	RETURN bytearray(b'\x00')
2024-06-10 13:02:22,280	TRACE	evk.IxanaEVK.field_rd	RETURN bytearray(b'\x00')
2024-06-10 13:02:22,280	TRACE	evk.IxanaEVK.mode_rd	RETURN <MODE.NONE: 0>
2024-06-10 13:02:22,284	TRACE	evk.IxanaEVK.mode_start	CALL *(<MODE.STATS_RX: 2>, <FIELD_NAME.MODE_STATS_RX: 5>, FieldModeStatsRX(icsetting_bitrate=0, data_size=32, duration_us=1000000)) **{}
2024-06-10 13:02:22,284	TRACE	evk.IxanaEVK.mode_reset	CALL *() **{}
2024-06-10 13:02:22,284	TRACE	evk.IxanaEVK._write	CALL *(bytearray(b'\x00\x03\x01\x00'),) **{}
2024-06-10 13:02:22,324	TRACE	evk.IxanaEVK._write	RETURN None
2024-06-10 13:02:22,825	TRACE	evk.IxanaEVK.data_enable	CALL *(False,) **{}
2024-06-10 13:02:22,825	TRACE	evk.IxanaEVK._write	CALL *(bytearray(b'\x04\x00'),) **{}
2024-06-10 13:02:22,849	TRACE	evk.IxanaEVK._write	RETURN None
2024-06-10 13:02:22,849	TRACE	evk.IxanaEVK.data_enable	RETURN None
2024-06-10 13:02:22,849	TRACE	evk.IxanaEVK.mode_reset	RETURN None
2024-06-10 13:02:22,849	TRACE	evk.IxanaEVK.mode_wrrd	CALL *(<MODE.NONE: 0>,) **{}
2024-06-10 13:02:22,849	TRACE	evk.IxanaEVK.mode_wr	CALL *(<MODE.NONE: 0>,) **{}
2024-06-10 13:02:22,849	TRACE	evk.IxanaEVK.field_wr	CALL *(<FIELD_NAME.MODE: 3>, <MODE.NONE: 0>) **{}
2024-06-10 13:02:22,849	TRACE	evk.IxanaEVK._field_data_format	CALL *(<MODE.NONE: 0>,) **{}
2024-06-10 13:02:22,849	TRACE	evk.IxanaEVK._field_data_format	RETURN b'\x00'
2024-06-10 13:02:22,849	TRACE	evk.IxanaEVK._write	CALL *(bytearray(b'\x00\x03\x01\x00'),) **{}
2024-06-10 13:02:22,879	TRACE	evk.IxanaEVK._write	RETURN None
2024-06-10 13:02:22,879	TRACE	evk.IxanaEVK._read	CALL *(4,) **{}
2024-06-10 13:02:22,879	TRACE	evk.IxanaEVK._read	RETURN bytearray(b'\x02\x03\x01\x00')
2024-06-10 13:02:22,879	TRACE	evk.IxanaEVK.field_wr	RETURN None
2024-06-10 13:02:22,880	TRACE	evk.IxanaEVK.mode_wr	RETURN None
2024-06-10 13:02:22,880	TRACE	evk.IxanaEVK.mode_rd	CALL *() **{}
2024-06-10 13:02:22,880	TRACE	evk.IxanaEVK.field_rd	CALL *(<FIELD_NAME.MODE: 3>,) **{}
2024-06-10 13:02:22,880	TRACE	evk.IxanaEVK._write	CALL *(bytearray(b'\x00\x03\x00'),) **{}
2024-06-10 13:02:22,909	TRACE	evk.IxanaEVK._write	RETURN None
2024-06-10 13:02:22,910	TRACE	evk.IxanaEVK._read	CALL *(4,) **{}
2024-06-10 13:02:22,910	TRACE	evk.IxanaEVK._read	RETURN bytearray(b'\x02\x03\x00\x00')
2024-06-10 13:02:22,910	TRACE	evk.IxanaEVK._read	CALL *(1,) **{}
2024-06-10 13:02:22,910	TRACE	evk.IxanaEVK._read	RETURN bytearray(b'\x00')
2024-06-10 13:02:22,910	TRACE	evk.IxanaEVK.field_rd	RETURN bytearray(b'\x00')
2024-06-10 13:02:22,910	TRACE	evk.IxanaEVK.mode_rd	RETURN <MODE.NONE: 0>
2024-06-10 13:02:22,910	TRACE	evk.IxanaEVK.mode_wrrd	RETURN None
2024-06-10 13:02:22,910	TRACE	evk.IxanaEVK.field_wrrd	CALL *(<FIELD_NAME.MODE_STATS_RX: 5>, bytearray(b'\x00 @B\x0f\x00')) **{}
2024-06-10 13:02:22,910	TRACE	evk.IxanaEVK.field_wr	CALL *(<FIELD_NAME.MODE_STATS_RX: 5>, bytearray(b'\x00 @B\x0f\x00')) **{}
2024-06-10 13:02:22,910	TRACE	evk.IxanaEVK._field_data_format	CALL *(bytearray(b'\x00 @B\x0f\x00'),) **{}
2024-06-10 13:02:22,910	TRACE	evk.IxanaEVK._field_data_format	RETURN bytearray(b'\x00 @B\x0f\x00')
2024-06-10 13:02:22,910	TRACE	evk.IxanaEVK._write	CALL *(bytearray(b'\x00\x05\x01\x00 @B\x0f\x00'),) **{}
2024-06-10 13:02:22,954	TRACE	evk.IxanaEVK._write	RETURN None
2024-06-10 13:02:22,954	TRACE	evk.IxanaEVK._read	CALL *(4,) **{}
2024-06-10 13:02:22,954	TRACE	evk.IxanaEVK._read	RETURN bytearray(b'\x02\x05\x01\x00')
2024-06-10 13:02:22,954	TRACE	evk.IxanaEVK.field_wr	RETURN None
2024-06-10 13:02:22,954	TRACE	evk.IxanaEVK._field_data_format	CALL *(bytearray(b'\x00 @B\x0f\x00'),) **{}
2024-06-10 13:02:22,954	TRACE	evk.IxanaEVK._field_data_format	RETURN bytearray(b'\x00 @B\x0f\x00')
2024-06-10 13:02:22,954	TRACE	evk.IxanaEVK.field_rd	CALL *(<FIELD_NAME.MODE_STATS_RX: 5>,) **{}
2024-06-10 13:02:22,954	TRACE	evk.IxanaEVK._write	CALL *(bytearray(b'\x00\x05\x00'),) **{}
2024-06-10 13:02:22,999	TRACE	evk.IxanaEVK._write	RETURN None
2024-06-10 13:02:23,000	TRACE	evk.IxanaEVK._read	CALL *(4,) **{}
2024-06-10 13:02:23,013	TRACE	evk.IxanaEVK._read	RETURN bytearray(b'\x02\x05\x00\x00')
2024-06-10 13:02:23,014	TRACE	evk.IxanaEVK._read	CALL *(6,) **{}
2024-06-10 13:02:23,014	TRACE	evk.IxanaEVK._read	RETURN bytearray(b'\x00 @B\x0f\x00')
2024-06-10 13:02:23,014	TRACE	evk.IxanaEVK.field_rd	RETURN bytearray(b'\x00 @B\x0f\x00')
2024-06-10 13:02:23,014	TRACE	evk.IxanaEVK.field_wrrd	RETURN None
2024-06-10 13:02:23,014	TRACE	evk.IxanaEVK.mode_wrrd	CALL *(<MODE.STATS_RX: 2>,) **{}
2024-06-10 13:02:23,014	TRACE	evk.IxanaEVK.mode_wr	CALL *(<MODE.STATS_RX: 2>,) **{}
2024-06-10 13:02:23,014	TRACE	evk.IxanaEVK.field_wr	CALL *(<FIELD_NAME.MODE: 3>, <MODE.STATS_RX: 2>) **{}
2024-06-10 13:02:23,014	TRACE	evk.IxanaEVK._field_data_format	CALL *(<MODE.STATS_RX: 2>,) **{}
2024-06-10 13:02:23,014	TRACE	evk.IxanaEVK._field_data_format	RETURN b'\x02'
2024-06-10 13:02:23,014	TRACE	evk.IxanaEVK._write	CALL *(bytearray(b'\x00\x03\x01\x02'),) **{}
2024-06-10 13:02:23,043	TRACE	evk.IxanaEVK._write	RETURN None
2024-06-10 13:02:23,044	TRACE	evk.IxanaEVK._read	CALL *(4,) **{}
2024-06-10 13:02:23,397	TRACE	evk.IxanaEVK._read	RETURN bytearray(b'\x02\x03\x01\x00')
2024-06-10 13:02:23,397	TRACE	evk.IxanaEVK.field_wr	RETURN None
2024-06-10 13:02:23,397	TRACE	evk.IxanaEVK.mode_wr	RETURN None
2024-06-10 13:02:23,397	TRACE	evk.IxanaEVK.mode_rd	CALL *() **{}
2024-06-10 13:02:23,397	TRACE	evk.IxanaEVK.field_rd	CALL *(<FIELD_NAME.MODE: 3>,) **{}
2024-06-10 13:02:23,397	TRACE	evk.IxanaEVK._write	CALL *(bytearray(b'\x00\x03\x00'),) **{}
2024-06-10 13:02:23,441	TRACE	evk.IxanaEVK._write	RETURN None
2024-06-10 13:02:23,441	TRACE	evk.IxanaEVK._read	CALL *(4,) **{}
2024-06-10 13:02:23,441	TRACE	evk.IxanaEVK._read	RETURN bytearray(b'\x02\x03\x00\x00')
2024-06-10 13:02:23,441	TRACE	evk.IxanaEVK._read	CALL *(1,) **{}
2024-06-10 13:02:23,441	TRACE	evk.IxanaEVK._read	RETURN bytearray(b'\x02')
2024-06-10 13:02:23,441	TRACE	evk.IxanaEVK.field_rd	RETURN bytearray(b'\x02')
2024-06-10 13:02:23,441	TRACE	evk.IxanaEVK.mode_rd	RETURN <MODE.STATS_RX: 2>
2024-06-10 13:02:23,441	TRACE	evk.IxanaEVK.mode_wrrd	RETURN None
2024-06-10 13:02:23,441	TRACE	evk.IxanaEVK.check_ic_status	CALL *() **{}
2024-06-10 13:02:23,441	TRACE	evk.IxanaEVK.icstatus_rd	CALL *() **{}
2024-06-10 13:02:23,443	TRACE	evk.IxanaEVK.field_rd	CALL *(<FIELD_NAME.ICSTATUS: 2>,) **{}
2024-06-10 13:02:23,443	TRACE	evk.IxanaEVK._write	CALL *(bytearray(b'\x00\x02\x00'),) **{}
2024-06-10 13:02:23,487	TRACE	evk.IxanaEVK._write	RETURN None
2024-06-10 13:02:23,487	TRACE	evk.IxanaEVK._read	CALL *(4,) **{}
2024-06-10 13:02:23,487	TRACE	evk.IxanaEVK._read	RETURN bytearray(b'\x02\x02\x00\x00')
2024-06-10 13:02:23,487	TRACE	evk.IxanaEVK._read	CALL *(1,) **{}
2024-06-10 13:02:23,487	TRACE	evk.IxanaEVK._read	RETURN bytearray(b'\x05')
2024-06-10 13:02:23,487	TRACE	evk.IxanaEVK.field_rd	RETURN bytearray(b'\x05')
2024-06-10 13:02:23,487	TRACE	evk.IxanaEVK.icstatus_rd	RETURN <IC_STATUS.SUCCESS: 5>
2024-06-10 13:02:23,487	TRACE	evk.IxanaEVK.check_ic_status	RETURN None
2024-06-10 13:02:23,487	TRACE	evk.IxanaEVK.data_enable	CALL *(True,) **{}
2024-06-10 13:02:23,487	TRACE	evk.IxanaEVK._write	CALL *(bytearray(b'\x04\x01'),) **{}
2024-06-10 13:02:23,531	TRACE	evk.IxanaEVK._write	RETURN None
2024-06-10 13:02:23,531	TRACE	evk.IxanaEVK.data_enable	RETURN None
2024-06-10 13:02:23,531	TRACE	evk.IxanaEVK.mode_start	RETURN None
2024-06-10 13:02:24,532	TRACE	evk.IxanaEVK.data_rd	CALL *() **{}
2024-06-10 13:02:24,532	TRACE	evk.IxanaEVK.rd8	CALL *() **{}
2024-06-10 13:02:24,532	TRACE	evk.IxanaEVK._read	CALL *(1,) **{}
2024-06-10 13:02:24,532	TRACE	evk.IxanaEVK._read	RETURN bytearray(b'\x01')
2024-06-10 13:02:24,532	TRACE	evk.IxanaEVK.rd8	RETURN 1
2024-06-10 13:02:24,533	TRACE	evk.IxanaEVK.rd8	CALL *() **{}
2024-06-10 13:02:24,533	TRACE	evk.IxanaEVK._read	CALL *(1,) **{}
2024-06-10 13:02:24,533	TRACE	evk.IxanaEVK._read	RETURN bytearray(b'\x02')
2024-06-10 13:02:24,533	TRACE	evk.IxanaEVK.rd8	RETURN 2
2024-06-10 13:02:24,533	TRACE	evk.IxanaEVK.rd8	CALL *() **{}
2024-06-10 13:02:24,533	TRACE	evk.IxanaEVK._read	CALL *(1,) **{}
2024-06-10 13:02:24,533	TRACE	evk.IxanaEVK._read	RETURN bytearray(b' ')
2024-06-10 13:02:24,533	TRACE	evk.IxanaEVK.rd8	RETURN 32
2024-06-10 13:02:24,533	TRACE	evk.IxanaEVK._read	CALL *(32,) **{}
2024-06-10 13:02:24,533	TRACE	evk.IxanaEVK._read	RETURN bytearray(b' \x00\x00\x00@B\x0f\x00\x00\x00\x00\x00\x00\x00\x00\x00\x00\x00\x00\x00\x00\x00\x00\x00\x00\x00\x00\x00\x1d\x01\xff\x7f')
2024-06-10 13:02:24,533	TRACE	evk.IxanaEVK.data_rd	RETURN (<MODE.STATS_RX: 2>, bytearray(b' \x00\x00\x00@B\x0f\x00\x00\x00\x00\x00\x00\x00\x00\x00\x00\x00\x00\x00\x00\x00\x00\x00\x00\x00\x00\x00\x1d\x01\xff\x7f'))
2024-06-10 13:02:24,540	DEBUG	urllib3.connectionpool._new_conn	Starting new HTTP connection (1): 3.25.191.180:80
2024-06-10 13:02:25,347	DEBUG	urllib3.connectionpool._make_request	http://3.25.191.180:80 "POST /processdev HTTP/1.1" 500 265
2024-06-10 13:02:25,445	DEBUG	bleak.backends.winrt.client.disconnect	Disconnecting from BLE device...
2024-06-10 13:02:28,665	DEBUG	bleak.backends.winrt.client.session_status_changed_event_handler	session_status_changed_event_handler: id: BluetoothLE#BluetoothLEe8:48:b8:c8:20:00-68:05:16:46:bf:24, error: <BluetoothError.SUCCESS: 0>, status: <GattSessionStatus.CLOSED: 0>
2024-06-10 13:02:28,666	DEBUG	bleak.backends.winrt.client.handle_disconnect	closing requester
2024-06-10 13:02:28,666	DEBUG	bleak.backends.winrt.client.handle_disconnect	closing session
