2024-06-07 15:58:12,707	TRACE	evk.IxanaEVK.__init__	CALL *('68:03:E8:3F:09:02',) **{}
2024-06-07 15:58:12,708	DEBUG	asyncio.__init__	Using proactor: IocpProactor
2024-06-07 15:58:12,951	DEBUG	bleak.backends.winrt.scanner._received_handler	Received 68:03:71:74:E0:2A: .
2024-06-07 15:58:12,955	DEBUG	bleak.backends.winrt.scanner._received_handler	Received 68:03:71:74:E0:2A: Amdtp.
2024-06-07 15:58:13,053	DEBUG	bleak.backends.winrt.scanner._received_handler	Received 68:03:71:74:E0:2A: .
2024-06-07 15:58:13,054	DEBUG	bleak.backends.winrt.scanner._received_handler	Received 68:03:71:74:E0:2A: Amdtp.
2024-06-07 15:58:13,056	DEBUG	bleak.backends.winrt.scanner._received_handler	Received 68:02:15:5A:DB:AC: .
2024-06-07 15:58:13,059	DEBUG	bleak.backends.winrt.scanner._received_handler	Received 68:02:15:5A:DB:AC: Amdtp.
2024-06-07 15:58:13,171	DEBUG	bleak.backends.winrt.scanner._received_handler	Received 0C:0D:83:48:9B:3F: .
2024-06-07 15:58:13,174	DEBUG	bleak.backends.winrt.scanner._received_handler	Received 68:04:6D:CE:F3:BC: .
2024-06-07 15:58:13,176	DEBUG	bleak.backends.winrt.scanner._received_handler	Received 68:05:16:46:BF:24: .
2024-06-07 15:58:13,177	DEBUG	bleak.backends.winrt.scanner._received_handler	Received 68:05:16:46:BF:24: Ixana YR22 EVK.
2024-06-07 15:58:13,181	DEBUG	bleak.backends.winrt.scanner._received_handler	Received 0F:94:2F:10:8E:00: .
2024-06-07 15:58:13,185	DEBUG	bleak.backends.winrt.scanner._received_handler	Received FA:0D:AC:D7:F5:8E: .
2024-06-07 15:58:13,291	DEBUG	bleak.backends.winrt.scanner._received_handler	Received 68:08:FC:E1:F4:00: .
2024-06-07 15:58:13,292	DEBUG	bleak.backends.winrt.scanner._received_handler	Received 68:08:FC:E1:F4:00: Amdtp.
2024-06-07 15:58:13,297	DEBUG	bleak.backends.winrt.scanner._received_handler	Received 68:09:DD:FB:53:D2: .
2024-06-07 15:58:13,298	DEBUG	bleak.backends.winrt.scanner._received_handler	Received 68:09:DD:FB:53:D2: Amdtp.
2024-06-07 15:58:13,410	DEBUG	bleak.backends.winrt.scanner._received_handler	Received 03:5F:3D:A9:83:6E: .
2024-06-07 15:58:13,413	DEBUG	bleak.backends.winrt.scanner._received_handler	Received 24:3F:9D:60:37:2F: .
2024-06-07 15:58:13,539	DEBUG	bleak.backends.winrt.scanner._received_handler	Received 7F:8F:FD:B7:0B:C0: .
2024-06-07 15:58:13,540	DEBUG	bleak.backends.winrt.scanner._received_handler	Received 7F:8F:FD:B7:0B:C0: .
2024-06-07 15:58:13,884	DEBUG	bleak.backends.winrt.scanner._received_handler	Received 68:07:2E:5B:6F:67: .
2024-06-07 15:58:13,885	DEBUG	bleak.backends.winrt.scanner._received_handler	Received 68:07:2E:5B:6F:67: Amdtp.
2024-06-07 15:58:13,886	DEBUG	bleak.backends.winrt.scanner._received_handler	Received 0C:0D:83:48:9B:3F: .
2024-06-07 15:58:13,891	DEBUG	bleak.backends.winrt.scanner._received_handler	Received 51:1D:F6:80:57:8F: .
2024-06-07 15:58:13,892	DEBUG	bleak.backends.winrt.scanner._received_handler	Received 51:1D:F6:80:57:8F: LE_WH-1000XM5.
2024-06-07 15:58:13,895	DEBUG	bleak.backends.winrt.scanner._received_handler	Received 68:03:71:74:E0:2A: .
2024-06-07 15:58:13,898	DEBUG	bleak.backends.winrt.scanner._received_handler	Received 68:03:71:74:E0:2A: Amdtp.
2024-06-07 15:58:14,003	DEBUG	bleak.backends.winrt.scanner._received_handler	Received 68:03:71:74:E0:2A: .
2024-06-07 15:58:14,005	DEBUG	bleak.backends.winrt.scanner._received_handler	Received 68:03:71:74:E0:2A: Amdtp.
2024-06-07 15:58:14,007	DEBUG	bleak.backends.winrt.scanner._received_handler	Received 51:1D:F6:80:57:8F: LE_WH-1000XM5.
2024-06-07 15:58:14,008	DEBUG	bleak.backends.winrt.scanner._received_handler	Received 51:1D:F6:80:57:8F: .
2024-06-07 15:58:14,117	DEBUG	bleak.backends.winrt.scanner._received_handler	Received 68:02:15:5A:DB:AC: .
2024-06-07 15:58:14,119	DEBUG	bleak.backends.winrt.scanner._received_handler	Received 68:02:15:5A:DB:AC: Amdtp.
2024-06-07 15:58:14,120	DEBUG	bleak.backends.winrt.scanner._received_handler	Received 29:C3:C2:0E:BC:EC: .
2024-06-07 15:58:14,124	DEBUG	bleak.backends.winrt.scanner._received_handler	Received 68:05:16:46:BF:24: .
2024-06-07 15:58:14,125	DEBUG	bleak.backends.winrt.scanner._received_handler	Received 68:05:16:46:BF:24: Ixana YR22 EVK.
2024-06-07 15:58:14,234	DEBUG	bleak.backends.winrt.scanner._received_handler	Received 68:08:FC:E1:F4:00: .
2024-06-07 15:58:14,235	DEBUG	bleak.backends.winrt.scanner._received_handler	Received 68:08:FC:E1:F4:00: Amdtp.
2024-06-07 15:58:14,241	DEBUG	bleak.backends.winrt.scanner._received_handler	Received 0F:94:2F:10:8E:00: .
2024-06-07 15:58:14,358	DEBUG	bleak.backends.winrt.scanner._received_handler	Received 0A:20:12:34:D3:A4: .
2024-06-07 15:58:14,360	DEBUG	bleak.backends.winrt.scanner._received_handler	Received 0A:20:12:34:D3:A4: .
2024-06-07 15:58:14,364	DEBUG	bleak.backends.winrt.scanner._received_handler	Received 24:3F:9D:60:37:2F: .
2024-06-07 15:58:14,368	DEBUG	bleak.backends.winrt.scanner._received_handler	Received 68:09:DD:FB:53:D2: .
2024-06-07 15:58:14,370	DEBUG	bleak.backends.winrt.scanner._received_handler	Received 68:09:DD:FB:53:D2: Amdtp.
2024-06-07 15:58:14,483	DEBUG	bleak.backends.winrt.scanner._received_handler	Received 68:03:04:31:9C:D5: .
2024-06-07 15:58:14,485	DEBUG	bleak.backends.winrt.scanner._received_handler	Received 68:03:04:31:9C:D5: Amdtp.
2024-06-07 15:58:14,586	DEBUG	bleak.backends.winrt.scanner._received_handler	Received 68:03:04:31:9C:D5: .
2024-06-07 15:58:14,588	DEBUG	bleak.backends.winrt.scanner._received_handler	Received 68:03:04:31:9C:D5: Amdtp.
2024-06-07 15:58:14,601	DEBUG	bleak.backends.winrt.scanner._received_handler	Received 21:68:65:03:33:A1: .
2024-06-07 15:58:14,829	DEBUG	bleak.backends.winrt.scanner._received_handler	Received 0C:0D:83:48:9B:3F: .
2024-06-07 15:58:14,831	DEBUG	bleak.backends.winrt.scanner._received_handler	Received 06:DC:7F:AD:AF:27: .
2024-06-07 15:58:14,942	DEBUG	bleak.backends.winrt.scanner._received_handler	Received 68:07:2E:5B:6F:67: .
2024-06-07 15:58:14,944	DEBUG	bleak.backends.winrt.scanner._received_handler	Received 68:07:2E:5B:6F:67: Amdtp.
2024-06-07 15:58:14,947	DEBUG	bleak.backends.winrt.scanner._received_handler	Received 4D:DC:F1:E8:72:65: .
2024-06-07 15:58:14,949	DEBUG	bleak.backends.winrt.scanner._received_handler	Received 4D:DC:F1:E8:72:65: .
2024-06-07 15:58:14,958	DEBUG	bleak.backends.winrt.scanner._received_handler	Received 68:05:16:46:BF:24: .
2024-06-07 15:58:15,063	DEBUG	bleak.backends.winrt.scanner._received_handler	Received 68:05:16:46:BF:24: .
2024-06-07 15:58:15,064	DEBUG	bleak.backends.winrt.scanner._received_handler	Received 68:05:16:46:BF:24: Ixana YR22 EVK.
2024-06-07 15:58:15,067	DEBUG	bleak.backends.winrt.scanner._received_handler	Received 51:1D:F6:80:57:8F: LE_WH-1000XM5.
2024-06-07 15:58:15,069	DEBUG	bleak.backends.winrt.scanner._received_handler	Received 51:1D:F6:80:57:8F: .
2024-06-07 15:58:15,072	DEBUG	bleak.backends.winrt.scanner._received_handler	Received 68:04:6D:CE:F3:BC: .
2024-06-07 15:58:15,074	DEBUG	bleak.backends.winrt.scanner._received_handler	Received 68:04:6D:CE:F3:BC: Ixana YR22 EVK.
2024-06-07 15:58:15,177	DEBUG	bleak.backends.winrt.scanner._received_handler	Received 51:1D:F6:80:57:8F: LE_WH-1000XM5.
2024-06-07 15:58:15,178	DEBUG	bleak.backends.winrt.scanner._received_handler	Received 51:1D:F6:80:57:8F: .
2024-06-07 15:58:15,180	DEBUG	bleak.backends.winrt.scanner._received_handler	Received 68:04:6D:CE:F3:BC: .
2024-06-07 15:58:15,191	DEBUG	bleak.backends.winrt.scanner._received_handler	Received 68:08:FC:E1:F4:00: .
2024-06-07 15:58:15,192	DEBUG	bleak.backends.winrt.scanner._received_handler	Received 68:08:FC:E1:F4:00: Amdtp.
2024-06-07 15:58:15,297	DEBUG	bleak.backends.winrt.scanner._received_handler	Received 03:5F:3D:A9:83:6E: .
2024-06-07 15:58:15,300	DEBUG	bleak.backends.winrt.scanner._received_handler	Received 68:08:FC:E1:F4:00: .
2024-06-07 15:58:15,303	DEBUG	bleak.backends.winrt.scanner._received_handler	Received 68:08:FC:E1:F4:00: Amdtp.
2024-06-07 15:58:15,305	DEBUG	bleak.backends.winrt.scanner._received_handler	Received 0F:94:2F:10:8E:00: .
2024-06-07 15:58:15,309	DEBUG	bleak.backends.winrt.scanner._received_handler	Received 68:09:DD:FB:53:D2: .
2024-06-07 15:58:15,416	DEBUG	bleak.backends.winrt.scanner._received_handler	Received 68:09:DD:FB:53:D2: .
2024-06-07 15:58:15,417	DEBUG	bleak.backends.winrt.scanner._received_handler	Received 68:09:DD:FB:53:D2: Amdtp.
2024-06-07 15:58:15,420	DEBUG	bleak.backends.winrt.scanner._received_handler	Received 68:03:04:31:9C:D5: .
2024-06-07 15:58:15,422	DEBUG	bleak.backends.winrt.scanner._received_handler	Received 68:03:04:31:9C:D5: Amdtp.
2024-06-07 15:58:15,651	DEBUG	bleak.backends.winrt.scanner._received_handler	Received 0C:0D:83:48:9B:3F: .
2024-06-07 15:58:15,656	DEBUG	bleak.backends.winrt.scanner._received_handler	Received 2A:86:81:3E:32:CC: .
2024-06-07 15:58:15,660	DEBUG	bleak.backends.winrt.scanner._received_handler	Received 2A:86:81:3E:32:CC: .
2024-06-07 15:58:15,665	DEBUG	bleak.backends.winrt.scanner._received_handler	Received 68:03:71:74:E0:2A: .
2024-06-07 15:58:15,667	DEBUG	bleak.backends.winrt.scanner._received_handler	Received 68:03:71:74:E0:2A: Amdtp.
2024-06-07 15:58:15,769	DEBUG	bleak.backends.winrt.scanner._received_handler	Received 68:03:71:74:E0:2A: .
2024-06-07 15:58:15,770	DEBUG	bleak.backends.winrt.scanner._received_handler	Received 68:03:71:74:E0:2A: Amdtp.
2024-06-07 15:58:15,778	DEBUG	bleak.backends.winrt.scanner._received_handler	Received 29:C3:C2:0E:BC:EC: .
2024-06-07 15:58:15,890	DEBUG	bleak.backends.winrt.scanner._received_handler	Received 68:07:2E:5B:6F:67: .
2024-06-07 15:58:15,891	DEBUG	bleak.backends.winrt.scanner._received_handler	Received 68:07:2E:5B:6F:67: Amdtp.
2024-06-07 15:58:16,006	DEBUG	bleak.backends.winrt.scanner._received_handler	Received 68:05:16:46:BF:24: .
2024-06-07 15:58:16,007	DEBUG	bleak.backends.winrt.scanner._received_handler	Received 68:05:16:46:BF:24: Ixana YR22 EVK.
2024-06-07 15:58:16,010	DEBUG	bleak.backends.winrt.scanner._received_handler	Received 68:02:15:5A:DB:AC: .
2024-06-07 15:58:16,011	DEBUG	bleak.backends.winrt.scanner._received_handler	Received 68:02:15:5A:DB:AC: Amdtp.
2024-06-07 15:58:16,123	DEBUG	bleak.backends.winrt.scanner._received_handler	Received 68:04:6D:CE:F3:BC: .
2024-06-07 15:58:16,124	DEBUG	bleak.backends.winrt.scanner._received_handler	Received 68:04:6D:CE:F3:BC: Ixana YR22 EVK.
2024-06-07 15:58:16,127	DEBUG	bleak.backends.winrt.scanner._received_handler	Received 51:1D:F6:80:57:8F: LE_WH-1000XM5.
2024-06-07 15:58:16,129	DEBUG	bleak.backends.winrt.scanner._received_handler	Received 51:1D:F6:80:57:8F: .
2024-06-07 15:58:16,244	DEBUG	bleak.backends.winrt.scanner._received_handler	Received 68:08:FC:E1:F4:00: .
2024-06-07 15:58:16,245	DEBUG	bleak.backends.winrt.scanner._received_handler	Received 68:08:FC:E1:F4:00: Amdtp.
2024-06-07 15:58:16,248	DEBUG	bleak.backends.winrt.scanner._received_handler	Received 68:09:DD:FB:53:D2: .
2024-06-07 15:58:16,250	DEBUG	bleak.backends.winrt.scanner._received_handler	Received 68:09:DD:FB:53:D2: Amdtp.
2024-06-07 15:58:16,253	DEBUG	bleak.backends.winrt.scanner._received_handler	Received 68:03:04:31:9C:D5: .
2024-06-07 15:58:16,256	DEBUG	bleak.backends.winrt.scanner._received_handler	Received 68:03:04:31:9C:D5: Amdtp.
2024-06-07 15:58:16,257	DEBUG	bleak.backends.winrt.scanner._received_handler	Received 24:3F:9D:60:37:2F: .
2024-06-07 15:58:16,260	DEBUG	bleak.backends.winrt.scanner._received_handler	Received 68:01:82:2B:58:6B: .
2024-06-07 15:58:16,358	DEBUG	bleak.backends.winrt.scanner._received_handler	Received 24:3F:9D:60:37:2F: .
2024-06-07 15:58:16,478	DEBUG	bleak.backends.winrt.scanner._received_handler	Received 0C:0D:83:48:9B:3F: .
2024-06-07 15:58:16,483	DEBUG	bleak.backends.winrt.scanner._received_handler	Received 51:1D:F6:80:57:8F: .
2024-06-07 15:58:16,485	DEBUG	bleak.backends.winrt.scanner._received_handler	Received 51:1D:F6:80:57:8F: .
2024-06-07 15:58:16,609	DEBUG	bleak.backends.winrt.scanner._received_handler	Received 29:C3:C2:0E:BC:EC: .
2024-06-07 15:58:16,715	DEBUG	bleak.backends.winrt.scanner._received_handler	Received 38:01:95:99:1C:66: .
2024-06-07 15:58:16,717	DEBUG	bleak.backends.winrt.scanner._received_handler	Received 29:C3:C2:0E:BC:EC: .
2024-06-07 15:58:16,722	DEBUG	bleak.backends.winrt.scanner._received_handler	Received 3B:E8:18:5E:95:18: .
2024-06-07 15:58:16,834	DEBUG	bleak.backends.winrt.scanner._received_handler	Received 68:03:71:74:E0:2A: .
2024-06-07 15:58:16,835	DEBUG	bleak.backends.winrt.scanner._received_handler	Received 68:03:71:74:E0:2A: Amdtp.
2024-06-07 15:58:16,843	DEBUG	bleak.backends.winrt.scanner._received_handler	Received 68:07:2E:5B:6F:67: .
2024-06-07 15:58:16,948	DEBUG	bleak.backends.winrt.scanner._received_handler	Received 0A:20:12:34:D3:A4: .
2024-06-07 15:58:16,950	DEBUG	bleak.backends.winrt.scanner._received_handler	Received 0A:20:12:34:D3:A4: .
2024-06-07 15:58:16,955	DEBUG	bleak.backends.winrt.scanner._received_handler	Received 68:02:15:5A:DB:AC: .
2024-06-07 15:58:16,957	DEBUG	bleak.backends.winrt.scanner._received_handler	Received 68:02:15:5A:DB:AC: Amdtp.
2024-06-07 15:58:16,960	DEBUG	bleak.backends.winrt.scanner._received_handler	Received 51:1D:F6:80:57:8F: .
2024-06-07 15:58:16,961	DEBUG	bleak.backends.winrt.scanner._received_handler	Received 51:1D:F6:80:57:8F: .
2024-06-07 15:58:16,965	DEBUG	bleak.backends.winrt.scanner._received_handler	Received 68:05:16:46:BF:24: .
2024-06-07 15:58:16,968	DEBUG	bleak.backends.winrt.scanner._received_handler	Received 68:05:16:46:BF:24: Ixana YR22 EVK.
2024-06-07 15:58:16,970	DEBUG	bleak.backends.winrt.scanner._received_handler	Received 68:04:6D:CE:F3:BC: .
2024-06-07 15:58:17,068	DEBUG	bleak.backends.winrt.scanner._received_handler	Received 68:05:16:46:BF:24: .
2024-06-07 15:58:17,072	DEBUG	bleak.backends.winrt.scanner._received_handler	Received 51:1D:F6:80:57:8F: LE_WH-1000XM5.
2024-06-07 15:58:17,078	DEBUG	bleak.backends.winrt.scanner._received_handler	Received 68:09:DD:FB:53:D2: .
2024-06-07 15:58:17,079	DEBUG	bleak.backends.winrt.scanner._received_handler	Received 68:09:DD:FB:53:D2: Amdtp.
2024-06-07 15:58:17,082	DEBUG	bleak.backends.winrt.scanner._received_handler	Received 68:08:FC:E1:F4:00: .
2024-06-07 15:58:17,083	DEBUG	bleak.backends.winrt.scanner._received_handler	Received 68:08:FC:E1:F4:00: Amdtp.
2024-06-07 15:58:17,085	DEBUG	bleak.backends.winrt.scanner._received_handler	Received 2A:86:81:3E:32:CC: .
2024-06-07 15:58:17,089	DEBUG	bleak.backends.winrt.scanner._received_handler	Received 2A:86:81:3E:32:CC: .
2024-06-07 15:58:17,187	DEBUG	bleak.backends.winrt.scanner._received_handler	Received 68:03:04:31:9C:D5: .
2024-06-07 15:58:17,189	DEBUG	bleak.backends.winrt.scanner._received_handler	Received 68:03:04:31:9C:D5: Amdtp.
2024-06-07 15:58:17,192	DEBUG	bleak.backends.winrt.scanner._received_handler	Received 68:08:FC:E1:F4:00: .
2024-06-07 15:58:17,193	DEBUG	bleak.backends.winrt.scanner._received_handler	Received 68:08:FC:E1:F4:00: Amdtp.
2024-06-07 15:58:17,422	DEBUG	bleak.backends.winrt.scanner._received_handler	Received 51:1D:F6:80:57:8F: .
2024-06-07 15:58:17,424	DEBUG	bleak.backends.winrt.scanner._received_handler	Received 51:1D:F6:80:57:8F: .
2024-06-07 15:58:17,431	DEBUG	bleak.backends.winrt.scanner._received_handler	Received 0C:0D:83:48:9B:3F: .
2024-06-07 15:58:17,539	DEBUG	bleak.backends.winrt.scanner._received_handler	Received 0C:0D:83:48:9B:3F: .
2024-06-07 15:58:17,549	DEBUG	bleak.backends.winrt.scanner._received_handler	Received 29:C3:C2:0E:BC:EC: .
2024-06-07 15:58:17,665	DEBUG	bleak.backends.winrt.scanner._received_handler	Received 68:03:71:74:E0:2A: .
2024-06-07 15:58:17,665	DEBUG	bleak.backends.winrt.scanner._received_handler	Received 68:03:71:74:E0:2A: Amdtp.
2024-06-07 15:58:17,791	DEBUG	bleak.backends.winrt.scanner._received_handler	Received 68:05:16:46:BF:24: .
2024-06-07 15:58:17,792	DEBUG	bleak.backends.winrt.scanner._received_handler	Received 68:05:16:46:BF:24: Ixana YR22 EVK.
2024-06-07 15:58:17,895	DEBUG	bleak.backends.winrt.scanner._received_handler	Received 68:05:16:46:BF:24: .
2024-06-07 15:58:17,897	DEBUG	bleak.backends.winrt.scanner._received_handler	Received 68:05:16:46:BF:24: Ixana YR22 EVK.
2024-06-07 15:58:17,900	DEBUG	bleak.backends.winrt.scanner._received_handler	Received 68:07:2E:5B:6F:67: .
2024-06-07 15:58:17,901	DEBUG	bleak.backends.winrt.scanner._received_handler	Received 68:07:2E:5B:6F:67: Amdtp.
2024-06-07 15:58:17,905	DEBUG	bleak.backends.winrt.scanner._received_handler	Received 51:1D:F6:80:57:8F: LE_WH-1000XM5.
2024-06-07 15:58:17,907	DEBUG	bleak.backends.winrt.scanner._received_handler	Received 51:1D:F6:80:57:8F: .
2024-06-07 15:58:18,015	DEBUG	bleak.backends.winrt.scanner._received_handler	Received 68:02:15:5A:DB:AC: .
2024-06-07 15:58:18,130	DEBUG	bleak.backends.winrt.scanner._received_handler	Received 68:04:6D:CE:F3:BC: .
2024-06-07 15:58:18,131	DEBUG	bleak.backends.winrt.scanner._received_handler	Received 0F:94:2F:10:8E:00: .
2024-06-07 15:58:18,141	DEBUG	bleak.backends.winrt.scanner._received_handler	Received 03:5F:3D:A9:83:6E: .
2024-06-07 15:58:18,144	DEBUG	bleak.backends.winrt.scanner._received_handler	Received 68:09:DD:FB:53:D2: .
2024-06-07 15:58:18,248	DEBUG	bleak.backends.winrt.scanner._received_handler	Received 68:09:DD:FB:53:D2: .
2024-06-07 15:58:18,249	DEBUG	bleak.backends.winrt.scanner._received_handler	Received 68:09:DD:FB:53:D2: Amdtp.
2024-06-07 15:58:18,256	DEBUG	bleak.backends.winrt.scanner._received_handler	Received 68:01:82:2B:58:6B: .
2024-06-07 15:58:18,369	DEBUG	bleak.backends.winrt.scanner._received_handler	Received 24:3F:9D:60:37:2F: .
2024-06-07 15:58:18,377	DEBUG	bleak.backends.winrt.scanner._received_handler	Received 0A:20:12:34:D3:A4: .
2024-06-07 15:58:18,381	DEBUG	bleak.backends.winrt.scanner._received_handler	Received 29:C3:C2:0E:BC:EC: .
2024-06-07 15:58:18,384	DEBUG	bleak.backends.winrt.scanner._received_handler	Received 78:94:EC:2B:C9:8D: .
2024-06-07 15:58:18,385	DEBUG	bleak.backends.winrt.scanner._received_handler	Received 78:94:EC:2B:C9:8D: .
2024-06-07 15:58:18,488	DEBUG	bleak.backends.winrt.scanner._received_handler	Received 0C:0D:83:48:9B:3F: .
2024-06-07 15:58:18,615	DEBUG	bleak.backends.winrt.scanner._received_handler	Received 68:03:71:74:E0:2A: .
2024-06-07 15:58:18,617	DEBUG	bleak.backends.winrt.scanner._received_handler	Received 68:03:71:74:E0:2A: Amdtp.
2024-06-07 15:58:18,734	DEBUG	bleak.backends.winrt.scanner._received_handler	Received 68:02:15:5A:DB:AC: .
2024-06-07 15:58:18,736	DEBUG	bleak.backends.winrt.scanner._received_handler	Received 68:02:15:5A:DB:AC: Amdtp.
2024-06-07 15:58:18,739	DEBUG	bleak.backends.winrt.scanner._received_handler	Received 68:05:16:46:BF:24: .
2024-06-07 15:58:18,839	DEBUG	bleak.backends.winrt.scanner._received_handler	Received 51:1D:F6:80:57:8F: LE_WH-1000XM5.
2024-06-07 15:58:18,840	DEBUG	bleak.backends.winrt.scanner._received_handler	Received 51:1D:F6:80:57:8F: .
2024-06-07 15:58:18,846	DEBUG	bleak.backends.winrt.scanner._received_handler	Received 68:05:16:46:BF:24: .
2024-06-07 15:58:18,848	DEBUG	bleak.backends.winrt.scanner._received_handler	Received 68:05:16:46:BF:24: Ixana YR22 EVK.
2024-06-07 15:58:18,960	DEBUG	bleak.backends.winrt.scanner._received_handler	Received 68:03:04:31:9C:D5: .
2024-06-07 15:58:18,961	DEBUG	bleak.backends.winrt.scanner._received_handler	Received 68:03:04:31:9C:D5: Amdtp.
2024-06-07 15:58:18,965	DEBUG	bleak.backends.winrt.scanner._received_handler	Received 51:1D:F6:80:57:8F: .
2024-06-07 15:58:18,966	DEBUG	bleak.backends.winrt.scanner._received_handler	Received 51:1D:F6:80:57:8F: .
2024-06-07 15:58:18,970	DEBUG	bleak.backends.winrt.scanner._received_handler	Received 68:07:2E:5B:6F:67: .
2024-06-07 15:58:18,972	DEBUG	bleak.backends.winrt.scanner._received_handler	Received 68:07:2E:5B:6F:67: Amdtp.
2024-06-07 15:58:18,975	DEBUG	bleak.backends.winrt.scanner._received_handler	Received 68:08:FC:E1:F4:00: .
2024-06-07 15:58:18,977	DEBUG	bleak.backends.winrt.scanner._received_handler	Received 68:08:FC:E1:F4:00: Amdtp.
2024-06-07 15:58:18,980	DEBUG	bleak.backends.winrt.scanner._received_handler	Received 68:09:DD:FB:53:D2: .
2024-06-07 15:58:18,981	DEBUG	bleak.backends.winrt.scanner._received_handler	Received 68:09:DD:FB:53:D2: Amdtp.
2024-06-07 15:58:19,076	DEBUG	bleak.backends.winrt.scanner._received_handler	Received 68:08:FC:E1:F4:00: .
2024-06-07 15:58:19,077	DEBUG	bleak.backends.winrt.scanner._received_handler	Received 68:08:FC:E1:F4:00: Amdtp.
2024-06-07 15:58:19,085	DEBUG	bleak.backends.winrt.scanner._received_handler	Received 68:04:6D:CE:F3:BC: .
2024-06-07 15:58:19,087	DEBUG	bleak.backends.winrt.scanner._received_handler	Received 68:04:6D:CE:F3:BC: Ixana YR22 EVK.
2024-06-07 15:58:19,314	DEBUG	bleak.backends.winrt.scanner._received_handler	Received 24:3F:9D:60:37:2F: .
2024-06-07 15:58:19,315	DEBUG	bleak.backends.winrt.scanner._received_handler	Received 29:C3:C2:0E:BC:EC: .
2024-06-07 15:58:19,436	DEBUG	bleak.backends.winrt.scanner._received_handler	Received 51:1D:F6:80:57:8F: .
2024-06-07 15:58:19,438	DEBUG	bleak.backends.winrt.scanner._received_handler	Received 51:1D:F6:80:57:8F: .
2024-06-07 15:58:19,548	DEBUG	bleak.backends.winrt.scanner._received_handler	Received 7F:8F:FD:B7:0B:C0: .
2024-06-07 15:58:19,549	DEBUG	bleak.backends.winrt.scanner._received_handler	Received 7F:8F:FD:B7:0B:C0: .
2024-06-07 15:58:19,552	DEBUG	bleak.backends.winrt.scanner._received_handler	Received 68:03:71:74:E0:2A: .
2024-06-07 15:58:19,553	DEBUG	bleak.backends.winrt.scanner._received_handler	Received 68:03:71:74:E0:2A: Amdtp.
2024-06-07 15:58:19,563	DEBUG	bleak.backends.winrt.scanner._received_handler	Received 68:02:15:5A:DB:AC: .
2024-06-07 15:58:19,564	DEBUG	bleak.backends.winrt.scanner._received_handler	Received 68:02:15:5A:DB:AC: Amdtp.
2024-06-07 15:58:19,666	DEBUG	bleak.backends.winrt.scanner._received_handler	Received 68:02:15:5A:DB:AC: .
2024-06-07 15:58:19,667	DEBUG	bleak.backends.winrt.scanner._received_handler	Received 68:02:15:5A:DB:AC: Amdtp.
2024-06-07 15:58:19,671	DEBUG	bleak.backends.winrt.scanner._received_handler	Received 51:1D:F6:80:57:8F: LE_WH-1000XM5.
2024-06-07 15:58:19,676	DEBUG	bleak.backends.winrt.scanner._received_handler	Received 68:03:04:31:9C:D5: .
2024-06-07 15:58:19,678	DEBUG	bleak.backends.winrt.scanner._received_handler	Received 68:03:04:31:9C:D5: Amdtp.
2024-06-07 15:58:19,790	DEBUG	bleak.backends.winrt.scanner._received_handler	Received 68:05:16:46:BF:24: .
2024-06-07 15:58:19,791	DEBUG	bleak.backends.winrt.scanner._received_handler	Received 68:05:16:46:BF:24: Ixana YR22 EVK.
2024-06-07 15:58:19,798	DEBUG	bleak.backends.winrt.scanner._received_handler	Received 0F:94:2F:10:8E:00: .
2024-06-07 15:58:19,905	DEBUG	bleak.backends.winrt.scanner._received_handler	Received 0F:94:2F:10:8E:00: .
2024-06-07 15:58:19,908	DEBUG	bleak.backends.winrt.scanner._received_handler	Received 03:5F:3D:A9:83:6E: .
2024-06-07 15:58:19,910	DEBUG	bleak.backends.winrt.scanner._received_handler	Received 51:1D:F6:80:57:8F: .
2024-06-07 15:58:19,911	DEBUG	bleak.backends.winrt.scanner._received_handler	Received 51:1D:F6:80:57:8F: LE_WH-1000XM5.
2024-06-07 15:58:20,036	DEBUG	bleak.backends.winrt.scanner._received_handler	Received 68:08:FC:E1:F4:00: .
2024-06-07 15:58:20,037	DEBUG	bleak.backends.winrt.scanner._received_handler	Received 68:08:FC:E1:F4:00: Amdtp.
2024-06-07 15:58:20,139	DEBUG	bleak.backends.winrt.scanner._received_handler	Received 68:09:DD:FB:53:D2: .
2024-06-07 15:58:20,140	DEBUG	bleak.backends.winrt.scanner._received_handler	Received 68:09:DD:FB:53:D2: Amdtp.
2024-06-07 15:58:20,146	DEBUG	bleak.backends.winrt.scanner._received_handler	Received 68:07:2E:5B:6F:67: .
2024-06-07 15:58:20,147	DEBUG	bleak.backends.winrt.scanner._received_handler	Received 68:07:2E:5B:6F:67: Amdtp.
2024-06-07 15:58:20,152	DEBUG	bleak.backends.winrt.scanner._received_handler	Received 06:DC:7F:AD:AF:27: .
2024-06-07 15:58:20,154	DEBUG	bleak.backends.winrt.scanner._received_handler	Received 0C:0D:83:48:9B:3F: .
2024-06-07 15:58:20,158	DEBUG	bleak.backends.winrt.scanner._received_handler	Received 29:C3:C2:0E:BC:EC: .
2024-06-07 15:58:20,255	DEBUG	bleak.backends.winrt.scanner._received_handler	Received 68:07:2E:5B:6F:67: Amdtp.
2024-06-07 15:58:20,261	DEBUG	bleak.backends.winrt.scanner._received_handler	Received 29:C3:C2:0E:BC:EC: .
2024-06-07 15:58:20,268	DEBUG	bleak.backends.winrt.scanner._received_handler	Received 21:68:65:03:33:A1: .
2024-06-07 15:58:20,381	DEBUG	bleak.backends.winrt.scanner._received_handler	Received 0A:20:12:34:D3:A4: .
2024-06-07 15:58:20,384	DEBUG	bleak.backends.winrt.scanner._received_handler	Received 0A:20:12:34:D3:A4: .
2024-06-07 15:58:20,386	DEBUG	bleak.backends.winrt.scanner._received_handler	Received 68:03:04:31:9C:D5: Amdtp.
2024-06-07 15:58:20,390	DEBUG	bleak.backends.winrt.scanner._received_handler	Received 68:03:71:74:E0:2A: .
2024-06-07 15:58:20,392	DEBUG	bleak.backends.winrt.scanner._received_handler	Received 68:03:71:74:E0:2A: Amdtp.
2024-06-07 15:58:20,500	DEBUG	bleak.backends.winrt.scanner._received_handler	Received 68:03:71:74:E0:2A: .
2024-06-07 15:58:20,501	DEBUG	bleak.backends.winrt.scanner._received_handler	Received 68:03:71:74:E0:2A: Amdtp.
2024-06-07 15:58:20,506	DEBUG	bleak.backends.winrt.scanner._received_handler	Received 51:1D:F6:80:57:8F: .
2024-06-07 15:58:20,616	DEBUG	bleak.backends.winrt.scanner._received_handler	Received 68:02:15:5A:DB:AC: .
2024-06-07 15:58:20,617	DEBUG	bleak.backends.winrt.scanner._received_handler	Received 68:02:15:5A:DB:AC: Amdtp.
2024-06-07 15:58:20,620	DEBUG	bleak.backends.winrt.scanner._received_handler	Received FA:0D:AC:D7:F5:8E: .
2024-06-07 15:58:20,732	DEBUG	bleak.backends.winrt.scanner._received_handler	Received 68:05:16:46:BF:24: .
2024-06-07 15:58:20,734	DEBUG	bleak.backends.winrt.scanner._received_handler	Received 68:05:16:46:BF:24: Ixana YR22 EVK.
2024-06-07 15:58:20,860	DEBUG	bleak.backends.winrt.scanner._received_handler	Received 68:09:DD:FB:53:D2: .
2024-06-07 15:58:20,861	DEBUG	bleak.backends.winrt.scanner._received_handler	Received 68:09:DD:FB:53:D2: Amdtp.
2024-06-07 15:58:20,966	DEBUG	bleak.backends.winrt.scanner._received_handler	Received 51:1D:F6:80:57:8F: .
2024-06-07 15:58:20,969	DEBUG	bleak.backends.winrt.scanner._received_handler	Received 51:1D:F6:80:57:8F: .
2024-06-07 15:58:21,091	DEBUG	bleak.backends.winrt.scanner._received_handler	Received 0C:0D:83:48:9B:3F: .
2024-06-07 15:58:21,094	DEBUG	bleak.backends.winrt.scanner._received_handler	Received 68:08:FC:E1:F4:00: .
2024-06-07 15:58:21,096	DEBUG	bleak.backends.winrt.scanner._received_handler	Received 68:08:FC:E1:F4:00: Amdtp.
2024-06-07 15:58:21,100	DEBUG	bleak.backends.winrt.scanner._received_handler	Received 68:07:2E:5B:6F:67: .
2024-06-07 15:58:21,102	DEBUG	bleak.backends.winrt.scanner._received_handler	Received 2A:86:81:3E:32:CC: .
2024-06-07 15:58:21,104	DEBUG	bleak.backends.winrt.scanner._received_handler	Received 2A:86:81:3E:32:CC: .
2024-06-07 15:58:21,207	DEBUG	bleak.backends.winrt.scanner._received_handler	Received 29:C3:C2:0E:BC:EC: .
2024-06-07 15:58:21,214	DEBUG	bleak.backends.winrt.scanner._received_handler	Received 68:03:04:31:9C:D5: .
2024-06-07 15:58:21,216	DEBUG	bleak.backends.winrt.scanner._received_handler	Received 68:03:04:31:9C:D5: Amdtp.
2024-06-07 15:58:21,323	DEBUG	bleak.backends.winrt.scanner._received_handler	Received 68:03:04:31:9C:D5: .
2024-06-07 15:58:21,326	DEBUG	bleak.backends.winrt.scanner._received_handler	Received 21:68:65:03:33:A1: .
2024-06-07 15:58:21,332	DEBUG	bleak.backends.winrt.scanner._received_handler	Received 68:03:71:74:E0:2A: .
2024-06-07 15:58:21,334	DEBUG	bleak.backends.winrt.scanner._received_handler	Received 68:03:71:74:E0:2A: Amdtp.
2024-06-07 15:58:21,438	DEBUG	bleak.backends.winrt.scanner._received_handler	Received 68:03:71:74:E0:2A: .
2024-06-07 15:58:21,439	DEBUG	bleak.backends.winrt.scanner._received_handler	Received 68:03:71:74:E0:2A: Amdtp.
2024-06-07 15:58:21,447	DEBUG	bleak.backends.winrt.scanner._received_handler	Received 51:1D:F6:80:57:8F: LE_WH-1000XM5.
2024-06-07 15:58:21,448	DEBUG	bleak.backends.winrt.scanner._received_handler	Received 51:1D:F6:80:57:8F: .
2024-06-07 15:58:21,564	DEBUG	bleak.backends.winrt.scanner._received_handler	Received 68:05:16:46:BF:24: .
2024-06-07 15:58:21,565	DEBUG	bleak.backends.winrt.scanner._received_handler	Received 68:05:16:46:BF:24: Ixana YR22 EVK.
2024-06-07 15:58:21,568	DEBUG	bleak.backends.winrt.scanner._received_handler	Received 68:02:15:5A:DB:AC: .
2024-06-07 15:58:21,569	DEBUG	bleak.backends.winrt.scanner._received_handler	Received 68:02:15:5A:DB:AC: Amdtp.
2024-06-07 15:58:21,573	DEBUG	bleak.backends.winrt.scanner._received_handler	Received 51:1D:F6:80:57:8F: .
2024-06-07 15:58:21,575	DEBUG	bleak.backends.winrt.scanner._received_handler	Received 51:1D:F6:80:57:8F: .
2024-06-07 15:58:21,802	DEBUG	bleak.backends.winrt.scanner._received_handler	Received 0A:20:12:34:D3:A4: .
2024-06-07 15:58:21,808	DEBUG	bleak.backends.winrt.scanner._received_handler	Received 4D:DC:F1:E8:72:65: .
2024-06-07 15:58:21,809	DEBUG	bleak.backends.winrt.scanner._received_handler	Received 4D:DC:F1:E8:72:65: .
2024-06-07 15:58:21,926	DEBUG	bleak.backends.winrt.scanner._received_handler	Received 68:04:6D:CE:F3:BC: .
2024-06-07 15:58:22,032	DEBUG	bleak.backends.winrt.scanner._received_handler	Received 68:04:6D:CE:F3:BC: .
2024-06-07 15:58:22,034	DEBUG	bleak.backends.winrt.scanner._received_handler	Received 68:04:6D:CE:F3:BC: Ixana YR22 EVK.
2024-06-07 15:58:22,042	DEBUG	bleak.backends.winrt.scanner._received_handler	Received 68:08:FC:E1:F4:00: .
2024-06-07 15:58:22,043	DEBUG	bleak.backends.winrt.scanner._received_handler	Received 68:08:FC:E1:F4:00: Amdtp.
2024-06-07 15:58:22,146	DEBUG	bleak.backends.winrt.scanner._received_handler	Received 68:08:FC:E1:F4:00: .
2024-06-07 15:58:22,148	DEBUG	bleak.backends.winrt.scanner._received_handler	Received 68:08:FC:E1:F4:00: Amdtp.
2024-06-07 15:58:22,152	DEBUG	bleak.backends.winrt.scanner._received_handler	Received 68:07:2E:5B:6F:67: .
2024-06-07 15:58:22,153	DEBUG	bleak.backends.winrt.scanner._received_handler	Received 68:03:04:31:9C:D5: .
2024-06-07 15:58:22,156	DEBUG	bleak.backends.winrt.scanner._received_handler	Received 68:03:04:31:9C:D5: Amdtp.
2024-06-07 15:58:22,273	DEBUG	bleak.backends.winrt.scanner._received_handler	Received 21:68:65:03:33:A1: .
2024-06-07 15:58:22,387	DEBUG	bleak.backends.winrt.scanner._received_handler	Received 68:05:16:46:BF:24: .
2024-06-07 15:58:22,389	DEBUG	bleak.backends.winrt.scanner._received_handler	Received 68:05:16:46:BF:24: Ixana YR22 EVK.
2024-06-07 15:58:22,396	DEBUG	bleak.backends.winrt.scanner._received_handler	Received 68:03:71:74:E0:2A: .
2024-06-07 15:58:22,398	DEBUG	bleak.backends.winrt.scanner._received_handler	Received 68:03:71:74:E0:2A: Amdtp.
2024-06-07 15:58:22,400	DEBUG	bleak.backends.winrt.scanner._received_handler	Received 51:1D:F6:80:57:8F: LE_WH-1000XM5.
2024-06-07 15:58:22,401	DEBUG	bleak.backends.winrt.scanner._received_handler	Received 51:1D:F6:80:57:8F: .
2024-06-07 15:58:22,744	DEBUG	bleak.backends.winrt.scanner._received_handler	Received 68:09:DD:FB:53:D2: .
2024-06-07 15:58:22,745	DEBUG	bleak.backends.winrt.scanner._received_handler	Received 68:09:DD:FB:53:D2: Amdtp.
2024-06-07 15:58:22,752	DEBUG	bleak.backends.winrt.scanner._received_handler	Received 06:DC:7F:AD:AF:27: .
2024-06-07 15:58:22,868	DEBUG	bleak.backends.winrt.scanner._received_handler	Received 29:C3:C2:0E:BC:EC: .
2024-06-07 15:58:22,870	DEBUG	bleak.backends.winrt.scanner._stopped_handler	25 devices found. Watcher status: <BluetoothLEAdvertisementWatcherStatus.STOPPED: 3>.
