2024-06-10 12:52:08,563	TRACE	evk.IxanaEVK.__init__	CALL *('68:05:16:46:BF:24',) **{}
2024-06-10 12:52:08,565	DEBUG	asyncio.__init__	Using proactor: IocpProactor
2024-06-10 12:52:08,813	DEBUG	bleak.backends.winrt.scanner._received_handler	Received 15:B0:DB:5A:61:DC: .
2024-06-10 12:52:08,832	DEBUG	bleak.backends.winrt.scanner._received_handler	Received 68:08:FC:E1:F4:00: .
2024-06-10 12:52:08,833	DEBUG	bleak.backends.winrt.scanner._received_handler	Received 68:08:FC:E1:F4:00: Amdtp.
2024-06-10 12:52:08,835	DEBUG	bleak.backends.winrt.scanner._received_handler	Received 68:07:2E:5B:6F:67: .
2024-06-10 12:52:08,835	DEBUG	bleak.backends.winrt.scanner._received_handler	Received 68:07:2E:5B:6F:67: Amdtp.
2024-06-10 12:52:08,922	DEBUG	bleak.backends.winrt.scanner._received_handler	Received 68:07:2E:5B:6F:67: .
2024-06-10 12:52:08,925	DEBUG	bleak.backends.winrt.scanner._received_handler	Received 68:07:2E:5B:6F:67: Amdtp.
2024-06-10 12:52:09,039	DEBUG	bleak.backends.winrt.scanner._received_handler	Received 06:24:7D:47:A7:63: .
2024-06-10 12:52:09,277	DEBUG	bleak.backends.winrt.scanner._received_handler	Received 38:01:95:99:1C:66: .
2024-06-10 12:52:09,279	DEBUG	bleak.backends.winrt.scanner._received_handler	Received 35:EC:C9:27:4B:10: .
2024-06-10 12:52:09,284	DEBUG	bleak.backends.winrt.scanner._received_handler	Received 0E:69:0A:C5:6A:CB: .
2024-06-10 12:52:09,394	DEBUG	bleak.backends.winrt.scanner._received_handler	Received 0E:69:0A:C5:6A:CB: .
2024-06-10 12:52:09,399	DEBUG	bleak.backends.winrt.scanner._received_handler	Received 40:94:FE:DB:1A:A4: .
2024-06-10 12:52:09,516	DEBUG	bleak.backends.winrt.scanner._received_handler	Received 5D:87:DF:22:4A:16: LE_WH-1000XM5.
2024-06-10 12:52:09,643	DEBUG	bleak.backends.winrt.scanner._received_handler	Received 10:66:A4:AB:BF:CE: .
2024-06-10 12:52:09,748	DEBUG	bleak.backends.winrt.scanner._received_handler	Received 5D:87:DF:22:4A:16: .
2024-06-10 12:52:09,752	DEBUG	bleak.backends.winrt.scanner._received_handler	Received 5D:87:DF:22:4A:16: .
2024-06-10 12:52:09,759	DEBUG	bleak.backends.winrt.scanner._received_handler	Received 68:08:FC:E1:F4:00: .
2024-06-10 12:52:09,762	DEBUG	bleak.backends.winrt.scanner._received_handler	Received F8:77:B8:FF:80:9D: .
2024-06-10 12:52:09,765	DEBUG	bleak.backends.winrt.scanner._received_handler	Received 15:B0:DB:5A:61:DC: .
2024-06-10 12:52:09,873	DEBUG	bleak.backends.winrt.scanner._received_handler	Received 68:07:2E:5B:6F:67: .
2024-06-10 12:52:09,876	DEBUG	bleak.backends.winrt.scanner._received_handler	Received 68:07:2E:5B:6F:67: Amdtp.
2024-06-10 12:52:09,880	DEBUG	bleak.backends.winrt.scanner._received_handler	Received 38:01:95:99:1C:66: .
2024-06-10 12:52:10,108	DEBUG	bleak.backends.winrt.scanner._received_handler	Received 06:24:7D:47:A7:63: .
2024-06-10 12:52:10,112	DEBUG	bleak.backends.winrt.scanner._received_handler	Received 0E:69:0A:C5:6A:CB: .
2024-06-10 12:52:10,115	DEBUG	bleak.backends.winrt.scanner._received_handler	Received F8:63:6E:1B:CD:A6: .
2024-06-10 12:52:10,218	DEBUG	bleak.backends.winrt.scanner._received_handler	Received 06:24:7D:47:A7:63: .
2024-06-10 12:52:10,229	DEBUG	bleak.backends.winrt.scanner._received_handler	Received 68:03:71:74:E0:2A: .
2024-06-10 12:52:10,234	DEBUG	bleak.backends.winrt.scanner._received_handler	Received 68:03:71:74:E0:2A: Amdtp.
2024-06-10 12:52:10,238	DEBUG	bleak.backends.winrt.scanner._received_handler	Received 73:27:1C:F2:E8:9F: .
2024-06-10 12:52:10,578	DEBUG	bleak.backends.winrt.scanner._received_handler	Received 03:6F:22:64:AF:39: .
2024-06-10 12:52:10,582	DEBUG	bleak.backends.winrt.scanner._received_handler	Received 0F:DB:CE:88:A5:82: .
2024-06-10 12:52:10,589	DEBUG	bleak.backends.winrt.scanner._received_handler	Received 68:08:FC:E1:F4:00: .
2024-06-10 12:52:10,594	DEBUG	bleak.backends.winrt.scanner._received_handler	Received 68:08:FC:E1:F4:00: Amdtp.
2024-06-10 12:52:10,601	DEBUG	bleak.backends.winrt.scanner._received_handler	Received 68:02:15:5A:DB:AC: .
2024-06-10 12:52:10,605	DEBUG	bleak.backends.winrt.scanner._received_handler	Received 68:02:15:5A:DB:AC: Amdtp.
2024-06-10 12:52:10,609	DEBUG	bleak.backends.winrt.scanner._received_handler	Received 15:B0:DB:5A:61:DC: .
2024-06-10 12:52:10,695	DEBUG	bleak.backends.winrt.scanner._received_handler	Received 15:B0:DB:5A:61:DC: .
2024-06-10 12:52:10,698	DEBUG	bleak.backends.winrt.scanner._received_handler	Received 35:EC:C9:27:4B:10: .
2024-06-10 12:52:10,708	DEBUG	bleak.backends.winrt.scanner._received_handler	Received 68:07:2E:5B:6F:67: .
2024-06-10 12:52:10,814	DEBUG	bleak.backends.winrt.scanner._received_handler	Received 68:07:2E:5B:6F:67: .
2024-06-10 12:52:10,816	DEBUG	bleak.backends.winrt.scanner._received_handler	Received 68:07:2E:5B:6F:67: Amdtp.
2024-06-10 12:52:10,821	DEBUG	bleak.backends.winrt.scanner._received_handler	Received F8:77:B8:FF:80:9D: .
2024-06-10 12:52:10,939	DEBUG	bleak.backends.winrt.scanner._received_handler	Received 38:01:95:99:1C:66: .
2024-06-10 12:52:11,173	DEBUG	bleak.backends.winrt.scanner._received_handler	Received 06:24:7D:47:A7:63: .
2024-06-10 12:52:11,178	DEBUG	bleak.backends.winrt.scanner._received_handler	Received 68:03:71:74:E0:2A: .
2024-06-10 12:52:11,183	DEBUG	bleak.backends.winrt.scanner._received_handler	Received 68:03:71:74:E0:2A: Amdtp.
2024-06-10 12:52:11,295	DEBUG	bleak.backends.winrt.scanner._received_handler	Received 5D:87:DF:22:4A:16: LE_WH-1000XM5.
2024-06-10 12:52:11,298	DEBUG	bleak.backends.winrt.scanner._received_handler	Received 5D:87:DF:22:4A:16: .
2024-06-10 12:52:11,415	DEBUG	bleak.backends.winrt.scanner._received_handler	Received 0F:DB:CE:88:A5:82: .
2024-06-10 12:52:11,533	DEBUG	bleak.backends.winrt.scanner._received_handler	Received 68:07:2E:5B:6F:67: .
2024-06-10 12:52:11,537	DEBUG	bleak.backends.winrt.scanner._received_handler	Received 68:07:2E:5B:6F:67: Amdtp.
2024-06-10 12:52:11,643	DEBUG	bleak.backends.winrt.scanner._received_handler	Received 68:07:2E:5B:6F:67: .
2024-06-10 12:52:11,647	DEBUG	bleak.backends.winrt.scanner._received_handler	Received 68:07:2E:5B:6F:67: Amdtp.
2024-06-10 12:52:11,651	DEBUG	bleak.backends.winrt.scanner._received_handler	Received 68:08:FC:E1:F4:00: .
2024-06-10 12:52:11,655	DEBUG	bleak.backends.winrt.scanner._received_handler	Received 68:08:FC:E1:F4:00: Amdtp.
2024-06-10 12:52:11,754	DEBUG	bleak.backends.winrt.scanner._received_handler	Received 5D:87:DF:22:4A:16: .
2024-06-10 12:52:11,764	DEBUG	bleak.backends.winrt.scanner._received_handler	Received C4:94:1F:5F:BC:F6: .
2024-06-10 12:52:11,767	DEBUG	bleak.backends.winrt.scanner._received_handler	Received C4:94:1F:5F:BC:F6: Galaxy Buds2 Pro LE.
2024-06-10 12:52:11,881	DEBUG	bleak.backends.winrt.scanner._received_handler	Received F8:77:B8:FF:80:9D: .
2024-06-10 12:52:11,885	DEBUG	bleak.backends.winrt.scanner._received_handler	Received 4C:4D:BA:E1:31:C4: .
2024-06-10 12:52:11,994	DEBUG	bleak.backends.winrt.scanner._received_handler	Received 0E:69:0A:C5:6A:CB: .
2024-06-10 12:52:12,114	DEBUG	bleak.backends.winrt.scanner._received_handler	Received 06:24:7D:47:A7:63: .
2024-06-10 12:52:12,118	DEBUG	bleak.backends.winrt.scanner._received_handler	Received F8:63:6E:1B:CD:A6: .
2024-06-10 12:52:12,232	DEBUG	bleak.backends.winrt.scanner._received_handler	Received 68:03:71:74:E0:2A: .
2024-06-10 12:52:12,237	DEBUG	bleak.backends.winrt.scanner._received_handler	Received 68:03:71:74:E0:2A: Amdtp.
2024-06-10 12:52:12,243	DEBUG	bleak.backends.winrt.scanner._received_handler	Received 5D:87:DF:22:4A:16: LE_WH-1000XM5.
2024-06-10 12:52:12,246	DEBUG	bleak.backends.winrt.scanner._received_handler	Received 5D:87:DF:22:4A:16: .
2024-06-10 12:52:12,250	DEBUG	bleak.backends.winrt.scanner._received_handler	Received 73:27:1C:F2:E8:9F: .
2024-06-10 12:52:12,347	DEBUG	bleak.backends.winrt.scanner._received_handler	Received 5D:87:DF:22:4A:16: LE_WH-1000XM5.
2024-06-10 12:52:12,349	DEBUG	bleak.backends.winrt.scanner._received_handler	Received 5D:87:DF:22:4A:16: .
2024-06-10 12:52:12,463	DEBUG	bleak.backends.winrt.scanner._received_handler	Received 15:B0:DB:5A:61:DC: .
2024-06-10 12:52:12,467	DEBUG	bleak.backends.winrt.scanner._received_handler	Received 03:6F:22:64:AF:39: .
2024-06-10 12:52:12,477	DEBUG	bleak.backends.winrt.scanner._received_handler	Received 68:07:2E:5B:6F:67: .
2024-06-10 12:52:12,481	DEBUG	bleak.backends.winrt.scanner._received_handler	Received 68:07:2E:5B:6F:67: Amdtp.
2024-06-10 12:52:12,587	DEBUG	bleak.backends.winrt.scanner._received_handler	Received 68:07:2E:5B:6F:67: .
2024-06-10 12:52:12,592	DEBUG	bleak.backends.winrt.scanner._received_handler	Received 68:07:2E:5B:6F:67: Amdtp.
2024-06-10 12:52:12,708	DEBUG	bleak.backends.winrt.scanner._received_handler	Received 47:2E:C0:D0:4D:A0: .
2024-06-10 12:52:12,720	DEBUG	bleak.backends.winrt.scanner._received_handler	Received C4:94:1F:5F:BC:F6: .
2024-06-10 12:52:12,725	DEBUG	bleak.backends.winrt.scanner._received_handler	Received C4:94:1F:5F:BC:F6: Galaxy Buds2 Pro LE.
2024-06-10 12:52:12,733	DEBUG	bleak.backends.winrt.scanner._received_handler	Received 68:08:FC:E1:F4:00: .
2024-06-10 12:52:12,736	DEBUG	bleak.backends.winrt.scanner._received_handler	Received 68:08:FC:E1:F4:00: Amdtp.
2024-06-10 12:52:12,936	DEBUG	bleak.backends.winrt.scanner._received_handler	Received F8:77:B8:FF:80:9D: .
2024-06-10 12:52:12,948	DEBUG	bleak.backends.winrt.scanner._received_handler	Received 06:24:7D:47:A7:63: .
2024-06-10 12:52:13,054	DEBUG	bleak.backends.winrt.scanner._received_handler	Received 06:24:7D:47:A7:63: .
2024-06-10 12:52:13,070	DEBUG	bleak.backends.winrt.scanner._received_handler	Received 38:01:95:99:1C:66: .
2024-06-10 12:52:13,294	DEBUG	bleak.backends.winrt.scanner._received_handler	Received 5D:87:DF:22:4A:16: .
2024-06-10 12:52:13,301	DEBUG	bleak.backends.winrt.scanner._received_handler	Received 5D:87:DF:22:4A:16: .
2024-06-10 12:52:13,306	DEBUG	bleak.backends.winrt.scanner._received_handler	Received 5D:87:DF:22:4A:16: LE_WH-1000XM5.
2024-06-10 12:52:13,309	DEBUG	bleak.backends.winrt.scanner._received_handler	Received 5D:87:DF:22:4A:16: .
2024-06-10 12:52:13,314	DEBUG	bleak.backends.winrt.scanner._received_handler	Received 68:03:71:74:E0:2A: .
2024-06-10 12:52:13,317	DEBUG	bleak.backends.winrt.scanner._received_handler	Received 68:03:71:74:E0:2A: Amdtp.
2024-06-10 12:52:13,320	DEBUG	bleak.backends.winrt.scanner._received_handler	Received 0F:DB:CE:88:A5:82: .
2024-06-10 12:52:13,324	DEBUG	bleak.backends.winrt.scanner._received_handler	Received 03:6F:22:64:AF:39: .
2024-06-10 12:52:13,328	DEBUG	bleak.backends.winrt.scanner._received_handler	Received 5C:99:44:DE:E1:E8: .
2024-06-10 12:52:13,332	DEBUG	bleak.backends.winrt.scanner._received_handler	Received 68:02:15:5A:DB:AC: .
2024-06-10 12:52:13,415	DEBUG	bleak.backends.winrt.scanner._received_handler	Received 68:02:15:5A:DB:AC: .
2024-06-10 12:52:13,418	DEBUG	bleak.backends.winrt.scanner._received_handler	Received 68:02:15:5A:DB:AC: Amdtp.
2024-06-10 12:52:13,423	DEBUG	bleak.backends.winrt.scanner._received_handler	Received 15:B0:DB:5A:61:DC: .
2024-06-10 12:52:13,429	DEBUG	bleak.backends.winrt.scanner._received_handler	Received 68:07:2E:5B:6F:67: .
2024-06-10 12:52:13,433	DEBUG	bleak.backends.winrt.scanner._received_handler	Received 68:07:2E:5B:6F:67: Amdtp.
2024-06-10 12:52:13,541	DEBUG	bleak.backends.winrt.scanner._received_handler	Received F8:77:B8:FF:80:9D: .
2024-06-10 12:52:13,648	DEBUG	bleak.backends.winrt.scanner._received_handler	Received C4:94:1F:5F:BC:F6: .
2024-06-10 12:52:13,652	DEBUG	bleak.backends.winrt.scanner._received_handler	Received C4:94:1F:5F:BC:F6: Galaxy Buds2 Pro LE.
2024-06-10 12:52:13,658	DEBUG	bleak.backends.winrt.scanner._received_handler	Received 10:66:A4:AB:BF:CE: .
2024-06-10 12:52:13,662	DEBUG	bleak.backends.winrt.scanner._received_handler	Received 10:66:A4:AB:BF:CE: .
2024-06-10 12:52:13,669	DEBUG	bleak.backends.winrt.scanner._received_handler	Received 68:08:FC:E1:F4:00: .
2024-06-10 12:52:13,998	DEBUG	bleak.backends.winrt.scanner._received_handler	Received F8:77:B8:FF:80:9D: .
2024-06-10 12:52:14,004	DEBUG	bleak.backends.winrt.scanner._received_handler	Received 60:52:98:47:91:F1: .
2024-06-10 12:52:14,006	DEBUG	bleak.backends.winrt.scanner._received_handler	Received 60:52:98:47:91:F1: .
2024-06-10 12:52:14,131	DEBUG	bleak.backends.winrt.scanner._received_handler	Received 68:03:71:74:E0:2A: .
2024-06-10 12:52:14,136	DEBUG	bleak.backends.winrt.scanner._received_handler	Received 68:03:71:74:E0:2A: Amdtp.
2024-06-10 12:52:14,241	DEBUG	bleak.backends.winrt.scanner._received_handler	Received 03:6F:22:64:AF:39: .
2024-06-10 12:52:14,357	DEBUG	bleak.backends.winrt.scanner._received_handler	Received 68:02:15:5A:DB:AC: .
2024-06-10 12:52:14,364	DEBUG	bleak.backends.winrt.scanner._received_handler	Received 6D:FE:E6:82:51:6A: .
2024-06-10 12:52:14,368	DEBUG	bleak.backends.winrt.scanner._received_handler	Received 6D:FE:E6:82:51:6A: .
2024-06-10 12:52:14,481	DEBUG	bleak.backends.winrt.scanner._received_handler	Received 05:05:48:56:CC:6B: .
2024-06-10 12:52:14,598	DEBUG	bleak.backends.winrt.scanner._received_handler	Received 75:1E:74:06:FB:75: .
2024-06-10 12:52:14,603	DEBUG	bleak.backends.winrt.scanner._received_handler	Received 68:07:2E:5B:6F:67: .
2024-06-10 12:52:14,607	DEBUG	bleak.backends.winrt.scanner._received_handler	Received 68:07:2E:5B:6F:67: Amdtp.
2024-06-10 12:52:14,711	DEBUG	bleak.backends.winrt.scanner._received_handler	Received 47:2E:C0:D0:4D:A0: .
2024-06-10 12:52:14,829	DEBUG	bleak.backends.winrt.scanner._received_handler	Received 3F:2F:C1:04:F8:8A: .
2024-06-10 12:52:14,835	DEBUG	bleak.backends.winrt.scanner._received_handler	Received 19:23:8E:1A:D4:20: .
2024-06-10 12:52:14,954	DEBUG	bleak.backends.winrt.scanner._received_handler	Received 5D:87:DF:22:4A:16: .
2024-06-10 12:52:15,066	DEBUG	bleak.backends.winrt.scanner._received_handler	Received F8:77:B8:FF:80:9D: .
2024-06-10 12:52:15,071	DEBUG	bleak.backends.winrt.scanner._received_handler	Received 1F:2E:94:D2:CE:7B: .
2024-06-10 12:52:15,182	DEBUG	bleak.backends.winrt.scanner._received_handler	Received 29:50:E2:47:E8:7E: .
2024-06-10 12:52:15,188	DEBUG	bleak.backends.winrt.scanner._received_handler	Received 0F:DB:CE:88:A5:82: .
2024-06-10 12:52:15,195	DEBUG	bleak.backends.winrt.scanner._received_handler	Received 6D:FE:E6:82:51:6A: .
2024-06-10 12:52:15,199	DEBUG	bleak.backends.winrt.scanner._received_handler	Received 6D:FE:E6:82:51:6A: .
2024-06-10 12:52:15,203	DEBUG	bleak.backends.winrt.scanner._received_handler	Received 5D:87:DF:22:4A:16: LE_WH-1000XM5.
2024-06-10 12:52:15,208	DEBUG	bleak.backends.winrt.scanner._received_handler	Received 5D:87:DF:22:4A:16: .
2024-06-10 12:52:15,297	DEBUG	bleak.backends.winrt.scanner._received_handler	Received 03:6F:22:64:AF:39: .
2024-06-10 12:52:15,308	DEBUG	bleak.backends.winrt.scanner._received_handler	Received 68:03:71:74:E0:2A: .
2024-06-10 12:52:15,311	DEBUG	bleak.backends.winrt.scanner._received_handler	Received 68:03:71:74:E0:2A: Amdtp.
2024-06-10 12:52:15,316	DEBUG	bleak.backends.winrt.scanner._received_handler	Received 5D:87:DF:22:4A:16: LE_WH-1000XM5.
2024-06-10 12:52:15,318	DEBUG	bleak.backends.winrt.scanner._received_handler	Received 5D:87:DF:22:4A:16: .
2024-06-10 12:52:15,322	DEBUG	bleak.backends.winrt.scanner._received_handler	Received 5C:99:44:DE:E1:E8: .
2024-06-10 12:52:15,325	DEBUG	bleak.backends.winrt.scanner._received_handler	Received 15:B0:DB:5A:61:DC: .
2024-06-10 12:52:15,422	DEBUG	bleak.backends.winrt.scanner._received_handler	Received 68:07:2E:5B:6F:67: .
2024-06-10 12:52:15,427	DEBUG	bleak.backends.winrt.scanner._received_handler	Received 68:07:2E:5B:6F:67: Amdtp.
2024-06-10 12:52:15,432	DEBUG	bleak.backends.winrt.scanner._received_handler	Received 68:08:FC:E1:F4:00: .
2024-06-10 12:52:15,435	DEBUG	bleak.backends.winrt.scanner._received_handler	Received 68:08:FC:E1:F4:00: Amdtp.
2024-06-10 12:52:15,548	DEBUG	bleak.backends.winrt.scanner._received_handler	Received B0:B9:50:C2:82:94: .
2024-06-10 12:52:15,552	DEBUG	bleak.backends.winrt.scanner._received_handler	Received B0:B9:50:C2:82:94: S9d5425b563242d82C.
2024-06-10 12:52:15,775	DEBUG	bleak.backends.winrt.scanner._received_handler	Received 75:1E:74:06:FB:75: .
2024-06-10 12:52:15,781	DEBUG	bleak.backends.winrt.scanner._received_handler	Received 75:1E:74:06:FB:75: .
2024-06-10 12:52:15,784	DEBUG	bleak.backends.winrt.scanner._received_handler	Received 19:23:8E:1A:D4:20: .
2024-06-10 12:52:15,890	DEBUG	bleak.backends.winrt.scanner._received_handler	Received 40:94:FE:DB:1A:A4: .
2024-06-10 12:52:16,019	DEBUG	bleak.backends.winrt.scanner._received_handler	Received 06:24:7D:47:A7:63: .
2024-06-10 12:52:16,127	DEBUG	bleak.backends.winrt.scanner._received_handler	Received 0F:DB:CE:88:A5:82: .
2024-06-10 12:52:16,130	DEBUG	bleak.backends.winrt.scanner._received_handler	Received F8:63:6E:1B:CD:A6: .
2024-06-10 12:52:16,135	DEBUG	bleak.backends.winrt.scanner._received_handler	Received 5D:87:DF:22:4A:16: LE_WH-1000XM5.
2024-06-10 12:52:16,139	DEBUG	bleak.backends.winrt.scanner._received_handler	Received 5D:87:DF:22:4A:16: .
2024-06-10 12:52:16,144	DEBUG	bleak.backends.winrt.scanner._received_handler	Received 68:03:71:74:E0:2A: .
2024-06-10 12:52:16,148	DEBUG	bleak.backends.winrt.scanner._received_handler	Received 68:03:71:74:E0:2A: Amdtp.
2024-06-10 12:52:16,247	DEBUG	bleak.backends.winrt.scanner._received_handler	Received 73:27:1C:F2:E8:9F: .
2024-06-10 12:52:16,251	DEBUG	bleak.backends.winrt.scanner._received_handler	Received 38:01:95:99:1C:66: .
2024-06-10 12:52:16,370	DEBUG	bleak.backends.winrt.scanner._received_handler	Received 68:02:15:5A:DB:AC: .
2024-06-10 12:52:16,375	DEBUG	bleak.backends.winrt.scanner._received_handler	Received 68:02:15:5A:DB:AC: Amdtp.
2024-06-10 12:52:16,379	DEBUG	bleak.backends.winrt.scanner._received_handler	Received 5D:87:DF:22:4A:16: .
2024-06-10 12:52:16,382	DEBUG	bleak.backends.winrt.scanner._received_handler	Received 5D:87:DF:22:4A:16: .
2024-06-10 12:52:16,486	DEBUG	bleak.backends.winrt.scanner._received_handler	Received 68:08:FC:E1:F4:00: .
2024-06-10 12:52:16,489	DEBUG	bleak.backends.winrt.scanner._received_handler	Received 68:08:FC:E1:F4:00: Amdtp.
2024-06-10 12:52:16,495	DEBUG	bleak.backends.winrt.scanner._received_handler	Received 68:07:2E:5B:6F:67: .
2024-06-10 12:52:16,498	DEBUG	bleak.backends.winrt.scanner._received_handler	Received 68:07:2E:5B:6F:67: Amdtp.
2024-06-10 12:52:16,600	DEBUG	bleak.backends.winrt.scanner._received_handler	Received 68:07:2E:5B:6F:67: .
2024-06-10 12:52:16,605	DEBUG	bleak.backends.winrt.scanner._received_handler	Received 68:07:2E:5B:6F:67: Amdtp.
2024-06-10 12:52:16,720	DEBUG	bleak.backends.winrt.scanner._received_handler	Received 19:23:8E:1A:D4:20: .
2024-06-10 12:52:16,723	DEBUG	bleak.backends.winrt.scanner._received_handler	Received 35:EC:C9:27:4B:10: .
2024-06-10 12:52:16,850	DEBUG	bleak.backends.winrt.scanner._received_handler	Received 5D:87:DF:22:4A:16: .
2024-06-10 12:52:16,857	DEBUG	bleak.backends.winrt.scanner._received_handler	Received 5D:87:DF:22:4A:16: .
2024-06-10 12:52:16,959	DEBUG	bleak.backends.winrt.scanner._received_handler	Received 0F:DB:CE:88:A5:82: .
2024-06-10 12:52:16,964	DEBUG	bleak.backends.winrt.scanner._received_handler	Received 5D:87:DF:22:4A:16: LE_WH-1000XM5.
2024-06-10 12:52:16,967	DEBUG	bleak.backends.winrt.scanner._received_handler	Received 5D:87:DF:22:4A:16: .
2024-06-10 12:52:17,077	DEBUG	bleak.backends.winrt.scanner._received_handler	Received 60:52:98:47:91:F1: .
2024-06-10 12:52:17,080	DEBUG	bleak.backends.winrt.scanner._received_handler	Received 60:52:98:47:91:F1: .
2024-06-10 12:52:17,084	DEBUG	bleak.backends.winrt.scanner._received_handler	Received 06:24:7D:47:A7:63: .
2024-06-10 12:52:17,087	DEBUG	bleak.backends.winrt.scanner._received_handler	Received 10:66:A4:AB:BF:CE: .
2024-06-10 12:52:17,090	DEBUG	bleak.backends.winrt.scanner._received_handler	Received 10:66:A4:AB:BF:CE: .
2024-06-10 12:52:17,188	DEBUG	bleak.backends.winrt.scanner._received_handler	Received 06:24:7D:47:A7:63: .
2024-06-10 12:52:17,202	DEBUG	bleak.backends.winrt.scanner._received_handler	Received 68:03:71:74:E0:2A: .
2024-06-10 12:52:17,206	DEBUG	bleak.backends.winrt.scanner._received_handler	Received 68:03:71:74:E0:2A: Amdtp.
2024-06-10 12:52:17,212	DEBUG	bleak.backends.winrt.scanner._received_handler	Received 68:02:15:5A:DB:AC: .
2024-06-10 12:52:17,315	DEBUG	bleak.backends.winrt.scanner._received_handler	Received 5D:87:DF:22:4A:16: .
2024-06-10 12:52:17,319	DEBUG	bleak.backends.winrt.scanner._received_handler	Received 5D:87:DF:22:4A:16: .
2024-06-10 12:52:17,323	DEBUG	bleak.backends.winrt.scanner._received_handler	Received 68:02:15:5A:DB:AC: .
2024-06-10 12:52:17,326	DEBUG	bleak.backends.winrt.scanner._received_handler	Received 68:02:15:5A:DB:AC: Amdtp.
2024-06-10 12:52:17,329	DEBUG	bleak.backends.winrt.scanner._received_handler	Received 38:01:95:99:1C:66: .
2024-06-10 12:52:17,437	DEBUG	bleak.backends.winrt.scanner._received_handler	Received 68:07:2E:5B:6F:67: .
2024-06-10 12:52:17,439	DEBUG	bleak.backends.winrt.scanner._received_handler	Received 68:07:2E:5B:6F:67: Amdtp.
2024-06-10 12:52:17,790	DEBUG	bleak.backends.winrt.scanner._received_handler	Received 14:EF:22:6F:53:24: .
2024-06-10 12:52:17,797	DEBUG	bleak.backends.winrt.scanner._received_handler	Received 70:CC:28:D1:D6:E0: .
2024-06-10 12:52:17,800	DEBUG	bleak.backends.winrt.scanner._received_handler	Received 70:CC:28:D1:D6:E0: .
2024-06-10 12:52:17,900	DEBUG	bleak.backends.winrt.scanner._received_handler	Received 03:6F:22:64:AF:39: .
2024-06-10 12:52:17,906	DEBUG	bleak.backends.winrt.scanner._received_handler	Received 0F:DB:CE:88:A5:82: .
2024-06-10 12:52:17,910	DEBUG	bleak.backends.winrt.scanner._received_handler	Received 06:24:7D:47:A7:63: .
2024-06-10 12:52:17,915	DEBUG	bleak.backends.winrt.scanner._received_handler	Received 5D:87:DF:22:4A:16: LE_WH-1000XM5.
2024-06-10 12:52:17,917	DEBUG	bleak.backends.winrt.scanner._received_handler	Received 5D:87:DF:22:4A:16: .
2024-06-10 12:52:18,134	DEBUG	bleak.backends.winrt.scanner._received_handler	Received F8:63:6E:1B:CD:A6: .
2024-06-10 12:52:18,146	DEBUG	bleak.backends.winrt.scanner._received_handler	Received 68:02:15:5A:DB:AC: .
2024-06-10 12:52:18,149	DEBUG	bleak.backends.winrt.scanner._received_handler	Received 68:02:15:5A:DB:AC: Amdtp.
2024-06-10 12:52:18,152	DEBUG	bleak.backends.winrt.scanner._received_handler	Received 35:EC:C9:27:4B:10: .
2024-06-10 12:52:18,255	DEBUG	bleak.backends.winrt.scanner._received_handler	Received 5D:87:DF:22:4A:16: .
2024-06-10 12:52:18,264	DEBUG	bleak.backends.winrt.scanner._received_handler	Received 68:02:15:5A:DB:AC: .
2024-06-10 12:52:18,269	DEBUG	bleak.backends.winrt.scanner._received_handler	Received 15:B0:DB:5A:61:DC: .
2024-06-10 12:52:18,275	DEBUG	bleak.backends.winrt.scanner._received_handler	Received 68:08:FC:E1:F4:00: .
2024-06-10 12:52:18,280	DEBUG	bleak.backends.winrt.scanner._received_handler	Received 68:08:FC:E1:F4:00: Amdtp.
2024-06-10 12:52:18,286	DEBUG	bleak.backends.winrt.scanner._received_handler	Received 68:07:2E:5B:6F:67: .
2024-06-10 12:52:18,289	DEBUG	bleak.backends.winrt.scanner._received_handler	Received 68:07:2E:5B:6F:67: Amdtp.
2024-06-10 12:52:18,374	DEBUG	bleak.backends.winrt.scanner._received_handler	Received 68:08:FC:E1:F4:00: .
2024-06-10 12:52:18,377	DEBUG	bleak.backends.winrt.scanner._received_handler	Received 68:08:FC:E1:F4:00: Amdtp.
2024-06-10 12:52:18,384	DEBUG	bleak.backends.winrt.scanner._received_handler	Received 38:01:95:99:1C:66: .
2024-06-10 12:52:18,387	DEBUG	bleak.backends.winrt.scanner._received_handler	Received 19:23:8E:1A:D4:20: .
2024-06-10 12:52:18,494	DEBUG	bleak.backends.winrt.scanner._received_handler	Received 6D:FE:E6:82:51:6A: .
2024-06-10 12:52:18,497	DEBUG	bleak.backends.winrt.scanner._received_handler	Received 6D:FE:E6:82:51:6A: .
2024-06-10 12:52:18,722	DEBUG	bleak.backends.winrt.scanner._received_handler	Received 35:EC:C9:27:4B:10: .
2024-06-10 12:52:18,727	DEBUG	bleak.backends.winrt.scanner._stopped_handler	32 devices found. Watcher status: <BluetoothLEAdvertisementWatcherStatus.STOPPED: 3>.
