2024-06-10 18:38:41,468	TRACE	evk.IxanaEVK.__init__	CALL *('68:05:16:46:BF:24',) **{}
2024-06-10 18:38:41,483	DEBUG	asyncio.__init__	Using proactor: IocpProactor
2024-06-10 18:38:41,740	DEBUG	bleak.backends.winrt.scanner._received_handler	Received 68:03:E8:3F:09:02: .
2024-06-10 18:38:41,740	DEBUG	bleak.backends.winrt.scanner._received_handler	Received 68:03:E8:3F:09:02: Ixana YR22 EVK.
2024-06-10 18:38:41,961	DEBUG	bleak.backends.winrt.scanner._received_handler	Received 6F:27:81:22:50:6F: LE_WH-1000XM5.
2024-06-10 18:38:41,977	DEBUG	bleak.backends.winrt.scanner._received_handler	Received 6F:27:81:22:50:6F: .
2024-06-10 18:38:41,977	DEBUG	bleak.backends.winrt.scanner._received_handler	Received 38:01:95:99:1C:66: .
2024-06-10 18:38:42,308	DEBUG	bleak.backends.winrt.scanner._received_handler	Received 6F:27:81:22:50:6F: .
2024-06-10 18:38:42,336	DEBUG	bleak.backends.winrt.scanner._received_handler	Received 68:03:71:74:E0:2A: .
2024-06-10 18:38:42,429	DEBUG	bleak.backends.winrt.scanner._received_handler	Received 68:03:71:74:E0:2A: .
2024-06-10 18:38:42,429	DEBUG	bleak.backends.winrt.scanner._received_handler	Received 68:03:71:74:E0:2A: Amdtp.
2024-06-10 18:38:42,445	DEBUG	bleak.backends.winrt.scanner._received_handler	Received 00:AF:C2:52:0C:B6: .
2024-06-10 18:38:42,540	DEBUG	bleak.backends.winrt.scanner._received_handler	Received 00:AF:C2:52:0C:B6: .
2024-06-10 18:38:42,555	DEBUG	bleak.backends.winrt.scanner._received_handler	Received 68:02:15:5A:DB:AC: .
2024-06-10 18:38:42,555	DEBUG	bleak.backends.winrt.scanner._received_handler	Received 68:02:15:5A:DB:AC: Amdtp.
2024-06-10 18:38:42,571	DEBUG	bleak.backends.winrt.scanner._received_handler	Received 76:A0:BD:15:FA:DD: .
2024-06-10 18:38:42,571	DEBUG	bleak.backends.winrt.scanner._received_handler	Received 76:A0:BD:15:FA:DD: .
2024-06-10 18:38:42,675	DEBUG	bleak.backends.winrt.scanner._received_handler	Received 68:07:2E:5B:6F:67: Amdtp.
2024-06-10 18:38:42,796	DEBUG	bleak.backends.winrt.scanner._received_handler	Received 68:08:68:2E:01:9D: .
2024-06-10 18:38:42,800	DEBUG	bleak.backends.winrt.scanner._received_handler	Received 68:08:68:2E:01:9D: Amdtp.
2024-06-10 18:38:42,805	DEBUG	bleak.backends.winrt.scanner._received_handler	Received 68:03:E8:3F:09:02: .
2024-06-10 18:38:42,809	DEBUG	bleak.backends.winrt.scanner._received_handler	Received 68:03:E8:3F:09:02: Ixana YR22 EVK.
2024-06-10 18:38:42,809	DEBUG	bleak.backends.winrt.scanner._received_handler	Received 7C:22:5C:B9:19:A9: .
2024-06-10 18:38:42,819	DEBUG	bleak.backends.winrt.scanner._received_handler	Received 7C:22:5C:B9:19:A9: .
2024-06-10 18:38:42,823	DEBUG	bleak.backends.winrt.scanner._received_handler	Received 6F:27:81:22:50:6F: LE_WH-1000XM5.
2024-06-10 18:38:42,905	DEBUG	bleak.backends.winrt.scanner._received_handler	Received F8:77:B8:FF:80:9D: .
2024-06-10 18:38:42,914	DEBUG	bleak.backends.winrt.scanner._received_handler	Received 68:06:34:3B:EF:9C: .
2024-06-10 18:38:43,034	DEBUG	bleak.backends.winrt.scanner._received_handler	Received 38:01:95:99:1C:66: .
2024-06-10 18:38:43,158	DEBUG	bleak.backends.winrt.scanner._received_handler	Received 4C:83:52:8A:AF:97: .
2024-06-10 18:38:43,161	DEBUG	bleak.backends.winrt.scanner._received_handler	Received 4C:83:52:8A:AF:97: .
2024-06-10 18:38:43,269	DEBUG	bleak.backends.winrt.scanner._received_handler	Received 68:08:FC:E1:F4:00: .
2024-06-10 18:38:43,271	DEBUG	bleak.backends.winrt.scanner._received_handler	Received 68:08:FC:E1:F4:00: Amdtp.
2024-06-10 18:38:43,386	DEBUG	bleak.backends.winrt.scanner._received_handler	Received 68:05:16:46:BF:24: .
2024-06-10 18:38:43,391	DEBUG	bleak.backends.winrt.scanner._stopped_handler	15 devices found. Watcher status: <BluetoothLEAdvertisementWatcherStatus.STOPPED: 3>.
2024-06-10 18:38:43,417	DEBUG	bleak.backends.winrt.client.connect	Connecting to BLE device @ 68:05:16:46:BF:24
2024-06-10 18:38:43,417	DEBUG	bleak.backends.winrt.scanner._received_handler	Received 68:05:16:46:BF:24: Ixana YR22 EVK.
2024-06-10 18:38:43,611	DEBUG	bleak.backends.winrt.client.get_services	getting services (service_cache_mode=None, cache_mode=None)...
2024-06-10 18:38:44,855	DEBUG	bleak.backends.winrt.client.connect	max_pdu_size_changed event not received, using default
2024-06-10 18:38:46,646	DEBUG	bleak.backends.winrt.client.session_status_changed_event_handler	session_status_changed_event_handler: id: BluetoothLE#BluetoothLEe8:48:b8:c8:20:00-68:05:16:46:bf:24, error: <BluetoothError.SUCCESS: 0>, status: <GattSessionStatus.ACTIVE: 1>
2024-06-10 18:38:46,671	DEBUG	bleak.backends.winrt.client.max_pdu_size_changed_handler	max_pdu_size_changed_handler: 247
2024-06-10 18:38:47,108	TRACE	evk.IxanaEVK.mode_reset	CALL *() **{}
2024-06-10 18:38:47,108	TRACE	evk.IxanaEVK._write	CALL *(bytearray(b'\x00\x03\x01\x00'),) **{}
2024-06-10 18:38:47,135	TRACE	evk.IxanaEVK._write	RETURN None
2024-06-10 18:38:47,639	TRACE	evk.IxanaEVK.data_enable	CALL *(False,) **{}
2024-06-10 18:38:47,639	TRACE	evk.IxanaEVK._write	CALL *(bytearray(b'\x04\x00'),) **{}
2024-06-10 18:38:47,651	TRACE	evk.IxanaEVK._write	RETURN None
2024-06-10 18:38:47,662	TRACE	evk.IxanaEVK.data_enable	RETURN None
2024-06-10 18:38:47,662	TRACE	evk.IxanaEVK.mode_reset	RETURN None
2024-06-10 18:38:47,662	TRACE	evk.IxanaEVK.field_rd	CALL *(<FIELD_NAME.VERSION: 0>,) **{}
2024-06-10 18:38:47,662	TRACE	evk.IxanaEVK._write	CALL *(bytearray(b'\x00\x00\x00'),) **{}
2024-06-10 18:38:47,701	TRACE	evk.IxanaEVK._write	RETURN None
2024-06-10 18:38:47,701	TRACE	evk.IxanaEVK._read	CALL *(4,) **{}
2024-06-10 18:38:47,709	TRACE	evk.IxanaEVK._read	RETURN bytearray(b'\x02\x00\x00\x00')
2024-06-10 18:38:47,709	TRACE	evk.IxanaEVK._read	CALL *(3,) **{}
2024-06-10 18:38:47,709	TRACE	evk.IxanaEVK._read	RETURN bytearray(b'\x00\x00\x01')
2024-06-10 18:38:47,709	TRACE	evk.IxanaEVK.field_rd	RETURN bytearray(b'\x00\x00\x01')
2024-06-10 18:38:47,709	TRACE	evk.IxanaEVK.field_rd	CALL *(<FIELD_NAME.BOARDID: 1>,) **{}
2024-06-10 18:38:47,709	TRACE	evk.IxanaEVK._write	CALL *(bytearray(b'\x00\x01\x00'),) **{}
2024-06-10 18:38:47,751	TRACE	evk.IxanaEVK._write	RETURN None
2024-06-10 18:38:47,751	TRACE	evk.IxanaEVK._read	CALL *(4,) **{}
2024-06-10 18:38:47,751	TRACE	evk.IxanaEVK._read	RETURN bytearray(b'\x02\x01\x00\x00')
2024-06-10 18:38:47,751	TRACE	evk.IxanaEVK._read	CALL *(16,) **{}
2024-06-10 18:38:47,751	TRACE	evk.IxanaEVK._read	RETURN bytearray(b'\x18 4\x08\x02\x05he$\xbfF\x161\xbf\x0e\x00')
2024-06-10 18:38:47,751	TRACE	evk.IxanaEVK.field_rd	RETURN bytearray(b'\x18 4\x08\x02\x05he$\xbfF\x161\xbf\x0e\x00')
2024-06-10 18:38:47,754	TRACE	evk.IxanaEVK.__init__	RETURN None
2024-06-10 18:38:47,754	TRACE	evk.IxanaEVK.mode_rd	CALL *() **{}
2024-06-10 18:38:47,754	TRACE	evk.IxanaEVK.field_rd	CALL *(<FIELD_NAME.MODE: 3>,) **{}
2024-06-10 18:38:47,754	TRACE	evk.IxanaEVK._write	CALL *(bytearray(b'\x00\x03\x00'),) **{}
2024-06-10 18:38:47,780	TRACE	evk.IxanaEVK._write	RETURN None
2024-06-10 18:38:47,780	TRACE	evk.IxanaEVK._read	CALL *(4,) **{}
2024-06-10 18:38:47,780	TRACE	evk.IxanaEVK._read	RETURN bytearray(b'\x02\x03\x00\x00')
2024-06-10 18:38:47,780	TRACE	evk.IxanaEVK._read	CALL *(1,) **{}
2024-06-10 18:38:47,780	TRACE	evk.IxanaEVK._read	RETURN bytearray(b'\x00')
2024-06-10 18:38:47,784	TRACE	evk.IxanaEVK.field_rd	RETURN bytearray(b'\x00')
2024-06-10 18:38:47,784	TRACE	evk.IxanaEVK.mode_rd	RETURN <MODE.NONE: 0>
2024-06-10 18:38:47,784	TRACE	evk.IxanaEVK.mode_start	CALL *(<MODE.STATS_RX: 2>, <FIELD_NAME.MODE_STATS_RX: 5>, FieldModeStatsRX(icsetting_bitrate=0, data_size=32, duration_us=1000000)) **{}
2024-06-10 18:38:47,784	TRACE	evk.IxanaEVK.mode_reset	CALL *() **{}
2024-06-10 18:38:47,784	TRACE	evk.IxanaEVK._write	CALL *(bytearray(b'\x00\x03\x01\x00'),) **{}
2024-06-10 18:38:47,812	TRACE	evk.IxanaEVK._write	RETURN None
2024-06-10 18:38:48,314	TRACE	evk.IxanaEVK.data_enable	CALL *(False,) **{}
2024-06-10 18:38:48,315	TRACE	evk.IxanaEVK._write	CALL *(bytearray(b'\x04\x00'),) **{}
2024-06-10 18:38:48,334	TRACE	evk.IxanaEVK._write	RETURN None
2024-06-10 18:38:48,337	TRACE	evk.IxanaEVK.data_enable	RETURN None
2024-06-10 18:38:48,337	TRACE	evk.IxanaEVK.mode_reset	RETURN None
2024-06-10 18:38:48,337	TRACE	evk.IxanaEVK.mode_wrrd	CALL *(<MODE.NONE: 0>,) **{}
2024-06-10 18:38:48,337	TRACE	evk.IxanaEVK.mode_wr	CALL *(<MODE.NONE: 0>,) **{}
2024-06-10 18:38:48,337	TRACE	evk.IxanaEVK.field_wr	CALL *(<FIELD_NAME.MODE: 3>, <MODE.NONE: 0>) **{}
2024-06-10 18:38:48,337	TRACE	evk.IxanaEVK._field_data_format	CALL *(<MODE.NONE: 0>,) **{}
2024-06-10 18:38:48,337	TRACE	evk.IxanaEVK._field_data_format	RETURN b'\x00'
2024-06-10 18:38:48,337	TRACE	evk.IxanaEVK._write	CALL *(bytearray(b'\x00\x03\x01\x00'),) **{}
2024-06-10 18:38:48,367	TRACE	evk.IxanaEVK._write	RETURN None
2024-06-10 18:38:48,369	TRACE	evk.IxanaEVK._read	CALL *(4,) **{}
2024-06-10 18:38:48,369	TRACE	evk.IxanaEVK._read	RETURN bytearray(b'\x02\x03\x01\x00')
2024-06-10 18:38:48,369	TRACE	evk.IxanaEVK.field_wr	RETURN None
2024-06-10 18:38:48,369	TRACE	evk.IxanaEVK.mode_wr	RETURN None
2024-06-10 18:38:48,369	TRACE	evk.IxanaEVK.mode_rd	CALL *() **{}
2024-06-10 18:38:48,369	TRACE	evk.IxanaEVK.field_rd	CALL *(<FIELD_NAME.MODE: 3>,) **{}
2024-06-10 18:38:48,370	TRACE	evk.IxanaEVK._write	CALL *(bytearray(b'\x00\x03\x00'),) **{}
2024-06-10 18:38:48,396	TRACE	evk.IxanaEVK._write	RETURN None
2024-06-10 18:38:48,396	TRACE	evk.IxanaEVK._read	CALL *(4,) **{}
2024-06-10 18:38:48,396	TRACE	evk.IxanaEVK._read	RETURN bytearray(b'\x02\x03\x00\x00')
2024-06-10 18:38:48,398	TRACE	evk.IxanaEVK._read	CALL *(1,) **{}
2024-06-10 18:38:48,398	TRACE	evk.IxanaEVK._read	RETURN bytearray(b'\x00')
2024-06-10 18:38:48,398	TRACE	evk.IxanaEVK.field_rd	RETURN bytearray(b'\x00')
2024-06-10 18:38:48,398	TRACE	evk.IxanaEVK.mode_rd	RETURN <MODE.NONE: 0>
2024-06-10 18:38:48,398	TRACE	evk.IxanaEVK.mode_wrrd	RETURN None
2024-06-10 18:38:48,398	TRACE	evk.IxanaEVK.field_wrrd	CALL *(<FIELD_NAME.MODE_STATS_RX: 5>, bytearray(b'\x00 @B\x0f\x00')) **{}
2024-06-10 18:38:48,398	TRACE	evk.IxanaEVK.field_wr	CALL *(<FIELD_NAME.MODE_STATS_RX: 5>, bytearray(b'\x00 @B\x0f\x00')) **{}
2024-06-10 18:38:48,398	TRACE	evk.IxanaEVK._field_data_format	CALL *(bytearray(b'\x00 @B\x0f\x00'),) **{}
2024-06-10 18:38:48,398	TRACE	evk.IxanaEVK._field_data_format	RETURN bytearray(b'\x00 @B\x0f\x00')
2024-06-10 18:38:48,398	TRACE	evk.IxanaEVK._write	CALL *(bytearray(b'\x00\x05\x01\x00 @B\x0f\x00'),) **{}
2024-06-10 18:38:48,436	TRACE	evk.IxanaEVK._write	RETURN None
2024-06-10 18:38:48,436	TRACE	evk.IxanaEVK._read	CALL *(4,) **{}
2024-06-10 18:38:48,456	TRACE	evk.IxanaEVK._read	RETURN bytearray(b'\x02\x05\x01\x00')
2024-06-10 18:38:48,456	TRACE	evk.IxanaEVK.field_wr	RETURN None
2024-06-10 18:38:48,456	TRACE	evk.IxanaEVK._field_data_format	CALL *(bytearray(b'\x00 @B\x0f\x00'),) **{}
2024-06-10 18:38:48,456	TRACE	evk.IxanaEVK._field_data_format	RETURN bytearray(b'\x00 @B\x0f\x00')
2024-06-10 18:38:48,456	TRACE	evk.IxanaEVK.field_rd	CALL *(<FIELD_NAME.MODE_STATS_RX: 5>,) **{}
2024-06-10 18:38:48,456	TRACE	evk.IxanaEVK._write	CALL *(bytearray(b'\x00\x05\x00'),) **{}
2024-06-10 18:38:48,487	TRACE	evk.IxanaEVK._write	RETURN None
2024-06-10 18:38:48,487	TRACE	evk.IxanaEVK._read	CALL *(4,) **{}
2024-06-10 18:38:48,487	TRACE	evk.IxanaEVK._read	RETURN bytearray(b'\x02\x05\x00\x00')
2024-06-10 18:38:48,487	TRACE	evk.IxanaEVK._read	CALL *(6,) **{}
2024-06-10 18:38:48,487	TRACE	evk.IxanaEVK._read	RETURN bytearray(b'\x00 @B\x0f\x00')
2024-06-10 18:38:48,487	TRACE	evk.IxanaEVK.field_rd	RETURN bytearray(b'\x00 @B\x0f\x00')
2024-06-10 18:38:48,487	TRACE	evk.IxanaEVK.field_wrrd	RETURN None
2024-06-10 18:38:48,487	TRACE	evk.IxanaEVK.mode_wrrd	CALL *(<MODE.STATS_RX: 2>,) **{}
2024-06-10 18:38:48,487	TRACE	evk.IxanaEVK.mode_wr	CALL *(<MODE.STATS_RX: 2>,) **{}
2024-06-10 18:38:48,487	TRACE	evk.IxanaEVK.field_wr	CALL *(<FIELD_NAME.MODE: 3>, <MODE.STATS_RX: 2>) **{}
2024-06-10 18:38:48,487	TRACE	evk.IxanaEVK._field_data_format	CALL *(<MODE.STATS_RX: 2>,) **{}
2024-06-10 18:38:48,488	TRACE	evk.IxanaEVK._field_data_format	RETURN b'\x02'
2024-06-10 18:38:48,488	TRACE	evk.IxanaEVK._write	CALL *(bytearray(b'\x00\x03\x01\x02'),) **{}
2024-06-10 18:38:48,512	TRACE	evk.IxanaEVK._write	RETURN None
2024-06-10 18:38:48,512	TRACE	evk.IxanaEVK._read	CALL *(4,) **{}
2024-06-10 18:38:48,892	TRACE	evk.IxanaEVK._read	RETURN bytearray(b'\x02\x03\x01\x00')
2024-06-10 18:38:48,892	TRACE	evk.IxanaEVK.field_wr	RETURN None
2024-06-10 18:38:48,893	TRACE	evk.IxanaEVK.mode_wr	RETURN None
2024-06-10 18:38:48,893	TRACE	evk.IxanaEVK.mode_rd	CALL *() **{}
2024-06-10 18:38:48,893	TRACE	evk.IxanaEVK.field_rd	CALL *(<FIELD_NAME.MODE: 3>,) **{}
2024-06-10 18:38:48,893	TRACE	evk.IxanaEVK._write	CALL *(bytearray(b'\x00\x03\x00'),) **{}
2024-06-10 18:38:48,960	TRACE	evk.IxanaEVK._write	RETURN None
2024-06-10 18:38:48,960	TRACE	evk.IxanaEVK._read	CALL *(4,) **{}
2024-06-10 18:38:48,961	TRACE	evk.IxanaEVK._read	RETURN bytearray(b'\x02\x03\x00\x00')
2024-06-10 18:38:48,961	TRACE	evk.IxanaEVK._read	CALL *(1,) **{}
2024-06-10 18:38:48,961	TRACE	evk.IxanaEVK._read	RETURN bytearray(b'\x02')
2024-06-10 18:38:48,961	TRACE	evk.IxanaEVK.field_rd	RETURN bytearray(b'\x02')
2024-06-10 18:38:48,961	TRACE	evk.IxanaEVK.mode_rd	RETURN <MODE.STATS_RX: 2>
2024-06-10 18:38:48,961	TRACE	evk.IxanaEVK.mode_wrrd	RETURN None
2024-06-10 18:38:48,961	TRACE	evk.IxanaEVK.check_ic_status	CALL *() **{}
2024-06-10 18:38:48,961	TRACE	evk.IxanaEVK.icstatus_rd	CALL *() **{}
2024-06-10 18:38:48,961	TRACE	evk.IxanaEVK.field_rd	CALL *(<FIELD_NAME.ICSTATUS: 2>,) **{}
2024-06-10 18:38:48,961	TRACE	evk.IxanaEVK._write	CALL *(bytearray(b'\x00\x02\x00'),) **{}
2024-06-10 18:38:49,002	TRACE	evk.IxanaEVK._write	RETURN None
2024-06-10 18:38:49,002	TRACE	evk.IxanaEVK._read	CALL *(4,) **{}
2024-06-10 18:38:49,002	TRACE	evk.IxanaEVK._read	RETURN bytearray(b'\x02\x02\x00\x00')
2024-06-10 18:38:49,002	TRACE	evk.IxanaEVK._read	CALL *(1,) **{}
2024-06-10 18:38:49,002	TRACE	evk.IxanaEVK._read	RETURN bytearray(b'\x05')
2024-06-10 18:38:49,002	TRACE	evk.IxanaEVK.field_rd	RETURN bytearray(b'\x05')
2024-06-10 18:38:49,002	TRACE	evk.IxanaEVK.icstatus_rd	RETURN <IC_STATUS.SUCCESS: 5>
2024-06-10 18:38:49,002	TRACE	evk.IxanaEVK.check_ic_status	RETURN None
2024-06-10 18:38:49,002	TRACE	evk.IxanaEVK.data_enable	CALL *(True,) **{}
2024-06-10 18:38:49,002	TRACE	evk.IxanaEVK._write	CALL *(bytearray(b'\x04\x01'),) **{}
2024-06-10 18:38:49,072	TRACE	evk.IxanaEVK._write	RETURN None
2024-06-10 18:38:49,072	TRACE	evk.IxanaEVK.data_enable	RETURN None
2024-06-10 18:38:49,072	TRACE	evk.IxanaEVK.mode_start	RETURN None
2024-06-10 18:38:50,074	TRACE	evk.IxanaEVK.data_rd	CALL *() **{}
2024-06-10 18:38:50,074	TRACE	evk.IxanaEVK.rd8	CALL *() **{}
2024-06-10 18:38:50,074	TRACE	evk.IxanaEVK._read	CALL *(1,) **{}
2024-06-10 18:38:50,074	TRACE	evk.IxanaEVK._read	RETURN bytearray(b'\x01')
2024-06-10 18:38:50,074	TRACE	evk.IxanaEVK.rd8	RETURN 1
2024-06-10 18:38:50,074	TRACE	evk.IxanaEVK.rd8	CALL *() **{}
2024-06-10 18:38:50,074	TRACE	evk.IxanaEVK._read	CALL *(1,) **{}
2024-06-10 18:38:50,074	TRACE	evk.IxanaEVK._read	RETURN bytearray(b'\x02')
2024-06-10 18:38:50,074	TRACE	evk.IxanaEVK.rd8	RETURN 2
2024-06-10 18:38:50,074	TRACE	evk.IxanaEVK.rd8	CALL *() **{}
2024-06-10 18:38:50,074	TRACE	evk.IxanaEVK._read	CALL *(1,) **{}
2024-06-10 18:38:50,074	TRACE	evk.IxanaEVK._read	RETURN bytearray(b' ')
2024-06-10 18:38:50,074	TRACE	evk.IxanaEVK.rd8	RETURN 32
2024-06-10 18:38:50,074	TRACE	evk.IxanaEVK._read	CALL *(32,) **{}
2024-06-10 18:38:50,074	TRACE	evk.IxanaEVK._read	RETURN bytearray(b' \x00\x00\x00@B\x0f\x00\x01\x00\x00\x00}\x01\x00\x00\x06\x00\x00\x00\x00}\x01\x00\r\x00\x00\x006\x00\xda\x00')
2024-06-10 18:38:50,074	TRACE	evk.IxanaEVK.data_rd	RETURN (<MODE.STATS_RX: 2>, bytearray(b' \x00\x00\x00@B\x0f\x00\x01\x00\x00\x00}\x01\x00\x00\x06\x00\x00\x00\x00}\x01\x00\r\x00\x00\x006\x00\xda\x00'))
2024-06-10 18:38:50,079	DEBUG	urllib3.connectionpool._new_conn	Starting new HTTP connection (1): 3.25.191.180:80
2024-06-10 18:38:51,464	DEBUG	urllib3.connectionpool._make_request	http://3.25.191.180:80 "POST /processdev HTTP/1.1" 200 292
2024-06-10 18:38:52,514	TRACE	evk.IxanaEVK.data_rd	CALL *() **{}
2024-06-10 18:38:52,514	TRACE	evk.IxanaEVK.rd8	CALL *() **{}
2024-06-10 18:38:52,514	TRACE	evk.IxanaEVK._read	CALL *(1,) **{}
2024-06-10 18:38:52,514	TRACE	evk.IxanaEVK._read	RETURN bytearray(b'\x01')
2024-06-10 18:38:52,514	TRACE	evk.IxanaEVK.rd8	RETURN 1
2024-06-10 18:38:52,514	TRACE	evk.IxanaEVK.rd8	CALL *() **{}
2024-06-10 18:38:52,514	TRACE	evk.IxanaEVK._read	CALL *(1,) **{}
2024-06-10 18:38:52,514	TRACE	evk.IxanaEVK._read	RETURN bytearray(b'\x02')
2024-06-10 18:38:52,514	TRACE	evk.IxanaEVK.rd8	RETURN 2
2024-06-10 18:38:52,514	TRACE	evk.IxanaEVK.rd8	CALL *() **{}
2024-06-10 18:38:52,514	TRACE	evk.IxanaEVK._read	CALL *(1,) **{}
2024-06-10 18:38:52,514	TRACE	evk.IxanaEVK._read	RETURN bytearray(b' ')
2024-06-10 18:38:52,514	TRACE	evk.IxanaEVK.rd8	RETURN 32
2024-06-10 18:38:52,514	TRACE	evk.IxanaEVK._read	CALL *(32,) **{}
2024-06-10 18:38:52,514	TRACE	evk.IxanaEVK._read	RETURN bytearray(b' \x00\x00\x00@B\x0f\x00\x01\x00\x00\x00}\x01\x00\x00\x01\x00\x00\x00\x00}\x01\x00\x01\x00\x00\x007\x00\xda\x00')
2024-06-10 18:38:52,514	TRACE	evk.IxanaEVK.data_rd	RETURN (<MODE.STATS_RX: 2>, bytearray(b' \x00\x00\x00@B\x0f\x00\x01\x00\x00\x00}\x01\x00\x00\x01\x00\x00\x00\x00}\x01\x00\x01\x00\x00\x007\x00\xda\x00'))
2024-06-10 18:38:52,514	DEBUG	urllib3.connectionpool._new_conn	Starting new HTTP connection (1): 3.25.191.180:80
2024-06-10 18:38:53,824	DEBUG	urllib3.connectionpool._make_request	http://3.25.191.180:80 "POST /processdev HTTP/1.1" 200 293
2024-06-10 18:38:54,831	TRACE	evk.IxanaEVK.data_rd	CALL *() **{}
2024-06-10 18:38:54,831	TRACE	evk.IxanaEVK.rd8	CALL *() **{}
2024-06-10 18:38:54,831	TRACE	evk.IxanaEVK._read	CALL *(1,) **{}
2024-06-10 18:38:54,831	TRACE	evk.IxanaEVK._read	RETURN bytearray(b'\x01')
2024-06-10 18:38:54,831	TRACE	evk.IxanaEVK.rd8	RETURN 1
2024-06-10 18:38:54,831	TRACE	evk.IxanaEVK.rd8	CALL *() **{}
2024-06-10 18:38:54,831	TRACE	evk.IxanaEVK._read	CALL *(1,) **{}
2024-06-10 18:38:54,831	TRACE	evk.IxanaEVK._read	RETURN bytearray(b'\x02')
2024-06-10 18:38:54,831	TRACE	evk.IxanaEVK.rd8	RETURN 2
2024-06-10 18:38:54,831	TRACE	evk.IxanaEVK.rd8	CALL *() **{}
2024-06-10 18:38:54,831	TRACE	evk.IxanaEVK._read	CALL *(1,) **{}
2024-06-10 18:38:54,831	TRACE	evk.IxanaEVK._read	RETURN bytearray(b' ')
2024-06-10 18:38:54,831	TRACE	evk.IxanaEVK.rd8	RETURN 32
2024-06-10 18:38:54,831	TRACE	evk.IxanaEVK._read	CALL *(32,) **{}
2024-06-10 18:38:54,831	TRACE	evk.IxanaEVK._read	RETURN bytearray(b' \x00\x00\x00@B\x0f\x00\x00\x00\x00\x00~\x01\x00\x00\x03\x00\x00\x00\x00~\x01\x00\x05\x00\x00\x009\x00\xdb\x00')
2024-06-10 18:38:54,831	TRACE	evk.IxanaEVK.data_rd	RETURN (<MODE.STATS_RX: 2>, bytearray(b' \x00\x00\x00@B\x0f\x00\x00\x00\x00\x00~\x01\x00\x00\x03\x00\x00\x00\x00~\x01\x00\x05\x00\x00\x009\x00\xdb\x00'))
2024-06-10 18:38:54,836	DEBUG	urllib3.connectionpool._new_conn	Starting new HTTP connection (1): 3.25.191.180:80
2024-06-10 18:38:56,209	DEBUG	urllib3.connectionpool._make_request	http://3.25.191.180:80 "POST /processdev HTTP/1.1" 200 292
2024-06-10 18:38:57,234	TRACE	evk.IxanaEVK.data_rd	CALL *() **{}
2024-06-10 18:38:57,234	TRACE	evk.IxanaEVK.rd8	CALL *() **{}
2024-06-10 18:38:57,234	TRACE	evk.IxanaEVK._read	CALL *(1,) **{}
2024-06-10 18:38:57,234	TRACE	evk.IxanaEVK._read	RETURN bytearray(b'\x01')
2024-06-10 18:38:57,234	TRACE	evk.IxanaEVK.rd8	RETURN 1
2024-06-10 18:38:57,234	TRACE	evk.IxanaEVK.rd8	CALL *() **{}
2024-06-10 18:38:57,234	TRACE	evk.IxanaEVK._read	CALL *(1,) **{}
2024-06-10 18:38:57,234	TRACE	evk.IxanaEVK._read	RETURN bytearray(b'\x02')
2024-06-10 18:38:57,234	TRACE	evk.IxanaEVK.rd8	RETURN 2
2024-06-10 18:38:57,234	TRACE	evk.IxanaEVK.rd8	CALL *() **{}
2024-06-10 18:38:57,234	TRACE	evk.IxanaEVK._read	CALL *(1,) **{}
2024-06-10 18:38:57,234	TRACE	evk.IxanaEVK._read	RETURN bytearray(b' ')
2024-06-10 18:38:57,234	TRACE	evk.IxanaEVK.rd8	RETURN 32
2024-06-10 18:38:57,234	TRACE	evk.IxanaEVK._read	CALL *(32,) **{}
2024-06-10 18:38:57,234	TRACE	evk.IxanaEVK._read	RETURN bytearray(b' \x00\x00\x00@B\x0f\x00\x01\x00\x00\x00}\x01\x00\x00\x02\x00\x00\x00\x00}\x01\x00\x02\x00\x00\x00:\x00\xdb\x00')
2024-06-10 18:38:57,234	TRACE	evk.IxanaEVK.data_rd	RETURN (<MODE.STATS_RX: 2>, bytearray(b' \x00\x00\x00@B\x0f\x00\x01\x00\x00\x00}\x01\x00\x00\x02\x00\x00\x00\x00}\x01\x00\x02\x00\x00\x00:\x00\xdb\x00'))
2024-06-10 18:38:57,237	DEBUG	urllib3.connectionpool._new_conn	Starting new HTTP connection (1): 3.25.191.180:80
2024-06-10 18:38:58,534	DEBUG	urllib3.connectionpool._make_request	http://3.25.191.180:80 "POST /processdev HTTP/1.1" 200 292
2024-06-10 18:38:59,543	TRACE	evk.IxanaEVK.data_rd	CALL *() **{}
2024-06-10 18:38:59,543	TRACE	evk.IxanaEVK.rd8	CALL *() **{}
2024-06-10 18:38:59,543	TRACE	evk.IxanaEVK._read	CALL *(1,) **{}
2024-06-10 18:38:59,543	TRACE	evk.IxanaEVK._read	RETURN bytearray(b'\x01')
2024-06-10 18:38:59,543	TRACE	evk.IxanaEVK.rd8	RETURN 1
2024-06-10 18:38:59,543	TRACE	evk.IxanaEVK.rd8	CALL *() **{}
2024-06-10 18:38:59,543	TRACE	evk.IxanaEVK._read	CALL *(1,) **{}
2024-06-10 18:38:59,543	TRACE	evk.IxanaEVK._read	RETURN bytearray(b'\x02')
2024-06-10 18:38:59,543	TRACE	evk.IxanaEVK.rd8	RETURN 2
2024-06-10 18:38:59,543	TRACE	evk.IxanaEVK.rd8	CALL *() **{}
2024-06-10 18:38:59,543	TRACE	evk.IxanaEVK._read	CALL *(1,) **{}
2024-06-10 18:38:59,543	TRACE	evk.IxanaEVK._read	RETURN bytearray(b' ')
2024-06-10 18:38:59,543	TRACE	evk.IxanaEVK.rd8	RETURN 32
2024-06-10 18:38:59,543	TRACE	evk.IxanaEVK._read	CALL *(32,) **{}
2024-06-10 18:38:59,543	TRACE	evk.IxanaEVK._read	RETURN bytearray(b' \x00\x00\x00@B\x0f\x00\x01\x00\x00\x00}\x01\x00\x00\x02\x00\x00\x00\x00}\x01\x00\x02\x00\x00\x009\x00\xda\x00')
2024-06-10 18:38:59,543	TRACE	evk.IxanaEVK.data_rd	RETURN (<MODE.STATS_RX: 2>, bytearray(b' \x00\x00\x00@B\x0f\x00\x01\x00\x00\x00}\x01\x00\x00\x02\x00\x00\x00\x00}\x01\x00\x02\x00\x00\x009\x00\xda\x00'))
2024-06-10 18:38:59,546	DEBUG	urllib3.connectionpool._new_conn	Starting new HTTP connection (1): 3.25.191.180:80
2024-06-10 18:39:00,789	DEBUG	urllib3.connectionpool._make_request	http://3.25.191.180:80 "POST /processdev HTTP/1.1" 200 293
2024-06-10 18:39:01,795	TRACE	evk.IxanaEVK.data_rd	CALL *() **{}
2024-06-10 18:39:01,795	TRACE	evk.IxanaEVK.rd8	CALL *() **{}
2024-06-10 18:39:01,795	TRACE	evk.IxanaEVK._read	CALL *(1,) **{}
2024-06-10 18:39:01,795	TRACE	evk.IxanaEVK._read	RETURN bytearray(b'\x01')
2024-06-10 18:39:01,795	TRACE	evk.IxanaEVK.rd8	RETURN 1
2024-06-10 18:39:01,795	TRACE	evk.IxanaEVK.rd8	CALL *() **{}
2024-06-10 18:39:01,795	TRACE	evk.IxanaEVK._read	CALL *(1,) **{}
2024-06-10 18:39:01,795	TRACE	evk.IxanaEVK._read	RETURN bytearray(b'\x02')
2024-06-10 18:39:01,795	TRACE	evk.IxanaEVK.rd8	RETURN 2
2024-06-10 18:39:01,795	TRACE	evk.IxanaEVK.rd8	CALL *() **{}
2024-06-10 18:39:01,795	TRACE	evk.IxanaEVK._read	CALL *(1,) **{}
2024-06-10 18:39:01,795	TRACE	evk.IxanaEVK._read	RETURN bytearray(b' ')
2024-06-10 18:39:01,795	TRACE	evk.IxanaEVK.rd8	RETURN 32
2024-06-10 18:39:01,795	TRACE	evk.IxanaEVK._read	CALL *(32,) **{}
2024-06-10 18:39:01,795	TRACE	evk.IxanaEVK._read	RETURN bytearray(b' \x00\x00\x00@B\x0f\x00\x01\x00\x00\x00|\x01\x00\x00\x02\x00\x00\x00\x00|\x01\x00\x03\x00\x00\x009\x00\xda\x00')
2024-06-10 18:39:01,795	TRACE	evk.IxanaEVK.data_rd	RETURN (<MODE.STATS_RX: 2>, bytearray(b' \x00\x00\x00@B\x0f\x00\x01\x00\x00\x00|\x01\x00\x00\x02\x00\x00\x00\x00|\x01\x00\x03\x00\x00\x009\x00\xda\x00'))
2024-06-10 18:39:01,800	DEBUG	urllib3.connectionpool._new_conn	Starting new HTTP connection (1): 3.25.191.180:80
2024-06-10 18:39:03,129	DEBUG	urllib3.connectionpool._make_request	http://3.25.191.180:80 "POST /processdev HTTP/1.1" 200 293
2024-06-10 18:39:04,149	TRACE	evk.IxanaEVK.data_rd	CALL *() **{}
2024-06-10 18:39:04,149	TRACE	evk.IxanaEVK.rd8	CALL *() **{}
2024-06-10 18:39:04,149	TRACE	evk.IxanaEVK._read	CALL *(1,) **{}
2024-06-10 18:39:04,149	TRACE	evk.IxanaEVK._read	RETURN bytearray(b'\x01')
2024-06-10 18:39:04,149	TRACE	evk.IxanaEVK.rd8	RETURN 1
2024-06-10 18:39:04,149	TRACE	evk.IxanaEVK.rd8	CALL *() **{}
2024-06-10 18:39:04,149	TRACE	evk.IxanaEVK._read	CALL *(1,) **{}
2024-06-10 18:39:04,149	TRACE	evk.IxanaEVK._read	RETURN bytearray(b'\x02')
2024-06-10 18:39:04,149	TRACE	evk.IxanaEVK.rd8	RETURN 2
2024-06-10 18:39:04,149	TRACE	evk.IxanaEVK.rd8	CALL *() **{}
2024-06-10 18:39:04,149	TRACE	evk.IxanaEVK._read	CALL *(1,) **{}
2024-06-10 18:39:04,149	TRACE	evk.IxanaEVK._read	RETURN bytearray(b' ')
2024-06-10 18:39:04,149	TRACE	evk.IxanaEVK.rd8	RETURN 32
2024-06-10 18:39:04,149	TRACE	evk.IxanaEVK._read	CALL *(32,) **{}
2024-06-10 18:39:04,149	TRACE	evk.IxanaEVK._read	RETURN bytearray(b' \x00\x00\x00@B\x0f\x00\x01\x00\x00\x00|\x01\x00\x00\x02\x00\x00\x00\x00|\x01\x00\x03\x00\x00\x00:\x00\xda\x00')
2024-06-10 18:39:04,149	TRACE	evk.IxanaEVK.data_rd	RETURN (<MODE.STATS_RX: 2>, bytearray(b' \x00\x00\x00@B\x0f\x00\x01\x00\x00\x00|\x01\x00\x00\x02\x00\x00\x00\x00|\x01\x00\x03\x00\x00\x00:\x00\xda\x00'))
2024-06-10 18:39:04,153	DEBUG	urllib3.connectionpool._new_conn	Starting new HTTP connection (1): 3.25.191.180:80
2024-06-10 18:39:05,601	DEBUG	urllib3.connectionpool._make_request	http://3.25.191.180:80 "POST /processdev HTTP/1.1" 200 292
2024-06-10 18:39:06,608	TRACE	evk.IxanaEVK.data_rd	CALL *() **{}
2024-06-10 18:39:06,608	TRACE	evk.IxanaEVK.rd8	CALL *() **{}
2024-06-10 18:39:06,608	TRACE	evk.IxanaEVK._read	CALL *(1,) **{}
2024-06-10 18:39:06,608	TRACE	evk.IxanaEVK._read	RETURN bytearray(b'\x01')
2024-06-10 18:39:06,608	TRACE	evk.IxanaEVK.rd8	RETURN 1
2024-06-10 18:39:06,608	TRACE	evk.IxanaEVK.rd8	CALL *() **{}
2024-06-10 18:39:06,608	TRACE	evk.IxanaEVK._read	CALL *(1,) **{}
2024-06-10 18:39:06,608	TRACE	evk.IxanaEVK._read	RETURN bytearray(b'\x02')
2024-06-10 18:39:06,608	TRACE	evk.IxanaEVK.rd8	RETURN 2
2024-06-10 18:39:06,608	TRACE	evk.IxanaEVK.rd8	CALL *() **{}
2024-06-10 18:39:06,608	TRACE	evk.IxanaEVK._read	CALL *(1,) **{}
2024-06-10 18:39:06,608	TRACE	evk.IxanaEVK._read	RETURN bytearray(b' ')
2024-06-10 18:39:06,608	TRACE	evk.IxanaEVK.rd8	RETURN 32
2024-06-10 18:39:06,609	TRACE	evk.IxanaEVK._read	CALL *(32,) **{}
2024-06-10 18:39:06,609	TRACE	evk.IxanaEVK._read	RETURN bytearray(b' \x00\x00\x00@B\x0f\x00\x02\x00\x00\x00{\x01\x00\x00\x02\x00\x00\x00\x00{\x01\x00\x04\x00\x00\x00:\x00\xdb\x00')
2024-06-10 18:39:06,609	TRACE	evk.IxanaEVK.data_rd	RETURN (<MODE.STATS_RX: 2>, bytearray(b' \x00\x00\x00@B\x0f\x00\x02\x00\x00\x00{\x01\x00\x00\x02\x00\x00\x00\x00{\x01\x00\x04\x00\x00\x00:\x00\xdb\x00'))
2024-06-10 18:39:06,616	DEBUG	urllib3.connectionpool._new_conn	Starting new HTTP connection (1): 3.25.191.180:80
2024-06-10 18:39:08,045	DEBUG	urllib3.connectionpool._make_request	http://3.25.191.180:80 "POST /processdev HTTP/1.1" 200 291
2024-06-10 18:39:09,065	TRACE	evk.IxanaEVK.data_rd	CALL *() **{}
2024-06-10 18:39:09,065	TRACE	evk.IxanaEVK.rd8	CALL *() **{}
2024-06-10 18:39:09,065	TRACE	evk.IxanaEVK._read	CALL *(1,) **{}
2024-06-10 18:39:09,065	TRACE	evk.IxanaEVK._read	RETURN bytearray(b'\x01')
2024-06-10 18:39:09,065	TRACE	evk.IxanaEVK.rd8	RETURN 1
2024-06-10 18:39:09,065	TRACE	evk.IxanaEVK.rd8	CALL *() **{}
2024-06-10 18:39:09,065	TRACE	evk.IxanaEVK._read	CALL *(1,) **{}
2024-06-10 18:39:09,065	TRACE	evk.IxanaEVK._read	RETURN bytearray(b'\x02')
2024-06-10 18:39:09,065	TRACE	evk.IxanaEVK.rd8	RETURN 2
2024-06-10 18:39:09,065	TRACE	evk.IxanaEVK.rd8	CALL *() **{}
2024-06-10 18:39:09,065	TRACE	evk.IxanaEVK._read	CALL *(1,) **{}
2024-06-10 18:39:09,065	TRACE	evk.IxanaEVK._read	RETURN bytearray(b' ')
2024-06-10 18:39:09,065	TRACE	evk.IxanaEVK.rd8	RETURN 32
2024-06-10 18:39:09,065	TRACE	evk.IxanaEVK._read	CALL *(32,) **{}
2024-06-10 18:39:09,065	TRACE	evk.IxanaEVK._read	RETURN bytearray(b' \x00\x00\x00@B\x0f\x00\x00\x00\x00\x00}\x01\x00\x00\x01\x00\x00\x00\x00}\x01\x00\x01\x00\x00\x00;\x00\xda\x00')
2024-06-10 18:39:09,065	TRACE	evk.IxanaEVK.data_rd	RETURN (<MODE.STATS_RX: 2>, bytearray(b' \x00\x00\x00@B\x0f\x00\x00\x00\x00\x00}\x01\x00\x00\x01\x00\x00\x00\x00}\x01\x00\x01\x00\x00\x00;\x00\xda\x00'))
2024-06-10 18:39:09,069	DEBUG	urllib3.connectionpool._new_conn	Starting new HTTP connection (1): 3.25.191.180:80
2024-06-10 18:39:10,417	DEBUG	urllib3.connectionpool._make_request	http://3.25.191.180:80 "POST /processdev HTTP/1.1" 200 294
2024-06-10 18:39:11,424	TRACE	evk.IxanaEVK.data_rd	CALL *() **{}
2024-06-10 18:39:11,425	TRACE	evk.IxanaEVK.rd8	CALL *() **{}
2024-06-10 18:39:11,425	TRACE	evk.IxanaEVK._read	CALL *(1,) **{}
2024-06-10 18:39:11,425	TRACE	evk.IxanaEVK._read	RETURN bytearray(b'\x01')
2024-06-10 18:39:11,425	TRACE	evk.IxanaEVK.rd8	RETURN 1
2024-06-10 18:39:11,425	TRACE	evk.IxanaEVK.rd8	CALL *() **{}
2024-06-10 18:39:11,425	TRACE	evk.IxanaEVK._read	CALL *(1,) **{}
2024-06-10 18:39:11,425	TRACE	evk.IxanaEVK._read	RETURN bytearray(b'\x02')
2024-06-10 18:39:11,425	TRACE	evk.IxanaEVK.rd8	RETURN 2
2024-06-10 18:39:11,425	TRACE	evk.IxanaEVK.rd8	CALL *() **{}
2024-06-10 18:39:11,425	TRACE	evk.IxanaEVK._read	CALL *(1,) **{}
2024-06-10 18:39:11,425	TRACE	evk.IxanaEVK._read	RETURN bytearray(b' ')
2024-06-10 18:39:11,425	TRACE	evk.IxanaEVK.rd8	RETURN 32
2024-06-10 18:39:11,425	TRACE	evk.IxanaEVK._read	CALL *(32,) **{}
2024-06-10 18:39:11,425	TRACE	evk.IxanaEVK._read	RETURN bytearray(b' \x00\x00\x00@B\x0f\x00\x01\x00\x00\x00|\x01\x00\x00\x02\x00\x00\x00\x00|\x01\x00\x06\x00\x00\x00;\x00\xdb\x00')
2024-06-10 18:39:11,425	TRACE	evk.IxanaEVK.data_rd	RETURN (<MODE.STATS_RX: 2>, bytearray(b' \x00\x00\x00@B\x0f\x00\x01\x00\x00\x00|\x01\x00\x00\x02\x00\x00\x00\x00|\x01\x00\x06\x00\x00\x00;\x00\xdb\x00'))
2024-06-10 18:39:11,429	DEBUG	urllib3.connectionpool._new_conn	Starting new HTTP connection (1): 3.25.191.180:80
2024-06-10 18:39:12,751	DEBUG	urllib3.connectionpool._make_request	http://3.25.191.180:80 "POST /processdev HTTP/1.1" 200 291
2024-06-10 18:39:13,770	TRACE	evk.IxanaEVK.data_rd	CALL *() **{}
2024-06-10 18:39:13,770	TRACE	evk.IxanaEVK.rd8	CALL *() **{}
2024-06-10 18:39:13,770	TRACE	evk.IxanaEVK._read	CALL *(1,) **{}
2024-06-10 18:39:13,770	TRACE	evk.IxanaEVK._read	RETURN bytearray(b'\x01')
2024-06-10 18:39:13,770	TRACE	evk.IxanaEVK.rd8	RETURN 1
2024-06-10 18:39:13,770	TRACE	evk.IxanaEVK.rd8	CALL *() **{}
2024-06-10 18:39:13,770	TRACE	evk.IxanaEVK._read	CALL *(1,) **{}
2024-06-10 18:39:13,770	TRACE	evk.IxanaEVK._read	RETURN bytearray(b'\x02')
2024-06-10 18:39:13,770	TRACE	evk.IxanaEVK.rd8	RETURN 2
2024-06-10 18:39:13,770	TRACE	evk.IxanaEVK.rd8	CALL *() **{}
2024-06-10 18:39:13,770	TRACE	evk.IxanaEVK._read	CALL *(1,) **{}
2024-06-10 18:39:13,770	TRACE	evk.IxanaEVK._read	RETURN bytearray(b' ')
2024-06-10 18:39:13,770	TRACE	evk.IxanaEVK.rd8	RETURN 32
2024-06-10 18:39:13,770	TRACE	evk.IxanaEVK._read	CALL *(32,) **{}
2024-06-10 18:39:13,770	TRACE	evk.IxanaEVK._read	RETURN bytearray(b' \x00\x00\x00@B\x0f\x00\x00\x00\x00\x00}\x01\x00\x00\x03\x00\x00\x00\x00}\x01\x00\x0f\x00\x00\x00<\x00\xdb\x00')
2024-06-10 18:39:13,770	TRACE	evk.IxanaEVK.data_rd	RETURN (<MODE.STATS_RX: 2>, bytearray(b' \x00\x00\x00@B\x0f\x00\x00\x00\x00\x00}\x01\x00\x00\x03\x00\x00\x00\x00}\x01\x00\x0f\x00\x00\x00<\x00\xdb\x00'))
2024-06-10 18:39:13,773	DEBUG	urllib3.connectionpool._new_conn	Starting new HTTP connection (1): 3.25.191.180:80
2024-06-10 18:39:15,019	DEBUG	urllib3.connectionpool._make_request	http://3.25.191.180:80 "POST /processdev HTTP/1.1" 200 293
2024-06-10 18:39:16,031	TRACE	evk.IxanaEVK.data_rd	CALL *() **{}
2024-06-10 18:39:16,031	TRACE	evk.IxanaEVK.rd8	CALL *() **{}
2024-06-10 18:39:16,031	TRACE	evk.IxanaEVK._read	CALL *(1,) **{}
2024-06-10 18:39:16,031	TRACE	evk.IxanaEVK._read	RETURN bytearray(b'\x01')
2024-06-10 18:39:16,031	TRACE	evk.IxanaEVK.rd8	RETURN 1
2024-06-10 18:39:16,031	TRACE	evk.IxanaEVK.rd8	CALL *() **{}
2024-06-10 18:39:16,031	TRACE	evk.IxanaEVK._read	CALL *(1,) **{}
2024-06-10 18:39:16,031	TRACE	evk.IxanaEVK._read	RETURN bytearray(b'\x02')
2024-06-10 18:39:16,032	TRACE	evk.IxanaEVK.rd8	RETURN 2
2024-06-10 18:39:16,032	TRACE	evk.IxanaEVK.rd8	CALL *() **{}
2024-06-10 18:39:16,032	TRACE	evk.IxanaEVK._read	CALL *(1,) **{}
2024-06-10 18:39:16,032	TRACE	evk.IxanaEVK._read	RETURN bytearray(b' ')
2024-06-10 18:39:16,032	TRACE	evk.IxanaEVK.rd8	RETURN 32
2024-06-10 18:39:16,032	TRACE	evk.IxanaEVK._read	CALL *(32,) **{}
2024-06-10 18:39:16,032	TRACE	evk.IxanaEVK._read	RETURN bytearray(b' \x00\x00\x00@B\x0f\x00\x01\x00\x00\x00|\x01\x00\x00\x03\x00\x00\x00\x00|\x01\x00\t\x00\x00\x00=\x00\xdb\x00')
2024-06-10 18:39:16,032	TRACE	evk.IxanaEVK.data_rd	RETURN (<MODE.STATS_RX: 2>, bytearray(b' \x00\x00\x00@B\x0f\x00\x01\x00\x00\x00|\x01\x00\x00\x03\x00\x00\x00\x00|\x01\x00\t\x00\x00\x00=\x00\xdb\x00'))
2024-06-10 18:39:16,037	DEBUG	urllib3.connectionpool._new_conn	Starting new HTTP connection (1): 3.25.191.180:80
2024-06-10 18:39:17,380	DEBUG	urllib3.connectionpool._make_request	http://3.25.191.180:80 "POST /processdev HTTP/1.1" 200 291
2024-06-10 18:39:18,387	TRACE	evk.IxanaEVK.data_rd	CALL *() **{}
2024-06-10 18:39:18,387	TRACE	evk.IxanaEVK.rd8	CALL *() **{}
2024-06-10 18:39:18,387	TRACE	evk.IxanaEVK._read	CALL *(1,) **{}
2024-06-10 18:39:18,387	TRACE	evk.IxanaEVK._read	RETURN bytearray(b'\x01')
2024-06-10 18:39:18,387	TRACE	evk.IxanaEVK.rd8	RETURN 1
2024-06-10 18:39:18,387	TRACE	evk.IxanaEVK.rd8	CALL *() **{}
2024-06-10 18:39:18,387	TRACE	evk.IxanaEVK._read	CALL *(1,) **{}
2024-06-10 18:39:18,387	TRACE	evk.IxanaEVK._read	RETURN bytearray(b'\x02')
2024-06-10 18:39:18,387	TRACE	evk.IxanaEVK.rd8	RETURN 2
2024-06-10 18:39:18,387	TRACE	evk.IxanaEVK.rd8	CALL *() **{}
2024-06-10 18:39:18,387	TRACE	evk.IxanaEVK._read	CALL *(1,) **{}
2024-06-10 18:39:18,387	TRACE	evk.IxanaEVK._read	RETURN bytearray(b' ')
2024-06-10 18:39:18,387	TRACE	evk.IxanaEVK.rd8	RETURN 32
2024-06-10 18:39:18,387	TRACE	evk.IxanaEVK._read	CALL *(32,) **{}
2024-06-10 18:39:18,387	TRACE	evk.IxanaEVK._read	RETURN bytearray(b' \x00\x00\x00@B\x0f\x00\x00\x00\x00\x00}\x01\x00\x00\x03\x00\x00\x00\x00}\x01\x00\x06\x00\x00\x00=\x00\xdb\x00')
2024-06-10 18:39:18,387	TRACE	evk.IxanaEVK.data_rd	RETURN (<MODE.STATS_RX: 2>, bytearray(b' \x00\x00\x00@B\x0f\x00\x00\x00\x00\x00}\x01\x00\x00\x03\x00\x00\x00\x00}\x01\x00\x06\x00\x00\x00=\x00\xdb\x00'))
2024-06-10 18:39:18,391	DEBUG	urllib3.connectionpool._new_conn	Starting new HTTP connection (1): 3.25.191.180:80
2024-06-10 18:39:19,732	DEBUG	urllib3.connectionpool._make_request	http://3.25.191.180:80 "POST /processdev HTTP/1.1" 200 292
2024-06-10 18:39:20,738	TRACE	evk.IxanaEVK.data_rd	CALL *() **{}
2024-06-10 18:39:20,738	TRACE	evk.IxanaEVK.rd8	CALL *() **{}
2024-06-10 18:39:20,738	TRACE	evk.IxanaEVK._read	CALL *(1,) **{}
2024-06-10 18:39:20,739	TRACE	evk.IxanaEVK._read	RETURN bytearray(b'\x01')
2024-06-10 18:39:20,739	TRACE	evk.IxanaEVK.rd8	RETURN 1
2024-06-10 18:39:20,739	TRACE	evk.IxanaEVK.rd8	CALL *() **{}
2024-06-10 18:39:20,739	TRACE	evk.IxanaEVK._read	CALL *(1,) **{}
2024-06-10 18:39:20,739	TRACE	evk.IxanaEVK._read	RETURN bytearray(b'\x02')
2024-06-10 18:39:20,739	TRACE	evk.IxanaEVK.rd8	RETURN 2
2024-06-10 18:39:20,739	TRACE	evk.IxanaEVK.rd8	CALL *() **{}
2024-06-10 18:39:20,739	TRACE	evk.IxanaEVK._read	CALL *(1,) **{}
2024-06-10 18:39:20,739	TRACE	evk.IxanaEVK._read	RETURN bytearray(b' ')
2024-06-10 18:39:20,739	TRACE	evk.IxanaEVK.rd8	RETURN 32
2024-06-10 18:39:20,739	TRACE	evk.IxanaEVK._read	CALL *(32,) **{}
2024-06-10 18:39:20,739	TRACE	evk.IxanaEVK._read	RETURN bytearray(b' \x00\x00\x00@B\x0f\x00\x00\x00\x00\x00~\x01\x00\x00\x02\x00\x00\x00\x00~\x01\x00\x04\x00\x00\x00?\x00\xdb\x00')
2024-06-10 18:39:20,739	TRACE	evk.IxanaEVK.data_rd	RETURN (<MODE.STATS_RX: 2>, bytearray(b' \x00\x00\x00@B\x0f\x00\x00\x00\x00\x00~\x01\x00\x00\x02\x00\x00\x00\x00~\x01\x00\x04\x00\x00\x00?\x00\xdb\x00'))
2024-06-10 18:39:20,742	DEBUG	urllib3.connectionpool._new_conn	Starting new HTTP connection (1): 3.25.191.180:80
2024-06-10 18:39:22,087	DEBUG	urllib3.connectionpool._make_request	http://3.25.191.180:80 "POST /processdev HTTP/1.1" 200 289
2024-06-10 18:39:23,095	TRACE	evk.IxanaEVK.data_rd	CALL *() **{}
2024-06-10 18:39:23,095	TRACE	evk.IxanaEVK.rd8	CALL *() **{}
2024-06-10 18:39:23,095	TRACE	evk.IxanaEVK._read	CALL *(1,) **{}
2024-06-10 18:39:23,095	TRACE	evk.IxanaEVK._read	RETURN bytearray(b'\x01')
2024-06-10 18:39:23,095	TRACE	evk.IxanaEVK.rd8	RETURN 1
2024-06-10 18:39:23,096	TRACE	evk.IxanaEVK.rd8	CALL *() **{}
2024-06-10 18:39:23,096	TRACE	evk.IxanaEVK._read	CALL *(1,) **{}
2024-06-10 18:39:23,096	TRACE	evk.IxanaEVK._read	RETURN bytearray(b'\x02')
2024-06-10 18:39:23,096	TRACE	evk.IxanaEVK.rd8	RETURN 2
2024-06-10 18:39:23,096	TRACE	evk.IxanaEVK.rd8	CALL *() **{}
2024-06-10 18:39:23,096	TRACE	evk.IxanaEVK._read	CALL *(1,) **{}
2024-06-10 18:39:23,096	TRACE	evk.IxanaEVK._read	RETURN bytearray(b' ')
2024-06-10 18:39:23,096	TRACE	evk.IxanaEVK.rd8	RETURN 32
2024-06-10 18:39:23,096	TRACE	evk.IxanaEVK._read	CALL *(32,) **{}
2024-06-10 18:39:23,096	TRACE	evk.IxanaEVK._read	RETURN bytearray(b' \x00\x00\x00@B\x0f\x00\x00\x00\x00\x00~\x01\x00\x00\x01\x00\x00\x00\x00~\x01\x00\x03\x00\x00\x00A\x00\xdb\x00')
2024-06-10 18:39:23,096	TRACE	evk.IxanaEVK.data_rd	RETURN (<MODE.STATS_RX: 2>, bytearray(b' \x00\x00\x00@B\x0f\x00\x00\x00\x00\x00~\x01\x00\x00\x01\x00\x00\x00\x00~\x01\x00\x03\x00\x00\x00A\x00\xdb\x00'))
2024-06-10 18:39:23,101	DEBUG	urllib3.connectionpool._new_conn	Starting new HTTP connection (1): 3.25.191.180:80
2024-06-10 18:39:24,335	DEBUG	urllib3.connectionpool._make_request	http://3.25.191.180:80 "POST /processdev HTTP/1.1" 200 291
2024-06-10 18:39:25,348	TRACE	evk.IxanaEVK.data_rd	CALL *() **{}
2024-06-10 18:39:25,348	TRACE	evk.IxanaEVK.rd8	CALL *() **{}
2024-06-10 18:39:25,348	TRACE	evk.IxanaEVK._read	CALL *(1,) **{}
2024-06-10 18:39:25,348	TRACE	evk.IxanaEVK._read	RETURN bytearray(b'\x01')
2024-06-10 18:39:25,348	TRACE	evk.IxanaEVK.rd8	RETURN 1
2024-06-10 18:39:25,348	TRACE	evk.IxanaEVK.rd8	CALL *() **{}
2024-06-10 18:39:25,348	TRACE	evk.IxanaEVK._read	CALL *(1,) **{}
2024-06-10 18:39:25,348	TRACE	evk.IxanaEVK._read	RETURN bytearray(b'\x02')
2024-06-10 18:39:25,348	TRACE	evk.IxanaEVK.rd8	RETURN 2
2024-06-10 18:39:25,348	TRACE	evk.IxanaEVK.rd8	CALL *() **{}
2024-06-10 18:39:25,348	TRACE	evk.IxanaEVK._read	CALL *(1,) **{}
2024-06-10 18:39:25,348	TRACE	evk.IxanaEVK._read	RETURN bytearray(b' ')
2024-06-10 18:39:25,348	TRACE	evk.IxanaEVK.rd8	RETURN 32
2024-06-10 18:39:25,348	TRACE	evk.IxanaEVK._read	CALL *(32,) **{}
2024-06-10 18:39:25,348	TRACE	evk.IxanaEVK._read	RETURN bytearray(b' \x00\x00\x00@B\x0f\x00\x02\x00\x00\x00|\x01\x00\x00\x01\x00\x00\x00\x00|\x01\x00\x02\x00\x00\x00B\x00\xdb\x00')
2024-06-10 18:39:25,348	TRACE	evk.IxanaEVK.data_rd	RETURN (<MODE.STATS_RX: 2>, bytearray(b' \x00\x00\x00@B\x0f\x00\x02\x00\x00\x00|\x01\x00\x00\x01\x00\x00\x00\x00|\x01\x00\x02\x00\x00\x00B\x00\xdb\x00'))
2024-06-10 18:39:25,348	DEBUG	urllib3.connectionpool._new_conn	Starting new HTTP connection (1): 3.25.191.180:80
2024-06-10 18:39:26,695	DEBUG	urllib3.connectionpool._make_request	http://3.25.191.180:80 "POST /processdev HTTP/1.1" 200 289
2024-06-10 18:39:27,703	TRACE	evk.IxanaEVK.data_rd	CALL *() **{}
2024-06-10 18:39:27,703	TRACE	evk.IxanaEVK.rd8	CALL *() **{}
2024-06-10 18:39:27,703	TRACE	evk.IxanaEVK._read	CALL *(1,) **{}
2024-06-10 18:39:27,703	TRACE	evk.IxanaEVK._read	RETURN bytearray(b'\x01')
2024-06-10 18:39:27,703	TRACE	evk.IxanaEVK.rd8	RETURN 1
2024-06-10 18:39:27,703	TRACE	evk.IxanaEVK.rd8	CALL *() **{}
2024-06-10 18:39:27,703	TRACE	evk.IxanaEVK._read	CALL *(1,) **{}
2024-06-10 18:39:27,703	TRACE	evk.IxanaEVK._read	RETURN bytearray(b'\x02')
2024-06-10 18:39:27,703	TRACE	evk.IxanaEVK.rd8	RETURN 2
2024-06-10 18:39:27,703	TRACE	evk.IxanaEVK.rd8	CALL *() **{}
2024-06-10 18:39:27,703	TRACE	evk.IxanaEVK._read	CALL *(1,) **{}
2024-06-10 18:39:27,703	TRACE	evk.IxanaEVK._read	RETURN bytearray(b' ')
2024-06-10 18:39:27,703	TRACE	evk.IxanaEVK.rd8	RETURN 32
2024-06-10 18:39:27,703	TRACE	evk.IxanaEVK._read	CALL *(32,) **{}
2024-06-10 18:39:27,703	TRACE	evk.IxanaEVK._read	RETURN bytearray(b' \x00\x00\x00@B\x0f\x00\x00\x00\x00\x00~\x01\x00\x00\x04\x00\x00\x00\x00~\x01\x00\x05\x00\x00\x00B\x00\xdb\x00')
2024-06-10 18:39:27,703	TRACE	evk.IxanaEVK.data_rd	RETURN (<MODE.STATS_RX: 2>, bytearray(b' \x00\x00\x00@B\x0f\x00\x00\x00\x00\x00~\x01\x00\x00\x04\x00\x00\x00\x00~\x01\x00\x05\x00\x00\x00B\x00\xdb\x00'))
2024-06-10 18:39:27,703	DEBUG	urllib3.connectionpool._new_conn	Starting new HTTP connection (1): 3.25.191.180:80
2024-06-10 18:39:28,950	DEBUG	urllib3.connectionpool._make_request	http://3.25.191.180:80 "POST /processdev HTTP/1.1" 200 289
2024-06-10 18:39:29,957	TRACE	evk.IxanaEVK.data_rd	CALL *() **{}
2024-06-10 18:39:29,957	TRACE	evk.IxanaEVK.rd8	CALL *() **{}
2024-06-10 18:39:29,957	TRACE	evk.IxanaEVK._read	CALL *(1,) **{}
2024-06-10 18:39:29,957	TRACE	evk.IxanaEVK._read	RETURN bytearray(b'\x01')
2024-06-10 18:39:29,957	TRACE	evk.IxanaEVK.rd8	RETURN 1
2024-06-10 18:39:29,957	TRACE	evk.IxanaEVK.rd8	CALL *() **{}
2024-06-10 18:39:29,957	TRACE	evk.IxanaEVK._read	CALL *(1,) **{}
2024-06-10 18:39:29,957	TRACE	evk.IxanaEVK._read	RETURN bytearray(b'\x02')
2024-06-10 18:39:29,957	TRACE	evk.IxanaEVK.rd8	RETURN 2
2024-06-10 18:39:29,957	TRACE	evk.IxanaEVK.rd8	CALL *() **{}
2024-06-10 18:39:29,957	TRACE	evk.IxanaEVK._read	CALL *(1,) **{}
2024-06-10 18:39:29,957	TRACE	evk.IxanaEVK._read	RETURN bytearray(b' ')
2024-06-10 18:39:29,957	TRACE	evk.IxanaEVK.rd8	RETURN 32
2024-06-10 18:39:29,957	TRACE	evk.IxanaEVK._read	CALL *(32,) **{}
2024-06-10 18:39:29,957	TRACE	evk.IxanaEVK._read	RETURN bytearray(b' \x00\x00\x00@B\x0f\x00\x00\x00\x00\x00~\x01\x00\x00\x01\x00\x00\x00\x00~\x01\x00\x03\x00\x00\x00D\x00\xdb\x00')
2024-06-10 18:39:29,957	TRACE	evk.IxanaEVK.data_rd	RETURN (<MODE.STATS_RX: 2>, bytearray(b' \x00\x00\x00@B\x0f\x00\x00\x00\x00\x00~\x01\x00\x00\x01\x00\x00\x00\x00~\x01\x00\x03\x00\x00\x00D\x00\xdb\x00'))
2024-06-10 18:39:29,961	DEBUG	urllib3.connectionpool._new_conn	Starting new HTTP connection (1): 3.25.191.180:80
2024-06-10 18:39:31,203	DEBUG	urllib3.connectionpool._make_request	http://3.25.191.180:80 "POST /processdev HTTP/1.1" 200 292
2024-06-10 18:39:32,212	TRACE	evk.IxanaEVK.data_rd	CALL *() **{}
2024-06-10 18:39:32,212	TRACE	evk.IxanaEVK.rd8	CALL *() **{}
2024-06-10 18:39:32,212	TRACE	evk.IxanaEVK._read	CALL *(1,) **{}
2024-06-10 18:39:32,212	TRACE	evk.IxanaEVK._read	RETURN bytearray(b'\x01')
2024-06-10 18:39:32,212	TRACE	evk.IxanaEVK.rd8	RETURN 1
2024-06-10 18:39:32,212	TRACE	evk.IxanaEVK.rd8	CALL *() **{}
2024-06-10 18:39:32,212	TRACE	evk.IxanaEVK._read	CALL *(1,) **{}
2024-06-10 18:39:32,212	TRACE	evk.IxanaEVK._read	RETURN bytearray(b'\x02')
2024-06-10 18:39:32,212	TRACE	evk.IxanaEVK.rd8	RETURN 2
2024-06-10 18:39:32,212	TRACE	evk.IxanaEVK.rd8	CALL *() **{}
2024-06-10 18:39:32,212	TRACE	evk.IxanaEVK._read	CALL *(1,) **{}
2024-06-10 18:39:32,212	TRACE	evk.IxanaEVK._read	RETURN bytearray(b' ')
2024-06-10 18:39:32,212	TRACE	evk.IxanaEVK.rd8	RETURN 32
2024-06-10 18:39:32,212	TRACE	evk.IxanaEVK._read	CALL *(32,) **{}
2024-06-10 18:39:32,212	TRACE	evk.IxanaEVK._read	RETURN bytearray(b' \x00\x00\x00@B\x0f\x00\x00\x00\x00\x00~\x01\x00\x00\x02\x00\x00\x00\x00~\x01\x00\x07\x00\x00\x00D\x00\xdb\x00')
2024-06-10 18:39:32,212	TRACE	evk.IxanaEVK.data_rd	RETURN (<MODE.STATS_RX: 2>, bytearray(b' \x00\x00\x00@B\x0f\x00\x00\x00\x00\x00~\x01\x00\x00\x02\x00\x00\x00\x00~\x01\x00\x07\x00\x00\x00D\x00\xdb\x00'))
2024-06-10 18:39:32,213	DEBUG	urllib3.connectionpool._new_conn	Starting new HTTP connection (1): 3.25.191.180:80
2024-06-10 18:39:33,424	DEBUG	urllib3.connectionpool._make_request	http://3.25.191.180:80 "POST /processdev HTTP/1.1" 200 292
2024-06-10 18:39:34,441	TRACE	evk.IxanaEVK.data_rd	CALL *() **{}
2024-06-10 18:39:34,441	TRACE	evk.IxanaEVK.rd8	CALL *() **{}
2024-06-10 18:39:34,441	TRACE	evk.IxanaEVK._read	CALL *(1,) **{}
2024-06-10 18:39:34,441	TRACE	evk.IxanaEVK._read	RETURN bytearray(b'\x01')
2024-06-10 18:39:34,441	TRACE	evk.IxanaEVK.rd8	RETURN 1
2024-06-10 18:39:34,441	TRACE	evk.IxanaEVK.rd8	CALL *() **{}
2024-06-10 18:39:34,441	TRACE	evk.IxanaEVK._read	CALL *(1,) **{}
2024-06-10 18:39:34,441	TRACE	evk.IxanaEVK._read	RETURN bytearray(b'\x02')
2024-06-10 18:39:34,441	TRACE	evk.IxanaEVK.rd8	RETURN 2
2024-06-10 18:39:34,441	TRACE	evk.IxanaEVK.rd8	CALL *() **{}
2024-06-10 18:39:34,441	TRACE	evk.IxanaEVK._read	CALL *(1,) **{}
2024-06-10 18:39:34,441	TRACE	evk.IxanaEVK._read	RETURN bytearray(b' ')
2024-06-10 18:39:34,441	TRACE	evk.IxanaEVK.rd8	RETURN 32
2024-06-10 18:39:34,441	TRACE	evk.IxanaEVK._read	CALL *(32,) **{}
2024-06-10 18:39:34,443	TRACE	evk.IxanaEVK._read	RETURN bytearray(b' \x00\x00\x00@B\x0f\x00\x01\x00\x00\x00}\x01\x00\x00\x03\x00\x00\x00\x00}\x01\x00\n\x00\x00\x00D\x00\xdb\x00')
2024-06-10 18:39:34,443	TRACE	evk.IxanaEVK.data_rd	RETURN (<MODE.STATS_RX: 2>, bytearray(b' \x00\x00\x00@B\x0f\x00\x01\x00\x00\x00}\x01\x00\x00\x03\x00\x00\x00\x00}\x01\x00\n\x00\x00\x00D\x00\xdb\x00'))
2024-06-10 18:39:34,443	DEBUG	urllib3.connectionpool._new_conn	Starting new HTTP connection (1): 3.25.191.180:80
2024-06-10 18:39:35,659	DEBUG	urllib3.connectionpool._make_request	http://3.25.191.180:80 "POST /processdev HTTP/1.1" 200 293
2024-06-10 18:39:36,667	TRACE	evk.IxanaEVK.data_rd	CALL *() **{}
2024-06-10 18:39:36,667	TRACE	evk.IxanaEVK.rd8	CALL *() **{}
2024-06-10 18:39:36,667	TRACE	evk.IxanaEVK._read	CALL *(1,) **{}
2024-06-10 18:39:36,667	TRACE	evk.IxanaEVK._read	RETURN bytearray(b'\x01')
2024-06-10 18:39:36,667	TRACE	evk.IxanaEVK.rd8	RETURN 1
2024-06-10 18:39:36,667	TRACE	evk.IxanaEVK.rd8	CALL *() **{}
2024-06-10 18:39:36,667	TRACE	evk.IxanaEVK._read	CALL *(1,) **{}
2024-06-10 18:39:36,667	TRACE	evk.IxanaEVK._read	RETURN bytearray(b'\x02')
2024-06-10 18:39:36,667	TRACE	evk.IxanaEVK.rd8	RETURN 2
2024-06-10 18:39:36,667	TRACE	evk.IxanaEVK.rd8	CALL *() **{}
2024-06-10 18:39:36,667	TRACE	evk.IxanaEVK._read	CALL *(1,) **{}
2024-06-10 18:39:36,667	TRACE	evk.IxanaEVK._read	RETURN bytearray(b' ')
2024-06-10 18:39:36,668	TRACE	evk.IxanaEVK.rd8	RETURN 32
2024-06-10 18:39:36,668	TRACE	evk.IxanaEVK._read	CALL *(32,) **{}
2024-06-10 18:39:36,668	TRACE	evk.IxanaEVK._read	RETURN bytearray(b' \x00\x00\x00@B\x0f\x00\x01\x00\x00\x00}\x01\x00\x00\x02\x00\x00\x00\x00}\x01\x00\x02\x00\x00\x00C\x00\xdb\x00')
2024-06-10 18:39:36,668	TRACE	evk.IxanaEVK.data_rd	RETURN (<MODE.STATS_RX: 2>, bytearray(b' \x00\x00\x00@B\x0f\x00\x01\x00\x00\x00}\x01\x00\x00\x02\x00\x00\x00\x00}\x01\x00\x02\x00\x00\x00C\x00\xdb\x00'))
2024-06-10 18:39:36,668	DEBUG	urllib3.connectionpool._new_conn	Starting new HTTP connection (1): 3.25.191.180:80
2024-06-10 18:39:37,975	DEBUG	urllib3.connectionpool._make_request	http://3.25.191.180:80 "POST /processdev HTTP/1.1" 200 292
2024-06-10 18:39:38,982	TRACE	evk.IxanaEVK.data_rd	CALL *() **{}
2024-06-10 18:39:38,982	TRACE	evk.IxanaEVK.rd8	CALL *() **{}
2024-06-10 18:39:38,982	TRACE	evk.IxanaEVK._read	CALL *(1,) **{}
2024-06-10 18:39:38,982	TRACE	evk.IxanaEVK._read	RETURN bytearray(b'\x01')
2024-06-10 18:39:38,982	TRACE	evk.IxanaEVK.rd8	RETURN 1
2024-06-10 18:39:38,982	TRACE	evk.IxanaEVK.rd8	CALL *() **{}
2024-06-10 18:39:38,982	TRACE	evk.IxanaEVK._read	CALL *(1,) **{}
2024-06-10 18:39:38,982	TRACE	evk.IxanaEVK._read	RETURN bytearray(b'\x02')
2024-06-10 18:39:38,982	TRACE	evk.IxanaEVK.rd8	RETURN 2
2024-06-10 18:39:38,982	TRACE	evk.IxanaEVK.rd8	CALL *() **{}
2024-06-10 18:39:38,982	TRACE	evk.IxanaEVK._read	CALL *(1,) **{}
2024-06-10 18:39:38,982	TRACE	evk.IxanaEVK._read	RETURN bytearray(b' ')
2024-06-10 18:39:38,982	TRACE	evk.IxanaEVK.rd8	RETURN 32
2024-06-10 18:39:38,982	TRACE	evk.IxanaEVK._read	CALL *(32,) **{}
2024-06-10 18:39:38,982	TRACE	evk.IxanaEVK._read	RETURN bytearray(b' \x00\x00\x00@B\x0f\x00\x01\x00\x00\x00}\x01\x00\x00\x01\x00\x00\x00\x00}\x01\x00\x01\x00\x00\x00D\x00\xdb\x00')
2024-06-10 18:39:38,982	TRACE	evk.IxanaEVK.data_rd	RETURN (<MODE.STATS_RX: 2>, bytearray(b' \x00\x00\x00@B\x0f\x00\x01\x00\x00\x00}\x01\x00\x00\x01\x00\x00\x00\x00}\x01\x00\x01\x00\x00\x00D\x00\xdb\x00'))
2024-06-10 18:39:38,986	DEBUG	urllib3.connectionpool._new_conn	Starting new HTTP connection (1): 3.25.191.180:80
2024-06-10 18:39:40,316	DEBUG	urllib3.connectionpool._make_request	http://3.25.191.180:80 "POST /processdev HTTP/1.1" 200 294
2024-06-10 18:39:41,329	TRACE	evk.IxanaEVK.data_rd	CALL *() **{}
2024-06-10 18:39:41,329	TRACE	evk.IxanaEVK.rd8	CALL *() **{}
2024-06-10 18:39:41,329	TRACE	evk.IxanaEVK._read	CALL *(1,) **{}
2024-06-10 18:39:41,329	TRACE	evk.IxanaEVK._read	RETURN bytearray(b'\x01')
2024-06-10 18:39:41,329	TRACE	evk.IxanaEVK.rd8	RETURN 1
2024-06-10 18:39:41,329	TRACE	evk.IxanaEVK.rd8	CALL *() **{}
2024-06-10 18:39:41,329	TRACE	evk.IxanaEVK._read	CALL *(1,) **{}
2024-06-10 18:39:41,329	TRACE	evk.IxanaEVK._read	RETURN bytearray(b'\x02')
2024-06-10 18:39:41,329	TRACE	evk.IxanaEVK.rd8	RETURN 2
2024-06-10 18:39:41,329	TRACE	evk.IxanaEVK.rd8	CALL *() **{}
2024-06-10 18:39:41,329	TRACE	evk.IxanaEVK._read	CALL *(1,) **{}
2024-06-10 18:39:41,329	TRACE	evk.IxanaEVK._read	RETURN bytearray(b' ')
2024-06-10 18:39:41,329	TRACE	evk.IxanaEVK.rd8	RETURN 32
2024-06-10 18:39:41,329	TRACE	evk.IxanaEVK._read	CALL *(32,) **{}
2024-06-10 18:39:41,329	TRACE	evk.IxanaEVK._read	RETURN bytearray(b' \x00\x00\x00@B\x0f\x00\x02\x00\x00\x00|\x01\x00\x00\x02\x00\x00\x00\x00|\x01\x00\x07\x00\x00\x00D\x00\xdb\x00')
2024-06-10 18:39:41,329	TRACE	evk.IxanaEVK.data_rd	RETURN (<MODE.STATS_RX: 2>, bytearray(b' \x00\x00\x00@B\x0f\x00\x02\x00\x00\x00|\x01\x00\x00\x02\x00\x00\x00\x00|\x01\x00\x07\x00\x00\x00D\x00\xdb\x00'))
2024-06-10 18:39:41,333	DEBUG	urllib3.connectionpool._new_conn	Starting new HTTP connection (1): 3.25.191.180:80
2024-06-10 18:39:42,559	DEBUG	urllib3.connectionpool._make_request	http://3.25.191.180:80 "POST /processdev HTTP/1.1" 200 292
2024-06-10 18:39:43,577	TRACE	evk.IxanaEVK.data_rd	CALL *() **{}
2024-06-10 18:39:43,577	TRACE	evk.IxanaEVK.rd8	CALL *() **{}
2024-06-10 18:39:43,577	TRACE	evk.IxanaEVK._read	CALL *(1,) **{}
2024-06-10 18:39:43,577	TRACE	evk.IxanaEVK._read	RETURN bytearray(b'\x01')
2024-06-10 18:39:43,577	TRACE	evk.IxanaEVK.rd8	RETURN 1
2024-06-10 18:39:43,577	TRACE	evk.IxanaEVK.rd8	CALL *() **{}
2024-06-10 18:39:43,577	TRACE	evk.IxanaEVK._read	CALL *(1,) **{}
2024-06-10 18:39:43,577	TRACE	evk.IxanaEVK._read	RETURN bytearray(b'\x02')
2024-06-10 18:39:43,577	TRACE	evk.IxanaEVK.rd8	RETURN 2
2024-06-10 18:39:43,577	TRACE	evk.IxanaEVK.rd8	CALL *() **{}
2024-06-10 18:39:43,577	TRACE	evk.IxanaEVK._read	CALL *(1,) **{}
2024-06-10 18:39:43,577	TRACE	evk.IxanaEVK._read	RETURN bytearray(b' ')
2024-06-10 18:39:43,577	TRACE	evk.IxanaEVK.rd8	RETURN 32
2024-06-10 18:39:43,577	TRACE	evk.IxanaEVK._read	CALL *(32,) **{}
2024-06-10 18:39:43,577	TRACE	evk.IxanaEVK._read	RETURN bytearray(b' \x00\x00\x00@B\x0f\x00\x00\x00\x00\x00~\x01\x00\x00\x05\x00\x00\x00\x00~\x01\x00\x0b\x00\x00\x00E\x00\xdb\x00')
2024-06-10 18:39:43,577	TRACE	evk.IxanaEVK.data_rd	RETURN (<MODE.STATS_RX: 2>, bytearray(b' \x00\x00\x00@B\x0f\x00\x00\x00\x00\x00~\x01\x00\x00\x05\x00\x00\x00\x00~\x01\x00\x0b\x00\x00\x00E\x00\xdb\x00'))
2024-06-10 18:39:43,577	DEBUG	urllib3.connectionpool._new_conn	Starting new HTTP connection (1): 3.25.191.180:80
2024-06-10 18:39:44,923	DEBUG	urllib3.connectionpool._make_request	http://3.25.191.180:80 "POST /processdev HTTP/1.1" 200 292
2024-06-10 18:39:45,931	TRACE	evk.IxanaEVK.data_rd	CALL *() **{}
2024-06-10 18:39:45,931	TRACE	evk.IxanaEVK.rd8	CALL *() **{}
2024-06-10 18:39:45,931	TRACE	evk.IxanaEVK._read	CALL *(1,) **{}
2024-06-10 18:39:45,931	TRACE	evk.IxanaEVK._read	RETURN bytearray(b'\x01')
2024-06-10 18:39:45,931	TRACE	evk.IxanaEVK.rd8	RETURN 1
2024-06-10 18:39:45,931	TRACE	evk.IxanaEVK.rd8	CALL *() **{}
2024-06-10 18:39:45,931	TRACE	evk.IxanaEVK._read	CALL *(1,) **{}
2024-06-10 18:39:45,931	TRACE	evk.IxanaEVK._read	RETURN bytearray(b'\x02')
2024-06-10 18:39:45,931	TRACE	evk.IxanaEVK.rd8	RETURN 2
2024-06-10 18:39:45,931	TRACE	evk.IxanaEVK.rd8	CALL *() **{}
2024-06-10 18:39:45,931	TRACE	evk.IxanaEVK._read	CALL *(1,) **{}
2024-06-10 18:39:45,931	TRACE	evk.IxanaEVK._read	RETURN bytearray(b' ')
2024-06-10 18:39:45,931	TRACE	evk.IxanaEVK.rd8	RETURN 32
2024-06-10 18:39:45,931	TRACE	evk.IxanaEVK._read	CALL *(32,) **{}
2024-06-10 18:39:45,931	TRACE	evk.IxanaEVK._read	RETURN bytearray(b' \x00\x00\x00@B\x0f\x00\x01\x00\x00\x00}\x01\x00\x00\x01\x00\x00\x00\x00}\x01\x00\x02\x00\x00\x00E\x00\xdb\x00')
2024-06-10 18:39:45,931	TRACE	evk.IxanaEVK.data_rd	RETURN (<MODE.STATS_RX: 2>, bytearray(b' \x00\x00\x00@B\x0f\x00\x01\x00\x00\x00}\x01\x00\x00\x01\x00\x00\x00\x00}\x01\x00\x02\x00\x00\x00E\x00\xdb\x00'))
2024-06-10 18:39:45,931	DEBUG	urllib3.connectionpool._new_conn	Starting new HTTP connection (1): 3.25.191.180:80
2024-06-10 18:39:47,167	DEBUG	urllib3.connectionpool._make_request	http://3.25.191.180:80 "POST /processdev HTTP/1.1" 200 294
2024-06-10 18:39:48,185	TRACE	evk.IxanaEVK.data_rd	CALL *() **{}
2024-06-10 18:39:48,185	TRACE	evk.IxanaEVK.rd8	CALL *() **{}
2024-06-10 18:39:48,185	TRACE	evk.IxanaEVK._read	CALL *(1,) **{}
2024-06-10 18:39:48,185	TRACE	evk.IxanaEVK._read	RETURN bytearray(b'\x01')
2024-06-10 18:39:48,185	TRACE	evk.IxanaEVK.rd8	RETURN 1
2024-06-10 18:39:48,185	TRACE	evk.IxanaEVK.rd8	CALL *() **{}
2024-06-10 18:39:48,185	TRACE	evk.IxanaEVK._read	CALL *(1,) **{}
2024-06-10 18:39:48,185	TRACE	evk.IxanaEVK._read	RETURN bytearray(b'\x02')
2024-06-10 18:39:48,185	TRACE	evk.IxanaEVK.rd8	RETURN 2
2024-06-10 18:39:48,185	TRACE	evk.IxanaEVK.rd8	CALL *() **{}
2024-06-10 18:39:48,185	TRACE	evk.IxanaEVK._read	CALL *(1,) **{}
2024-06-10 18:39:48,185	TRACE	evk.IxanaEVK._read	RETURN bytearray(b' ')
2024-06-10 18:39:48,185	TRACE	evk.IxanaEVK.rd8	RETURN 32
2024-06-10 18:39:48,185	TRACE	evk.IxanaEVK._read	CALL *(32,) **{}
2024-06-10 18:39:48,185	TRACE	evk.IxanaEVK._read	RETURN bytearray(b' \x00\x00\x00@B\x0f\x00\x01\x00\x00\x00|\x01\x00\x00\x02\x00\x00\x00\x00|\x01\x00\x03\x00\x00\x00E\x00\xdb\x00')
2024-06-10 18:39:48,185	TRACE	evk.IxanaEVK.data_rd	RETURN (<MODE.STATS_RX: 2>, bytearray(b' \x00\x00\x00@B\x0f\x00\x01\x00\x00\x00|\x01\x00\x00\x02\x00\x00\x00\x00|\x01\x00\x03\x00\x00\x00E\x00\xdb\x00'))
2024-06-10 18:39:48,190	DEBUG	urllib3.connectionpool._new_conn	Starting new HTTP connection (1): 3.25.191.180:80
2024-06-10 18:39:49,527	DEBUG	urllib3.connectionpool._make_request	http://3.25.191.180:80 "POST /processdev HTTP/1.1" 200 293
2024-06-10 18:39:50,543	TRACE	evk.IxanaEVK.data_rd	CALL *() **{}
2024-06-10 18:39:50,543	TRACE	evk.IxanaEVK.rd8	CALL *() **{}
2024-06-10 18:39:50,543	TRACE	evk.IxanaEVK._read	CALL *(1,) **{}
2024-06-10 18:39:50,543	TRACE	evk.IxanaEVK._read	RETURN bytearray(b'\x01')
2024-06-10 18:39:50,543	TRACE	evk.IxanaEVK.rd8	RETURN 1
2024-06-10 18:39:50,543	TRACE	evk.IxanaEVK.rd8	CALL *() **{}
2024-06-10 18:39:50,543	TRACE	evk.IxanaEVK._read	CALL *(1,) **{}
2024-06-10 18:39:50,543	TRACE	evk.IxanaEVK._read	RETURN bytearray(b'\x02')
2024-06-10 18:39:50,543	TRACE	evk.IxanaEVK.rd8	RETURN 2
2024-06-10 18:39:50,543	TRACE	evk.IxanaEVK.rd8	CALL *() **{}
2024-06-10 18:39:50,543	TRACE	evk.IxanaEVK._read	CALL *(1,) **{}
2024-06-10 18:39:50,543	TRACE	evk.IxanaEVK._read	RETURN bytearray(b' ')
2024-06-10 18:39:50,543	TRACE	evk.IxanaEVK.rd8	RETURN 32
2024-06-10 18:39:50,543	TRACE	evk.IxanaEVK._read	CALL *(32,) **{}
2024-06-10 18:39:50,543	TRACE	evk.IxanaEVK._read	RETURN bytearray(b' \x00\x00\x00@B\x0f\x00\x00\x00\x00\x00}\x01\x00\x00\x02\x00\x00\x00\x00}\x01\x00\x04\x00\x00\x00F\x00\xdb\x00')
2024-06-10 18:39:50,543	TRACE	evk.IxanaEVK.data_rd	RETURN (<MODE.STATS_RX: 2>, bytearray(b' \x00\x00\x00@B\x0f\x00\x00\x00\x00\x00}\x01\x00\x00\x02\x00\x00\x00\x00}\x01\x00\x04\x00\x00\x00F\x00\xdb\x00'))
2024-06-10 18:39:50,543	DEBUG	urllib3.connectionpool._new_conn	Starting new HTTP connection (1): 3.25.191.180:80
2024-06-10 18:39:51,887	DEBUG	urllib3.connectionpool._make_request	http://3.25.191.180:80 "POST /processdev HTTP/1.1" 200 292
2024-06-10 18:39:52,896	TRACE	evk.IxanaEVK.data_rd	CALL *() **{}
2024-06-10 18:39:52,896	TRACE	evk.IxanaEVK.rd8	CALL *() **{}
2024-06-10 18:39:52,896	TRACE	evk.IxanaEVK._read	CALL *(1,) **{}
2024-06-10 18:39:52,896	TRACE	evk.IxanaEVK._read	RETURN bytearray(b'\x01')
2024-06-10 18:39:52,896	TRACE	evk.IxanaEVK.rd8	RETURN 1
2024-06-10 18:39:52,896	TRACE	evk.IxanaEVK.rd8	CALL *() **{}
2024-06-10 18:39:52,896	TRACE	evk.IxanaEVK._read	CALL *(1,) **{}
2024-06-10 18:39:52,896	TRACE	evk.IxanaEVK._read	RETURN bytearray(b'\x02')
2024-06-10 18:39:52,896	TRACE	evk.IxanaEVK.rd8	RETURN 2
2024-06-10 18:39:52,896	TRACE	evk.IxanaEVK.rd8	CALL *() **{}
2024-06-10 18:39:52,896	TRACE	evk.IxanaEVK._read	CALL *(1,) **{}
2024-06-10 18:39:52,896	TRACE	evk.IxanaEVK._read	RETURN bytearray(b' ')
2024-06-10 18:39:52,896	TRACE	evk.IxanaEVK.rd8	RETURN 32
2024-06-10 18:39:52,896	TRACE	evk.IxanaEVK._read	CALL *(32,) **{}
2024-06-10 18:39:52,896	TRACE	evk.IxanaEVK._read	RETURN bytearray(b' \x00\x00\x00@B\x0f\x00\x02\x00\x00\x00{\x01\x00\x00\x03\x00\x00\x00\x00{\x01\x00\x05\x00\x00\x00D\x00\xdb\x00')
2024-06-10 18:39:52,896	TRACE	evk.IxanaEVK.data_rd	RETURN (<MODE.STATS_RX: 2>, bytearray(b' \x00\x00\x00@B\x0f\x00\x02\x00\x00\x00{\x01\x00\x00\x03\x00\x00\x00\x00{\x01\x00\x05\x00\x00\x00D\x00\xdb\x00'))
2024-06-10 18:39:52,896	DEBUG	urllib3.connectionpool._new_conn	Starting new HTTP connection (1): 3.25.191.180:80
2024-06-10 18:39:54,260	DEBUG	urllib3.connectionpool._make_request	http://3.25.191.180:80 "POST /processdev HTTP/1.1" 200 290
2024-06-10 18:39:55,273	TRACE	evk.IxanaEVK.data_rd	CALL *() **{}
2024-06-10 18:39:55,273	TRACE	evk.IxanaEVK.rd8	CALL *() **{}
2024-06-10 18:39:55,273	TRACE	evk.IxanaEVK._read	CALL *(1,) **{}
2024-06-10 18:39:55,273	TRACE	evk.IxanaEVK._read	RETURN bytearray(b'\x01')
2024-06-10 18:39:55,273	TRACE	evk.IxanaEVK.rd8	RETURN 1
2024-06-10 18:39:55,273	TRACE	evk.IxanaEVK.rd8	CALL *() **{}
2024-06-10 18:39:55,273	TRACE	evk.IxanaEVK._read	CALL *(1,) **{}
2024-06-10 18:39:55,273	TRACE	evk.IxanaEVK._read	RETURN bytearray(b'\x02')
2024-06-10 18:39:55,273	TRACE	evk.IxanaEVK.rd8	RETURN 2
2024-06-10 18:39:55,273	TRACE	evk.IxanaEVK.rd8	CALL *() **{}
2024-06-10 18:39:55,273	TRACE	evk.IxanaEVK._read	CALL *(1,) **{}
2024-06-10 18:39:55,273	TRACE	evk.IxanaEVK._read	RETURN bytearray(b' ')
2024-06-10 18:39:55,273	TRACE	evk.IxanaEVK.rd8	RETURN 32
2024-06-10 18:39:55,273	TRACE	evk.IxanaEVK._read	CALL *(32,) **{}
2024-06-10 18:39:55,273	TRACE	evk.IxanaEVK._read	RETURN bytearray(b' \x00\x00\x00@B\x0f\x00\x00\x00\x00\x00}\x01\x00\x00\x02\x00\x00\x00\x00}\x01\x00\x06\x00\x00\x00E\x00\xdb\x00')
2024-06-10 18:39:55,273	TRACE	evk.IxanaEVK.data_rd	RETURN (<MODE.STATS_RX: 2>, bytearray(b' \x00\x00\x00@B\x0f\x00\x00\x00\x00\x00}\x01\x00\x00\x02\x00\x00\x00\x00}\x01\x00\x06\x00\x00\x00E\x00\xdb\x00'))
2024-06-10 18:39:55,273	DEBUG	urllib3.connectionpool._new_conn	Starting new HTTP connection (1): 3.25.191.180:80
2024-06-10 18:39:56,909	DEBUG	urllib3.connectionpool._make_request	http://3.25.191.180:80 "POST /processdev HTTP/1.1" 200 293
2024-06-10 18:39:57,917	TRACE	evk.IxanaEVK.data_rd	CALL *() **{}
2024-06-10 18:39:57,917	TRACE	evk.IxanaEVK.rd8	CALL *() **{}
2024-06-10 18:39:57,917	TRACE	evk.IxanaEVK._read	CALL *(1,) **{}
2024-06-10 18:39:57,917	TRACE	evk.IxanaEVK._read	RETURN bytearray(b'\x01')
2024-06-10 18:39:57,917	TRACE	evk.IxanaEVK.rd8	RETURN 1
2024-06-10 18:39:57,917	TRACE	evk.IxanaEVK.rd8	CALL *() **{}
2024-06-10 18:39:57,917	TRACE	evk.IxanaEVK._read	CALL *(1,) **{}
2024-06-10 18:39:57,917	TRACE	evk.IxanaEVK._read	RETURN bytearray(b'\x02')
2024-06-10 18:39:57,917	TRACE	evk.IxanaEVK.rd8	RETURN 2
2024-06-10 18:39:57,917	TRACE	evk.IxanaEVK.rd8	CALL *() **{}
2024-06-10 18:39:57,917	TRACE	evk.IxanaEVK._read	CALL *(1,) **{}
2024-06-10 18:39:57,917	TRACE	evk.IxanaEVK._read	RETURN bytearray(b' ')
2024-06-10 18:39:57,917	TRACE	evk.IxanaEVK.rd8	RETURN 32
2024-06-10 18:39:57,917	TRACE	evk.IxanaEVK._read	CALL *(32,) **{}
2024-06-10 18:39:57,917	TRACE	evk.IxanaEVK._read	RETURN bytearray(b' \x00\x00\x00@B\x0f\x00\x00\x00\x00\x00}\x01\x00\x00\x06\x00\x00\x00\x00}\x01\x00\x08\x00\x00\x00E\x00\xdb\x00')
2024-06-10 18:39:57,917	TRACE	evk.IxanaEVK.data_rd	RETURN (<MODE.STATS_RX: 2>, bytearray(b' \x00\x00\x00@B\x0f\x00\x00\x00\x00\x00}\x01\x00\x00\x06\x00\x00\x00\x00}\x01\x00\x08\x00\x00\x00E\x00\xdb\x00'))
2024-06-10 18:39:57,923	DEBUG	urllib3.connectionpool._new_conn	Starting new HTTP connection (1): 3.25.191.180:80
2024-06-10 18:39:59,162	DEBUG	urllib3.connectionpool._make_request	http://3.25.191.180:80 "POST /processdev HTTP/1.1" 200 293
2024-06-10 18:40:00,169	TRACE	evk.IxanaEVK.data_rd	CALL *() **{}
2024-06-10 18:40:00,169	TRACE	evk.IxanaEVK.rd8	CALL *() **{}
2024-06-10 18:40:00,169	TRACE	evk.IxanaEVK._read	CALL *(1,) **{}
2024-06-10 18:40:00,169	TRACE	evk.IxanaEVK._read	RETURN bytearray(b'\x01')
2024-06-10 18:40:00,169	TRACE	evk.IxanaEVK.rd8	RETURN 1
2024-06-10 18:40:00,169	TRACE	evk.IxanaEVK.rd8	CALL *() **{}
2024-06-10 18:40:00,169	TRACE	evk.IxanaEVK._read	CALL *(1,) **{}
2024-06-10 18:40:00,169	TRACE	evk.IxanaEVK._read	RETURN bytearray(b'\x02')
2024-06-10 18:40:00,169	TRACE	evk.IxanaEVK.rd8	RETURN 2
2024-06-10 18:40:00,169	TRACE	evk.IxanaEVK.rd8	CALL *() **{}
2024-06-10 18:40:00,169	TRACE	evk.IxanaEVK._read	CALL *(1,) **{}
2024-06-10 18:40:00,169	TRACE	evk.IxanaEVK._read	RETURN bytearray(b' ')
2024-06-10 18:40:00,169	TRACE	evk.IxanaEVK.rd8	RETURN 32
2024-06-10 18:40:00,169	TRACE	evk.IxanaEVK._read	CALL *(32,) **{}
2024-06-10 18:40:00,169	TRACE	evk.IxanaEVK._read	RETURN bytearray(b' \x00\x00\x00@B\x0f\x00\x00\x00\x00\x00}\x01\x00\x00\x01\x00\x00\x00\x00}\x01\x00\x04\x00\x00\x00D\x00\xdb\x00')
2024-06-10 18:40:00,169	TRACE	evk.IxanaEVK.data_rd	RETURN (<MODE.STATS_RX: 2>, bytearray(b' \x00\x00\x00@B\x0f\x00\x00\x00\x00\x00}\x01\x00\x00\x01\x00\x00\x00\x00}\x01\x00\x04\x00\x00\x00D\x00\xdb\x00'))
2024-06-10 18:40:00,173	DEBUG	urllib3.connectionpool._new_conn	Starting new HTTP connection (1): 3.25.191.180:80
2024-06-10 18:40:01,508	DEBUG	urllib3.connectionpool._make_request	http://3.25.191.180:80 "POST /processdev HTTP/1.1" 200 295
2024-06-10 18:40:02,522	TRACE	evk.IxanaEVK.data_rd	CALL *() **{}
2024-06-10 18:40:02,522	TRACE	evk.IxanaEVK.rd8	CALL *() **{}
2024-06-10 18:40:02,522	TRACE	evk.IxanaEVK._read	CALL *(1,) **{}
2024-06-10 18:40:02,522	TRACE	evk.IxanaEVK._read	RETURN bytearray(b'\x01')
2024-06-10 18:40:02,522	TRACE	evk.IxanaEVK.rd8	RETURN 1
2024-06-10 18:40:02,522	TRACE	evk.IxanaEVK.rd8	CALL *() **{}
2024-06-10 18:40:02,522	TRACE	evk.IxanaEVK._read	CALL *(1,) **{}
2024-06-10 18:40:02,522	TRACE	evk.IxanaEVK._read	RETURN bytearray(b'\x02')
2024-06-10 18:40:02,522	TRACE	evk.IxanaEVK.rd8	RETURN 2
2024-06-10 18:40:02,522	TRACE	evk.IxanaEVK.rd8	CALL *() **{}
2024-06-10 18:40:02,522	TRACE	evk.IxanaEVK._read	CALL *(1,) **{}
2024-06-10 18:40:02,522	TRACE	evk.IxanaEVK._read	RETURN bytearray(b' ')
2024-06-10 18:40:02,522	TRACE	evk.IxanaEVK.rd8	RETURN 32
2024-06-10 18:40:02,522	TRACE	evk.IxanaEVK._read	CALL *(32,) **{}
2024-06-10 18:40:02,522	TRACE	evk.IxanaEVK._read	RETURN bytearray(b' \x00\x00\x00@B\x0f\x00\x02\x00\x00\x00|\x01\x00\x00\x01\x00\x00\x00\x00|\x01\x00\x03\x00\x00\x00D\x00\xdb\x00')
2024-06-10 18:40:02,522	TRACE	evk.IxanaEVK.data_rd	RETURN (<MODE.STATS_RX: 2>, bytearray(b' \x00\x00\x00@B\x0f\x00\x02\x00\x00\x00|\x01\x00\x00\x01\x00\x00\x00\x00|\x01\x00\x03\x00\x00\x00D\x00\xdb\x00'))
2024-06-10 18:40:02,522	DEBUG	urllib3.connectionpool._new_conn	Starting new HTTP connection (1): 3.25.191.180:80
2024-06-10 18:40:03,747	DEBUG	urllib3.connectionpool._make_request	http://3.25.191.180:80 "POST /processdev HTTP/1.1" 200 293
2024-06-10 18:40:04,753	TRACE	evk.IxanaEVK.data_rd	CALL *() **{}
2024-06-10 18:40:04,753	TRACE	evk.IxanaEVK.rd8	CALL *() **{}
2024-06-10 18:40:04,753	TRACE	evk.IxanaEVK._read	CALL *(1,) **{}
2024-06-10 18:40:04,753	TRACE	evk.IxanaEVK._read	RETURN bytearray(b'\x01')
2024-06-10 18:40:04,753	TRACE	evk.IxanaEVK.rd8	RETURN 1
2024-06-10 18:40:04,753	TRACE	evk.IxanaEVK.rd8	CALL *() **{}
2024-06-10 18:40:04,753	TRACE	evk.IxanaEVK._read	CALL *(1,) **{}
2024-06-10 18:40:04,753	TRACE	evk.IxanaEVK._read	RETURN bytearray(b'\x02')
2024-06-10 18:40:04,753	TRACE	evk.IxanaEVK.rd8	RETURN 2
2024-06-10 18:40:04,753	TRACE	evk.IxanaEVK.rd8	CALL *() **{}
2024-06-10 18:40:04,753	TRACE	evk.IxanaEVK._read	CALL *(1,) **{}
2024-06-10 18:40:04,753	TRACE	evk.IxanaEVK._read	RETURN bytearray(b' ')
2024-06-10 18:40:04,753	TRACE	evk.IxanaEVK.rd8	RETURN 32
2024-06-10 18:40:04,753	TRACE	evk.IxanaEVK._read	CALL *(32,) **{}
2024-06-10 18:40:04,753	TRACE	evk.IxanaEVK._read	RETURN bytearray(b' \x00\x00\x00@B\x0f\x00\x00\x00\x00\x00~\x01\x00\x00\x04\x00\x00\x00\x00~\x01\x00\x07\x00\x00\x00D\x00\xdb\x00')
2024-06-10 18:40:04,753	TRACE	evk.IxanaEVK.data_rd	RETURN (<MODE.STATS_RX: 2>, bytearray(b' \x00\x00\x00@B\x0f\x00\x00\x00\x00\x00~\x01\x00\x00\x04\x00\x00\x00\x00~\x01\x00\x07\x00\x00\x00D\x00\xdb\x00'))
2024-06-10 18:40:04,757	DEBUG	urllib3.connectionpool._new_conn	Starting new HTTP connection (1): 3.25.191.180:80
2024-06-10 18:40:06,119	DEBUG	urllib3.connectionpool._make_request	http://3.25.191.180:80 "POST /processdev HTTP/1.1" 200 292
2024-06-10 18:40:07,133	TRACE	evk.IxanaEVK.data_rd	CALL *() **{}
2024-06-10 18:40:07,133	TRACE	evk.IxanaEVK.rd8	CALL *() **{}
2024-06-10 18:40:07,133	TRACE	evk.IxanaEVK._read	CALL *(1,) **{}
2024-06-10 18:40:07,133	TRACE	evk.IxanaEVK._read	RETURN bytearray(b'\x01')
2024-06-10 18:40:07,133	TRACE	evk.IxanaEVK.rd8	RETURN 1
2024-06-10 18:40:07,133	TRACE	evk.IxanaEVK.rd8	CALL *() **{}
2024-06-10 18:40:07,133	TRACE	evk.IxanaEVK._read	CALL *(1,) **{}
2024-06-10 18:40:07,133	TRACE	evk.IxanaEVK._read	RETURN bytearray(b'\x02')
2024-06-10 18:40:07,133	TRACE	evk.IxanaEVK.rd8	RETURN 2
2024-06-10 18:40:07,133	TRACE	evk.IxanaEVK.rd8	CALL *() **{}
2024-06-10 18:40:07,133	TRACE	evk.IxanaEVK._read	CALL *(1,) **{}
2024-06-10 18:40:07,133	TRACE	evk.IxanaEVK._read	RETURN bytearray(b' ')
2024-06-10 18:40:07,133	TRACE	evk.IxanaEVK.rd8	RETURN 32
2024-06-10 18:40:07,133	TRACE	evk.IxanaEVK._read	CALL *(32,) **{}
2024-06-10 18:40:07,133	TRACE	evk.IxanaEVK._read	RETURN bytearray(b' \x00\x00\x00@B\x0f\x00\x00\x00\x00\x00~\x01\x00\x00\x01\x00\x00\x00\x00~\x01\x00\x02\x00\x00\x00E\x00\xdb\x00')
2024-06-10 18:40:07,133	TRACE	evk.IxanaEVK.data_rd	RETURN (<MODE.STATS_RX: 2>, bytearray(b' \x00\x00\x00@B\x0f\x00\x00\x00\x00\x00~\x01\x00\x00\x01\x00\x00\x00\x00~\x01\x00\x02\x00\x00\x00E\x00\xdb\x00'))
2024-06-10 18:40:07,137	DEBUG	urllib3.connectionpool._new_conn	Starting new HTTP connection (1): 3.25.191.180:80
2024-06-10 18:40:08,489	DEBUG	urllib3.connectionpool._make_request	http://3.25.191.180:80 "POST /processdev HTTP/1.1" 200 293
2024-06-10 18:40:09,533	TRACE	evk.IxanaEVK.data_rd	CALL *() **{}
2024-06-10 18:40:09,533	TRACE	evk.IxanaEVK.rd8	CALL *() **{}
2024-06-10 18:40:09,533	TRACE	evk.IxanaEVK._read	CALL *(1,) **{}
2024-06-10 18:40:09,534	TRACE	evk.IxanaEVK._read	RETURN bytearray(b'\x01')
2024-06-10 18:40:09,534	TRACE	evk.IxanaEVK.rd8	RETURN 1
2024-06-10 18:40:09,534	TRACE	evk.IxanaEVK.rd8	CALL *() **{}
2024-06-10 18:40:09,534	TRACE	evk.IxanaEVK._read	CALL *(1,) **{}
2024-06-10 18:40:09,534	TRACE	evk.IxanaEVK._read	RETURN bytearray(b'\x02')
2024-06-10 18:40:09,534	TRACE	evk.IxanaEVK.rd8	RETURN 2
2024-06-10 18:40:09,534	TRACE	evk.IxanaEVK.rd8	CALL *() **{}
2024-06-10 18:40:09,534	TRACE	evk.IxanaEVK._read	CALL *(1,) **{}
2024-06-10 18:40:09,534	TRACE	evk.IxanaEVK._read	RETURN bytearray(b' ')
2024-06-10 18:40:09,534	TRACE	evk.IxanaEVK.rd8	RETURN 32
2024-06-10 18:40:09,534	TRACE	evk.IxanaEVK._read	CALL *(32,) **{}
2024-06-10 18:40:09,534	TRACE	evk.IxanaEVK._read	RETURN bytearray(b' \x00\x00\x00@B\x0f\x00\x01\x00\x00\x00}\x01\x00\x00\x03\x00\x00\x00\x00}\x01\x00\x06\x00\x00\x00E\x00\xdb\x00')
2024-06-10 18:40:09,534	TRACE	evk.IxanaEVK.data_rd	RETURN (<MODE.STATS_RX: 2>, bytearray(b' \x00\x00\x00@B\x0f\x00\x01\x00\x00\x00}\x01\x00\x00\x03\x00\x00\x00\x00}\x01\x00\x06\x00\x00\x00E\x00\xdb\x00'))
2024-06-10 18:40:09,538	DEBUG	urllib3.connectionpool._new_conn	Starting new HTTP connection (1): 3.25.191.180:80
2024-06-10 18:40:10,090	DEBUG	bleak.backends.winrt.client.disconnect	Disconnecting from BLE device...
2024-06-10 18:40:13,320	DEBUG	bleak.backends.winrt.client.max_pdu_size_changed_handler	max_pdu_size_changed_handler: 23
2024-06-10 18:40:13,320	DEBUG	bleak.backends.winrt.client.session_status_changed_event_handler	session_status_changed_event_handler: id: BluetoothLE#BluetoothLEe8:48:b8:c8:20:00-68:05:16:46:bf:24, error: <BluetoothError.SUCCESS: 0>, status: <GattSessionStatus.CLOSED: 0>
2024-06-10 18:40:13,320	DEBUG	bleak.backends.winrt.client.handle_disconnect	closing requester
2024-06-10 18:40:13,320	DEBUG	bleak.backends.winrt.client.handle_disconnect	closing session
