2024-06-10 12:52:46,120	TRACE	evk.IxanaEVK.__init__	CALL *('68:05:16:46:BF:24',) **{}
2024-06-10 12:52:46,122	DEBUG	asyncio.__init__	Using proactor: IocpProactor
2024-06-10 12:52:46,403	DEBUG	bleak.backends.winrt.scanner._received_handler	Received 68:02:15:5A:DB:AC: .
2024-06-10 12:52:46,411	DEBUG	bleak.backends.winrt.scanner._received_handler	Received 68:02:15:5A:DB:AC: Amdtp.
2024-06-10 12:52:46,414	DEBUG	bleak.backends.winrt.scanner._received_handler	Received 70:CC:28:D1:D6:E0: .
2024-06-10 12:52:46,425	DEBUG	bleak.backends.winrt.scanner._received_handler	Received 70:CC:28:D1:D6:E0: .
2024-06-10 12:52:46,427	DEBUG	bleak.backends.winrt.scanner._received_handler	Received 19:23:8E:1A:D4:20: .
2024-06-10 12:52:46,429	DEBUG	bleak.backends.winrt.scanner._received_handler	Received 68:07:2E:5B:6F:67: .
2024-06-10 12:52:46,515	DEBUG	bleak.backends.winrt.scanner._received_handler	Received 1A:3F:07:A7:EF:D0: .
2024-06-10 12:52:46,526	DEBUG	bleak.backends.winrt.scanner._received_handler	Received 68:08:FC:E1:F4:00: .
2024-06-10 12:52:46,530	DEBUG	bleak.backends.winrt.scanner._received_handler	Received 68:08:FC:E1:F4:00: Amdtp.
2024-06-10 12:52:46,532	DEBUG	bleak.backends.winrt.scanner._received_handler	Received F8:77:B8:FF:80:9D: .
2024-06-10 12:52:46,537	DEBUG	bleak.backends.winrt.scanner._received_handler	Received 68:03:71:74:E0:2A: .
2024-06-10 12:52:46,541	DEBUG	bleak.backends.winrt.scanner._received_handler	Received 68:03:71:74:E0:2A: Amdtp.
2024-06-10 12:52:46,633	DEBUG	bleak.backends.winrt.scanner._received_handler	Received 68:03:71:74:E0:2A: .
2024-06-10 12:52:46,636	DEBUG	bleak.backends.winrt.scanner._received_handler	Received 68:03:71:74:E0:2A: Amdtp.
2024-06-10 12:52:46,751	DEBUG	bleak.backends.winrt.scanner._received_handler	Received 14:EF:22:6F:53:24: .
2024-06-10 12:52:46,753	DEBUG	bleak.backends.winrt.scanner._received_handler	Received 35:EC:C9:27:4B:10: .
2024-06-10 12:52:46,755	DEBUG	bleak.backends.winrt.scanner._received_handler	Received 35:EC:C9:27:4B:10: .
2024-06-10 12:52:46,763	DEBUG	bleak.backends.winrt.scanner._received_handler	Received 1F:2E:94:D2:CE:7B: .
2024-06-10 12:52:46,871	DEBUG	bleak.backends.winrt.scanner._received_handler	Received 15:B0:DB:5A:61:DC: .
2024-06-10 12:52:46,875	DEBUG	bleak.backends.winrt.scanner._received_handler	Received 1F:2E:94:D2:CE:7B: .
2024-06-10 12:52:46,880	DEBUG	bleak.backends.winrt.scanner._received_handler	Received 5D:87:DF:22:4A:16: LE_WH-1000XM5.
2024-06-10 12:52:46,882	DEBUG	bleak.backends.winrt.scanner._received_handler	Received 5D:87:DF:22:4A:16: .
2024-06-10 12:52:47,001	DEBUG	bleak.backends.winrt.scanner._received_handler	Received 06:24:7D:47:A7:63: .
2024-06-10 12:52:47,104	DEBUG	bleak.backends.winrt.scanner._received_handler	Received 06:24:7D:47:A7:63: .
2024-06-10 12:52:47,237	DEBUG	bleak.backends.winrt.scanner._received_handler	Received 68:02:15:5A:DB:AC: .
2024-06-10 12:52:47,241	DEBUG	bleak.backends.winrt.scanner._received_handler	Received 68:02:15:5A:DB:AC: Amdtp.
2024-06-10 12:52:47,246	DEBUG	bleak.backends.winrt.scanner._received_handler	Received 68:03:E8:3F:09:02: .
2024-06-10 12:52:47,252	DEBUG	bleak.backends.winrt.scanner._received_handler	Received 68:03:E8:3F:09:02: Ixana YR22 EVK.
2024-06-10 12:52:47,346	DEBUG	bleak.backends.winrt.scanner._received_handler	Received 68:02:15:5A:DB:AC: .
2024-06-10 12:52:47,349	DEBUG	bleak.backends.winrt.scanner._received_handler	Received 68:02:15:5A:DB:AC: Amdtp.
2024-06-10 12:52:47,355	DEBUG	bleak.backends.winrt.scanner._received_handler	Received 68:05:16:46:BF:24: .
2024-06-10 12:52:47,358	DEBUG	bleak.backends.winrt.scanner._stopped_handler	16 devices found. Watcher status: <BluetoothLEAdvertisementWatcherStatus.STOPPED: 3>.
2024-06-10 12:52:47,403	DEBUG	bleak.backends.winrt.client.connect	Connecting to BLE device @ 68:05:16:46:BF:24
2024-06-10 12:52:47,408	DEBUG	bleak.backends.winrt.scanner._received_handler	Received 68:05:16:46:BF:24: Ixana YR22 EVK.
2024-06-10 12:52:47,602	DEBUG	bleak.backends.winrt.client.get_services	getting services (service_cache_mode=None, cache_mode=None)...
2024-06-10 12:52:48,871	DEBUG	bleak.backends.winrt.client.connect	max_pdu_size_changed event not received, using default
2024-06-10 12:52:49,770	DEBUG	bleak.backends.winrt.client.session_status_changed_event_handler	session_status_changed_event_handler: id: BluetoothLE#BluetoothLEe8:48:b8:c8:20:00-68:05:16:46:bf:24, error: <BluetoothError.SUCCESS: 0>, status: <GattSessionStatus.ACTIVE: 1>
2024-06-10 12:52:49,800	DEBUG	bleak.backends.winrt.client.max_pdu_size_changed_handler	max_pdu_size_changed_handler: 247
2024-06-10 12:52:50,213	TRACE	evk.IxanaEVK.mode_reset	CALL *() **{}
2024-06-10 12:52:50,213	TRACE	evk.IxanaEVK._write	CALL *(bytearray(b'\x00\x03\x01\x00'),) **{}
2024-06-10 12:52:50,244	TRACE	evk.IxanaEVK._write	RETURN None
2024-06-10 12:52:50,746	TRACE	evk.IxanaEVK.data_enable	CALL *(False,) **{}
2024-06-10 12:52:50,746	TRACE	evk.IxanaEVK._write	CALL *(bytearray(b'\x04\x00'),) **{}
2024-06-10 12:52:50,767	TRACE	evk.IxanaEVK._write	RETURN None
2024-06-10 12:52:50,767	TRACE	evk.IxanaEVK.data_enable	RETURN None
2024-06-10 12:52:50,767	TRACE	evk.IxanaEVK.mode_reset	RETURN None
2024-06-10 12:52:50,767	TRACE	evk.IxanaEVK.field_rd	CALL *(<FIELD_NAME.VERSION: 0>,) **{}
2024-06-10 12:52:50,767	TRACE	evk.IxanaEVK._write	CALL *(bytearray(b'\x00\x00\x00'),) **{}
2024-06-10 12:52:50,797	TRACE	evk.IxanaEVK._write	RETURN None
2024-06-10 12:52:50,798	TRACE	evk.IxanaEVK._read	CALL *(4,) **{}
2024-06-10 12:52:50,798	TRACE	evk.IxanaEVK._read	RETURN bytearray(b'\x02\x00\x00\x00')
2024-06-10 12:52:50,798	TRACE	evk.IxanaEVK._read	CALL *(3,) **{}
2024-06-10 12:52:50,798	TRACE	evk.IxanaEVK._read	RETURN bytearray(b'\x00\x00\x01')
2024-06-10 12:52:50,798	TRACE	evk.IxanaEVK.field_rd	RETURN bytearray(b'\x00\x00\x01')
2024-06-10 12:52:50,798	TRACE	evk.IxanaEVK.field_rd	CALL *(<FIELD_NAME.BOARDID: 1>,) **{}
2024-06-10 12:52:50,798	TRACE	evk.IxanaEVK._write	CALL *(bytearray(b'\x00\x01\x00'),) **{}
2024-06-10 12:52:50,844	TRACE	evk.IxanaEVK._write	RETURN None
2024-06-10 12:52:50,844	TRACE	evk.IxanaEVK._read	CALL *(4,) **{}
2024-06-10 12:52:50,844	TRACE	evk.IxanaEVK._read	RETURN bytearray(b'\x02\x01\x00\x00')
2024-06-10 12:52:50,844	TRACE	evk.IxanaEVK._read	CALL *(16,) **{}
2024-06-10 12:52:50,844	TRACE	evk.IxanaEVK._read	RETURN bytearray(b'\x18 4\x08\x02\x05he$\xbfF\x161\xbf\x0e\x00')
2024-06-10 12:52:50,844	TRACE	evk.IxanaEVK.field_rd	RETURN bytearray(b'\x18 4\x08\x02\x05he$\xbfF\x161\xbf\x0e\x00')
2024-06-10 12:52:50,844	TRACE	evk.IxanaEVK.__init__	RETURN None
2024-06-10 12:52:50,846	TRACE	evk.IxanaEVK.mode_rd	CALL *() **{}
2024-06-10 12:52:50,846	TRACE	evk.IxanaEVK.field_rd	CALL *(<FIELD_NAME.MODE: 3>,) **{}
2024-06-10 12:52:50,846	TRACE	evk.IxanaEVK._write	CALL *(bytearray(b'\x00\x03\x00'),) **{}
2024-06-10 12:52:50,875	TRACE	evk.IxanaEVK._write	RETURN None
2024-06-10 12:52:50,875	TRACE	evk.IxanaEVK._read	CALL *(4,) **{}
2024-06-10 12:52:50,876	TRACE	evk.IxanaEVK._read	RETURN bytearray(b'\x02\x03\x00\x00')
2024-06-10 12:52:50,876	TRACE	evk.IxanaEVK._read	CALL *(1,) **{}
2024-06-10 12:52:50,876	TRACE	evk.IxanaEVK._read	RETURN bytearray(b'\x00')
2024-06-10 12:52:50,877	TRACE	evk.IxanaEVK.field_rd	RETURN bytearray(b'\x00')
2024-06-10 12:52:50,877	TRACE	evk.IxanaEVK.mode_rd	RETURN <MODE.NONE: 0>
2024-06-10 12:52:50,884	TRACE	evk.IxanaEVK.mode_start	CALL *(<MODE.STATS_RX: 2>, <FIELD_NAME.MODE_STATS_RX: 5>, FieldModeStatsRX(icsetting_bitrate=0, data_size=32, duration_us=1000000)) **{}
2024-06-10 12:52:50,884	TRACE	evk.IxanaEVK.mode_reset	CALL *() **{}
2024-06-10 12:52:50,884	TRACE	evk.IxanaEVK._write	CALL *(bytearray(b'\x00\x03\x01\x00'),) **{}
2024-06-10 12:52:50,918	TRACE	evk.IxanaEVK._write	RETURN None
2024-06-10 12:52:51,419	TRACE	evk.IxanaEVK.data_enable	CALL *(False,) **{}
2024-06-10 12:52:51,419	TRACE	evk.IxanaEVK._write	CALL *(bytearray(b'\x04\x00'),) **{}
2024-06-10 12:52:51,441	TRACE	evk.IxanaEVK._write	RETURN None
2024-06-10 12:52:51,441	TRACE	evk.IxanaEVK.data_enable	RETURN None
2024-06-10 12:52:51,442	TRACE	evk.IxanaEVK.mode_reset	RETURN None
2024-06-10 12:52:51,442	TRACE	evk.IxanaEVK.mode_wrrd	CALL *(<MODE.NONE: 0>,) **{}
2024-06-10 12:52:51,442	TRACE	evk.IxanaEVK.mode_wr	CALL *(<MODE.NONE: 0>,) **{}
2024-06-10 12:52:51,442	TRACE	evk.IxanaEVK.field_wr	CALL *(<FIELD_NAME.MODE: 3>, <MODE.NONE: 0>) **{}
2024-06-10 12:52:51,442	TRACE	evk.IxanaEVK._field_data_format	CALL *(<MODE.NONE: 0>,) **{}
2024-06-10 12:52:51,442	TRACE	evk.IxanaEVK._field_data_format	RETURN b'\x00'
2024-06-10 12:52:51,442	TRACE	evk.IxanaEVK._write	CALL *(bytearray(b'\x00\x03\x01\x00'),) **{}
2024-06-10 12:52:51,473	TRACE	evk.IxanaEVK._write	RETURN None
2024-06-10 12:52:51,473	TRACE	evk.IxanaEVK._read	CALL *(4,) **{}
2024-06-10 12:52:51,473	TRACE	evk.IxanaEVK._read	RETURN bytearray(b'\x02\x03\x01\x00')
2024-06-10 12:52:51,473	TRACE	evk.IxanaEVK.field_wr	RETURN None
2024-06-10 12:52:51,474	TRACE	evk.IxanaEVK.mode_wr	RETURN None
2024-06-10 12:52:51,474	TRACE	evk.IxanaEVK.mode_rd	CALL *() **{}
2024-06-10 12:52:51,474	TRACE	evk.IxanaEVK.field_rd	CALL *(<FIELD_NAME.MODE: 3>,) **{}
2024-06-10 12:52:51,474	TRACE	evk.IxanaEVK._write	CALL *(bytearray(b'\x00\x03\x00'),) **{}
2024-06-10 12:52:51,517	TRACE	evk.IxanaEVK._write	RETURN None
2024-06-10 12:52:51,518	TRACE	evk.IxanaEVK._read	CALL *(4,) **{}
2024-06-10 12:52:51,518	TRACE	evk.IxanaEVK._read	RETURN bytearray(b'\x02\x03\x00\x00')
2024-06-10 12:52:51,518	TRACE	evk.IxanaEVK._read	CALL *(1,) **{}
2024-06-10 12:52:51,518	TRACE	evk.IxanaEVK._read	RETURN bytearray(b'\x00')
2024-06-10 12:52:51,518	TRACE	evk.IxanaEVK.field_rd	RETURN bytearray(b'\x00')
2024-06-10 12:52:51,518	TRACE	evk.IxanaEVK.mode_rd	RETURN <MODE.NONE: 0>
2024-06-10 12:52:51,518	TRACE	evk.IxanaEVK.mode_wrrd	RETURN None
2024-06-10 12:52:51,522	TRACE	evk.IxanaEVK.field_wrrd	CALL *(<FIELD_NAME.MODE_STATS_RX: 5>, bytearray(b'\x00 @B\x0f\x00')) **{}
2024-06-10 12:52:51,522	TRACE	evk.IxanaEVK.field_wr	CALL *(<FIELD_NAME.MODE_STATS_RX: 5>, bytearray(b'\x00 @B\x0f\x00')) **{}
2024-06-10 12:52:51,522	TRACE	evk.IxanaEVK._field_data_format	CALL *(bytearray(b'\x00 @B\x0f\x00'),) **{}
2024-06-10 12:52:51,523	TRACE	evk.IxanaEVK._field_data_format	RETURN bytearray(b'\x00 @B\x0f\x00')
2024-06-10 12:52:51,523	TRACE	evk.IxanaEVK._write	CALL *(bytearray(b'\x00\x05\x01\x00 @B\x0f\x00'),) **{}
2024-06-10 12:52:51,548	TRACE	evk.IxanaEVK._write	RETURN None
2024-06-10 12:52:51,549	TRACE	evk.IxanaEVK._read	CALL *(4,) **{}
2024-06-10 12:52:51,549	TRACE	evk.IxanaEVK._read	RETURN bytearray(b'\x02\x05\x01\x00')
2024-06-10 12:52:51,549	TRACE	evk.IxanaEVK.field_wr	RETURN None
2024-06-10 12:52:51,549	TRACE	evk.IxanaEVK._field_data_format	CALL *(bytearray(b'\x00 @B\x0f\x00'),) **{}
2024-06-10 12:52:51,549	TRACE	evk.IxanaEVK._field_data_format	RETURN bytearray(b'\x00 @B\x0f\x00')
2024-06-10 12:52:51,549	TRACE	evk.IxanaEVK.field_rd	CALL *(<FIELD_NAME.MODE_STATS_RX: 5>,) **{}
2024-06-10 12:52:51,549	TRACE	evk.IxanaEVK._write	CALL *(bytearray(b'\x00\x05\x00'),) **{}
2024-06-10 12:52:51,579	TRACE	evk.IxanaEVK._write	RETURN None
2024-06-10 12:52:51,579	TRACE	evk.IxanaEVK._read	CALL *(4,) **{}
2024-06-10 12:52:51,579	TRACE	evk.IxanaEVK._read	RETURN bytearray(b'\x02\x05\x00\x00')
2024-06-10 12:52:51,579	TRACE	evk.IxanaEVK._read	CALL *(6,) **{}
2024-06-10 12:52:51,579	TRACE	evk.IxanaEVK._read	RETURN bytearray(b'\x00 @B\x0f\x00')
2024-06-10 12:52:51,579	TRACE	evk.IxanaEVK.field_rd	RETURN bytearray(b'\x00 @B\x0f\x00')
2024-06-10 12:52:51,579	TRACE	evk.IxanaEVK.field_wrrd	RETURN None
2024-06-10 12:52:51,579	TRACE	evk.IxanaEVK.mode_wrrd	CALL *(<MODE.STATS_RX: 2>,) **{}
2024-06-10 12:52:51,579	TRACE	evk.IxanaEVK.mode_wr	CALL *(<MODE.STATS_RX: 2>,) **{}
2024-06-10 12:52:51,579	TRACE	evk.IxanaEVK.field_wr	CALL *(<FIELD_NAME.MODE: 3>, <MODE.STATS_RX: 2>) **{}
2024-06-10 12:52:51,579	TRACE	evk.IxanaEVK._field_data_format	CALL *(<MODE.STATS_RX: 2>,) **{}
2024-06-10 12:52:51,579	TRACE	evk.IxanaEVK._field_data_format	RETURN b'\x02'
2024-06-10 12:52:51,580	TRACE	evk.IxanaEVK._write	CALL *(bytearray(b'\x00\x03\x01\x02'),) **{}
2024-06-10 12:52:51,607	TRACE	evk.IxanaEVK._write	RETURN None
2024-06-10 12:52:51,607	TRACE	evk.IxanaEVK._read	CALL *(4,) **{}
2024-06-10 12:52:51,967	TRACE	evk.IxanaEVK._read	RETURN bytearray(b'\x02\x03\x01\x00')
2024-06-10 12:52:51,968	TRACE	evk.IxanaEVK.field_wr	RETURN None
2024-06-10 12:52:51,968	TRACE	evk.IxanaEVK.mode_wr	RETURN None
2024-06-10 12:52:51,968	TRACE	evk.IxanaEVK.mode_rd	CALL *() **{}
2024-06-10 12:52:51,968	TRACE	evk.IxanaEVK.field_rd	CALL *(<FIELD_NAME.MODE: 3>,) **{}
2024-06-10 12:52:51,968	TRACE	evk.IxanaEVK._write	CALL *(bytearray(b'\x00\x03\x00'),) **{}
2024-06-10 12:52:52,014	TRACE	evk.IxanaEVK._write	RETURN None
2024-06-10 12:52:52,014	TRACE	evk.IxanaEVK._read	CALL *(4,) **{}
2024-06-10 12:52:52,014	TRACE	evk.IxanaEVK._read	RETURN bytearray(b'\x02\x03\x00\x00')
2024-06-10 12:52:52,015	TRACE	evk.IxanaEVK._read	CALL *(1,) **{}
2024-06-10 12:52:52,015	TRACE	evk.IxanaEVK._read	RETURN bytearray(b'\x02')
2024-06-10 12:52:52,015	TRACE	evk.IxanaEVK.field_rd	RETURN bytearray(b'\x02')
2024-06-10 12:52:52,015	TRACE	evk.IxanaEVK.mode_rd	RETURN <MODE.STATS_RX: 2>
2024-06-10 12:52:52,015	TRACE	evk.IxanaEVK.mode_wrrd	RETURN None
2024-06-10 12:52:52,015	TRACE	evk.IxanaEVK.check_ic_status	CALL *() **{}
2024-06-10 12:52:52,015	TRACE	evk.IxanaEVK.icstatus_rd	CALL *() **{}
2024-06-10 12:52:52,015	TRACE	evk.IxanaEVK.field_rd	CALL *(<FIELD_NAME.ICSTATUS: 2>,) **{}
2024-06-10 12:52:52,015	TRACE	evk.IxanaEVK._write	CALL *(bytearray(b'\x00\x02\x00'),) **{}
2024-06-10 12:52:52,060	TRACE	evk.IxanaEVK._write	RETURN None
2024-06-10 12:52:52,060	TRACE	evk.IxanaEVK._read	CALL *(4,) **{}
2024-06-10 12:52:52,060	TRACE	evk.IxanaEVK._read	RETURN bytearray(b'\x02\x02\x00\x00')
2024-06-10 12:52:52,060	TRACE	evk.IxanaEVK._read	CALL *(1,) **{}
2024-06-10 12:52:52,060	TRACE	evk.IxanaEVK._read	RETURN bytearray(b'\x05')
2024-06-10 12:52:52,060	TRACE	evk.IxanaEVK.field_rd	RETURN bytearray(b'\x05')
2024-06-10 12:52:52,060	TRACE	evk.IxanaEVK.icstatus_rd	RETURN <IC_STATUS.SUCCESS: 5>
2024-06-10 12:52:52,060	TRACE	evk.IxanaEVK.check_ic_status	RETURN None
2024-06-10 12:52:52,062	TRACE	evk.IxanaEVK.data_enable	CALL *(True,) **{}
2024-06-10 12:52:52,062	TRACE	evk.IxanaEVK._write	CALL *(bytearray(b'\x04\x01'),) **{}
2024-06-10 12:52:52,126	TRACE	evk.IxanaEVK._write	RETURN None
2024-06-10 12:52:52,126	TRACE	evk.IxanaEVK.data_enable	RETURN None
2024-06-10 12:52:52,126	TRACE	evk.IxanaEVK.mode_start	RETURN None
2024-06-10 12:52:53,127	TRACE	evk.IxanaEVK.data_rd	CALL *() **{}
2024-06-10 12:52:53,127	TRACE	evk.IxanaEVK.rd8	CALL *() **{}
2024-06-10 12:52:53,127	TRACE	evk.IxanaEVK._read	CALL *(1,) **{}
2024-06-10 12:52:53,127	TRACE	evk.IxanaEVK._read	RETURN bytearray(b'\x01')
2024-06-10 12:52:53,127	TRACE	evk.IxanaEVK.rd8	RETURN 1
2024-06-10 12:52:53,127	TRACE	evk.IxanaEVK.rd8	CALL *() **{}
2024-06-10 12:52:53,127	TRACE	evk.IxanaEVK._read	CALL *(1,) **{}
2024-06-10 12:52:53,127	TRACE	evk.IxanaEVK._read	RETURN bytearray(b'\x02')
2024-06-10 12:52:53,127	TRACE	evk.IxanaEVK.rd8	RETURN 2
2024-06-10 12:52:53,127	TRACE	evk.IxanaEVK.rd8	CALL *() **{}
2024-06-10 12:52:53,127	TRACE	evk.IxanaEVK._read	CALL *(1,) **{}
2024-06-10 12:52:53,127	TRACE	evk.IxanaEVK._read	RETURN bytearray(b' ')
2024-06-10 12:52:53,127	TRACE	evk.IxanaEVK.rd8	RETURN 32
2024-06-10 12:52:53,127	TRACE	evk.IxanaEVK._read	CALL *(32,) **{}
2024-06-10 12:52:53,127	TRACE	evk.IxanaEVK._read	RETURN bytearray(b' \x00\x00\x00@B\x0f\x00\x00\x00\x00\x00\x00\x00\x00\x00\x00\x00\x00\x00\x00\x00\x00\x00\x00\x00\x00\x00\x1d\x01\xff\x7f')
2024-06-10 12:52:53,127	TRACE	evk.IxanaEVK.data_rd	RETURN (<MODE.STATS_RX: 2>, bytearray(b' \x00\x00\x00@B\x0f\x00\x00\x00\x00\x00\x00\x00\x00\x00\x00\x00\x00\x00\x00\x00\x00\x00\x00\x00\x00\x00\x1d\x01\xff\x7f'))
2024-06-10 12:52:53,143	DEBUG	urllib3.connectionpool._new_conn	Starting new HTTP connection (1): 3.25.191.180:80
2024-06-10 12:52:53,936	DEBUG	urllib3.connectionpool._make_request	http://3.25.191.180:80 "POST /processdev HTTP/1.1" 500 265
2024-06-10 12:52:54,061	DEBUG	bleak.backends.winrt.client.disconnect	Disconnecting from BLE device...
2024-06-10 12:52:57,280	DEBUG	bleak.backends.winrt.client.max_pdu_size_changed_handler	max_pdu_size_changed_handler: 23
2024-06-10 12:52:57,281	DEBUG	bleak.backends.winrt.client.session_status_changed_event_handler	session_status_changed_event_handler: id: BluetoothLE#BluetoothLEe8:48:b8:c8:20:00-68:05:16:46:bf:24, error: <BluetoothError.SUCCESS: 0>, status: <GattSessionStatus.CLOSED: 0>
2024-06-10 12:52:57,282	DEBUG	bleak.backends.winrt.client.handle_disconnect	closing requester
2024-06-10 12:52:57,282	DEBUG	bleak.backends.winrt.client.handle_disconnect	closing session
