2024-06-10 17:25:07,595	TRACE	evk.IxanaEVK.__init__	CALL *('68:03:E8:3F:09:02',) **{}
2024-06-10 17:25:07,595	DEBUG	asyncio.__init__	Using proactor: IocpProactor
2024-06-10 17:25:07,777	DEBUG	bleak.backends.winrt.scanner._received_handler	Received 68:02:15:5A:DB:AC: .
2024-06-10 17:25:07,782	DEBUG	bleak.backends.winrt.scanner._received_handler	Received 68:02:15:5A:DB:AC: Amdtp.
2024-06-10 17:25:07,891	DEBUG	bleak.backends.winrt.scanner._received_handler	Received 38:01:95:99:1C:66: .
2024-06-10 17:25:07,897	DEBUG	bleak.backends.winrt.scanner._received_handler	Received 68:03:71:74:E0:2A: .
2024-06-10 17:25:07,899	DEBUG	bleak.backends.winrt.scanner._received_handler	Received 68:03:71:74:E0:2A: Amdtp.
2024-06-10 17:25:08,002	DEBUG	bleak.backends.winrt.scanner._received_handler	Received 68:03:71:74:E0:2A: .
2024-06-10 17:25:08,009	DEBUG	bleak.backends.winrt.scanner._received_handler	Received 68:08:68:2E:01:9D: .
2024-06-10 17:25:08,009	DEBUG	bleak.backends.winrt.scanner._received_handler	Received 68:08:68:2E:01:9D: Amdtp.
2024-06-10 17:25:08,119	DEBUG	bleak.backends.winrt.scanner._received_handler	Received 04:97:1F:3A:D7:11: .
2024-06-10 17:25:08,132	DEBUG	bleak.backends.winrt.scanner._received_handler	Received 68:06:34:3B:EF:9C: .
2024-06-10 17:25:08,132	DEBUG	bleak.backends.winrt.scanner._received_handler	Received 68:06:34:3B:EF:9C: Amdtp.
2024-06-10 17:25:08,251	DEBUG	bleak.backends.winrt.scanner._received_handler	Received 68:07:2E:5B:6F:67: .
2024-06-10 17:25:08,251	DEBUG	bleak.backends.winrt.scanner._received_handler	Received 68:07:2E:5B:6F:67: Amdtp.
2024-06-10 17:25:08,354	DEBUG	bleak.backends.winrt.scanner._received_handler	Received 68:07:2E:5B:6F:67: .
2024-06-10 17:25:08,354	DEBUG	bleak.backends.winrt.scanner._received_handler	Received 68:07:2E:5B:6F:67: Amdtp.
2024-06-10 17:25:08,477	DEBUG	bleak.backends.winrt.scanner._received_handler	Received 01:AC:A5:A8:D9:03: .
2024-06-10 17:25:08,477	DEBUG	bleak.backends.winrt.scanner._received_handler	Received 3D:FE:CD:FA:B4:4B: .
2024-06-10 17:25:08,480	DEBUG	bleak.backends.winrt.scanner._received_handler	Received 2B:C5:E1:85:D8:22: .
2024-06-10 17:25:08,588	DEBUG	bleak.backends.winrt.scanner._received_handler	Received 68:03:E8:3F:09:02: .
2024-06-10 17:25:08,596	DEBUG	bleak.backends.winrt.scanner._received_handler	Received 68:03:E8:3F:09:02: Ixana YR22 EVK.
2024-06-10 17:25:08,596	DEBUG	bleak.backends.winrt.scanner._stopped_handler	11 devices found. Watcher status: <BluetoothLEAdvertisementWatcherStatus.STOPPED: 3>.
2024-06-10 17:25:08,600	DEBUG	bleak.backends.winrt.client.connect	Connecting to BLE device @ 68:03:E8:3F:09:02
2024-06-10 17:25:08,683	DEBUG	bleak.backends.winrt.client.get_services	getting services (service_cache_mode=None, cache_mode=None)...
2024-06-10 17:25:08,816	DEBUG	bleak.backends.winrt.client.session_status_changed_event_handler	session_status_changed_event_handler: id: BluetoothLE#BluetoothLEe8:48:b8:c8:20:00-68:03:e8:3f:09:02, error: <BluetoothError.SUCCESS: 0>, status: <GattSessionStatus.ACTIVE: 1>
2024-06-10 17:25:08,845	DEBUG	bleak.backends.winrt.client.max_pdu_size_changed_handler	max_pdu_size_changed_handler: 247
2024-06-10 17:25:09,827	TRACE	evk.IxanaEVK.mode_reset	CALL *() **{}
2024-06-10 17:25:09,827	TRACE	evk.IxanaEVK._write	CALL *(bytearray(b'\x00\x03\x01\x00'),) **{}
2024-06-10 17:25:09,858	TRACE	evk.IxanaEVK._write	RETURN None
2024-06-10 17:25:10,359	TRACE	evk.IxanaEVK.data_enable	CALL *(False,) **{}
2024-06-10 17:25:10,359	TRACE	evk.IxanaEVK._write	CALL *(bytearray(b'\x04\x00'),) **{}
2024-06-10 17:25:10,374	TRACE	evk.IxanaEVK._write	RETURN None
2024-06-10 17:25:10,374	TRACE	evk.IxanaEVK.data_enable	RETURN None
2024-06-10 17:25:10,374	TRACE	evk.IxanaEVK.mode_reset	RETURN None
2024-06-10 17:25:10,374	TRACE	evk.IxanaEVK.field_rd	CALL *(<FIELD_NAME.VERSION: 0>,) **{}
2024-06-10 17:25:10,374	TRACE	evk.IxanaEVK._write	CALL *(bytearray(b'\x00\x00\x00'),) **{}
2024-06-10 17:25:10,406	TRACE	evk.IxanaEVK._write	RETURN None
2024-06-10 17:25:10,406	TRACE	evk.IxanaEVK._read	CALL *(4,) **{}
2024-06-10 17:25:10,406	TRACE	evk.IxanaEVK._read	RETURN bytearray(b'\x02\x00\x00\x00')
2024-06-10 17:25:10,406	TRACE	evk.IxanaEVK._read	CALL *(3,) **{}
2024-06-10 17:25:10,406	TRACE	evk.IxanaEVK._read	RETURN bytearray(b'\x00\x00\x01')
2024-06-10 17:25:10,406	TRACE	evk.IxanaEVK.field_rd	RETURN bytearray(b'\x00\x00\x01')
2024-06-10 17:25:10,406	TRACE	evk.IxanaEVK.field_rd	CALL *(<FIELD_NAME.BOARDID: 1>,) **{}
2024-06-10 17:25:10,406	TRACE	evk.IxanaEVK._write	CALL *(bytearray(b'\x00\x01\x00'),) **{}
2024-06-10 17:25:10,437	TRACE	evk.IxanaEVK._write	RETURN None
2024-06-10 17:25:10,437	TRACE	evk.IxanaEVK._read	CALL *(4,) **{}
2024-06-10 17:25:10,437	TRACE	evk.IxanaEVK._read	RETURN bytearray(b'\x02\x01\x00\x00')
2024-06-10 17:25:10,437	TRACE	evk.IxanaEVK._read	CALL *(16,) **{}
2024-06-10 17:25:10,437	TRACE	evk.IxanaEVK._read	RETURN bytearray(b'\x18 4\x08\x08\x03he\x02\t?\xe81\xbf\x0e\x00')
2024-06-10 17:25:10,437	TRACE	evk.IxanaEVK.field_rd	RETURN bytearray(b'\x18 4\x08\x08\x03he\x02\t?\xe81\xbf\x0e\x00')
2024-06-10 17:25:10,437	TRACE	evk.IxanaEVK.__init__	RETURN None
2024-06-10 17:25:10,437	TRACE	evk.IxanaEVK.mode_rd	CALL *() **{}
2024-06-10 17:25:10,437	TRACE	evk.IxanaEVK.field_rd	CALL *(<FIELD_NAME.MODE: 3>,) **{}
2024-06-10 17:25:10,437	TRACE	evk.IxanaEVK._write	CALL *(bytearray(b'\x00\x03\x00'),) **{}
2024-06-10 17:25:10,472	TRACE	evk.IxanaEVK._write	RETURN None
2024-06-10 17:25:10,472	TRACE	evk.IxanaEVK._read	CALL *(4,) **{}
2024-06-10 17:25:10,472	TRACE	evk.IxanaEVK._read	RETURN bytearray(b'\x02\x03\x00\x00')
2024-06-10 17:25:10,472	TRACE	evk.IxanaEVK._read	CALL *(1,) **{}
2024-06-10 17:25:10,472	TRACE	evk.IxanaEVK._read	RETURN bytearray(b'\x00')
2024-06-10 17:25:10,472	TRACE	evk.IxanaEVK.field_rd	RETURN bytearray(b'\x00')
2024-06-10 17:25:10,472	TRACE	evk.IxanaEVK.mode_rd	RETURN <MODE.NONE: 0>
2024-06-10 17:25:10,472	TRACE	evk.IxanaEVK.mode_start	CALL *(<MODE.STATS_TX: 1>, <FIELD_NAME.MODE_STATS_TX: 4>, FieldModeStatsTX(icsetting_bitrate=0, data_size=32)) **{}
2024-06-10 17:25:10,472	TRACE	evk.IxanaEVK.mode_reset	CALL *() **{}
2024-06-10 17:25:10,472	TRACE	evk.IxanaEVK._write	CALL *(bytearray(b'\x00\x03\x01\x00'),) **{}
2024-06-10 17:25:10,499	TRACE	evk.IxanaEVK._write	RETURN None
2024-06-10 17:25:11,003	TRACE	evk.IxanaEVK.data_enable	CALL *(False,) **{}
2024-06-10 17:25:11,003	TRACE	evk.IxanaEVK._write	CALL *(bytearray(b'\x04\x00'),) **{}
2024-06-10 17:25:11,037	TRACE	evk.IxanaEVK._write	RETURN None
2024-06-10 17:25:11,037	TRACE	evk.IxanaEVK.data_enable	RETURN None
2024-06-10 17:25:11,037	TRACE	evk.IxanaEVK.mode_reset	RETURN None
2024-06-10 17:25:11,037	TRACE	evk.IxanaEVK.mode_wrrd	CALL *(<MODE.NONE: 0>,) **{}
2024-06-10 17:25:11,037	TRACE	evk.IxanaEVK.mode_wr	CALL *(<MODE.NONE: 0>,) **{}
2024-06-10 17:25:11,037	TRACE	evk.IxanaEVK.field_wr	CALL *(<FIELD_NAME.MODE: 3>, <MODE.NONE: 0>) **{}
2024-06-10 17:25:11,037	TRACE	evk.IxanaEVK._field_data_format	CALL *(<MODE.NONE: 0>,) **{}
2024-06-10 17:25:11,037	TRACE	evk.IxanaEVK._field_data_format	RETURN b'\x00'
2024-06-10 17:25:11,037	TRACE	evk.IxanaEVK._write	CALL *(bytearray(b'\x00\x03\x01\x00'),) **{}
2024-06-10 17:25:11,093	TRACE	evk.IxanaEVK._write	RETURN None
2024-06-10 17:25:11,093	TRACE	evk.IxanaEVK._read	CALL *(4,) **{}
2024-06-10 17:25:11,093	TRACE	evk.IxanaEVK._read	RETURN bytearray(b'\x02\x03\x01\x00')
2024-06-10 17:25:11,093	TRACE	evk.IxanaEVK.field_wr	RETURN None
2024-06-10 17:25:11,093	TRACE	evk.IxanaEVK.mode_wr	RETURN None
2024-06-10 17:25:11,095	TRACE	evk.IxanaEVK.mode_rd	CALL *() **{}
2024-06-10 17:25:11,095	TRACE	evk.IxanaEVK.field_rd	CALL *(<FIELD_NAME.MODE: 3>,) **{}
2024-06-10 17:25:11,095	TRACE	evk.IxanaEVK._write	CALL *(bytearray(b'\x00\x03\x00'),) **{}
2024-06-10 17:25:11,131	TRACE	evk.IxanaEVK._write	RETURN None
2024-06-10 17:25:11,131	TRACE	evk.IxanaEVK._read	CALL *(4,) **{}
2024-06-10 17:25:11,131	TRACE	evk.IxanaEVK._read	RETURN bytearray(b'\x02\x03\x00\x00')
2024-06-10 17:25:11,131	TRACE	evk.IxanaEVK._read	CALL *(1,) **{}
2024-06-10 17:25:11,131	TRACE	evk.IxanaEVK._read	RETURN bytearray(b'\x00')
2024-06-10 17:25:11,131	TRACE	evk.IxanaEVK.field_rd	RETURN bytearray(b'\x00')
2024-06-10 17:25:11,131	TRACE	evk.IxanaEVK.mode_rd	RETURN <MODE.NONE: 0>
2024-06-10 17:25:11,131	TRACE	evk.IxanaEVK.mode_wrrd	RETURN None
2024-06-10 17:25:11,131	TRACE	evk.IxanaEVK.field_wrrd	CALL *(<FIELD_NAME.MODE_STATS_TX: 4>, bytearray(b'\x00 ')) **{}
2024-06-10 17:25:11,131	TRACE	evk.IxanaEVK.field_wr	CALL *(<FIELD_NAME.MODE_STATS_TX: 4>, bytearray(b'\x00 ')) **{}
2024-06-10 17:25:11,131	TRACE	evk.IxanaEVK._field_data_format	CALL *(bytearray(b'\x00 '),) **{}
2024-06-10 17:25:11,131	TRACE	evk.IxanaEVK._field_data_format	RETURN bytearray(b'\x00 ')
2024-06-10 17:25:11,131	TRACE	evk.IxanaEVK._write	CALL *(bytearray(b'\x00\x04\x01\x00 '),) **{}
2024-06-10 17:25:11,185	TRACE	evk.IxanaEVK._write	RETURN None
2024-06-10 17:25:11,185	TRACE	evk.IxanaEVK._read	CALL *(4,) **{}
2024-06-10 17:25:11,185	TRACE	evk.IxanaEVK._read	RETURN bytearray(b'\x02\x04\x01\x00')
2024-06-10 17:25:11,185	TRACE	evk.IxanaEVK.field_wr	RETURN None
2024-06-10 17:25:11,185	TRACE	evk.IxanaEVK._field_data_format	CALL *(bytearray(b'\x00 '),) **{}
2024-06-10 17:25:11,186	TRACE	evk.IxanaEVK._field_data_format	RETURN bytearray(b'\x00 ')
2024-06-10 17:25:11,186	TRACE	evk.IxanaEVK.field_rd	CALL *(<FIELD_NAME.MODE_STATS_TX: 4>,) **{}
2024-06-10 17:25:11,186	TRACE	evk.IxanaEVK._write	CALL *(bytearray(b'\x00\x04\x00'),) **{}
2024-06-10 17:25:11,226	TRACE	evk.IxanaEVK._write	RETURN None
2024-06-10 17:25:11,226	TRACE	evk.IxanaEVK._read	CALL *(4,) **{}
2024-06-10 17:25:11,226	TRACE	evk.IxanaEVK._read	RETURN bytearray(b'\x02\x04\x00\x00')
2024-06-10 17:25:11,226	TRACE	evk.IxanaEVK._read	CALL *(2,) **{}
2024-06-10 17:25:11,226	TRACE	evk.IxanaEVK._read	RETURN bytearray(b'\x00 ')
2024-06-10 17:25:11,226	TRACE	evk.IxanaEVK.field_rd	RETURN bytearray(b'\x00 ')
2024-06-10 17:25:11,226	TRACE	evk.IxanaEVK.field_wrrd	RETURN None
2024-06-10 17:25:11,226	TRACE	evk.IxanaEVK.mode_wrrd	CALL *(<MODE.STATS_TX: 1>,) **{}
2024-06-10 17:25:11,226	TRACE	evk.IxanaEVK.mode_wr	CALL *(<MODE.STATS_TX: 1>,) **{}
2024-06-10 17:25:11,226	TRACE	evk.IxanaEVK.field_wr	CALL *(<FIELD_NAME.MODE: 3>, <MODE.STATS_TX: 1>) **{}
2024-06-10 17:25:11,226	TRACE	evk.IxanaEVK._field_data_format	CALL *(<MODE.STATS_TX: 1>,) **{}
2024-06-10 17:25:11,226	TRACE	evk.IxanaEVK._field_data_format	RETURN b'\x01'
2024-06-10 17:25:11,226	TRACE	evk.IxanaEVK._write	CALL *(bytearray(b'\x00\x03\x01\x01'),) **{}
2024-06-10 17:25:11,274	TRACE	evk.IxanaEVK._write	RETURN None
2024-06-10 17:25:11,274	TRACE	evk.IxanaEVK._read	CALL *(4,) **{}
2024-06-10 17:25:11,612	TRACE	evk.IxanaEVK._read	RETURN bytearray(b'\x02\x03\x01\x00')
2024-06-10 17:25:11,612	TRACE	evk.IxanaEVK.field_wr	RETURN None
2024-06-10 17:25:11,613	TRACE	evk.IxanaEVK.mode_wr	RETURN None
2024-06-10 17:25:11,613	TRACE	evk.IxanaEVK.mode_rd	CALL *() **{}
2024-06-10 17:25:11,613	TRACE	evk.IxanaEVK.field_rd	CALL *(<FIELD_NAME.MODE: 3>,) **{}
2024-06-10 17:25:11,613	TRACE	evk.IxanaEVK._write	CALL *(bytearray(b'\x00\x03\x00'),) **{}
2024-06-10 17:25:11,657	TRACE	evk.IxanaEVK._write	RETURN None
2024-06-10 17:25:11,658	TRACE	evk.IxanaEVK._read	CALL *(4,) **{}
2024-06-10 17:25:11,658	TRACE	evk.IxanaEVK._read	RETURN bytearray(b'\x02\x03\x00\x00')
2024-06-10 17:25:11,658	TRACE	evk.IxanaEVK._read	CALL *(1,) **{}
2024-06-10 17:25:11,658	TRACE	evk.IxanaEVK._read	RETURN bytearray(b'\x01')
2024-06-10 17:25:11,658	TRACE	evk.IxanaEVK.field_rd	RETURN bytearray(b'\x01')
2024-06-10 17:25:11,658	TRACE	evk.IxanaEVK.mode_rd	RETURN <MODE.STATS_TX: 1>
2024-06-10 17:25:11,658	TRACE	evk.IxanaEVK.mode_wrrd	RETURN None
2024-06-10 17:25:11,658	TRACE	evk.IxanaEVK.check_ic_status	CALL *() **{}
2024-06-10 17:25:11,658	TRACE	evk.IxanaEVK.icstatus_rd	CALL *() **{}
2024-06-10 17:25:11,658	TRACE	evk.IxanaEVK.field_rd	CALL *(<FIELD_NAME.ICSTATUS: 2>,) **{}
2024-06-10 17:25:11,658	TRACE	evk.IxanaEVK._write	CALL *(bytearray(b'\x00\x02\x00'),) **{}
2024-06-10 17:25:11,725	TRACE	evk.IxanaEVK._write	RETURN None
2024-06-10 17:25:11,726	TRACE	evk.IxanaEVK._read	CALL *(4,) **{}
2024-06-10 17:25:11,726	TRACE	evk.IxanaEVK._read	RETURN bytearray(b'\x02\x02\x00\x00')
2024-06-10 17:25:11,726	TRACE	evk.IxanaEVK._read	CALL *(1,) **{}
2024-06-10 17:25:11,726	TRACE	evk.IxanaEVK._read	RETURN bytearray(b'\x05')
2024-06-10 17:25:11,726	TRACE	evk.IxanaEVK.field_rd	RETURN bytearray(b'\x05')
2024-06-10 17:25:11,726	TRACE	evk.IxanaEVK.icstatus_rd	RETURN <IC_STATUS.SUCCESS: 5>
2024-06-10 17:25:11,726	TRACE	evk.IxanaEVK.check_ic_status	RETURN None
2024-06-10 17:25:11,726	TRACE	evk.IxanaEVK.data_enable	CALL *(True,) **{}
2024-06-10 17:25:11,726	TRACE	evk.IxanaEVK._write	CALL *(bytearray(b'\x04\x01'),) **{}
2024-06-10 17:25:11,767	TRACE	evk.IxanaEVK._write	RETURN None
2024-06-10 17:25:11,767	TRACE	evk.IxanaEVK.data_enable	RETURN None
2024-06-10 17:25:11,767	TRACE	evk.IxanaEVK.mode_start	RETURN None
2024-06-10 17:25:11,860	DEBUG	bleak.backends.winrt.client.disconnect	Disconnecting from BLE device...
2024-06-10 17:25:15,078	DEBUG	bleak.backends.winrt.client.max_pdu_size_changed_handler	max_pdu_size_changed_handler: 23
2024-06-10 17:25:15,078	DEBUG	bleak.backends.winrt.client.session_status_changed_event_handler	session_status_changed_event_handler: id: BluetoothLE#BluetoothLEe8:48:b8:c8:20:00-68:03:e8:3f:09:02, error: <BluetoothError.SUCCESS: 0>, status: <GattSessionStatus.CLOSED: 0>
2024-06-10 17:25:15,079	DEBUG	bleak.backends.winrt.client.handle_disconnect	closing requester
2024-06-10 17:25:15,079	DEBUG	bleak.backends.winrt.client.handle_disconnect	closing session
