2024-06-10 11:26:43,645	TRACE	evk.IxanaEVK.__init__	CALL *('68:05:16:46:BF:24',) **{}
2024-06-10 11:26:43,646	DEBUG	asyncio.__init__	Using proactor: IocpProactor
2024-06-10 11:26:43,846	DEBUG	bleak.backends.winrt.scanner._received_handler	Received 3B:B7:05:71:7B:28: .
2024-06-10 11:26:43,846	DEBUG	bleak.backends.winrt.scanner._received_handler	Received 3B:B7:05:71:7B:28: .
2024-06-10 11:26:43,853	DEBUG	bleak.backends.winrt.scanner._received_handler	Received 68:05:16:46:BF:24: .
2024-06-10 11:26:43,854	DEBUG	bleak.backends.winrt.scanner._received_handler	Received 68:05:16:46:BF:24: Ixana YR22 EVK.
2024-06-10 11:26:43,855	DEBUG	bleak.backends.winrt.scanner._stopped_handler	2 devices found. Watcher status: <BluetoothLEAdvertisementWatcherStatus.STOPPED: 3>.
2024-06-10 11:26:43,866	DEBUG	bleak.backends.winrt.client.connect	Connecting to BLE device @ 68:05:16:46:BF:24
2024-06-10 11:26:43,929	DEBUG	bleak.backends.winrt.client.get_services	getting services (service_cache_mode=None, cache_mode=None)...
2024-06-10 11:26:44,254	DEBUG	bleak.backends.winrt.client.session_status_changed_event_handler	session_status_changed_event_handler: id: BluetoothLE#BluetoothLEe8:48:b8:c8:20:00-68:05:16:46:bf:24, error: <BluetoothError.SUCCESS: 0>, status: <GattSessionStatus.ACTIVE: 1>
2024-06-10 11:26:44,282	DEBUG	bleak.backends.winrt.client.max_pdu_size_changed_handler	max_pdu_size_changed_handler: 247
2024-06-10 11:26:45,083	TRACE	evk.IxanaEVK.mode_reset	CALL *() **{}
2024-06-10 11:26:45,083	TRACE	evk.IxanaEVK._write	CALL *(bytearray(b'\x00\x03\x01\x00'),) **{}
2024-06-10 11:26:45,112	TRACE	evk.IxanaEVK._write	RETURN None
2024-06-10 11:26:45,614	TRACE	evk.IxanaEVK.data_enable	CALL *(False,) **{}
2024-06-10 11:26:45,614	TRACE	evk.IxanaEVK._write	CALL *(bytearray(b'\x04\x00'),) **{}
2024-06-10 11:26:45,627	TRACE	evk.IxanaEVK._write	RETURN None
2024-06-10 11:26:45,627	TRACE	evk.IxanaEVK.data_enable	RETURN None
2024-06-10 11:26:45,638	TRACE	evk.IxanaEVK.mode_reset	RETURN None
2024-06-10 11:26:45,638	TRACE	evk.IxanaEVK.field_rd	CALL *(<FIELD_NAME.VERSION: 0>,) **{}
2024-06-10 11:26:45,638	TRACE	evk.IxanaEVK._write	CALL *(bytearray(b'\x00\x00\x00'),) **{}
2024-06-10 11:26:45,659	TRACE	evk.IxanaEVK._write	RETURN None
2024-06-10 11:26:45,659	TRACE	evk.IxanaEVK._read	CALL *(4,) **{}
2024-06-10 11:26:45,659	TRACE	evk.IxanaEVK._read	RETURN bytearray(b'\x02\x00\x00\x00')
2024-06-10 11:26:45,659	TRACE	evk.IxanaEVK._read	CALL *(3,) **{}
2024-06-10 11:26:45,659	TRACE	evk.IxanaEVK._read	RETURN bytearray(b'\x00\x00\x01')
2024-06-10 11:26:45,659	TRACE	evk.IxanaEVK.field_rd	RETURN bytearray(b'\x00\x00\x01')
2024-06-10 11:26:45,659	TRACE	evk.IxanaEVK.field_rd	CALL *(<FIELD_NAME.BOARDID: 1>,) **{}
2024-06-10 11:26:45,659	TRACE	evk.IxanaEVK._write	CALL *(bytearray(b'\x00\x01\x00'),) **{}
2024-06-10 11:26:45,691	TRACE	evk.IxanaEVK._write	RETURN None
2024-06-10 11:26:45,691	TRACE	evk.IxanaEVK._read	CALL *(4,) **{}
2024-06-10 11:26:45,691	TRACE	evk.IxanaEVK._read	RETURN bytearray(b'\x02\x01\x00\x00')
2024-06-10 11:26:45,698	TRACE	evk.IxanaEVK._read	CALL *(16,) **{}
2024-06-10 11:26:45,698	TRACE	evk.IxanaEVK._read	RETURN bytearray(b'\x18 4\x08\x02\x05he$\xbfF\x161\xbf\x0e\x00')
2024-06-10 11:26:45,698	TRACE	evk.IxanaEVK.field_rd	RETURN bytearray(b'\x18 4\x08\x02\x05he$\xbfF\x161\xbf\x0e\x00')
2024-06-10 11:26:45,698	TRACE	evk.IxanaEVK.__init__	RETURN None
2024-06-10 11:26:45,698	TRACE	evk.IxanaEVK.mode_rd	CALL *() **{}
2024-06-10 11:26:45,698	TRACE	evk.IxanaEVK.field_rd	CALL *(<FIELD_NAME.MODE: 3>,) **{}
2024-06-10 11:26:45,698	TRACE	evk.IxanaEVK._write	CALL *(bytearray(b'\x00\x03\x00'),) **{}
2024-06-10 11:26:45,754	TRACE	evk.IxanaEVK._write	RETURN None
2024-06-10 11:26:45,754	TRACE	evk.IxanaEVK._read	CALL *(4,) **{}
2024-06-10 11:26:45,754	TRACE	evk.IxanaEVK._read	RETURN bytearray(b'\x02\x03\x00\x00')
2024-06-10 11:26:45,754	TRACE	evk.IxanaEVK._read	CALL *(1,) **{}
2024-06-10 11:26:45,754	TRACE	evk.IxanaEVK._read	RETURN bytearray(b'\x00')
2024-06-10 11:26:45,754	TRACE	evk.IxanaEVK.field_rd	RETURN bytearray(b'\x00')
2024-06-10 11:26:45,754	TRACE	evk.IxanaEVK.mode_rd	RETURN <MODE.NONE: 0>
2024-06-10 11:26:45,754	TRACE	evk.IxanaEVK.mode_start	CALL *(<MODE.STATS_RX: 2>, <FIELD_NAME.MODE_STATS_RX: 5>, FieldModeStatsRX(icsetting_bitrate=0, data_size=32, duration_us=1000000)) **{}
2024-06-10 11:26:45,754	TRACE	evk.IxanaEVK.mode_reset	CALL *() **{}
2024-06-10 11:26:45,754	TRACE	evk.IxanaEVK._write	CALL *(bytearray(b'\x00\x03\x01\x00'),) **{}
2024-06-10 11:26:45,787	TRACE	evk.IxanaEVK._write	RETURN None
2024-06-10 11:26:46,288	TRACE	evk.IxanaEVK.data_enable	CALL *(False,) **{}
2024-06-10 11:26:46,288	TRACE	evk.IxanaEVK._write	CALL *(bytearray(b'\x04\x00'),) **{}
2024-06-10 11:26:46,316	TRACE	evk.IxanaEVK._write	RETURN None
2024-06-10 11:26:46,316	TRACE	evk.IxanaEVK.data_enable	RETURN None
2024-06-10 11:26:46,316	TRACE	evk.IxanaEVK.mode_reset	RETURN None
2024-06-10 11:26:46,316	TRACE	evk.IxanaEVK.mode_wrrd	CALL *(<MODE.NONE: 0>,) **{}
2024-06-10 11:26:46,316	TRACE	evk.IxanaEVK.mode_wr	CALL *(<MODE.NONE: 0>,) **{}
2024-06-10 11:26:46,316	TRACE	evk.IxanaEVK.field_wr	CALL *(<FIELD_NAME.MODE: 3>, <MODE.NONE: 0>) **{}
2024-06-10 11:26:46,316	TRACE	evk.IxanaEVK._field_data_format	CALL *(<MODE.NONE: 0>,) **{}
2024-06-10 11:26:46,316	TRACE	evk.IxanaEVK._field_data_format	RETURN b'\x00'
2024-06-10 11:26:46,316	TRACE	evk.IxanaEVK._write	CALL *(bytearray(b'\x00\x03\x01\x00'),) **{}
2024-06-10 11:26:46,365	TRACE	evk.IxanaEVK._write	RETURN None
2024-06-10 11:26:46,365	TRACE	evk.IxanaEVK._read	CALL *(4,) **{}
2024-06-10 11:26:46,365	TRACE	evk.IxanaEVK._read	RETURN bytearray(b'\x02\x03\x01\x00')
2024-06-10 11:26:46,365	TRACE	evk.IxanaEVK.field_wr	RETURN None
2024-06-10 11:26:46,365	TRACE	evk.IxanaEVK.mode_wr	RETURN None
2024-06-10 11:26:46,365	TRACE	evk.IxanaEVK.mode_rd	CALL *() **{}
2024-06-10 11:26:46,365	TRACE	evk.IxanaEVK.field_rd	CALL *(<FIELD_NAME.MODE: 3>,) **{}
2024-06-10 11:26:46,365	TRACE	evk.IxanaEVK._write	CALL *(bytearray(b'\x00\x03\x00'),) **{}
2024-06-10 11:26:46,410	TRACE	evk.IxanaEVK._write	RETURN None
2024-06-10 11:26:46,410	TRACE	evk.IxanaEVK._read	CALL *(4,) **{}
2024-06-10 11:26:46,410	TRACE	evk.IxanaEVK._read	RETURN bytearray(b'\x02\x03\x00\x00')
2024-06-10 11:26:46,410	TRACE	evk.IxanaEVK._read	CALL *(1,) **{}
2024-06-10 11:26:46,410	TRACE	evk.IxanaEVK._read	RETURN bytearray(b'\x00')
2024-06-10 11:26:46,410	TRACE	evk.IxanaEVK.field_rd	RETURN bytearray(b'\x00')
2024-06-10 11:26:46,410	TRACE	evk.IxanaEVK.mode_rd	RETURN <MODE.NONE: 0>
2024-06-10 11:26:46,410	TRACE	evk.IxanaEVK.mode_wrrd	RETURN None
2024-06-10 11:26:46,410	TRACE	evk.IxanaEVK.field_wrrd	CALL *(<FIELD_NAME.MODE_STATS_RX: 5>, bytearray(b'\x00 @B\x0f\x00')) **{}
2024-06-10 11:26:46,410	TRACE	evk.IxanaEVK.field_wr	CALL *(<FIELD_NAME.MODE_STATS_RX: 5>, bytearray(b'\x00 @B\x0f\x00')) **{}
2024-06-10 11:26:46,410	TRACE	evk.IxanaEVK._field_data_format	CALL *(bytearray(b'\x00 @B\x0f\x00'),) **{}
2024-06-10 11:26:46,410	TRACE	evk.IxanaEVK._field_data_format	RETURN bytearray(b'\x00 @B\x0f\x00')
2024-06-10 11:26:46,410	TRACE	evk.IxanaEVK._write	CALL *(bytearray(b'\x00\x05\x01\x00 @B\x0f\x00'),) **{}
2024-06-10 11:26:46,477	TRACE	evk.IxanaEVK._write	RETURN None
2024-06-10 11:26:46,477	TRACE	evk.IxanaEVK._read	CALL *(4,) **{}
2024-06-10 11:26:46,477	TRACE	evk.IxanaEVK._read	RETURN bytearray(b'\x02\x05\x01\x00')
2024-06-10 11:26:46,477	TRACE	evk.IxanaEVK.field_wr	RETURN None
2024-06-10 11:26:46,477	TRACE	evk.IxanaEVK._field_data_format	CALL *(bytearray(b'\x00 @B\x0f\x00'),) **{}
2024-06-10 11:26:46,477	TRACE	evk.IxanaEVK._field_data_format	RETURN bytearray(b'\x00 @B\x0f\x00')
2024-06-10 11:26:46,477	TRACE	evk.IxanaEVK.field_rd	CALL *(<FIELD_NAME.MODE_STATS_RX: 5>,) **{}
2024-06-10 11:26:46,477	TRACE	evk.IxanaEVK._write	CALL *(bytearray(b'\x00\x05\x00'),) **{}
2024-06-10 11:26:46,523	TRACE	evk.IxanaEVK._write	RETURN None
2024-06-10 11:26:46,523	TRACE	evk.IxanaEVK._read	CALL *(4,) **{}
2024-06-10 11:26:46,523	TRACE	evk.IxanaEVK._read	RETURN bytearray(b'\x02\x05\x00\x00')
2024-06-10 11:26:46,523	TRACE	evk.IxanaEVK._read	CALL *(6,) **{}
2024-06-10 11:26:46,523	TRACE	evk.IxanaEVK._read	RETURN bytearray(b'\x00 @B\x0f\x00')
2024-06-10 11:26:46,523	TRACE	evk.IxanaEVK.field_rd	RETURN bytearray(b'\x00 @B\x0f\x00')
2024-06-10 11:26:46,523	TRACE	evk.IxanaEVK.field_wrrd	RETURN None
2024-06-10 11:26:46,523	TRACE	evk.IxanaEVK.mode_wrrd	CALL *(<MODE.STATS_RX: 2>,) **{}
2024-06-10 11:26:46,523	TRACE	evk.IxanaEVK.mode_wr	CALL *(<MODE.STATS_RX: 2>,) **{}
2024-06-10 11:26:46,523	TRACE	evk.IxanaEVK.field_wr	CALL *(<FIELD_NAME.MODE: 3>, <MODE.STATS_RX: 2>) **{}
2024-06-10 11:26:46,523	TRACE	evk.IxanaEVK._field_data_format	CALL *(<MODE.STATS_RX: 2>,) **{}
2024-06-10 11:26:46,523	TRACE	evk.IxanaEVK._field_data_format	RETURN b'\x02'
2024-06-10 11:26:46,523	TRACE	evk.IxanaEVK._write	CALL *(bytearray(b'\x00\x03\x01\x02'),) **{}
2024-06-10 11:26:46,567	TRACE	evk.IxanaEVK._write	RETURN None
2024-06-10 11:26:46,567	TRACE	evk.IxanaEVK._read	CALL *(4,) **{}
2024-06-10 11:26:46,896	TRACE	evk.IxanaEVK._read	RETURN bytearray(b'\x02\x03\x01\x00')
2024-06-10 11:26:46,896	TRACE	evk.IxanaEVK.field_wr	RETURN None
2024-06-10 11:26:46,896	TRACE	evk.IxanaEVK.mode_wr	RETURN None
2024-06-10 11:26:46,896	TRACE	evk.IxanaEVK.mode_rd	CALL *() **{}
2024-06-10 11:26:46,896	TRACE	evk.IxanaEVK.field_rd	CALL *(<FIELD_NAME.MODE: 3>,) **{}
2024-06-10 11:26:46,896	TRACE	evk.IxanaEVK._write	CALL *(bytearray(b'\x00\x03\x00'),) **{}
2024-06-10 11:26:46,949	TRACE	evk.IxanaEVK._write	RETURN None
2024-06-10 11:26:46,949	TRACE	evk.IxanaEVK._read	CALL *(4,) **{}
2024-06-10 11:26:46,949	TRACE	evk.IxanaEVK._read	RETURN bytearray(b'\x02\x03\x00\x00')
2024-06-10 11:26:46,950	TRACE	evk.IxanaEVK._read	CALL *(1,) **{}
2024-06-10 11:26:46,950	TRACE	evk.IxanaEVK._read	RETURN bytearray(b'\x02')
2024-06-10 11:26:46,950	TRACE	evk.IxanaEVK.field_rd	RETURN bytearray(b'\x02')
2024-06-10 11:26:46,950	TRACE	evk.IxanaEVK.mode_rd	RETURN <MODE.STATS_RX: 2>
2024-06-10 11:26:46,950	TRACE	evk.IxanaEVK.mode_wrrd	RETURN None
2024-06-10 11:26:46,950	TRACE	evk.IxanaEVK.check_ic_status	CALL *() **{}
2024-06-10 11:26:46,950	TRACE	evk.IxanaEVK.icstatus_rd	CALL *() **{}
2024-06-10 11:26:46,950	TRACE	evk.IxanaEVK.field_rd	CALL *(<FIELD_NAME.ICSTATUS: 2>,) **{}
2024-06-10 11:26:46,950	TRACE	evk.IxanaEVK._write	CALL *(bytearray(b'\x00\x02\x00'),) **{}
2024-06-10 11:26:46,993	TRACE	evk.IxanaEVK._write	RETURN None
2024-06-10 11:26:46,995	TRACE	evk.IxanaEVK._read	CALL *(4,) **{}
2024-06-10 11:26:46,995	TRACE	evk.IxanaEVK._read	RETURN bytearray(b'\x02\x02\x00\x00')
2024-06-10 11:26:46,995	TRACE	evk.IxanaEVK._read	CALL *(1,) **{}
2024-06-10 11:26:46,995	TRACE	evk.IxanaEVK._read	RETURN bytearray(b'\x05')
2024-06-10 11:26:46,995	TRACE	evk.IxanaEVK.field_rd	RETURN bytearray(b'\x05')
2024-06-10 11:26:46,995	TRACE	evk.IxanaEVK.icstatus_rd	RETURN <IC_STATUS.SUCCESS: 5>
2024-06-10 11:26:46,995	TRACE	evk.IxanaEVK.check_ic_status	RETURN None
2024-06-10 11:26:46,995	TRACE	evk.IxanaEVK.data_enable	CALL *(True,) **{}
2024-06-10 11:26:46,995	TRACE	evk.IxanaEVK._write	CALL *(bytearray(b'\x04\x01'),) **{}
2024-06-10 11:26:47,037	TRACE	evk.IxanaEVK._write	RETURN None
2024-06-10 11:26:47,037	TRACE	evk.IxanaEVK.data_enable	RETURN None
2024-06-10 11:26:47,037	TRACE	evk.IxanaEVK.mode_start	RETURN None
2024-06-10 11:26:48,040	TRACE	evk.IxanaEVK.data_rd	CALL *() **{}
2024-06-10 11:26:48,040	TRACE	evk.IxanaEVK.rd8	CALL *() **{}
2024-06-10 11:26:48,040	TRACE	evk.IxanaEVK._read	CALL *(1,) **{}
2024-06-10 11:26:48,040	TRACE	evk.IxanaEVK._read	RETURN bytearray(b'\x01')
2024-06-10 11:26:48,040	TRACE	evk.IxanaEVK.rd8	RETURN 1
2024-06-10 11:26:48,040	TRACE	evk.IxanaEVK.rd8	CALL *() **{}
2024-06-10 11:26:48,040	TRACE	evk.IxanaEVK._read	CALL *(1,) **{}
2024-06-10 11:26:48,040	TRACE	evk.IxanaEVK._read	RETURN bytearray(b'\x02')
2024-06-10 11:26:48,040	TRACE	evk.IxanaEVK.rd8	RETURN 2
2024-06-10 11:26:48,040	TRACE	evk.IxanaEVK.rd8	CALL *() **{}
2024-06-10 11:26:48,040	TRACE	evk.IxanaEVK._read	CALL *(1,) **{}
2024-06-10 11:26:48,040	TRACE	evk.IxanaEVK._read	RETURN bytearray(b' ')
2024-06-10 11:26:48,040	TRACE	evk.IxanaEVK.rd8	RETURN 32
2024-06-10 11:26:48,040	TRACE	evk.IxanaEVK._read	CALL *(32,) **{}
2024-06-10 11:26:48,040	TRACE	evk.IxanaEVK._read	RETURN bytearray(b' \x00\x00\x00@B\x0f\x00\x03\x00\x00\x00{\x01\x00\x00D\x00\x00\x00\x00{\x01\x00E\x00\x00\x00\xfd\x00\xab\x00')
2024-06-10 11:26:48,040	TRACE	evk.IxanaEVK.data_rd	RETURN (<MODE.STATS_RX: 2>, bytearray(b' \x00\x00\x00@B\x0f\x00\x03\x00\x00\x00{\x01\x00\x00D\x00\x00\x00\x00{\x01\x00E\x00\x00\x00\xfd\x00\xab\x00'))
2024-06-10 11:26:48,045	DEBUG	urllib3.connectionpool._new_conn	Starting new HTTP connection (1): 3.25.191.180:80
2024-06-10 11:26:48,854	DEBUG	urllib3.connectionpool._make_request	http://3.25.191.180:80 "POST /processdev HTTP/1.1" 500 265
2024-06-10 11:26:48,953	DEBUG	bleak.backends.winrt.client.disconnect	Disconnecting from BLE device...
2024-06-10 11:26:52,170	DEBUG	bleak.backends.winrt.client.max_pdu_size_changed_handler	max_pdu_size_changed_handler: 23
2024-06-10 11:26:52,170	DEBUG	bleak.backends.winrt.client.session_status_changed_event_handler	session_status_changed_event_handler: id: BluetoothLE#BluetoothLEe8:48:b8:c8:20:00-68:05:16:46:bf:24, error: <BluetoothError.SUCCESS: 0>, status: <GattSessionStatus.CLOSED: 0>
2024-06-10 11:26:52,172	DEBUG	bleak.backends.winrt.client.handle_disconnect	closing requester
2024-06-10 11:26:52,172	DEBUG	bleak.backends.winrt.client.handle_disconnect	closing session
