2024-06-10 14:53:39,907	TRACE	evk.IxanaEVK.__init__	CALL *('68:05:16:46:BF:24',) **{}
2024-06-10 14:53:39,908	DEBUG	asyncio.__init__	Using proactor: IocpProactor
2024-06-10 14:53:40,105	DEBUG	bleak.backends.winrt.scanner._received_handler	Received 24:76:D9:8D:96:D3: .
2024-06-10 14:53:40,112	DEBUG	bleak.backends.winrt.scanner._received_handler	Received 06:B2:A9:14:61:37: .
2024-06-10 14:53:40,113	DEBUG	bleak.backends.winrt.scanner._received_handler	Received 15:DE:8C:55:D7:50: .
2024-06-10 14:53:40,113	DEBUG	bleak.backends.winrt.scanner._received_handler	Received 50:71:BC:90:32:65: LE_WH-1000XM5.
2024-06-10 14:53:40,114	DEBUG	bleak.backends.winrt.scanner._received_handler	Received 50:71:BC:90:32:65: .
2024-06-10 14:53:40,115	DEBUG	bleak.backends.winrt.scanner._received_handler	Received 68:05:16:46:BF:24: .
2024-06-10 14:53:40,118	DEBUG	bleak.backends.winrt.scanner._stopped_handler	5 devices found. Watcher status: <BluetoothLEAdvertisementWatcherStatus.STOPPED: 3>.
2024-06-10 14:53:40,127	DEBUG	bleak.backends.winrt.client.connect	Connecting to BLE device @ 68:05:16:46:BF:24
2024-06-10 14:53:40,128	DEBUG	bleak.backends.winrt.scanner._received_handler	Received 68:05:16:46:BF:24: Ixana YR22 EVK.
2024-06-10 14:53:40,208	DEBUG	bleak.backends.winrt.client.get_services	getting services (service_cache_mode=None, cache_mode=None)...
2024-06-10 14:53:40,528	DEBUG	bleak.backends.winrt.client.session_status_changed_event_handler	session_status_changed_event_handler: id: BluetoothLE#BluetoothLEe8:48:b8:c8:20:00-68:05:16:46:bf:24, error: <BluetoothError.SUCCESS: 0>, status: <GattSessionStatus.ACTIVE: 1>
2024-06-10 14:53:40,556	DEBUG	bleak.backends.winrt.client.max_pdu_size_changed_handler	max_pdu_size_changed_handler: 247
2024-06-10 14:53:41,404	TRACE	evk.IxanaEVK.mode_reset	CALL *() **{}
2024-06-10 14:53:41,404	TRACE	evk.IxanaEVK._write	CALL *(bytearray(b'\x00\x03\x01\x00'),) **{}
2024-06-10 14:53:41,433	TRACE	evk.IxanaEVK._write	RETURN None
2024-06-10 14:53:41,935	TRACE	evk.IxanaEVK.data_enable	CALL *(False,) **{}
2024-06-10 14:53:41,935	TRACE	evk.IxanaEVK._write	CALL *(bytearray(b'\x04\x00'),) **{}
2024-06-10 14:53:41,958	TRACE	evk.IxanaEVK._write	RETURN None
2024-06-10 14:53:41,958	TRACE	evk.IxanaEVK.data_enable	RETURN None
2024-06-10 14:53:41,958	TRACE	evk.IxanaEVK.mode_reset	RETURN None
2024-06-10 14:53:41,958	TRACE	evk.IxanaEVK.field_rd	CALL *(<FIELD_NAME.VERSION: 0>,) **{}
2024-06-10 14:53:41,958	TRACE	evk.IxanaEVK._write	CALL *(bytearray(b'\x00\x00\x00'),) **{}
2024-06-10 14:53:42,003	TRACE	evk.IxanaEVK._write	RETURN None
2024-06-10 14:53:42,003	TRACE	evk.IxanaEVK._read	CALL *(4,) **{}
2024-06-10 14:53:42,004	TRACE	evk.IxanaEVK._read	RETURN bytearray(b'\x02\x00\x00\x00')
2024-06-10 14:53:42,004	TRACE	evk.IxanaEVK._read	CALL *(3,) **{}
2024-06-10 14:53:42,004	TRACE	evk.IxanaEVK._read	RETURN bytearray(b'\x00\x00\x01')
2024-06-10 14:53:42,004	TRACE	evk.IxanaEVK.field_rd	RETURN bytearray(b'\x00\x00\x01')
2024-06-10 14:53:42,004	TRACE	evk.IxanaEVK.field_rd	CALL *(<FIELD_NAME.BOARDID: 1>,) **{}
2024-06-10 14:53:42,004	TRACE	evk.IxanaEVK._write	CALL *(bytearray(b'\x00\x01\x00'),) **{}
2024-06-10 14:53:42,034	TRACE	evk.IxanaEVK._write	RETURN None
2024-06-10 14:53:42,034	TRACE	evk.IxanaEVK._read	CALL *(4,) **{}
2024-06-10 14:53:42,034	TRACE	evk.IxanaEVK._read	RETURN bytearray(b'\x02\x01\x00\x00')
2024-06-10 14:53:42,034	TRACE	evk.IxanaEVK._read	CALL *(16,) **{}
2024-06-10 14:53:42,034	TRACE	evk.IxanaEVK._read	RETURN bytearray(b'\x18 4\x08\x02\x05he$\xbfF\x161\xbf\x0e\x00')
2024-06-10 14:53:42,034	TRACE	evk.IxanaEVK.field_rd	RETURN bytearray(b'\x18 4\x08\x02\x05he$\xbfF\x161\xbf\x0e\x00')
2024-06-10 14:53:42,035	TRACE	evk.IxanaEVK.__init__	RETURN None
2024-06-10 14:53:42,035	TRACE	evk.IxanaEVK.mode_rd	CALL *() **{}
2024-06-10 14:53:42,035	TRACE	evk.IxanaEVK.field_rd	CALL *(<FIELD_NAME.MODE: 3>,) **{}
2024-06-10 14:53:42,035	TRACE	evk.IxanaEVK._write	CALL *(bytearray(b'\x00\x03\x00'),) **{}
2024-06-10 14:53:42,064	TRACE	evk.IxanaEVK._write	RETURN None
2024-06-10 14:53:42,064	TRACE	evk.IxanaEVK._read	CALL *(4,) **{}
2024-06-10 14:53:42,065	TRACE	evk.IxanaEVK._read	RETURN bytearray(b'\x02\x03\x00\x00')
2024-06-10 14:53:42,065	TRACE	evk.IxanaEVK._read	CALL *(1,) **{}
2024-06-10 14:53:42,065	TRACE	evk.IxanaEVK._read	RETURN bytearray(b'\x00')
2024-06-10 14:53:42,065	TRACE	evk.IxanaEVK.field_rd	RETURN bytearray(b'\x00')
2024-06-10 14:53:42,065	TRACE	evk.IxanaEVK.mode_rd	RETURN <MODE.NONE: 0>
2024-06-10 14:53:42,066	TRACE	evk.IxanaEVK.mode_start	CALL *(<MODE.STATS_RX: 2>, <FIELD_NAME.MODE_STATS_RX: 5>, FieldModeStatsRX(icsetting_bitrate=0, data_size=32, duration_us=1000000)) **{}
2024-06-10 14:53:42,067	TRACE	evk.IxanaEVK.mode_reset	CALL *() **{}
2024-06-10 14:53:42,067	TRACE	evk.IxanaEVK._write	CALL *(bytearray(b'\x00\x03\x01\x00'),) **{}
2024-06-10 14:53:42,094	TRACE	evk.IxanaEVK._write	RETURN None
2024-06-10 14:53:42,595	TRACE	evk.IxanaEVK.data_enable	CALL *(False,) **{}
2024-06-10 14:53:42,595	TRACE	evk.IxanaEVK._write	CALL *(bytearray(b'\x04\x00'),) **{}
2024-06-10 14:53:42,640	TRACE	evk.IxanaEVK._write	RETURN None
2024-06-10 14:53:42,640	TRACE	evk.IxanaEVK.data_enable	RETURN None
2024-06-10 14:53:42,640	TRACE	evk.IxanaEVK.mode_reset	RETURN None
2024-06-10 14:53:42,640	TRACE	evk.IxanaEVK.mode_wrrd	CALL *(<MODE.NONE: 0>,) **{}
2024-06-10 14:53:42,640	TRACE	evk.IxanaEVK.mode_wr	CALL *(<MODE.NONE: 0>,) **{}
2024-06-10 14:53:42,640	TRACE	evk.IxanaEVK.field_wr	CALL *(<FIELD_NAME.MODE: 3>, <MODE.NONE: 0>) **{}
2024-06-10 14:53:42,640	TRACE	evk.IxanaEVK._field_data_format	CALL *(<MODE.NONE: 0>,) **{}
2024-06-10 14:53:42,640	TRACE	evk.IxanaEVK._field_data_format	RETURN b'\x00'
2024-06-10 14:53:42,642	TRACE	evk.IxanaEVK._write	CALL *(bytearray(b'\x00\x03\x01\x00'),) **{}
2024-06-10 14:53:42,686	TRACE	evk.IxanaEVK._write	RETURN None
2024-06-10 14:53:42,686	TRACE	evk.IxanaEVK._read	CALL *(4,) **{}
2024-06-10 14:53:42,686	TRACE	evk.IxanaEVK._read	RETURN bytearray(b'\x02\x03\x01\x00')
2024-06-10 14:53:42,686	TRACE	evk.IxanaEVK.field_wr	RETURN None
2024-06-10 14:53:42,686	TRACE	evk.IxanaEVK.mode_wr	RETURN None
2024-06-10 14:53:42,686	TRACE	evk.IxanaEVK.mode_rd	CALL *() **{}
2024-06-10 14:53:42,686	TRACE	evk.IxanaEVK.field_rd	CALL *(<FIELD_NAME.MODE: 3>,) **{}
2024-06-10 14:53:42,686	TRACE	evk.IxanaEVK._write	CALL *(bytearray(b'\x00\x03\x00'),) **{}
2024-06-10 14:53:42,731	TRACE	evk.IxanaEVK._write	RETURN None
2024-06-10 14:53:42,731	TRACE	evk.IxanaEVK._read	CALL *(4,) **{}
2024-06-10 14:53:42,732	TRACE	evk.IxanaEVK._read	RETURN bytearray(b'\x02\x03\x00\x00')
2024-06-10 14:53:42,732	TRACE	evk.IxanaEVK._read	CALL *(1,) **{}
2024-06-10 14:53:42,732	TRACE	evk.IxanaEVK._read	RETURN bytearray(b'\x00')
2024-06-10 14:53:42,732	TRACE	evk.IxanaEVK.field_rd	RETURN bytearray(b'\x00')
2024-06-10 14:53:42,732	TRACE	evk.IxanaEVK.mode_rd	RETURN <MODE.NONE: 0>
2024-06-10 14:53:42,732	TRACE	evk.IxanaEVK.mode_wrrd	RETURN None
2024-06-10 14:53:42,732	TRACE	evk.IxanaEVK.field_wrrd	CALL *(<FIELD_NAME.MODE_STATS_RX: 5>, bytearray(b'\x00 @B\x0f\x00')) **{}
2024-06-10 14:53:42,732	TRACE	evk.IxanaEVK.field_wr	CALL *(<FIELD_NAME.MODE_STATS_RX: 5>, bytearray(b'\x00 @B\x0f\x00')) **{}
2024-06-10 14:53:42,732	TRACE	evk.IxanaEVK._field_data_format	CALL *(bytearray(b'\x00 @B\x0f\x00'),) **{}
2024-06-10 14:53:42,732	TRACE	evk.IxanaEVK._field_data_format	RETURN bytearray(b'\x00 @B\x0f\x00')
2024-06-10 14:53:42,732	TRACE	evk.IxanaEVK._write	CALL *(bytearray(b'\x00\x05\x01\x00 @B\x0f\x00'),) **{}
2024-06-10 14:53:42,777	TRACE	evk.IxanaEVK._write	RETURN None
2024-06-10 14:53:42,777	TRACE	evk.IxanaEVK._read	CALL *(4,) **{}
2024-06-10 14:53:42,777	TRACE	evk.IxanaEVK._read	RETURN bytearray(b'\x02\x05\x01\x00')
2024-06-10 14:53:42,777	TRACE	evk.IxanaEVK.field_wr	RETURN None
2024-06-10 14:53:42,777	TRACE	evk.IxanaEVK._field_data_format	CALL *(bytearray(b'\x00 @B\x0f\x00'),) **{}
2024-06-10 14:53:42,777	TRACE	evk.IxanaEVK._field_data_format	RETURN bytearray(b'\x00 @B\x0f\x00')
2024-06-10 14:53:42,777	TRACE	evk.IxanaEVK.field_rd	CALL *(<FIELD_NAME.MODE_STATS_RX: 5>,) **{}
2024-06-10 14:53:42,777	TRACE	evk.IxanaEVK._write	CALL *(bytearray(b'\x00\x05\x00'),) **{}
2024-06-10 14:53:42,821	TRACE	evk.IxanaEVK._write	RETURN None
2024-06-10 14:53:42,821	TRACE	evk.IxanaEVK._read	CALL *(4,) **{}
2024-06-10 14:53:42,821	TRACE	evk.IxanaEVK._read	RETURN bytearray(b'\x02\x05\x00\x00')
2024-06-10 14:53:42,821	TRACE	evk.IxanaEVK._read	CALL *(6,) **{}
2024-06-10 14:53:42,821	TRACE	evk.IxanaEVK._read	RETURN bytearray(b'\x00 @B\x0f\x00')
2024-06-10 14:53:42,821	TRACE	evk.IxanaEVK.field_rd	RETURN bytearray(b'\x00 @B\x0f\x00')
2024-06-10 14:53:42,821	TRACE	evk.IxanaEVK.field_wrrd	RETURN None
2024-06-10 14:53:42,821	TRACE	evk.IxanaEVK.mode_wrrd	CALL *(<MODE.STATS_RX: 2>,) **{}
2024-06-10 14:53:42,821	TRACE	evk.IxanaEVK.mode_wr	CALL *(<MODE.STATS_RX: 2>,) **{}
2024-06-10 14:53:42,821	TRACE	evk.IxanaEVK.field_wr	CALL *(<FIELD_NAME.MODE: 3>, <MODE.STATS_RX: 2>) **{}
2024-06-10 14:53:42,821	TRACE	evk.IxanaEVK._field_data_format	CALL *(<MODE.STATS_RX: 2>,) **{}
2024-06-10 14:53:42,821	TRACE	evk.IxanaEVK._field_data_format	RETURN b'\x02'
2024-06-10 14:53:42,821	TRACE	evk.IxanaEVK._write	CALL *(bytearray(b'\x00\x03\x01\x02'),) **{}
2024-06-10 14:53:42,866	TRACE	evk.IxanaEVK._write	RETURN None
2024-06-10 14:53:42,866	TRACE	evk.IxanaEVK._read	CALL *(4,) **{}
2024-06-10 14:53:43,204	TRACE	evk.IxanaEVK._read	RETURN bytearray(b'\x02\x03\x01\x00')
2024-06-10 14:53:43,204	TRACE	evk.IxanaEVK.field_wr	RETURN None
2024-06-10 14:53:43,204	TRACE	evk.IxanaEVK.mode_wr	RETURN None
2024-06-10 14:53:43,204	TRACE	evk.IxanaEVK.mode_rd	CALL *() **{}
2024-06-10 14:53:43,204	TRACE	evk.IxanaEVK.field_rd	CALL *(<FIELD_NAME.MODE: 3>,) **{}
2024-06-10 14:53:43,204	TRACE	evk.IxanaEVK._write	CALL *(bytearray(b'\x00\x03\x00'),) **{}
2024-06-10 14:53:43,249	TRACE	evk.IxanaEVK._write	RETURN None
2024-06-10 14:53:43,249	TRACE	evk.IxanaEVK._read	CALL *(4,) **{}
2024-06-10 14:53:43,249	TRACE	evk.IxanaEVK._read	RETURN bytearray(b'\x02\x03\x00\x00')
2024-06-10 14:53:43,249	TRACE	evk.IxanaEVK._read	CALL *(1,) **{}
2024-06-10 14:53:43,249	TRACE	evk.IxanaEVK._read	RETURN bytearray(b'\x02')
2024-06-10 14:53:43,249	TRACE	evk.IxanaEVK.field_rd	RETURN bytearray(b'\x02')
2024-06-10 14:53:43,249	TRACE	evk.IxanaEVK.mode_rd	RETURN <MODE.STATS_RX: 2>
2024-06-10 14:53:43,249	TRACE	evk.IxanaEVK.mode_wrrd	RETURN None
2024-06-10 14:53:43,249	TRACE	evk.IxanaEVK.check_ic_status	CALL *() **{}
2024-06-10 14:53:43,249	TRACE	evk.IxanaEVK.icstatus_rd	CALL *() **{}
2024-06-10 14:53:43,249	TRACE	evk.IxanaEVK.field_rd	CALL *(<FIELD_NAME.ICSTATUS: 2>,) **{}
2024-06-10 14:53:43,249	TRACE	evk.IxanaEVK._write	CALL *(bytearray(b'\x00\x02\x00'),) **{}
2024-06-10 14:53:43,294	TRACE	evk.IxanaEVK._write	RETURN None
2024-06-10 14:53:43,294	TRACE	evk.IxanaEVK._read	CALL *(4,) **{}
2024-06-10 14:53:43,294	TRACE	evk.IxanaEVK._read	RETURN bytearray(b'\x02\x02\x00\x00')
2024-06-10 14:53:43,294	TRACE	evk.IxanaEVK._read	CALL *(1,) **{}
2024-06-10 14:53:43,294	TRACE	evk.IxanaEVK._read	RETURN bytearray(b'\x05')
2024-06-10 14:53:43,294	TRACE	evk.IxanaEVK.field_rd	RETURN bytearray(b'\x05')
2024-06-10 14:53:43,294	TRACE	evk.IxanaEVK.icstatus_rd	RETURN <IC_STATUS.SUCCESS: 5>
2024-06-10 14:53:43,294	TRACE	evk.IxanaEVK.check_ic_status	RETURN None
2024-06-10 14:53:43,294	TRACE	evk.IxanaEVK.data_enable	CALL *(True,) **{}
2024-06-10 14:53:43,294	TRACE	evk.IxanaEVK._write	CALL *(bytearray(b'\x04\x01'),) **{}
2024-06-10 14:53:43,360	TRACE	evk.IxanaEVK._write	RETURN None
2024-06-10 14:53:43,360	TRACE	evk.IxanaEVK.data_enable	RETURN None
2024-06-10 14:53:43,360	TRACE	evk.IxanaEVK.mode_start	RETURN None
2024-06-10 14:53:44,362	TRACE	evk.IxanaEVK.data_rd	CALL *() **{}
2024-06-10 14:53:44,362	TRACE	evk.IxanaEVK.rd8	CALL *() **{}
2024-06-10 14:53:44,362	TRACE	evk.IxanaEVK._read	CALL *(1,) **{}
2024-06-10 14:53:44,362	TRACE	evk.IxanaEVK._read	RETURN bytearray(b'\x01')
2024-06-10 14:53:44,362	TRACE	evk.IxanaEVK.rd8	RETURN 1
2024-06-10 14:53:44,362	TRACE	evk.IxanaEVK.rd8	CALL *() **{}
2024-06-10 14:53:44,362	TRACE	evk.IxanaEVK._read	CALL *(1,) **{}
2024-06-10 14:53:44,362	TRACE	evk.IxanaEVK._read	RETURN bytearray(b'\x02')
2024-06-10 14:53:44,362	TRACE	evk.IxanaEVK.rd8	RETURN 2
2024-06-10 14:53:44,362	TRACE	evk.IxanaEVK.rd8	CALL *() **{}
2024-06-10 14:53:44,362	TRACE	evk.IxanaEVK._read	CALL *(1,) **{}
2024-06-10 14:53:44,362	TRACE	evk.IxanaEVK._read	RETURN bytearray(b' ')
2024-06-10 14:53:44,362	TRACE	evk.IxanaEVK.rd8	RETURN 32
2024-06-10 14:53:44,362	TRACE	evk.IxanaEVK._read	CALL *(32,) **{}
2024-06-10 14:53:44,362	TRACE	evk.IxanaEVK._read	RETURN bytearray(b' \x00\x00\x00@B\x0f\x00\x00\x00\x00\x00\x00\x00\x00\x00\x00\x00\x00\x00\x00\x00\x00\x00\x00\x00\x00\x00&\x01\xff\x7f')
2024-06-10 14:53:44,362	TRACE	evk.IxanaEVK.data_rd	RETURN (<MODE.STATS_RX: 2>, bytearray(b' \x00\x00\x00@B\x0f\x00\x00\x00\x00\x00\x00\x00\x00\x00\x00\x00\x00\x00\x00\x00\x00\x00\x00\x00\x00\x00&\x01\xff\x7f'))
2024-06-10 14:53:44,366	DEBUG	urllib3.connectionpool._new_conn	Starting new HTTP connection (1): 3.25.191.180:80
2024-06-10 14:53:45,579	DEBUG	urllib3.connectionpool._make_request	http://3.25.191.180:80 "POST /processdev HTTP/1.1" 200 202
2024-06-10 14:53:45,679	DEBUG	bleak.backends.winrt.client.disconnect	Disconnecting from BLE device...
2024-06-10 14:53:48,896	DEBUG	bleak.backends.winrt.client.max_pdu_size_changed_handler	max_pdu_size_changed_handler: 23
2024-06-10 14:53:48,898	DEBUG	bleak.backends.winrt.client.session_status_changed_event_handler	session_status_changed_event_handler: id: BluetoothLE#BluetoothLEe8:48:b8:c8:20:00-68:05:16:46:bf:24, error: <BluetoothError.SUCCESS: 0>, status: <GattSessionStatus.CLOSED: 0>
2024-06-10 14:53:48,898	DEBUG	bleak.backends.winrt.client.handle_disconnect	closing requester
2024-06-10 14:53:48,898	DEBUG	bleak.backends.winrt.client.handle_disconnect	closing session
