2024-06-10 14:50:26,635	TRACE	evk.IxanaEVK.__init__	CALL *('68:05:16:46:BF:24',) **{}
2024-06-10 14:50:26,636	DEBUG	asyncio.__init__	Using proactor: IocpProactor
2024-06-10 14:50:26,921	DEBUG	bleak.backends.winrt.scanner._received_handler	Received 15:DE:8C:55:D7:50: .
2024-06-10 14:50:27,024	DEBUG	bleak.backends.winrt.scanner._received_handler	Received 15:DE:8C:55:D7:50: .
2024-06-10 14:50:27,030	DEBUG	bleak.backends.winrt.scanner._received_handler	Received 68:02:15:5A:DB:AC: .
2024-06-10 14:50:27,036	DEBUG	bleak.backends.winrt.scanner._received_handler	Received 3C:A4:02:3C:38:A0: .
2024-06-10 14:50:27,148	DEBUG	bleak.backends.winrt.scanner._received_handler	Received 3C:A4:02:3C:38:A0: .
2024-06-10 14:50:27,259	DEBUG	bleak.backends.winrt.scanner._received_handler	Received 68:27:37:44:4B:71: .
2024-06-10 14:50:27,391	DEBUG	bleak.backends.winrt.scanner._received_handler	Received 30:29:7C:13:D2:91: .
2024-06-10 14:50:27,495	DEBUG	bleak.backends.winrt.scanner._received_handler	Received 38:01:95:99:1C:66: .
2024-06-10 14:50:27,509	DEBUG	bleak.backends.winrt.scanner._received_handler	Received 17:68:D7:54:77:A7: .
2024-06-10 14:50:27,510	DEBUG	bleak.backends.winrt.scanner._received_handler	Received 17:68:D7:54:77:A7: .
2024-06-10 14:50:27,730	DEBUG	bleak.backends.winrt.scanner._received_handler	Received 05:69:DC:3A:35:F6: .
2024-06-10 14:50:27,733	DEBUG	bleak.backends.winrt.scanner._received_handler	Received 3C:2A:CA:CD:C0:99: .
2024-06-10 14:50:27,862	DEBUG	bleak.backends.winrt.scanner._received_handler	Received 68:03:E8:3F:09:02: .
2024-06-10 14:50:27,863	DEBUG	bleak.backends.winrt.scanner._received_handler	Received 68:03:E8:3F:09:02: Ixana YR22 EVK.
2024-06-10 14:50:27,865	DEBUG	bleak.backends.winrt.scanner._received_handler	Received 15:DE:8C:55:D7:50: .
2024-06-10 14:50:27,971	DEBUG	bleak.backends.winrt.scanner._received_handler	Received 68:03:E8:3F:09:02: .
2024-06-10 14:50:27,972	DEBUG	bleak.backends.winrt.scanner._received_handler	Received 68:03:E8:3F:09:02: Ixana YR22 EVK.
2024-06-10 14:50:27,974	DEBUG	bleak.backends.winrt.scanner._received_handler	Received 68:02:15:5A:DB:AC: .
2024-06-10 14:50:27,975	DEBUG	bleak.backends.winrt.scanner._received_handler	Received 68:02:15:5A:DB:AC: Amdtp.
2024-06-10 14:50:28,092	DEBUG	bleak.backends.winrt.scanner._received_handler	Received 08:9F:78:57:20:A1: .
2024-06-10 14:50:28,094	DEBUG	bleak.backends.winrt.scanner._received_handler	Received 1D:AB:A0:CB:5C:27: .
2024-06-10 14:50:28,204	DEBUG	bleak.backends.winrt.scanner._received_handler	Received CD:3E:98:ED:EC:C9: .
2024-06-10 14:50:28,323	DEBUG	bleak.backends.winrt.scanner._received_handler	Received 30:29:7C:13:D2:91: .
2024-06-10 14:50:28,455	DEBUG	bleak.backends.winrt.scanner._received_handler	Received 68:08:FC:E1:F4:00: .
2024-06-10 14:50:28,457	DEBUG	bleak.backends.winrt.scanner._received_handler	Received 68:08:FC:E1:F4:00: Amdtp.
2024-06-10 14:50:28,558	DEBUG	bleak.backends.winrt.scanner._received_handler	Received 68:07:2E:5B:6F:67: .
2024-06-10 14:50:28,559	DEBUG	bleak.backends.winrt.scanner._received_handler	Received 68:07:2E:5B:6F:67: Amdtp.
2024-06-10 14:50:28,562	DEBUG	bleak.backends.winrt.scanner._received_handler	Received 68:08:FC:E1:F4:00: .
2024-06-10 14:50:28,564	DEBUG	bleak.backends.winrt.scanner._received_handler	Received 68:08:FC:E1:F4:00: Amdtp.
2024-06-10 14:50:28,566	DEBUG	bleak.backends.winrt.scanner._received_handler	Received 3C:2A:CA:CD:C0:99: .
2024-06-10 14:50:28,676	DEBUG	bleak.backends.winrt.scanner._received_handler	Received 1C:B2:66:A5:BA:DF: .
2024-06-10 14:50:28,680	DEBUG	bleak.backends.winrt.scanner._received_handler	Received 50:71:BC:90:32:65: LE_WH-1000XM5.
2024-06-10 14:50:28,681	DEBUG	bleak.backends.winrt.scanner._received_handler	Received 50:71:BC:90:32:65: .
2024-06-10 14:50:28,794	DEBUG	bleak.backends.winrt.scanner._received_handler	Received 50:71:BC:90:32:65: .
2024-06-10 14:50:28,923	DEBUG	bleak.backends.winrt.scanner._received_handler	Received 68:02:15:5A:DB:AC: .
2024-06-10 14:50:28,924	DEBUG	bleak.backends.winrt.scanner._received_handler	Received 68:02:15:5A:DB:AC: Amdtp.
2024-06-10 14:50:28,926	DEBUG	bleak.backends.winrt.scanner._received_handler	Received 15:DE:8C:55:D7:50: .
2024-06-10 14:50:29,031	DEBUG	bleak.backends.winrt.scanner._received_handler	Received 08:9F:78:57:20:A1: .
2024-06-10 14:50:29,034	DEBUG	bleak.backends.winrt.scanner._received_handler	Received 15:DE:8C:55:D7:50: .
2024-06-10 14:50:29,038	DEBUG	bleak.backends.winrt.scanner._received_handler	Received 68:03:E8:3F:09:02: .
2024-06-10 14:50:29,040	DEBUG	bleak.backends.winrt.scanner._received_handler	Received 3C:BC:51:D5:C6:78: .
2024-06-10 14:50:29,266	DEBUG	bleak.backends.winrt.scanner._received_handler	Received 3C:19:48:5B:F1:EE: .
2024-06-10 14:50:29,268	DEBUG	bleak.backends.winrt.scanner._received_handler	Received 3C:19:48:5B:F1:EE: .
2024-06-10 14:50:29,386	DEBUG	bleak.backends.winrt.scanner._received_handler	Received 68:07:2E:5B:6F:67: .
2024-06-10 14:50:29,387	DEBUG	bleak.backends.winrt.scanner._received_handler	Received 68:07:2E:5B:6F:67: Amdtp.
2024-06-10 14:50:29,513	DEBUG	bleak.backends.winrt.scanner._received_handler	Received 50:71:BC:90:32:65: LE_WH-1000XM5.
2024-06-10 14:50:29,626	DEBUG	bleak.backends.winrt.scanner._received_handler	Received 2A:8F:19:41:05:D1: .
2024-06-10 14:50:29,861	DEBUG	bleak.backends.winrt.scanner._received_handler	Received 17:95:C9:58:26:4C: .
2024-06-10 14:50:29,864	DEBUG	bleak.backends.winrt.scanner._received_handler	Received 15:DE:8C:55:D7:50: .
2024-06-10 14:50:29,869	DEBUG	bleak.backends.winrt.scanner._received_handler	Received 50:71:BC:90:32:65: .
2024-06-10 14:50:29,870	DEBUG	bleak.backends.winrt.scanner._received_handler	Received 50:71:BC:90:32:65: .
2024-06-10 14:50:29,875	DEBUG	bleak.backends.winrt.scanner._received_handler	Received 68:03:E8:3F:09:02: .
2024-06-10 14:50:29,876	DEBUG	bleak.backends.winrt.scanner._received_handler	Received 68:03:E8:3F:09:02: Ixana YR22 EVK.
2024-06-10 14:50:29,976	DEBUG	bleak.backends.winrt.scanner._received_handler	Received 68:03:E8:3F:09:02: .
2024-06-10 14:50:29,977	DEBUG	bleak.backends.winrt.scanner._received_handler	Received 68:03:E8:3F:09:02: Ixana YR22 EVK.
2024-06-10 14:50:29,981	DEBUG	bleak.backends.winrt.scanner._received_handler	Received 68:02:15:5A:DB:AC: .
2024-06-10 14:50:29,983	DEBUG	bleak.backends.winrt.scanner._received_handler	Received 68:02:15:5A:DB:AC: Amdtp.
2024-06-10 14:50:30,212	DEBUG	bleak.backends.winrt.scanner._received_handler	Received CD:3E:98:ED:EC:C9: .
2024-06-10 14:50:30,215	DEBUG	bleak.backends.winrt.scanner._received_handler	Received 68:03:71:74:E0:2A: .
2024-06-10 14:50:30,217	DEBUG	bleak.backends.winrt.scanner._received_handler	Received 68:03:71:74:E0:2A: Amdtp.
2024-06-10 14:50:30,334	DEBUG	bleak.backends.winrt.scanner._received_handler	Received 3C:2A:CA:CD:C0:99: .
2024-06-10 14:50:30,455	DEBUG	bleak.backends.winrt.scanner._received_handler	Received 3C:A4:02:3C:38:A0: .
2024-06-10 14:50:30,457	DEBUG	bleak.backends.winrt.scanner._received_handler	Received 1C:B2:66:A5:BA:DF: .
2024-06-10 14:50:30,694	DEBUG	bleak.backends.winrt.scanner._received_handler	Received 3C:19:48:5B:F1:EE: .
2024-06-10 14:50:30,697	DEBUG	bleak.backends.winrt.scanner._received_handler	Received 3C:19:48:5B:F1:EE: .
2024-06-10 14:50:30,925	DEBUG	bleak.backends.winrt.scanner._received_handler	Received 1D:AB:A0:CB:5C:27: .
2024-06-10 14:50:31,171	DEBUG	bleak.backends.winrt.scanner._received_handler	Received 3C:2A:CA:CD:C0:99: .
2024-06-10 14:50:31,278	DEBUG	bleak.backends.winrt.scanner._received_handler	Received 68:03:71:74:E0:2A: .
2024-06-10 14:50:31,279	DEBUG	bleak.backends.winrt.scanner._received_handler	Received 68:03:71:74:E0:2A: Amdtp.
2024-06-10 14:50:31,281	DEBUG	bleak.backends.winrt.scanner._received_handler	Received 3C:2A:CA:CD:C0:99: .
2024-06-10 14:50:31,286	DEBUG	bleak.backends.winrt.scanner._received_handler	Received 25:6E:CD:13:FC:4B: .
2024-06-10 14:50:31,289	DEBUG	bleak.backends.winrt.scanner._received_handler	Received 1C:B2:66:A5:BA:DF: .
2024-06-10 14:50:31,393	DEBUG	bleak.backends.winrt.scanner._received_handler	Received 50:71:BC:90:32:65: .
2024-06-10 14:50:31,394	DEBUG	bleak.backends.winrt.scanner._received_handler	Received 50:71:BC:90:32:65: .
2024-06-10 14:50:31,398	DEBUG	bleak.backends.winrt.scanner._received_handler	Received 50:71:BC:90:32:65: LE_WH-1000XM5.
2024-06-10 14:50:31,399	DEBUG	bleak.backends.winrt.scanner._received_handler	Received 50:71:BC:90:32:65: .
2024-06-10 14:50:31,402	DEBUG	bleak.backends.winrt.scanner._received_handler	Received 2A:8F:19:41:05:D1: .
2024-06-10 14:50:31,511	DEBUG	bleak.backends.winrt.scanner._received_handler	Received 2A:8F:19:41:05:D1: .
2024-06-10 14:50:31,643	DEBUG	bleak.backends.winrt.scanner._received_handler	Received 15:DE:8C:55:D7:50: .
2024-06-10 14:50:31,645	DEBUG	bleak.backends.winrt.scanner._received_handler	Received 16:CA:87:FB:B6:07: .
2024-06-10 14:50:31,647	DEBUG	bleak.backends.winrt.scanner._received_handler	Received 16:CA:87:FB:B6:07: .
2024-06-10 14:50:31,746	DEBUG	bleak.backends.winrt.scanner._received_handler	Received 38:01:95:99:1C:66: .
2024-06-10 14:50:31,749	DEBUG	bleak.backends.winrt.scanner._received_handler	Received 50:71:BC:90:32:65: .
2024-06-10 14:50:31,752	DEBUG	bleak.backends.winrt.scanner._received_handler	Received 50:71:BC:90:32:65: LE_WH-1000XM5.
2024-06-10 14:50:31,755	DEBUG	bleak.backends.winrt.scanner._received_handler	Received 68:02:15:5A:DB:AC: .
2024-06-10 14:50:31,757	DEBUG	bleak.backends.winrt.scanner._received_handler	Received 68:02:15:5A:DB:AC: Amdtp.
2024-06-10 14:50:31,759	DEBUG	bleak.backends.winrt.scanner._received_handler	Received 53:69:02:66:C9:C5: .
2024-06-10 14:50:31,761	DEBUG	bleak.backends.winrt.scanner._received_handler	Received 53:69:02:66:C9:C5: .
2024-06-10 14:50:31,867	DEBUG	bleak.backends.winrt.scanner._received_handler	Received 5C:38:07:05:A8:58: .
2024-06-10 14:50:31,982	DEBUG	bleak.backends.winrt.scanner._received_handler	Received 3E:52:DD:C0:5E:CB: .
2024-06-10 14:50:31,984	DEBUG	bleak.backends.winrt.scanner._received_handler	Received 3E:52:DD:C0:5E:CB: .
2024-06-10 14:50:32,113	DEBUG	bleak.backends.winrt.scanner._received_handler	Received 68:07:2E:5B:6F:67: .
2024-06-10 14:50:32,114	DEBUG	bleak.backends.winrt.scanner._received_handler	Received 68:07:2E:5B:6F:67: Amdtp.
2024-06-10 14:50:32,228	DEBUG	bleak.backends.winrt.scanner._received_handler	Received 3C:2A:CA:CD:C0:99: .
2024-06-10 14:50:32,232	DEBUG	bleak.backends.winrt.scanner._received_handler	Received 68:03:71:74:E0:2A: .
2024-06-10 14:50:32,234	DEBUG	bleak.backends.winrt.scanner._received_handler	Received 68:03:71:74:E0:2A: Amdtp.
2024-06-10 14:50:32,339	DEBUG	bleak.backends.winrt.scanner._received_handler	Received 68:03:71:74:E0:2A: .
2024-06-10 14:50:32,340	DEBUG	bleak.backends.winrt.scanner._received_handler	Received 68:03:71:74:E0:2A: Amdtp.
2024-06-10 14:50:32,456	DEBUG	bleak.backends.winrt.scanner._received_handler	Received 2A:8F:19:41:05:D1: .
2024-06-10 14:50:32,474	DEBUG	bleak.backends.winrt.scanner._received_handler	Received 68:03:E8:3F:09:02: .
2024-06-10 14:50:32,576	DEBUG	bleak.backends.winrt.scanner._received_handler	Received 68:03:E8:3F:09:02: .
2024-06-10 14:50:32,577	DEBUG	bleak.backends.winrt.scanner._received_handler	Received 68:03:E8:3F:09:02: Ixana YR22 EVK.
2024-06-10 14:50:32,589	DEBUG	bleak.backends.winrt.scanner._received_handler	Received 15:DE:8C:55:D7:50: .
2024-06-10 14:50:32,699	DEBUG	bleak.backends.winrt.scanner._received_handler	Received 15:DE:8C:55:D7:50: .
2024-06-10 14:50:32,700	DEBUG	bleak.backends.winrt.scanner._received_handler	Received 3C:19:48:5B:F1:EE: .
2024-06-10 14:50:32,703	DEBUG	bleak.backends.winrt.scanner._received_handler	Received 3C:19:48:5B:F1:EE: .
2024-06-10 14:50:32,708	DEBUG	bleak.backends.winrt.scanner._received_handler	Received 68:02:15:5A:DB:AC: .
2024-06-10 14:50:32,709	DEBUG	bleak.backends.winrt.scanner._received_handler	Received 68:02:15:5A:DB:AC: Amdtp.
2024-06-10 14:50:32,820	DEBUG	bleak.backends.winrt.scanner._received_handler	Received 38:01:95:99:1C:66: .
2024-06-10 14:50:33,060	DEBUG	bleak.backends.winrt.scanner._received_handler	Received 68:07:2E:5B:6F:67: .
2024-06-10 14:50:33,061	DEBUG	bleak.backends.winrt.scanner._received_handler	Received 68:07:2E:5B:6F:67: Amdtp.
2024-06-10 14:50:33,164	DEBUG	bleak.backends.winrt.scanner._received_handler	Received F8:77:B8:FF:80:9D: .
2024-06-10 14:50:33,169	DEBUG	bleak.backends.winrt.scanner._received_handler	Received 50:71:BC:90:32:65: LE_WH-1000XM5.
2024-06-10 14:50:33,171	DEBUG	bleak.backends.winrt.scanner._received_handler	Received 50:71:BC:90:32:65: .
2024-06-10 14:50:33,402	DEBUG	bleak.backends.winrt.scanner._received_handler	Received 2A:8F:19:41:05:D1: .
2024-06-10 14:50:33,404	DEBUG	bleak.backends.winrt.scanner._received_handler	Received 53:69:02:66:C9:C5: .
2024-06-10 14:50:33,406	DEBUG	bleak.backends.winrt.scanner._received_handler	Received 53:69:02:66:C9:C5: .
2024-06-10 14:50:33,417	DEBUG	bleak.backends.winrt.scanner._received_handler	Received 3E:52:DD:C0:5E:CB: .
2024-06-10 14:50:33,691	DEBUG	bleak.backends.winrt.scanner._received_handler	Received 68:07:2E:5B:6F:67: .
2024-06-10 14:50:33,794	DEBUG	bleak.backends.winrt.scanner._received_handler	Received 1C:B2:66:A5:BA:DF: .
2024-06-10 14:50:33,796	DEBUG	bleak.backends.winrt.scanner._received_handler	Received 3C:2A:CA:CD:C0:99: .
2024-06-10 14:50:33,800	DEBUG	bleak.backends.winrt.scanner._received_handler	Received 68:07:2E:5B:6F:67: .
2024-06-10 14:50:33,801	DEBUG	bleak.backends.winrt.scanner._received_handler	Received 68:07:2E:5B:6F:67: Amdtp.
2024-06-10 14:50:33,805	DEBUG	bleak.backends.winrt.scanner._received_handler	Received 50:71:BC:90:32:65: LE_WH-1000XM5.
2024-06-10 14:50:33,806	DEBUG	bleak.backends.winrt.scanner._received_handler	Received 50:71:BC:90:32:65: .
2024-06-10 14:50:33,916	DEBUG	bleak.backends.winrt.scanner._received_handler	Received 2A:8F:19:41:05:D1: .
2024-06-10 14:50:34,038	DEBUG	bleak.backends.winrt.scanner._received_handler	Received 68:03:71:74:E0:2A: .
2024-06-10 14:50:34,149	DEBUG	bleak.backends.winrt.scanner._received_handler	Received 3C:A4:02:3C:38:A0: .
2024-06-10 14:50:34,162	DEBUG	bleak.backends.winrt.scanner._received_handler	Received 1D:AB:A0:CB:5C:27: .
2024-06-10 14:50:34,270	DEBUG	bleak.backends.winrt.scanner._received_handler	Received 68:02:15:5A:DB:AC: .
2024-06-10 14:50:34,270	DEBUG	bleak.backends.winrt.scanner._received_handler	Received 68:02:15:5A:DB:AC: Amdtp.
2024-06-10 14:50:34,276	DEBUG	bleak.backends.winrt.scanner._received_handler	Received 68:08:FC:E1:F4:00: .
2024-06-10 14:50:34,278	DEBUG	bleak.backends.winrt.scanner._received_handler	Received 68:08:FC:E1:F4:00: Amdtp.
2024-06-10 14:50:34,280	DEBUG	bleak.backends.winrt.scanner._received_handler	Received 3E:52:DD:C0:5E:CB: .
2024-06-10 14:50:34,282	DEBUG	bleak.backends.winrt.scanner._received_handler	Received 3E:52:DD:C0:5E:CB: .
2024-06-10 14:50:34,387	DEBUG	bleak.backends.winrt.scanner._received_handler	Received F8:77:B8:FF:80:9D: .
2024-06-10 14:50:34,501	DEBUG	bleak.backends.winrt.scanner._received_handler	Received 4A:9E:BD:5F:4C:2B: .
2024-06-10 14:50:34,502	DEBUG	bleak.backends.winrt.scanner._received_handler	Received 4A:9E:BD:5F:4C:2B: .
2024-06-10 14:50:34,504	DEBUG	bleak.backends.winrt.scanner._received_handler	Received 15:DE:8C:55:D7:50: .
2024-06-10 14:50:34,622	DEBUG	bleak.backends.winrt.scanner._received_handler	Received 50:71:BC:90:32:65: LE_WH-1000XM5.
2024-06-10 14:50:34,635	DEBUG	bleak.backends.winrt.scanner._received_handler	Received 05:69:DC:3A:35:F6: .
2024-06-10 14:50:34,741	DEBUG	bleak.backends.winrt.scanner._received_handler	Received 68:07:2E:5B:6F:67: .
2024-06-10 14:50:34,742	DEBUG	bleak.backends.winrt.scanner._received_handler	Received 68:07:2E:5B:6F:67: Amdtp.
2024-06-10 14:50:34,746	DEBUG	bleak.backends.winrt.scanner._received_handler	Received 3C:2A:CA:CD:C0:99: .
2024-06-10 14:50:34,853	DEBUG	bleak.backends.winrt.scanner._received_handler	Received 3E:52:DD:C0:5E:CB: .
2024-06-10 14:50:34,855	DEBUG	bleak.backends.winrt.scanner._received_handler	Received 3E:52:DD:C0:5E:CB: .
2024-06-10 14:50:34,862	DEBUG	bleak.backends.winrt.scanner._received_handler	Received 2A:8F:19:41:05:D1: .
2024-06-10 14:50:34,866	DEBUG	bleak.backends.winrt.scanner._received_handler	Received 68:03:E8:3F:09:02: .
2024-06-10 14:50:34,867	DEBUG	bleak.backends.winrt.scanner._received_handler	Received 68:03:E8:3F:09:02: Ixana YR22 EVK.
2024-06-10 14:50:34,976	DEBUG	bleak.backends.winrt.scanner._received_handler	Received 68:03:E8:3F:09:02: .
2024-06-10 14:50:34,977	DEBUG	bleak.backends.winrt.scanner._received_handler	Received 68:03:E8:3F:09:02: Ixana YR22 EVK.
2024-06-10 14:50:34,980	DEBUG	bleak.backends.winrt.scanner._received_handler	Received 68:03:71:74:E0:2A: .
2024-06-10 14:50:35,107	DEBUG	bleak.backends.winrt.scanner._received_handler	Received 08:9F:78:57:20:A1: .
2024-06-10 14:50:35,110	DEBUG	bleak.backends.winrt.scanner._received_handler	Received 50:71:BC:90:32:65: .
2024-06-10 14:50:35,212	DEBUG	bleak.backends.winrt.scanner._received_handler	Received 08:9F:78:57:20:A1: .
2024-06-10 14:50:35,214	DEBUG	bleak.backends.winrt.scanner._received_handler	Received 1D:AB:A0:CB:5C:27: .
2024-06-10 14:50:35,218	DEBUG	bleak.backends.winrt.scanner._received_handler	Received 68:08:FC:E1:F4:00: .
2024-06-10 14:50:35,219	DEBUG	bleak.backends.winrt.scanner._received_handler	Received 68:08:FC:E1:F4:00: Amdtp.
2024-06-10 14:50:35,451	DEBUG	bleak.backends.winrt.scanner._received_handler	Received 30:29:7C:13:D2:91: .
2024-06-10 14:50:35,693	DEBUG	bleak.backends.winrt.scanner._received_handler	Received 2A:8F:19:41:05:D1: .
2024-06-10 14:50:35,695	DEBUG	bleak.backends.winrt.scanner._received_handler	Received 3C:2A:CA:CD:C0:99: .
2024-06-10 14:50:35,699	DEBUG	bleak.backends.winrt.scanner._received_handler	Received 68:07:2E:5B:6F:67: .
2024-06-10 14:50:35,701	DEBUG	bleak.backends.winrt.scanner._received_handler	Received 68:07:2E:5B:6F:67: Amdtp.
2024-06-10 14:50:35,800	DEBUG	bleak.backends.winrt.scanner._received_handler	Received 68:07:2E:5B:6F:67: .
2024-06-10 14:50:35,815	DEBUG	bleak.backends.winrt.scanner._received_handler	Received 68:03:E8:3F:09:02: .
2024-06-10 14:50:35,923	DEBUG	bleak.backends.winrt.scanner._received_handler	Received 68:03:E8:3F:09:02: .
2024-06-10 14:50:35,924	DEBUG	bleak.backends.winrt.scanner._received_handler	Received 68:03:E8:3F:09:02: Ixana YR22 EVK.
2024-06-10 14:50:36,037	DEBUG	bleak.backends.winrt.scanner._received_handler	Received 50:71:BC:90:32:65: .
2024-06-10 14:50:36,038	DEBUG	bleak.backends.winrt.scanner._received_handler	Received 50:71:BC:90:32:65: .
2024-06-10 14:50:36,042	DEBUG	bleak.backends.winrt.scanner._received_handler	Received 1D:AB:A0:CB:5C:27: .
2024-06-10 14:50:36,162	DEBUG	bleak.backends.winrt.scanner._received_handler	Received 68:08:FC:E1:F4:00: .
2024-06-10 14:50:36,164	DEBUG	bleak.backends.winrt.scanner._received_handler	Received 68:08:FC:E1:F4:00: Amdtp.
2024-06-10 14:50:36,167	DEBUG	bleak.backends.winrt.scanner._received_handler	Received 68:02:15:5A:DB:AC: .
2024-06-10 14:50:36,169	DEBUG	bleak.backends.winrt.scanner._received_handler	Received 68:02:15:5A:DB:AC: Amdtp.
2024-06-10 14:50:36,171	DEBUG	bleak.backends.winrt.scanner._received_handler	Received 74:14:73:B7:07:36: .
2024-06-10 14:50:36,172	DEBUG	bleak.backends.winrt.scanner._received_handler	Received 74:14:73:B7:07:36: .
2024-06-10 14:50:36,275	DEBUG	bleak.backends.winrt.scanner._received_handler	Received 68:02:15:5A:DB:AC: .
2024-06-10 14:50:36,277	DEBUG	bleak.backends.winrt.scanner._received_handler	Received 68:02:15:5A:DB:AC: Amdtp.
2024-06-10 14:50:36,393	DEBUG	bleak.backends.winrt.scanner._received_handler	Received 30:29:7C:13:D2:91: .
2024-06-10 14:50:36,627	DEBUG	bleak.backends.winrt.scanner._received_handler	Received 05:69:DC:3A:35:F6: .
2024-06-10 14:50:36,631	DEBUG	bleak.backends.winrt.scanner._received_handler	Received 50:71:BC:90:32:65: LE_WH-1000XM5.
2024-06-10 14:50:36,632	DEBUG	bleak.backends.winrt.scanner._received_handler	Received 50:71:BC:90:32:65: .
2024-06-10 14:50:36,634	DEBUG	bleak.backends.winrt.scanner._received_handler	Received 74:14:73:B7:07:36: .
2024-06-10 14:50:36,635	DEBUG	bleak.backends.winrt.scanner._received_handler	Received 74:14:73:B7:07:36: .
2024-06-10 14:50:36,637	DEBUG	bleak.backends.winrt.scanner._received_handler	Received 2A:8F:19:41:05:D1: .
2024-06-10 14:50:36,638	DEBUG	bleak.backends.winrt.scanner._received_handler	Received 35:64:61:9D:9E:5C: .
2024-06-10 14:50:36,642	DEBUG	bleak.backends.winrt.scanner._received_handler	Received 35:64:61:9D:9E:5C: .
2024-06-10 14:50:36,644	DEBUG	bleak.backends.winrt.scanner._received_handler	Received 3C:A4:02:3C:38:A0: .
2024-06-10 14:50:36,711	DEBUG	bleak.backends.winrt.scanner._stopped_handler	31 devices found. Watcher status: <BluetoothLEAdvertisementWatcherStatus.STOPPED: 3>.
