2024-06-10 18:41:22,300	TRACE	evk.IxanaEVK.__init__	CALL *('68:05:16:46:BF:24',) **{}
2024-06-10 18:41:22,300	DEBUG	asyncio.__init__	Using proactor: IocpProactor
2024-06-10 18:41:22,660	DEBUG	bleak.backends.winrt.scanner._received_handler	Received 09:4C:B0:44:B8:46: .
2024-06-10 18:41:22,671	DEBUG	bleak.backends.winrt.scanner._received_handler	Received 68:05:16:46:BF:24: .
2024-06-10 18:41:22,674	DEBUG	bleak.backends.winrt.scanner._stopped_handler	2 devices found. Watcher status: <BluetoothLEAdvertisementWatcherStatus.STOPPED: 3>.
2024-06-10 18:41:22,698	DEBUG	bleak.backends.winrt.client.connect	Connecting to BLE device @ 68:05:16:46:BF:24
2024-06-10 18:41:22,906	DEBUG	bleak.backends.winrt.client.get_services	getting services (service_cache_mode=None, cache_mode=None)...
2024-06-10 18:41:24,168	DEBUG	bleak.backends.winrt.client.connect	max_pdu_size_changed event not received, using default
2024-06-10 18:41:25,196	DEBUG	bleak.backends.winrt.client.session_status_changed_event_handler	session_status_changed_event_handler: id: BluetoothLE#BluetoothLEe8:48:b8:c8:20:00-68:05:16:46:bf:24, error: <BluetoothError.SUCCESS: 0>, status: <GattSessionStatus.ACTIVE: 1>
2024-06-10 18:41:25,239	DEBUG	bleak.backends.winrt.client.max_pdu_size_changed_handler	max_pdu_size_changed_handler: 247
2024-06-10 18:41:25,653	TRACE	evk.IxanaEVK.mode_reset	CALL *() **{}
2024-06-10 18:41:25,653	TRACE	evk.IxanaEVK._write	CALL *(bytearray(b'\x00\x03\x01\x00'),) **{}
2024-06-10 18:41:25,683	TRACE	evk.IxanaEVK._write	RETURN None
2024-06-10 18:41:26,186	TRACE	evk.IxanaEVK.data_enable	CALL *(False,) **{}
2024-06-10 18:41:26,186	TRACE	evk.IxanaEVK._write	CALL *(bytearray(b'\x04\x00'),) **{}
2024-06-10 18:41:26,239	TRACE	evk.IxanaEVK._write	RETURN None
2024-06-10 18:41:26,239	TRACE	evk.IxanaEVK.data_enable	RETURN None
2024-06-10 18:41:26,239	TRACE	evk.IxanaEVK.mode_reset	RETURN None
2024-06-10 18:41:26,239	TRACE	evk.IxanaEVK.field_rd	CALL *(<FIELD_NAME.VERSION: 0>,) **{}
2024-06-10 18:41:26,239	TRACE	evk.IxanaEVK._write	CALL *(bytearray(b'\x00\x00\x00'),) **{}
2024-06-10 18:41:26,269	TRACE	evk.IxanaEVK._write	RETURN None
2024-06-10 18:41:26,269	TRACE	evk.IxanaEVK._read	CALL *(4,) **{}
2024-06-10 18:41:26,269	TRACE	evk.IxanaEVK._read	RETURN bytearray(b'\x02\x00\x00\x00')
2024-06-10 18:41:26,271	TRACE	evk.IxanaEVK._read	CALL *(3,) **{}
2024-06-10 18:41:26,271	TRACE	evk.IxanaEVK._read	RETURN bytearray(b'\x00\x00\x01')
2024-06-10 18:41:26,271	TRACE	evk.IxanaEVK.field_rd	RETURN bytearray(b'\x00\x00\x01')
2024-06-10 18:41:26,271	TRACE	evk.IxanaEVK.field_rd	CALL *(<FIELD_NAME.BOARDID: 1>,) **{}
2024-06-10 18:41:26,271	TRACE	evk.IxanaEVK._write	CALL *(bytearray(b'\x00\x01\x00'),) **{}
2024-06-10 18:41:26,299	TRACE	evk.IxanaEVK._write	RETURN None
2024-06-10 18:41:26,300	TRACE	evk.IxanaEVK._read	CALL *(4,) **{}
2024-06-10 18:41:26,300	TRACE	evk.IxanaEVK._read	RETURN bytearray(b'\x02\x01\x00\x00')
2024-06-10 18:41:26,300	TRACE	evk.IxanaEVK._read	CALL *(16,) **{}
2024-06-10 18:41:26,300	TRACE	evk.IxanaEVK._read	RETURN bytearray(b'\x18 4\x08\x02\x05he$\xbfF\x161\xbf\x0e\x00')
2024-06-10 18:41:26,301	TRACE	evk.IxanaEVK.field_rd	RETURN bytearray(b'\x18 4\x08\x02\x05he$\xbfF\x161\xbf\x0e\x00')
2024-06-10 18:41:26,301	TRACE	evk.IxanaEVK.__init__	RETURN None
2024-06-10 18:41:26,301	TRACE	evk.IxanaEVK.mode_rd	CALL *() **{}
2024-06-10 18:41:26,301	TRACE	evk.IxanaEVK.field_rd	CALL *(<FIELD_NAME.MODE: 3>,) **{}
2024-06-10 18:41:26,301	TRACE	evk.IxanaEVK._write	CALL *(bytearray(b'\x00\x03\x00'),) **{}
2024-06-10 18:41:26,346	TRACE	evk.IxanaEVK._write	RETURN None
2024-06-10 18:41:26,346	TRACE	evk.IxanaEVK._read	CALL *(4,) **{}
2024-06-10 18:41:26,346	TRACE	evk.IxanaEVK._read	RETURN bytearray(b'\x02\x03\x00\x00')
2024-06-10 18:41:26,346	TRACE	evk.IxanaEVK._read	CALL *(1,) **{}
2024-06-10 18:41:26,346	TRACE	evk.IxanaEVK._read	RETURN bytearray(b'\x00')
2024-06-10 18:41:26,347	TRACE	evk.IxanaEVK.field_rd	RETURN bytearray(b'\x00')
2024-06-10 18:41:26,347	TRACE	evk.IxanaEVK.mode_rd	RETURN <MODE.NONE: 0>
2024-06-10 18:41:26,350	TRACE	evk.IxanaEVK.mode_start	CALL *(<MODE.STATS_RX: 2>, <FIELD_NAME.MODE_STATS_RX: 5>, FieldModeStatsRX(icsetting_bitrate=0, data_size=32, duration_us=1000000)) **{}
2024-06-10 18:41:26,350	TRACE	evk.IxanaEVK.mode_reset	CALL *() **{}
2024-06-10 18:41:26,350	TRACE	evk.IxanaEVK._write	CALL *(bytearray(b'\x00\x03\x01\x00'),) **{}
2024-06-10 18:41:26,419	TRACE	evk.IxanaEVK._write	RETURN None
2024-06-10 18:41:26,921	TRACE	evk.IxanaEVK.data_enable	CALL *(False,) **{}
2024-06-10 18:41:26,921	TRACE	evk.IxanaEVK._write	CALL *(bytearray(b'\x04\x00'),) **{}
2024-06-10 18:41:26,956	TRACE	evk.IxanaEVK._write	RETURN None
2024-06-10 18:41:26,956	TRACE	evk.IxanaEVK.data_enable	RETURN None
2024-06-10 18:41:26,956	TRACE	evk.IxanaEVK.mode_reset	RETURN None
2024-06-10 18:41:26,956	TRACE	evk.IxanaEVK.mode_wrrd	CALL *(<MODE.NONE: 0>,) **{}
2024-06-10 18:41:26,956	TRACE	evk.IxanaEVK.mode_wr	CALL *(<MODE.NONE: 0>,) **{}
2024-06-10 18:41:26,956	TRACE	evk.IxanaEVK.field_wr	CALL *(<FIELD_NAME.MODE: 3>, <MODE.NONE: 0>) **{}
2024-06-10 18:41:26,956	TRACE	evk.IxanaEVK._field_data_format	CALL *(<MODE.NONE: 0>,) **{}
2024-06-10 18:41:26,956	TRACE	evk.IxanaEVK._field_data_format	RETURN b'\x00'
2024-06-10 18:41:26,956	TRACE	evk.IxanaEVK._write	CALL *(bytearray(b'\x00\x03\x01\x00'),) **{}
2024-06-10 18:41:26,989	TRACE	evk.IxanaEVK._write	RETURN None
2024-06-10 18:41:26,989	TRACE	evk.IxanaEVK._read	CALL *(4,) **{}
2024-06-10 18:41:26,989	TRACE	evk.IxanaEVK._read	RETURN bytearray(b'\x02\x03\x01\x00')
2024-06-10 18:41:26,989	TRACE	evk.IxanaEVK.field_wr	RETURN None
2024-06-10 18:41:26,990	TRACE	evk.IxanaEVK.mode_wr	RETURN None
2024-06-10 18:41:26,990	TRACE	evk.IxanaEVK.mode_rd	CALL *() **{}
2024-06-10 18:41:26,990	TRACE	evk.IxanaEVK.field_rd	CALL *(<FIELD_NAME.MODE: 3>,) **{}
2024-06-10 18:41:26,990	TRACE	evk.IxanaEVK._write	CALL *(bytearray(b'\x00\x03\x00'),) **{}
2024-06-10 18:41:27,021	TRACE	evk.IxanaEVK._write	RETURN None
2024-06-10 18:41:27,021	TRACE	evk.IxanaEVK._read	CALL *(4,) **{}
2024-06-10 18:41:27,021	TRACE	evk.IxanaEVK._read	RETURN bytearray(b'\x02\x03\x00\x00')
2024-06-10 18:41:27,021	TRACE	evk.IxanaEVK._read	CALL *(1,) **{}
2024-06-10 18:41:27,021	TRACE	evk.IxanaEVK._read	RETURN bytearray(b'\x00')
2024-06-10 18:41:27,021	TRACE	evk.IxanaEVK.field_rd	RETURN bytearray(b'\x00')
2024-06-10 18:41:27,021	TRACE	evk.IxanaEVK.mode_rd	RETURN <MODE.NONE: 0>
2024-06-10 18:41:27,021	TRACE	evk.IxanaEVK.mode_wrrd	RETURN None
2024-06-10 18:41:27,021	TRACE	evk.IxanaEVK.field_wrrd	CALL *(<FIELD_NAME.MODE_STATS_RX: 5>, bytearray(b'\x00 @B\x0f\x00')) **{}
2024-06-10 18:41:27,021	TRACE	evk.IxanaEVK.field_wr	CALL *(<FIELD_NAME.MODE_STATS_RX: 5>, bytearray(b'\x00 @B\x0f\x00')) **{}
2024-06-10 18:41:27,022	TRACE	evk.IxanaEVK._field_data_format	CALL *(bytearray(b'\x00 @B\x0f\x00'),) **{}
2024-06-10 18:41:27,022	TRACE	evk.IxanaEVK._field_data_format	RETURN bytearray(b'\x00 @B\x0f\x00')
2024-06-10 18:41:27,022	TRACE	evk.IxanaEVK._write	CALL *(bytearray(b'\x00\x05\x01\x00 @B\x0f\x00'),) **{}
2024-06-10 18:41:27,065	TRACE	evk.IxanaEVK._write	RETURN None
2024-06-10 18:41:27,065	TRACE	evk.IxanaEVK._read	CALL *(4,) **{}
2024-06-10 18:41:27,065	TRACE	evk.IxanaEVK._read	RETURN bytearray(b'\x02\x05\x01\x00')
2024-06-10 18:41:27,065	TRACE	evk.IxanaEVK.field_wr	RETURN None
2024-06-10 18:41:27,065	TRACE	evk.IxanaEVK._field_data_format	CALL *(bytearray(b'\x00 @B\x0f\x00'),) **{}
2024-06-10 18:41:27,065	TRACE	evk.IxanaEVK._field_data_format	RETURN bytearray(b'\x00 @B\x0f\x00')
2024-06-10 18:41:27,065	TRACE	evk.IxanaEVK.field_rd	CALL *(<FIELD_NAME.MODE_STATS_RX: 5>,) **{}
2024-06-10 18:41:27,065	TRACE	evk.IxanaEVK._write	CALL *(bytearray(b'\x00\x05\x00'),) **{}
2024-06-10 18:41:27,196	TRACE	evk.IxanaEVK._write	RETURN None
2024-06-10 18:41:27,196	TRACE	evk.IxanaEVK._read	CALL *(4,) **{}
2024-06-10 18:41:27,201	TRACE	evk.IxanaEVK._read	RETURN bytearray(b'\x02\x05\x00\x00')
2024-06-10 18:41:27,201	TRACE	evk.IxanaEVK._read	CALL *(6,) **{}
2024-06-10 18:41:27,201	TRACE	evk.IxanaEVK._read	RETURN bytearray(b'\x00 @B\x0f\x00')
2024-06-10 18:41:27,201	TRACE	evk.IxanaEVK.field_rd	RETURN bytearray(b'\x00 @B\x0f\x00')
2024-06-10 18:41:27,201	TRACE	evk.IxanaEVK.field_wrrd	RETURN None
2024-06-10 18:41:27,201	TRACE	evk.IxanaEVK.mode_wrrd	CALL *(<MODE.STATS_RX: 2>,) **{}
2024-06-10 18:41:27,201	TRACE	evk.IxanaEVK.mode_wr	CALL *(<MODE.STATS_RX: 2>,) **{}
2024-06-10 18:41:27,201	TRACE	evk.IxanaEVK.field_wr	CALL *(<FIELD_NAME.MODE: 3>, <MODE.STATS_RX: 2>) **{}
2024-06-10 18:41:27,201	TRACE	evk.IxanaEVK._field_data_format	CALL *(<MODE.STATS_RX: 2>,) **{}
2024-06-10 18:41:27,201	TRACE	evk.IxanaEVK._field_data_format	RETURN b'\x02'
2024-06-10 18:41:27,201	TRACE	evk.IxanaEVK._write	CALL *(bytearray(b'\x00\x03\x01\x02'),) **{}
2024-06-10 18:41:27,244	TRACE	evk.IxanaEVK._write	RETURN None
2024-06-10 18:41:27,244	TRACE	evk.IxanaEVK._read	CALL *(4,) **{}
2024-06-10 18:41:27,577	TRACE	evk.IxanaEVK._read	RETURN bytearray(b'\x02\x03\x01\x00')
2024-06-10 18:41:27,577	TRACE	evk.IxanaEVK.field_wr	RETURN None
2024-06-10 18:41:27,583	TRACE	evk.IxanaEVK.mode_wr	RETURN None
2024-06-10 18:41:27,583	TRACE	evk.IxanaEVK.mode_rd	CALL *() **{}
2024-06-10 18:41:27,583	TRACE	evk.IxanaEVK.field_rd	CALL *(<FIELD_NAME.MODE: 3>,) **{}
2024-06-10 18:41:27,583	TRACE	evk.IxanaEVK._write	CALL *(bytearray(b'\x00\x03\x00'),) **{}
2024-06-10 18:41:27,650	TRACE	evk.IxanaEVK._write	RETURN None
2024-06-10 18:41:27,650	TRACE	evk.IxanaEVK._read	CALL *(4,) **{}
2024-06-10 18:41:27,650	TRACE	evk.IxanaEVK._read	RETURN bytearray(b'\x02\x03\x00\x00')
2024-06-10 18:41:27,650	TRACE	evk.IxanaEVK._read	CALL *(1,) **{}
2024-06-10 18:41:27,650	TRACE	evk.IxanaEVK._read	RETURN bytearray(b'\x02')
2024-06-10 18:41:27,650	TRACE	evk.IxanaEVK.field_rd	RETURN bytearray(b'\x02')
2024-06-10 18:41:27,650	TRACE	evk.IxanaEVK.mode_rd	RETURN <MODE.STATS_RX: 2>
2024-06-10 18:41:27,650	TRACE	evk.IxanaEVK.mode_wrrd	RETURN None
2024-06-10 18:41:27,650	TRACE	evk.IxanaEVK.check_ic_status	CALL *() **{}
2024-06-10 18:41:27,650	TRACE	evk.IxanaEVK.icstatus_rd	CALL *() **{}
2024-06-10 18:41:27,650	TRACE	evk.IxanaEVK.field_rd	CALL *(<FIELD_NAME.ICSTATUS: 2>,) **{}
2024-06-10 18:41:27,650	TRACE	evk.IxanaEVK._write	CALL *(bytearray(b'\x00\x02\x00'),) **{}
2024-06-10 18:41:27,695	TRACE	evk.IxanaEVK._write	RETURN None
2024-06-10 18:41:27,695	TRACE	evk.IxanaEVK._read	CALL *(4,) **{}
2024-06-10 18:41:27,695	TRACE	evk.IxanaEVK._read	RETURN bytearray(b'\x02\x02\x00\x00')
2024-06-10 18:41:27,695	TRACE	evk.IxanaEVK._read	CALL *(1,) **{}
2024-06-10 18:41:27,695	TRACE	evk.IxanaEVK._read	RETURN bytearray(b'\x05')
2024-06-10 18:41:27,695	TRACE	evk.IxanaEVK.field_rd	RETURN bytearray(b'\x05')
2024-06-10 18:41:27,695	TRACE	evk.IxanaEVK.icstatus_rd	RETURN <IC_STATUS.SUCCESS: 5>
2024-06-10 18:41:27,695	TRACE	evk.IxanaEVK.check_ic_status	RETURN None
2024-06-10 18:41:27,695	TRACE	evk.IxanaEVK.data_enable	CALL *(True,) **{}
2024-06-10 18:41:27,695	TRACE	evk.IxanaEVK._write	CALL *(bytearray(b'\x04\x01'),) **{}
2024-06-10 18:41:27,739	TRACE	evk.IxanaEVK._write	RETURN None
2024-06-10 18:41:27,739	TRACE	evk.IxanaEVK.data_enable	RETURN None
2024-06-10 18:41:27,739	TRACE	evk.IxanaEVK.mode_start	RETURN None
2024-06-10 18:41:28,740	TRACE	evk.IxanaEVK.data_rd	CALL *() **{}
2024-06-10 18:41:28,740	TRACE	evk.IxanaEVK.rd8	CALL *() **{}
2024-06-10 18:41:28,740	TRACE	evk.IxanaEVK._read	CALL *(1,) **{}
2024-06-10 18:41:28,740	TRACE	evk.IxanaEVK._read	RETURN bytearray(b'\x01')
2024-06-10 18:41:28,740	TRACE	evk.IxanaEVK.rd8	RETURN 1
2024-06-10 18:41:28,740	TRACE	evk.IxanaEVK.rd8	CALL *() **{}
2024-06-10 18:41:28,740	TRACE	evk.IxanaEVK._read	CALL *(1,) **{}
2024-06-10 18:41:28,740	TRACE	evk.IxanaEVK._read	RETURN bytearray(b'\x02')
2024-06-10 18:41:28,740	TRACE	evk.IxanaEVK.rd8	RETURN 2
2024-06-10 18:41:28,740	TRACE	evk.IxanaEVK.rd8	CALL *() **{}
2024-06-10 18:41:28,740	TRACE	evk.IxanaEVK._read	CALL *(1,) **{}
2024-06-10 18:41:28,740	TRACE	evk.IxanaEVK._read	RETURN bytearray(b' ')
2024-06-10 18:41:28,740	TRACE	evk.IxanaEVK.rd8	RETURN 32
2024-06-10 18:41:28,740	TRACE	evk.IxanaEVK._read	CALL *(32,) **{}
2024-06-10 18:41:28,740	TRACE	evk.IxanaEVK._read	RETURN bytearray(b' \x00\x00\x00@B\x0f\x00\x00\x00\x00\x00}\x01\x00\x00\x02\x00\x00\x00\x00}\x01\x00\x07\x00\x00\x00<\x00\xbb\x00')
2024-06-10 18:41:28,740	TRACE	evk.IxanaEVK.data_rd	RETURN (<MODE.STATS_RX: 2>, bytearray(b' \x00\x00\x00@B\x0f\x00\x00\x00\x00\x00}\x01\x00\x00\x02\x00\x00\x00\x00}\x01\x00\x07\x00\x00\x00<\x00\xbb\x00'))
2024-06-10 18:41:28,740	DEBUG	urllib3.connectionpool._new_conn	Starting new HTTP connection (1): 3.25.191.180:80
2024-06-10 18:41:30,098	DEBUG	urllib3.connectionpool._make_request	http://3.25.191.180:80 "POST /processdev HTTP/1.1" 200 290
2024-06-10 18:41:31,104	TRACE	evk.IxanaEVK.data_rd	CALL *() **{}
2024-06-10 18:41:31,104	TRACE	evk.IxanaEVK.rd8	CALL *() **{}
2024-06-10 18:41:31,104	TRACE	evk.IxanaEVK._read	CALL *(1,) **{}
2024-06-10 18:41:31,104	TRACE	evk.IxanaEVK._read	RETURN bytearray(b'\x01')
2024-06-10 18:41:31,104	TRACE	evk.IxanaEVK.rd8	RETURN 1
2024-06-10 18:41:31,104	TRACE	evk.IxanaEVK.rd8	CALL *() **{}
2024-06-10 18:41:31,104	TRACE	evk.IxanaEVK._read	CALL *(1,) **{}
2024-06-10 18:41:31,104	TRACE	evk.IxanaEVK._read	RETURN bytearray(b'\x02')
2024-06-10 18:41:31,104	TRACE	evk.IxanaEVK.rd8	RETURN 2
2024-06-10 18:41:31,104	TRACE	evk.IxanaEVK.rd8	CALL *() **{}
2024-06-10 18:41:31,104	TRACE	evk.IxanaEVK._read	CALL *(1,) **{}
2024-06-10 18:41:31,104	TRACE	evk.IxanaEVK._read	RETURN bytearray(b' ')
2024-06-10 18:41:31,104	TRACE	evk.IxanaEVK.rd8	RETURN 32
2024-06-10 18:41:31,104	TRACE	evk.IxanaEVK._read	CALL *(32,) **{}
2024-06-10 18:41:31,104	TRACE	evk.IxanaEVK._read	RETURN bytearray(b' \x00\x00\x00@B\x0f\x00\x00\x00\x00\x00}\x01\x00\x00\x02\x00\x00\x00\x00}\x01\x00\x03\x00\x00\x00<\x00\xbb\x00')
2024-06-10 18:41:31,104	TRACE	evk.IxanaEVK.data_rd	RETURN (<MODE.STATS_RX: 2>, bytearray(b' \x00\x00\x00@B\x0f\x00\x00\x00\x00\x00}\x01\x00\x00\x02\x00\x00\x00\x00}\x01\x00\x03\x00\x00\x00<\x00\xbb\x00'))
2024-06-10 18:41:31,108	DEBUG	urllib3.connectionpool._new_conn	Starting new HTTP connection (1): 3.25.191.180:80
2024-06-10 18:41:32,451	DEBUG	urllib3.connectionpool._make_request	http://3.25.191.180:80 "POST /processdev HTTP/1.1" 200 290
2024-06-10 18:41:33,459	TRACE	evk.IxanaEVK.data_rd	CALL *() **{}
2024-06-10 18:41:33,459	TRACE	evk.IxanaEVK.rd8	CALL *() **{}
2024-06-10 18:41:33,459	TRACE	evk.IxanaEVK._read	CALL *(1,) **{}
2024-06-10 18:41:33,459	TRACE	evk.IxanaEVK._read	RETURN bytearray(b'\x01')
2024-06-10 18:41:33,459	TRACE	evk.IxanaEVK.rd8	RETURN 1
2024-06-10 18:41:33,459	TRACE	evk.IxanaEVK.rd8	CALL *() **{}
2024-06-10 18:41:33,459	TRACE	evk.IxanaEVK._read	CALL *(1,) **{}
2024-06-10 18:41:33,459	TRACE	evk.IxanaEVK._read	RETURN bytearray(b'\x02')
2024-06-10 18:41:33,459	TRACE	evk.IxanaEVK.rd8	RETURN 2
2024-06-10 18:41:33,459	TRACE	evk.IxanaEVK.rd8	CALL *() **{}
2024-06-10 18:41:33,459	TRACE	evk.IxanaEVK._read	CALL *(1,) **{}
2024-06-10 18:41:33,459	TRACE	evk.IxanaEVK._read	RETURN bytearray(b' ')
2024-06-10 18:41:33,459	TRACE	evk.IxanaEVK.rd8	RETURN 32
2024-06-10 18:41:33,459	TRACE	evk.IxanaEVK._read	CALL *(32,) **{}
2024-06-10 18:41:33,459	TRACE	evk.IxanaEVK._read	RETURN bytearray(b' \x00\x00\x00@B\x0f\x00\x00\x00\x00\x00}\x01\x00\x00\x00\x00\x00\x00\x00}\x01\x00\x00\x00\x00\x00:\x00\xbb\x00')
2024-06-10 18:41:33,459	TRACE	evk.IxanaEVK.data_rd	RETURN (<MODE.STATS_RX: 2>, bytearray(b' \x00\x00\x00@B\x0f\x00\x00\x00\x00\x00}\x01\x00\x00\x00\x00\x00\x00\x00}\x01\x00\x00\x00\x00\x00:\x00\xbb\x00'))
2024-06-10 18:41:33,462	DEBUG	urllib3.connectionpool._new_conn	Starting new HTTP connection (1): 3.25.191.180:80
2024-06-10 18:41:34,809	DEBUG	urllib3.connectionpool._make_request	http://3.25.191.180:80 "POST /processdev HTTP/1.1" 200 238
2024-06-10 18:41:35,816	TRACE	evk.IxanaEVK.data_rd	CALL *() **{}
2024-06-10 18:41:35,816	TRACE	evk.IxanaEVK.rd8	CALL *() **{}
2024-06-10 18:41:35,816	TRACE	evk.IxanaEVK._read	CALL *(1,) **{}
2024-06-10 18:41:35,816	TRACE	evk.IxanaEVK._read	RETURN bytearray(b'\x01')
2024-06-10 18:41:35,816	TRACE	evk.IxanaEVK.rd8	RETURN 1
2024-06-10 18:41:35,816	TRACE	evk.IxanaEVK.rd8	CALL *() **{}
2024-06-10 18:41:35,816	TRACE	evk.IxanaEVK._read	CALL *(1,) **{}
2024-06-10 18:41:35,816	TRACE	evk.IxanaEVK._read	RETURN bytearray(b'\x02')
2024-06-10 18:41:35,816	TRACE	evk.IxanaEVK.rd8	RETURN 2
2024-06-10 18:41:35,816	TRACE	evk.IxanaEVK.rd8	CALL *() **{}
2024-06-10 18:41:35,816	TRACE	evk.IxanaEVK._read	CALL *(1,) **{}
2024-06-10 18:41:35,816	TRACE	evk.IxanaEVK._read	RETURN bytearray(b' ')
2024-06-10 18:41:35,816	TRACE	evk.IxanaEVK.rd8	RETURN 32
2024-06-10 18:41:35,816	TRACE	evk.IxanaEVK._read	CALL *(32,) **{}
2024-06-10 18:41:35,816	TRACE	evk.IxanaEVK._read	RETURN bytearray(b' \x00\x00\x00@B\x0f\x00\x00\x00\x00\x00}\x01\x00\x00\x00\x00\x00\x00\x00}\x01\x00\x00\x00\x00\x00;\x00\xbb\x00')
2024-06-10 18:41:35,816	TRACE	evk.IxanaEVK.data_rd	RETURN (<MODE.STATS_RX: 2>, bytearray(b' \x00\x00\x00@B\x0f\x00\x00\x00\x00\x00}\x01\x00\x00\x00\x00\x00\x00\x00}\x01\x00\x00\x00\x00\x00;\x00\xbb\x00'))
2024-06-10 18:41:35,818	DEBUG	urllib3.connectionpool._new_conn	Starting new HTTP connection (1): 3.25.191.180:80
2024-06-10 18:41:37,163	DEBUG	urllib3.connectionpool._make_request	http://3.25.191.180:80 "POST /processdev HTTP/1.1" 200 238
2024-06-10 18:41:38,176	TRACE	evk.IxanaEVK.data_rd	CALL *() **{}
2024-06-10 18:41:38,176	TRACE	evk.IxanaEVK.rd8	CALL *() **{}
2024-06-10 18:41:38,176	TRACE	evk.IxanaEVK._read	CALL *(1,) **{}
2024-06-10 18:41:38,176	TRACE	evk.IxanaEVK._read	RETURN bytearray(b'\x01')
2024-06-10 18:41:38,176	TRACE	evk.IxanaEVK.rd8	RETURN 1
2024-06-10 18:41:38,176	TRACE	evk.IxanaEVK.rd8	CALL *() **{}
2024-06-10 18:41:38,176	TRACE	evk.IxanaEVK._read	CALL *(1,) **{}
2024-06-10 18:41:38,176	TRACE	evk.IxanaEVK._read	RETURN bytearray(b'\x02')
2024-06-10 18:41:38,176	TRACE	evk.IxanaEVK.rd8	RETURN 2
2024-06-10 18:41:38,176	TRACE	evk.IxanaEVK.rd8	CALL *() **{}
2024-06-10 18:41:38,176	TRACE	evk.IxanaEVK._read	CALL *(1,) **{}
2024-06-10 18:41:38,176	TRACE	evk.IxanaEVK._read	RETURN bytearray(b' ')
2024-06-10 18:41:38,176	TRACE	evk.IxanaEVK.rd8	RETURN 32
2024-06-10 18:41:38,176	TRACE	evk.IxanaEVK._read	CALL *(32,) **{}
2024-06-10 18:41:38,176	TRACE	evk.IxanaEVK._read	RETURN bytearray(b' \x00\x00\x00@B\x0f\x00\x00\x00\x00\x00~\x01\x00\x00\x01\x00\x00\x00\x00~\x01\x00\x01\x00\x00\x00;\x00\xbb\x00')
2024-06-10 18:41:38,176	TRACE	evk.IxanaEVK.data_rd	RETURN (<MODE.STATS_RX: 2>, bytearray(b' \x00\x00\x00@B\x0f\x00\x00\x00\x00\x00~\x01\x00\x00\x01\x00\x00\x00\x00~\x01\x00\x01\x00\x00\x00;\x00\xbb\x00'))
2024-06-10 18:41:38,180	DEBUG	urllib3.connectionpool._new_conn	Starting new HTTP connection (1): 3.25.191.180:80
2024-06-10 18:41:39,515	DEBUG	urllib3.connectionpool._make_request	http://3.25.191.180:80 "POST /processdev HTTP/1.1" 200 290
2024-06-10 18:41:40,526	TRACE	evk.IxanaEVK.data_rd	CALL *() **{}
2024-06-10 18:41:40,526	TRACE	evk.IxanaEVK.rd8	CALL *() **{}
2024-06-10 18:41:40,526	TRACE	evk.IxanaEVK._read	CALL *(1,) **{}
2024-06-10 18:41:40,526	TRACE	evk.IxanaEVK._read	RETURN bytearray(b'\x01')
2024-06-10 18:41:40,526	TRACE	evk.IxanaEVK.rd8	RETURN 1
2024-06-10 18:41:40,526	TRACE	evk.IxanaEVK.rd8	CALL *() **{}
2024-06-10 18:41:40,526	TRACE	evk.IxanaEVK._read	CALL *(1,) **{}
2024-06-10 18:41:40,526	TRACE	evk.IxanaEVK._read	RETURN bytearray(b'\x02')
2024-06-10 18:41:40,526	TRACE	evk.IxanaEVK.rd8	RETURN 2
2024-06-10 18:41:40,526	TRACE	evk.IxanaEVK.rd8	CALL *() **{}
2024-06-10 18:41:40,526	TRACE	evk.IxanaEVK._read	CALL *(1,) **{}
2024-06-10 18:41:40,526	TRACE	evk.IxanaEVK._read	RETURN bytearray(b' ')
2024-06-10 18:41:40,526	TRACE	evk.IxanaEVK.rd8	RETURN 32
2024-06-10 18:41:40,526	TRACE	evk.IxanaEVK._read	CALL *(32,) **{}
2024-06-10 18:41:40,526	TRACE	evk.IxanaEVK._read	RETURN bytearray(b' \x00\x00\x00@B\x0f\x00\x00\x00\x00\x00~\x01\x00\x00\x02\x00\x00\x00\x00~\x01\x00\x04\x00\x00\x00;\x00\xba\x00')
2024-06-10 18:41:40,526	TRACE	evk.IxanaEVK.data_rd	RETURN (<MODE.STATS_RX: 2>, bytearray(b' \x00\x00\x00@B\x0f\x00\x00\x00\x00\x00~\x01\x00\x00\x02\x00\x00\x00\x00~\x01\x00\x04\x00\x00\x00;\x00\xba\x00'))
2024-06-10 18:41:40,530	DEBUG	urllib3.connectionpool._new_conn	Starting new HTTP connection (1): 3.25.191.180:80
2024-06-10 18:41:41,871	DEBUG	urllib3.connectionpool._make_request	http://3.25.191.180:80 "POST /processdev HTTP/1.1" 200 290
2024-06-10 18:41:42,879	TRACE	evk.IxanaEVK.data_rd	CALL *() **{}
2024-06-10 18:41:42,879	TRACE	evk.IxanaEVK.rd8	CALL *() **{}
2024-06-10 18:41:42,879	TRACE	evk.IxanaEVK._read	CALL *(1,) **{}
2024-06-10 18:41:42,879	TRACE	evk.IxanaEVK._read	RETURN bytearray(b'\x01')
2024-06-10 18:41:42,879	TRACE	evk.IxanaEVK.rd8	RETURN 1
2024-06-10 18:41:42,879	TRACE	evk.IxanaEVK.rd8	CALL *() **{}
2024-06-10 18:41:42,879	TRACE	evk.IxanaEVK._read	CALL *(1,) **{}
2024-06-10 18:41:42,879	TRACE	evk.IxanaEVK._read	RETURN bytearray(b'\x02')
2024-06-10 18:41:42,879	TRACE	evk.IxanaEVK.rd8	RETURN 2
2024-06-10 18:41:42,879	TRACE	evk.IxanaEVK.rd8	CALL *() **{}
2024-06-10 18:41:42,879	TRACE	evk.IxanaEVK._read	CALL *(1,) **{}
2024-06-10 18:41:42,879	TRACE	evk.IxanaEVK._read	RETURN bytearray(b' ')
2024-06-10 18:41:42,879	TRACE	evk.IxanaEVK.rd8	RETURN 32
2024-06-10 18:41:42,879	TRACE	evk.IxanaEVK._read	CALL *(32,) **{}
2024-06-10 18:41:42,879	TRACE	evk.IxanaEVK._read	RETURN bytearray(b' \x00\x00\x00@B\x0f\x00\x00\x00\x00\x00}\x01\x00\x00\x00\x00\x00\x00\x00}\x01\x00\x00\x00\x00\x00;\x00\xbb\x00')
2024-06-10 18:41:42,879	TRACE	evk.IxanaEVK.data_rd	RETURN (<MODE.STATS_RX: 2>, bytearray(b' \x00\x00\x00@B\x0f\x00\x00\x00\x00\x00}\x01\x00\x00\x00\x00\x00\x00\x00}\x01\x00\x00\x00\x00\x00;\x00\xbb\x00'))
2024-06-10 18:41:42,883	DEBUG	urllib3.connectionpool._new_conn	Starting new HTTP connection (1): 3.25.191.180:80
2024-06-10 18:41:44,230	DEBUG	urllib3.connectionpool._make_request	http://3.25.191.180:80 "POST /processdev HTTP/1.1" 200 238
2024-06-10 18:41:45,237	TRACE	evk.IxanaEVK.data_rd	CALL *() **{}
2024-06-10 18:41:45,237	TRACE	evk.IxanaEVK.rd8	CALL *() **{}
2024-06-10 18:41:45,237	TRACE	evk.IxanaEVK._read	CALL *(1,) **{}
2024-06-10 18:41:45,237	TRACE	evk.IxanaEVK._read	RETURN bytearray(b'\x01')
2024-06-10 18:41:45,237	TRACE	evk.IxanaEVK.rd8	RETURN 1
2024-06-10 18:41:45,237	TRACE	evk.IxanaEVK.rd8	CALL *() **{}
2024-06-10 18:41:45,237	TRACE	evk.IxanaEVK._read	CALL *(1,) **{}
2024-06-10 18:41:45,237	TRACE	evk.IxanaEVK._read	RETURN bytearray(b'\x02')
2024-06-10 18:41:45,237	TRACE	evk.IxanaEVK.rd8	RETURN 2
2024-06-10 18:41:45,237	TRACE	evk.IxanaEVK.rd8	CALL *() **{}
2024-06-10 18:41:45,237	TRACE	evk.IxanaEVK._read	CALL *(1,) **{}
2024-06-10 18:41:45,237	TRACE	evk.IxanaEVK._read	RETURN bytearray(b' ')
2024-06-10 18:41:45,237	TRACE	evk.IxanaEVK.rd8	RETURN 32
2024-06-10 18:41:45,237	TRACE	evk.IxanaEVK._read	CALL *(32,) **{}
2024-06-10 18:41:45,237	TRACE	evk.IxanaEVK._read	RETURN bytearray(b' \x00\x00\x00@B\x0f\x00\x00\x00\x00\x00}\x01\x00\x00\x00\x00\x00\x00\x00}\x01\x00\x00\x00\x00\x00;\x00\xba\x00')
2024-06-10 18:41:45,237	TRACE	evk.IxanaEVK.data_rd	RETURN (<MODE.STATS_RX: 2>, bytearray(b' \x00\x00\x00@B\x0f\x00\x00\x00\x00\x00}\x01\x00\x00\x00\x00\x00\x00\x00}\x01\x00\x00\x00\x00\x00;\x00\xba\x00'))
2024-06-10 18:41:45,241	DEBUG	urllib3.connectionpool._new_conn	Starting new HTTP connection (1): 3.25.191.180:80
2024-06-10 18:41:46,560	DEBUG	urllib3.connectionpool._make_request	http://3.25.191.180:80 "POST /processdev HTTP/1.1" 200 239
2024-06-10 18:41:47,579	TRACE	evk.IxanaEVK.data_rd	CALL *() **{}
2024-06-10 18:41:47,579	TRACE	evk.IxanaEVK.rd8	CALL *() **{}
2024-06-10 18:41:47,579	TRACE	evk.IxanaEVK._read	CALL *(1,) **{}
2024-06-10 18:41:47,579	TRACE	evk.IxanaEVK._read	RETURN bytearray(b'\x01')
2024-06-10 18:41:47,579	TRACE	evk.IxanaEVK.rd8	RETURN 1
2024-06-10 18:41:47,579	TRACE	evk.IxanaEVK.rd8	CALL *() **{}
2024-06-10 18:41:47,579	TRACE	evk.IxanaEVK._read	CALL *(1,) **{}
2024-06-10 18:41:47,579	TRACE	evk.IxanaEVK._read	RETURN bytearray(b'\x02')
2024-06-10 18:41:47,579	TRACE	evk.IxanaEVK.rd8	RETURN 2
2024-06-10 18:41:47,579	TRACE	evk.IxanaEVK.rd8	CALL *() **{}
2024-06-10 18:41:47,579	TRACE	evk.IxanaEVK._read	CALL *(1,) **{}
2024-06-10 18:41:47,579	TRACE	evk.IxanaEVK._read	RETURN bytearray(b' ')
2024-06-10 18:41:47,579	TRACE	evk.IxanaEVK.rd8	RETURN 32
2024-06-10 18:41:47,579	TRACE	evk.IxanaEVK._read	CALL *(32,) **{}
2024-06-10 18:41:47,579	TRACE	evk.IxanaEVK._read	RETURN bytearray(b' \x00\x00\x00@B\x0f\x00\x00\x00\x00\x00}\x01\x00\x00\x00\x00\x00\x00\x00}\x01\x00\x00\x00\x00\x00;\x00\xba\x00')
2024-06-10 18:41:47,579	TRACE	evk.IxanaEVK.data_rd	RETURN (<MODE.STATS_RX: 2>, bytearray(b' \x00\x00\x00@B\x0f\x00\x00\x00\x00\x00}\x01\x00\x00\x00\x00\x00\x00\x00}\x01\x00\x00\x00\x00\x00;\x00\xba\x00'))
2024-06-10 18:41:47,581	DEBUG	urllib3.connectionpool._new_conn	Starting new HTTP connection (1): 3.25.191.180:80
2024-06-10 18:41:48,942	DEBUG	urllib3.connectionpool._make_request	http://3.25.191.180:80 "POST /processdev HTTP/1.1" 200 239
2024-06-10 18:41:49,955	TRACE	evk.IxanaEVK.data_rd	CALL *() **{}
2024-06-10 18:41:49,955	TRACE	evk.IxanaEVK.rd8	CALL *() **{}
2024-06-10 18:41:49,955	TRACE	evk.IxanaEVK._read	CALL *(1,) **{}
2024-06-10 18:41:49,955	TRACE	evk.IxanaEVK._read	RETURN bytearray(b'\x01')
2024-06-10 18:41:49,955	TRACE	evk.IxanaEVK.rd8	RETURN 1
2024-06-10 18:41:49,955	TRACE	evk.IxanaEVK.rd8	CALL *() **{}
2024-06-10 18:41:49,955	TRACE	evk.IxanaEVK._read	CALL *(1,) **{}
2024-06-10 18:41:49,955	TRACE	evk.IxanaEVK._read	RETURN bytearray(b'\x02')
2024-06-10 18:41:49,955	TRACE	evk.IxanaEVK.rd8	RETURN 2
2024-06-10 18:41:49,955	TRACE	evk.IxanaEVK.rd8	CALL *() **{}
2024-06-10 18:41:49,955	TRACE	evk.IxanaEVK._read	CALL *(1,) **{}
2024-06-10 18:41:49,955	TRACE	evk.IxanaEVK._read	RETURN bytearray(b' ')
2024-06-10 18:41:49,955	TRACE	evk.IxanaEVK.rd8	RETURN 32
2024-06-10 18:41:49,955	TRACE	evk.IxanaEVK._read	CALL *(32,) **{}
2024-06-10 18:41:49,955	TRACE	evk.IxanaEVK._read	RETURN bytearray(b' \x00\x00\x00@B\x0f\x00\x01\x00\x00\x00|\x01\x00\x00\x00\x00\x00\x00\x00|\x01\x00\x00\x00\x00\x00;\x00\xbb\x00')
2024-06-10 18:41:49,955	TRACE	evk.IxanaEVK.data_rd	RETURN (<MODE.STATS_RX: 2>, bytearray(b' \x00\x00\x00@B\x0f\x00\x01\x00\x00\x00|\x01\x00\x00\x00\x00\x00\x00\x00|\x01\x00\x00\x00\x00\x00;\x00\xbb\x00'))
2024-06-10 18:41:49,960	DEBUG	urllib3.connectionpool._new_conn	Starting new HTTP connection (1): 3.25.191.180:80
2024-06-10 18:41:51,293	DEBUG	urllib3.connectionpool._make_request	http://3.25.191.180:80 "POST /processdev HTTP/1.1" 200 255
2024-06-10 18:41:51,304	TRACE	evk.IxanaEVK.mode_reset	CALL *() **{}
2024-06-10 18:41:51,304	TRACE	evk.IxanaEVK._write	CALL *(bytearray(b'\x00\x03\x01\x00'),) **{}
2024-06-10 18:41:51,344	TRACE	evk.IxanaEVK._write	RETURN None
2024-06-10 18:41:51,847	TRACE	evk.IxanaEVK.data_enable	CALL *(False,) **{}
2024-06-10 18:41:51,847	TRACE	evk.IxanaEVK._write	CALL *(bytearray(b'\x04\x00'),) **{}
2024-06-10 18:41:51,885	TRACE	evk.IxanaEVK._write	RETURN None
2024-06-10 18:41:51,885	TRACE	evk.IxanaEVK.data_enable	RETURN None
2024-06-10 18:41:51,885	TRACE	evk.IxanaEVK.mode_reset	RETURN None
2024-06-10 18:41:51,994	DEBUG	bleak.backends.winrt.client.disconnect	Disconnecting from BLE device...
2024-06-10 18:41:55,214	DEBUG	bleak.backends.winrt.client.max_pdu_size_changed_handler	max_pdu_size_changed_handler: 23
2024-06-10 18:41:55,214	DEBUG	bleak.backends.winrt.client.session_status_changed_event_handler	session_status_changed_event_handler: id: BluetoothLE#BluetoothLEe8:48:b8:c8:20:00-68:05:16:46:bf:24, error: <BluetoothError.SUCCESS: 0>, status: <GattSessionStatus.CLOSED: 0>
2024-06-10 18:41:55,216	DEBUG	bleak.backends.winrt.client.handle_disconnect	closing requester
2024-06-10 18:41:55,216	DEBUG	bleak.backends.winrt.client.handle_disconnect	closing session
