2024-06-10 18:38:04,595	TRACE	evk.IxanaEVK.__init__	CALL *('68:03:E8:3F:09:02',) **{}
2024-06-10 18:38:04,595	DEBUG	asyncio.__init__	Using proactor: IocpProactor
2024-06-10 18:38:04,879	DEBUG	bleak.backends.winrt.scanner._received_handler	Received 28:3B:0F:4F:00:CF: .
2024-06-10 18:38:04,894	DEBUG	bleak.backends.winrt.scanner._received_handler	Received 2E:B0:C7:AC:9B:C9: .
2024-06-10 18:38:04,894	DEBUG	bleak.backends.winrt.scanner._received_handler	Received 2E:B0:C7:AC:9B:C9: .
2024-06-10 18:38:04,989	DEBUG	bleak.backends.winrt.scanner._received_handler	Received 28:3B:0F:4F:00:CF: .
2024-06-10 18:38:04,989	DEBUG	bleak.backends.winrt.scanner._received_handler	Received 6F:27:81:22:50:6F: LE_WH-1000XM5.
2024-06-10 18:38:04,989	DEBUG	bleak.backends.winrt.scanner._received_handler	Received 6F:27:81:22:50:6F: .
2024-06-10 18:38:05,113	DEBUG	bleak.backends.winrt.scanner._received_handler	Received 6F:27:81:22:50:6F: .
2024-06-10 18:38:05,113	DEBUG	bleak.backends.winrt.scanner._received_handler	Received 6F:27:81:22:50:6F: .
2024-06-10 18:38:05,230	DEBUG	bleak.backends.winrt.scanner._received_handler	Received 68:08:FC:E1:F4:00: .
2024-06-10 18:38:05,230	DEBUG	bleak.backends.winrt.scanner._received_handler	Received F8:77:B8:FF:80:9D: .
2024-06-10 18:38:05,239	DEBUG	bleak.backends.winrt.scanner._received_handler	Received 09:4C:B0:44:B8:46: .
2024-06-10 18:38:05,350	DEBUG	bleak.backends.winrt.scanner._received_handler	Received 68:06:34:3B:EF:9C: .
2024-06-10 18:38:05,350	DEBUG	bleak.backends.winrt.scanner._received_handler	Received 68:06:34:3B:EF:9C: Amdtp.
2024-06-10 18:38:05,459	DEBUG	bleak.backends.winrt.scanner._received_handler	Received 00:AF:C2:52:0C:B6: .
2024-06-10 18:38:05,475	DEBUG	bleak.backends.winrt.scanner._received_handler	Received 68:08:68:2E:01:9D: .
2024-06-10 18:38:05,475	DEBUG	bleak.backends.winrt.scanner._received_handler	Received 68:08:68:2E:01:9D: Amdtp.
2024-06-10 18:38:05,583	DEBUG	bleak.backends.winrt.scanner._received_handler	Received 60:CB:84:1F:61:32: .
2024-06-10 18:38:05,583	DEBUG	bleak.backends.winrt.scanner._received_handler	Received 14:3E:25:F8:EC:57: .
2024-06-10 18:38:05,709	DEBUG	bleak.backends.winrt.scanner._received_handler	Received 68:03:71:74:E0:2A: .
2024-06-10 18:38:05,709	DEBUG	bleak.backends.winrt.scanner._received_handler	Received 68:03:71:74:E0:2A: Amdtp.
2024-06-10 18:38:05,709	DEBUG	bleak.backends.winrt.scanner._received_handler	Received 4C:83:52:8A:AF:97: .
2024-06-10 18:38:05,709	DEBUG	bleak.backends.winrt.scanner._received_handler	Received 4C:83:52:8A:AF:97: .
2024-06-10 18:38:05,820	DEBUG	bleak.backends.winrt.scanner._received_handler	Received 38:01:95:99:1C:66: .
2024-06-10 18:38:05,932	DEBUG	bleak.backends.winrt.scanner._received_handler	Received 28:3B:0F:4F:00:CF: .
2024-06-10 18:38:06,183	DEBUG	bleak.backends.winrt.scanner._received_handler	Received 76:83:C2:D0:68:F7: .
2024-06-10 18:38:06,183	DEBUG	bleak.backends.winrt.scanner._received_handler	Received 68:06:34:3B:EF:9C: .
2024-06-10 18:38:06,192	DEBUG	bleak.backends.winrt.scanner._received_handler	Received 68:06:34:3B:EF:9C: Amdtp.
2024-06-10 18:38:06,296	DEBUG	bleak.backends.winrt.scanner._received_handler	Received 09:4C:B0:44:B8:46: .
2024-06-10 18:38:06,300	DEBUG	bleak.backends.winrt.scanner._received_handler	Received 68:02:15:5A:DB:AC: .
2024-06-10 18:38:06,300	DEBUG	bleak.backends.winrt.scanner._received_handler	Received F8:77:B8:FF:80:9D: .
2024-06-10 18:38:06,412	DEBUG	bleak.backends.winrt.scanner._received_handler	Received 00:AF:C2:52:0C:B6: .
2024-06-10 18:38:06,417	DEBUG	bleak.backends.winrt.scanner._received_handler	Received 68:08:68:2E:01:9D: .
2024-06-10 18:38:06,417	DEBUG	bleak.backends.winrt.scanner._received_handler	Received 68:08:68:2E:01:9D: Amdtp.
2024-06-10 18:38:06,427	DEBUG	bleak.backends.winrt.scanner._received_handler	Received 68:07:2E:5B:6F:67: .
2024-06-10 18:38:06,427	DEBUG	bleak.backends.winrt.scanner._received_handler	Received 68:07:2E:5B:6F:67: Amdtp.
2024-06-10 18:38:06,539	DEBUG	bleak.backends.winrt.scanner._received_handler	Received 0C:2E:22:02:AB:FA: .
2024-06-10 18:38:06,647	DEBUG	bleak.backends.winrt.scanner._received_handler	Received 0C:2E:22:02:AB:FA: .
2024-06-10 18:38:06,654	DEBUG	bleak.backends.winrt.scanner._received_handler	Received 6F:27:81:22:50:6F: LE_WH-1000XM5.
2024-06-10 18:38:06,657	DEBUG	bleak.backends.winrt.scanner._received_handler	Received 6F:27:81:22:50:6F: .
2024-06-10 18:38:06,662	DEBUG	bleak.backends.winrt.scanner._received_handler	Received 6F:27:81:22:50:6F: .
2024-06-10 18:38:06,665	DEBUG	bleak.backends.winrt.scanner._received_handler	Received 6F:27:81:22:50:6F: .
2024-06-10 18:38:06,879	DEBUG	bleak.backends.winrt.scanner._received_handler	Received 38:01:95:99:1C:66: .
2024-06-10 18:38:06,886	DEBUG	bleak.backends.winrt.scanner._received_handler	Received 2E:B0:C7:AC:9B:C9: .
2024-06-10 18:38:06,886	DEBUG	bleak.backends.winrt.scanner._received_handler	Received 2E:B0:C7:AC:9B:C9: .
2024-06-10 18:38:07,002	DEBUG	bleak.backends.winrt.scanner._received_handler	Received 28:3B:0F:4F:00:CF: .
2024-06-10 18:38:07,123	DEBUG	bleak.backends.winrt.scanner._received_handler	Received 6F:27:81:22:50:6F: .
2024-06-10 18:38:07,235	DEBUG	bleak.backends.winrt.scanner._received_handler	Received 00:AF:C2:52:0C:B6: .
2024-06-10 18:38:07,240	DEBUG	bleak.backends.winrt.scanner._received_handler	Received 09:4C:B0:44:B8:46: .
2024-06-10 18:38:07,246	DEBUG	bleak.backends.winrt.scanner._received_handler	Received 51:08:EA:27:08:84: .
2024-06-10 18:38:07,250	DEBUG	bleak.backends.winrt.scanner._received_handler	Received 51:08:EA:27:08:84: .
2024-06-10 18:38:07,250	DEBUG	bleak.backends.winrt.scanner._received_handler	Received 68:06:34:3B:EF:9C: .
2024-06-10 18:38:07,260	DEBUG	bleak.backends.winrt.scanner._received_handler	Received 68:07:2E:5B:6F:67: .
2024-06-10 18:38:07,350	DEBUG	bleak.backends.winrt.scanner._received_handler	Received 68:06:34:3B:EF:9C: .
2024-06-10 18:38:07,356	DEBUG	bleak.backends.winrt.scanner._received_handler	Received 68:06:34:3B:EF:9C: Amdtp.
2024-06-10 18:38:07,361	DEBUG	bleak.backends.winrt.scanner._received_handler	Received 68:02:15:5A:DB:AC: .
2024-06-10 18:38:07,367	DEBUG	bleak.backends.winrt.scanner._received_handler	Received 68:02:15:5A:DB:AC: Amdtp.
2024-06-10 18:38:07,371	DEBUG	bleak.backends.winrt.scanner._received_handler	Received 4C:83:52:8A:AF:97: .
2024-06-10 18:38:07,372	DEBUG	bleak.backends.winrt.scanner._received_handler	Received 4C:83:52:8A:AF:97: .
2024-06-10 18:38:07,377	DEBUG	bleak.backends.winrt.scanner._received_handler	Received 6F:27:81:22:50:6F: LE_WH-1000XM5.
2024-06-10 18:38:07,379	DEBUG	bleak.backends.winrt.scanner._received_handler	Received 6F:27:81:22:50:6F: .
2024-06-10 18:38:07,471	DEBUG	bleak.backends.winrt.scanner._received_handler	Received 6F:27:81:22:50:6F: LE_WH-1000XM5.
2024-06-10 18:38:07,478	DEBUG	bleak.backends.winrt.scanner._received_handler	Received 6F:27:81:22:50:6F: .
2024-06-10 18:38:07,480	DEBUG	bleak.backends.winrt.scanner._received_handler	Received 51:08:EA:27:08:84: .
2024-06-10 18:38:07,587	DEBUG	bleak.backends.winrt.scanner._received_handler	Received 51:08:EA:27:08:84: .
2024-06-10 18:38:07,587	DEBUG	bleak.backends.winrt.scanner._received_handler	Received 51:08:EA:27:08:84: .
2024-06-10 18:38:07,594	DEBUG	bleak.backends.winrt.scanner._received_handler	Received 60:CB:84:1F:61:32: .
2024-06-10 18:38:07,712	DEBUG	bleak.backends.winrt.scanner._received_handler	Received 68:03:71:74:E0:2A: .
2024-06-10 18:38:07,715	DEBUG	bleak.backends.winrt.scanner._received_handler	Received 68:03:71:74:E0:2A: Amdtp.
2024-06-10 18:38:07,829	DEBUG	bleak.backends.winrt.scanner._received_handler	Received 28:3B:0F:4F:00:CF: .
2024-06-10 18:38:07,943	DEBUG	bleak.backends.winrt.scanner._received_handler	Received 38:01:95:99:1C:66: .
2024-06-10 18:38:07,953	DEBUG	bleak.backends.winrt.scanner._received_handler	Received 51:08:EA:27:08:84: .
2024-06-10 18:38:07,955	DEBUG	bleak.backends.winrt.scanner._received_handler	Received 51:08:EA:27:08:84: .
2024-06-10 18:38:08,072	DEBUG	bleak.backends.winrt.scanner._received_handler	Received 68:06:34:3B:EF:9C: .
2024-06-10 18:38:08,076	DEBUG	bleak.backends.winrt.scanner._received_handler	Received 68:06:34:3B:EF:9C: Amdtp.
2024-06-10 18:38:08,081	DEBUG	bleak.backends.winrt.scanner._received_handler	Received 68:08:68:2E:01:9D: .
2024-06-10 18:38:08,086	DEBUG	bleak.backends.winrt.scanner._received_handler	Received 68:08:FC:E1:F4:00: .
2024-06-10 18:38:08,088	DEBUG	bleak.backends.winrt.scanner._received_handler	Received 68:08:FC:E1:F4:00: Amdtp.
2024-06-10 18:38:08,179	DEBUG	bleak.backends.winrt.scanner._received_handler	Received 68:08:68:2E:01:9D: .
2024-06-10 18:38:08,187	DEBUG	bleak.backends.winrt.scanner._received_handler	Received 68:08:68:2E:01:9D: Amdtp.
2024-06-10 18:38:08,192	DEBUG	bleak.backends.winrt.scanner._received_handler	Received 09:4C:B0:44:B8:46: .
2024-06-10 18:38:08,193	DEBUG	bleak.backends.winrt.scanner._received_handler	Received 4C:83:52:8A:AF:97: .
2024-06-10 18:38:08,201	DEBUG	bleak.backends.winrt.scanner._received_handler	Received 4C:83:52:8A:AF:97: .
2024-06-10 18:38:08,206	DEBUG	bleak.backends.winrt.scanner._received_handler	Received 68:07:2E:5B:6F:67: .
2024-06-10 18:38:08,208	DEBUG	bleak.backends.winrt.scanner._received_handler	Received 00:AF:C2:52:0C:B6: .
2024-06-10 18:38:08,298	DEBUG	bleak.backends.winrt.scanner._received_handler	Received 51:08:EA:27:08:84: .
2024-06-10 18:38:08,302	DEBUG	bleak.backends.winrt.scanner._received_handler	Received 51:08:EA:27:08:84: .
2024-06-10 18:38:08,306	DEBUG	bleak.backends.winrt.scanner._received_handler	Received 68:07:2E:5B:6F:67: .
2024-06-10 18:38:08,310	DEBUG	bleak.backends.winrt.scanner._received_handler	Received 68:07:2E:5B:6F:67: Amdtp.
2024-06-10 18:38:08,414	DEBUG	bleak.backends.winrt.scanner._received_handler	Received 58:5B:A8:7F:F7:3A: .
2024-06-10 18:38:08,414	DEBUG	bleak.backends.winrt.scanner._received_handler	Received F8:77:B8:FF:80:9D: .
2024-06-10 18:38:08,539	DEBUG	bleak.backends.winrt.scanner._received_handler	Received 51:08:EA:27:08:84: .
2024-06-10 18:38:08,539	DEBUG	bleak.backends.winrt.scanner._received_handler	Received 51:08:EA:27:08:84: .
2024-06-10 18:38:08,654	DEBUG	bleak.backends.winrt.scanner._received_handler	Received 68:03:71:74:E0:2A: .
2024-06-10 18:38:08,657	DEBUG	bleak.backends.winrt.scanner._received_handler	Received 68:03:71:74:E0:2A: Amdtp.
2024-06-10 18:38:08,772	DEBUG	bleak.backends.winrt.scanner._received_handler	Received 51:08:EA:27:08:84: .
2024-06-10 18:38:08,780	DEBUG	bleak.backends.winrt.scanner._received_handler	Received 51:08:EA:27:08:84: .
2024-06-10 18:38:08,784	DEBUG	bleak.backends.winrt.scanner._received_handler	Received 28:3B:0F:4F:00:CF: .
2024-06-10 18:38:08,892	DEBUG	bleak.backends.winrt.scanner._received_handler	Received 28:3B:0F:4F:00:CF: .
2024-06-10 18:38:09,007	DEBUG	bleak.backends.winrt.scanner._received_handler	Received 4C:83:52:8A:AF:97: .
2024-06-10 18:38:09,007	DEBUG	bleak.backends.winrt.scanner._received_handler	Received 4C:83:52:8A:AF:97: .
2024-06-10 18:38:09,016	DEBUG	bleak.backends.winrt.scanner._received_handler	Received 38:01:95:99:1C:66: .
2024-06-10 18:38:09,021	DEBUG	bleak.backends.winrt.scanner._received_handler	Received 14:3E:25:F8:EC:57: .
2024-06-10 18:38:09,022	DEBUG	bleak.backends.winrt.scanner._received_handler	Received 14:3E:25:F8:EC:57: .
2024-06-10 18:38:09,027	DEBUG	bleak.backends.winrt.scanner._received_handler	Received 68:06:34:3B:EF:9C: .
2024-06-10 18:38:09,034	DEBUG	bleak.backends.winrt.scanner._received_handler	Received 51:08:EA:27:08:84: .
2024-06-10 18:38:09,036	DEBUG	bleak.backends.winrt.scanner._received_handler	Received 51:08:EA:27:08:84: .
2024-06-10 18:38:09,117	DEBUG	bleak.backends.winrt.scanner._received_handler	Received 68:08:FC:E1:F4:00: .
2024-06-10 18:38:09,131	DEBUG	bleak.backends.winrt.scanner._received_handler	Received 68:08:FC:E1:F4:00: Amdtp.
2024-06-10 18:38:09,135	DEBUG	bleak.backends.winrt.scanner._received_handler	Received 68:06:34:3B:EF:9C: .
2024-06-10 18:38:09,142	DEBUG	bleak.backends.winrt.scanner._received_handler	Received 68:07:2E:5B:6F:67: .
2024-06-10 18:38:09,145	DEBUG	bleak.backends.winrt.scanner._received_handler	Received 68:07:2E:5B:6F:67: Amdtp.
2024-06-10 18:38:09,239	DEBUG	bleak.backends.winrt.scanner._received_handler	Received 09:4C:B0:44:B8:46: .
2024-06-10 18:38:09,246	DEBUG	bleak.backends.winrt.scanner._received_handler	Received 68:02:15:5A:DB:AC: .
2024-06-10 18:38:09,250	DEBUG	bleak.backends.winrt.scanner._received_handler	Received 68:02:15:5A:DB:AC: Amdtp.
2024-06-10 18:38:09,483	DEBUG	bleak.backends.winrt.scanner._received_handler	Received 6F:27:81:22:50:6F: LE_WH-1000XM5.
2024-06-10 18:38:09,484	DEBUG	bleak.backends.winrt.scanner._received_handler	Received 6F:27:81:22:50:6F: .
2024-06-10 18:38:09,484	DEBUG	bleak.backends.winrt.scanner._received_handler	Received 68:03:71:74:E0:2A: .
2024-06-10 18:38:09,484	DEBUG	bleak.backends.winrt.scanner._received_handler	Received 68:03:71:74:E0:2A: Amdtp.
2024-06-10 18:38:09,600	DEBUG	bleak.backends.winrt.scanner._received_handler	Received 60:CB:84:1F:61:32: .
2024-06-10 18:38:09,724	DEBUG	bleak.backends.winrt.scanner._received_handler	Received 6F:27:81:22:50:6F: .
2024-06-10 18:38:09,724	DEBUG	bleak.backends.winrt.scanner._received_handler	Received 6F:27:81:22:50:6F: .
2024-06-10 18:38:09,842	DEBUG	bleak.backends.winrt.scanner._received_handler	Received 51:08:EA:27:08:84: .
2024-06-10 18:38:09,842	DEBUG	bleak.backends.winrt.scanner._received_handler	Received 51:08:EA:27:08:84: .
2024-06-10 18:38:09,957	DEBUG	bleak.backends.winrt.scanner._received_handler	Received 68:07:2E:5B:6F:67: .
2024-06-10 18:38:10,071	DEBUG	bleak.backends.winrt.scanner._received_handler	Received 76:83:C2:D0:68:F7: .
2024-06-10 18:38:10,074	DEBUG	bleak.backends.winrt.scanner._received_handler	Received 09:4C:B0:44:B8:46: .
2024-06-10 18:38:10,079	DEBUG	bleak.backends.winrt.scanner._received_handler	Received 38:01:95:99:1C:66: .
2024-06-10 18:38:10,081	DEBUG	bleak.backends.winrt.scanner._received_handler	Received 0C:2E:22:02:AB:FA: .
2024-06-10 18:38:10,197	DEBUG	bleak.backends.winrt.scanner._received_handler	Received 68:02:15:5A:DB:AC: .
2024-06-10 18:38:10,306	DEBUG	bleak.backends.winrt.scanner._received_handler	Received 68:02:15:5A:DB:AC: .
2024-06-10 18:38:10,424	DEBUG	bleak.backends.winrt.scanner._received_handler	Received 68:03:71:74:E0:2A: .
2024-06-10 18:38:10,424	DEBUG	bleak.backends.winrt.scanner._received_handler	Received 6F:27:81:22:50:6F: LE_WH-1000XM5.
2024-06-10 18:38:10,551	DEBUG	bleak.backends.winrt.scanner._received_handler	Received F8:77:B8:FF:80:9D: .
2024-06-10 18:38:10,898	DEBUG	bleak.backends.winrt.scanner._received_handler	Received 2E:B0:C7:AC:9B:C9: .
2024-06-10 18:38:10,898	DEBUG	bleak.backends.winrt.scanner._received_handler	Received 28:3B:0F:4F:00:CF: .
2024-06-10 18:38:10,909	DEBUG	bleak.backends.winrt.scanner._received_handler	Received 68:08:FC:E1:F4:00: .
2024-06-10 18:38:10,914	DEBUG	bleak.backends.winrt.scanner._received_handler	Received 68:08:FC:E1:F4:00: Amdtp.
2024-06-10 18:38:10,920	DEBUG	bleak.backends.winrt.scanner._received_handler	Received 68:06:34:3B:EF:9C: .
2024-06-10 18:38:10,924	DEBUG	bleak.backends.winrt.scanner._received_handler	Received 00:AF:C2:52:0C:B6: .
2024-06-10 18:38:11,020	DEBUG	bleak.backends.winrt.scanner._received_handler	Received 00:AF:C2:52:0C:B6: .
2024-06-10 18:38:11,026	DEBUG	bleak.backends.winrt.scanner._received_handler	Received 68:08:68:2E:01:9D: .
2024-06-10 18:38:11,030	DEBUG	bleak.backends.winrt.scanner._received_handler	Received 68:08:68:2E:01:9D: Amdtp.
2024-06-10 18:38:11,033	DEBUG	bleak.backends.winrt.scanner._received_handler	Received 14:3E:25:F8:EC:57: .
2024-06-10 18:38:11,140	DEBUG	bleak.backends.winrt.scanner._received_handler	Received 38:01:95:99:1C:66: .
2024-06-10 18:38:11,146	DEBUG	bleak.backends.winrt.scanner._received_handler	Received 68:02:15:5A:DB:AC: .
2024-06-10 18:38:11,150	DEBUG	bleak.backends.winrt.scanner._received_handler	Received 68:02:15:5A:DB:AC: Amdtp.
2024-06-10 18:38:11,153	DEBUG	bleak.backends.winrt.scanner._received_handler	Received 68:03:71:74:E0:2A: .
2024-06-10 18:38:11,156	DEBUG	bleak.backends.winrt.scanner._received_handler	Received 68:03:71:74:E0:2A: Amdtp.
2024-06-10 18:38:11,257	DEBUG	bleak.backends.winrt.scanner._received_handler	Received 68:03:71:74:E0:2A: .
2024-06-10 18:38:11,260	DEBUG	bleak.backends.winrt.scanner._received_handler	Received 68:03:71:74:E0:2A: Amdtp.
2024-06-10 18:38:11,372	DEBUG	bleak.backends.winrt.scanner._received_handler	Received 6F:27:81:22:50:6F: .
2024-06-10 18:38:11,380	DEBUG	bleak.backends.winrt.scanner._received_handler	Received 6F:27:81:22:50:6F: LE_WH-1000XM5.
2024-06-10 18:38:11,498	DEBUG	bleak.backends.winrt.scanner._received_handler	Received 51:08:EA:27:08:84: .
2024-06-10 18:38:11,498	DEBUG	bleak.backends.winrt.scanner._received_handler	Received 51:08:EA:27:08:84: .
2024-06-10 18:38:11,606	DEBUG	bleak.backends.winrt.scanner._received_handler	Received F8:77:B8:FF:80:9D: .
2024-06-10 18:38:11,851	DEBUG	bleak.backends.winrt.scanner._received_handler	Received 68:08:FC:E1:F4:00: .
2024-06-10 18:38:11,854	DEBUG	bleak.backends.winrt.scanner._received_handler	Received 68:08:FC:E1:F4:00: Amdtp.
2024-06-10 18:38:11,859	DEBUG	bleak.backends.winrt.scanner._received_handler	Received 68:07:2E:5B:6F:67: .
2024-06-10 18:38:11,859	DEBUG	bleak.backends.winrt.scanner._received_handler	Received 68:07:2E:5B:6F:67: Amdtp.
2024-06-10 18:38:11,865	DEBUG	bleak.backends.winrt.scanner._received_handler	Received 00:AF:C2:52:0C:B6: .
2024-06-10 18:38:11,962	DEBUG	bleak.backends.winrt.scanner._received_handler	Received 68:08:68:2E:01:9D: .
2024-06-10 18:38:11,967	DEBUG	bleak.backends.winrt.scanner._received_handler	Received 68:08:68:2E:01:9D: Amdtp.
2024-06-10 18:38:11,971	DEBUG	bleak.backends.winrt.scanner._received_handler	Received 09:4C:B0:44:B8:46: .
2024-06-10 18:38:12,075	DEBUG	bleak.backends.winrt.scanner._received_handler	Received 09:4C:B0:44:B8:46: .
2024-06-10 18:38:12,197	DEBUG	bleak.backends.winrt.scanner._received_handler	Received 68:02:15:5A:DB:AC: .
2024-06-10 18:38:12,197	DEBUG	bleak.backends.winrt.scanner._received_handler	Received 68:02:15:5A:DB:AC: Amdtp.
2024-06-10 18:38:12,206	DEBUG	bleak.backends.winrt.scanner._received_handler	Received 38:01:95:99:1C:66: .
2024-06-10 18:38:12,206	DEBUG	bleak.backends.winrt.scanner._received_handler	Received 6F:27:81:22:50:6F: LE_WH-1000XM5.
2024-06-10 18:38:12,213	DEBUG	bleak.backends.winrt.scanner._received_handler	Received 6F:27:81:22:50:6F: .
2024-06-10 18:38:12,324	DEBUG	bleak.backends.winrt.scanner._received_handler	Received 68:03:71:74:E0:2A: .
2024-06-10 18:38:12,326	DEBUG	bleak.backends.winrt.scanner._received_handler	Received 68:03:71:74:E0:2A: Amdtp.
2024-06-10 18:38:12,326	DEBUG	bleak.backends.winrt.scanner._received_handler	Received 2E:B0:C7:AC:9B:C9: .
2024-06-10 18:38:12,326	DEBUG	bleak.backends.winrt.scanner._received_handler	Received 51:08:EA:27:08:84: .
2024-06-10 18:38:12,326	DEBUG	bleak.backends.winrt.scanner._received_handler	Received 51:08:EA:27:08:84: .
2024-06-10 18:38:12,671	DEBUG	bleak.backends.winrt.scanner._received_handler	Received 58:5B:A8:7F:F7:3A: .
2024-06-10 18:38:12,674	DEBUG	bleak.backends.winrt.scanner._received_handler	Received F8:77:B8:FF:80:9D: .
2024-06-10 18:38:12,792	DEBUG	bleak.backends.winrt.scanner._received_handler	Received 28:3B:0F:4F:00:CF: .
2024-06-10 18:38:12,801	DEBUG	bleak.backends.winrt.scanner._received_handler	Received 0C:2E:22:02:AB:FA: .
2024-06-10 18:38:12,801	DEBUG	bleak.backends.winrt.scanner._received_handler	Received 68:08:68:2E:01:9D: .
2024-06-10 18:38:12,905	DEBUG	bleak.backends.winrt.scanner._received_handler	Received 68:08:68:2E:01:9D: .
2024-06-10 18:38:12,910	DEBUG	bleak.backends.winrt.scanner._received_handler	Received 00:AF:C2:52:0C:B6: .
2024-06-10 18:38:12,914	DEBUG	bleak.backends.winrt.scanner._received_handler	Received 0C:2E:22:02:AB:FA: .
2024-06-10 18:38:12,916	DEBUG	bleak.backends.winrt.scanner._received_handler	Received 68:06:34:3B:EF:9C: .
2024-06-10 18:38:12,924	DEBUG	bleak.backends.winrt.scanner._received_handler	Received 68:06:34:3B:EF:9C: Amdtp.
2024-06-10 18:38:13,024	DEBUG	bleak.backends.winrt.scanner._received_handler	Received 68:06:34:3B:EF:9C: .
2024-06-10 18:38:13,024	DEBUG	bleak.backends.winrt.scanner._received_handler	Received 68:06:34:3B:EF:9C: Amdtp.
2024-06-10 18:38:13,030	DEBUG	bleak.backends.winrt.scanner._received_handler	Received 09:4C:B0:44:B8:46: .
2024-06-10 18:38:13,033	DEBUG	bleak.backends.winrt.scanner._received_handler	Received 68:02:15:5A:DB:AC: .
2024-06-10 18:38:13,041	DEBUG	bleak.backends.winrt.scanner._received_handler	Received 68:02:15:5A:DB:AC: Amdtp.
2024-06-10 18:38:13,264	DEBUG	bleak.backends.winrt.scanner._received_handler	Received 68:03:71:74:E0:2A: .
2024-06-10 18:38:13,267	DEBUG	bleak.backends.winrt.scanner._received_handler	Received 68:03:71:74:E0:2A: Amdtp.
2024-06-10 18:38:13,267	DEBUG	bleak.backends.winrt.scanner._received_handler	Received 38:01:95:99:1C:66: .
2024-06-10 18:38:13,267	DEBUG	bleak.backends.winrt.scanner._received_handler	Received 6F:27:81:22:50:6F: LE_WH-1000XM5.
2024-06-10 18:38:13,630	DEBUG	bleak.backends.winrt.scanner._received_handler	Received 76:83:C2:D0:68:F7: .
2024-06-10 18:38:13,738	DEBUG	bleak.backends.winrt.scanner._received_handler	Received 28:3B:0F:4F:00:CF: .
2024-06-10 18:38:13,738	DEBUG	bleak.backends.winrt.scanner._received_handler	Received F8:77:B8:FF:80:9D: .
2024-06-10 18:38:13,852	DEBUG	bleak.backends.winrt.scanner._received_handler	Received 0C:2E:22:02:AB:FA: .
2024-06-10 18:38:13,857	DEBUG	bleak.backends.winrt.scanner._received_handler	Received 68:08:68:2E:01:9D: .
2024-06-10 18:38:13,860	DEBUG	bleak.backends.winrt.scanner._received_handler	Received 68:08:68:2E:01:9D: Amdtp.
2024-06-10 18:38:13,863	DEBUG	bleak.backends.winrt.scanner._received_handler	Received 68:07:2E:5B:6F:67: .
2024-06-10 18:38:13,863	DEBUG	bleak.backends.winrt.scanner._received_handler	Received 68:07:2E:5B:6F:67: Amdtp.
2024-06-10 18:38:13,863	DEBUG	bleak.backends.winrt.scanner._received_handler	Received 09:4C:B0:44:B8:46: .
2024-06-10 18:38:13,967	DEBUG	bleak.backends.winrt.scanner._received_handler	Received 09:4C:B0:44:B8:46: .
2024-06-10 18:38:13,970	DEBUG	bleak.backends.winrt.scanner._received_handler	Received 51:08:EA:27:08:84: .
2024-06-10 18:38:13,974	DEBUG	bleak.backends.winrt.scanner._received_handler	Received 51:08:EA:27:08:84: .
2024-06-10 18:38:13,979	DEBUG	bleak.backends.winrt.scanner._received_handler	Received 00:AF:C2:52:0C:B6: .
2024-06-10 18:38:13,983	DEBUG	bleak.backends.winrt.scanner._received_handler	Received 68:03:71:74:E0:2A: .
2024-06-10 18:38:14,208	DEBUG	bleak.backends.winrt.scanner._received_handler	Received 6F:27:81:22:50:6F: LE_WH-1000XM5.
2024-06-10 18:38:14,208	DEBUG	bleak.backends.winrt.scanner._received_handler	Received 6F:27:81:22:50:6F: .
2024-06-10 18:38:14,327	DEBUG	bleak.backends.winrt.scanner._received_handler	Received 38:01:95:99:1C:66: .
2024-06-10 18:38:14,332	DEBUG	bleak.backends.winrt.scanner._received_handler	Received 2E:B0:C7:AC:9B:C9: .
2024-06-10 18:38:14,335	DEBUG	bleak.backends.winrt.scanner._received_handler	Received 2E:B0:C7:AC:9B:C9: .
2024-06-10 18:38:14,340	DEBUG	bleak.backends.winrt.scanner._received_handler	Received 6F:27:81:22:50:6F: LE_WH-1000XM5.
2024-06-10 18:38:14,342	DEBUG	bleak.backends.winrt.scanner._received_handler	Received 6F:27:81:22:50:6F: .
2024-06-10 18:38:14,449	DEBUG	bleak.backends.winrt.scanner._received_handler	Received 68:08:FC:E1:F4:00: .
2024-06-10 18:38:14,455	DEBUG	bleak.backends.winrt.scanner._received_handler	Received 68:08:FC:E1:F4:00: Amdtp.
2024-06-10 18:38:14,679	DEBUG	bleak.backends.winrt.scanner._received_handler	Received 68:08:68:2E:01:9D: .
2024-06-10 18:38:14,681	DEBUG	bleak.backends.winrt.scanner._received_handler	Received 68:08:68:2E:01:9D: Amdtp.
2024-06-10 18:38:14,687	DEBUG	bleak.backends.winrt.scanner._received_handler	Received 28:3B:0F:4F:00:CF: .
2024-06-10 18:38:14,687	DEBUG	bleak.backends.winrt.scanner._received_handler	Received 76:83:C2:D0:68:F7: .
2024-06-10 18:38:14,696	DEBUG	bleak.backends.winrt.scanner._received_handler	Received 68:07:2E:5B:6F:67: .
2024-06-10 18:38:14,700	DEBUG	bleak.backends.winrt.scanner._received_handler	Received 68:07:2E:5B:6F:67: Amdtp.
2024-06-10 18:38:14,703	DEBUG	bleak.backends.winrt.scanner._received_handler	Received 68:06:34:3B:EF:9C: .
2024-06-10 18:38:14,711	DEBUG	bleak.backends.winrt.scanner._received_handler	Received 68:06:34:3B:EF:9C: Amdtp.
2024-06-10 18:38:14,798	DEBUG	bleak.backends.winrt.scanner._stopped_handler	20 devices found. Watcher status: <BluetoothLEAdvertisementWatcherStatus.STOPPED: 3>.
