2024-06-10 18:38:20,368	TRACE	evk.IxanaEVK.__init__	CALL *('68:03:E8:3F:09:02',) **{}
2024-06-10 18:38:20,368	DEBUG	asyncio.__init__	Using proactor: IocpProactor
2024-06-10 18:38:20,631	DEBUG	bleak.backends.winrt.scanner._received_handler	Received 6F:27:81:22:50:6F: .
2024-06-10 18:38:20,645	DEBUG	bleak.backends.winrt.scanner._received_handler	Received 09:4C:B0:44:B8:46: .
2024-06-10 18:38:20,761	DEBUG	bleak.backends.winrt.scanner._received_handler	Received 00:AF:C2:52:0C:B6: .
2024-06-10 18:38:20,868	DEBUG	bleak.backends.winrt.scanner._received_handler	Received 68:06:34:3B:EF:9C: .
2024-06-10 18:38:20,872	DEBUG	bleak.backends.winrt.scanner._received_handler	Received F8:77:B8:FF:80:9D: .
2024-06-10 18:38:20,990	DEBUG	bleak.backends.winrt.scanner._received_handler	Received 68:05:16:46:BF:24: .
2024-06-10 18:38:20,996	DEBUG	bleak.backends.winrt.scanner._received_handler	Received 38:01:95:99:1C:66: .
2024-06-10 18:38:21,099	DEBUG	bleak.backends.winrt.scanner._received_handler	Received 68:07:2E:5B:6F:67: .
2024-06-10 18:38:21,111	DEBUG	bleak.backends.winrt.scanner._received_handler	Received 68:07:2E:5B:6F:67: Amdtp.
2024-06-10 18:38:21,115	DEBUG	bleak.backends.winrt.scanner._received_handler	Received 4C:83:52:8A:AF:97: .
2024-06-10 18:38:21,124	DEBUG	bleak.backends.winrt.scanner._received_handler	Received 4C:83:52:8A:AF:97: .
2024-06-10 18:38:21,129	DEBUG	bleak.backends.winrt.scanner._received_handler	Received 76:83:C2:D0:68:F7: .
2024-06-10 18:38:21,228	DEBUG	bleak.backends.winrt.scanner._received_handler	Received 68:03:71:74:E0:2A: .
2024-06-10 18:38:21,229	DEBUG	bleak.backends.winrt.scanner._received_handler	Received 68:03:71:74:E0:2A: Amdtp.
2024-06-10 18:38:21,233	DEBUG	bleak.backends.winrt.scanner._received_handler	Received 28:3B:0F:4F:00:CF: .
2024-06-10 18:38:21,349	DEBUG	bleak.backends.winrt.scanner._received_handler	Received 58:5B:A8:7F:F7:3A: .
2024-06-10 18:38:21,352	DEBUG	bleak.backends.winrt.scanner._received_handler	Received 58:5B:A8:7F:F7:3A: .
2024-06-10 18:38:21,355	DEBUG	bleak.backends.winrt.scanner._received_handler	Received 68:08:68:2E:01:9D: .
2024-06-10 18:38:21,458	DEBUG	bleak.backends.winrt.scanner._received_handler	Received 38:01:95:99:1C:66: .
2024-06-10 18:38:21,593	DEBUG	bleak.backends.winrt.scanner._received_handler	Received 00:AF:C2:52:0C:B6: .
2024-06-10 18:38:21,699	DEBUG	bleak.backends.winrt.scanner._received_handler	Received 00:AF:C2:52:0C:B6: .
2024-06-10 18:38:21,820	DEBUG	bleak.backends.winrt.scanner._received_handler	Received 68:06:34:3B:EF:9C: .
2024-06-10 18:38:21,826	DEBUG	bleak.backends.winrt.scanner._received_handler	Received 09:4C:B0:44:B8:46: .
2024-06-10 18:38:21,934	DEBUG	bleak.backends.winrt.scanner._received_handler	Received 09:4C:B0:44:B8:46: .
2024-06-10 18:38:21,938	DEBUG	bleak.backends.winrt.scanner._received_handler	Received 68:05:16:46:BF:24: .
2024-06-10 18:38:21,944	DEBUG	bleak.backends.winrt.scanner._received_handler	Received 68:05:16:46:BF:24: Ixana YR22 EVK.
2024-06-10 18:38:21,945	DEBUG	bleak.backends.winrt.scanner._received_handler	Received F8:77:B8:FF:80:9D: .
2024-06-10 18:38:21,947	DEBUG	bleak.backends.winrt.scanner._received_handler	Received 68:07:2E:5B:6F:67: .
2024-06-10 18:38:21,954	DEBUG	bleak.backends.winrt.scanner._received_handler	Received 68:07:2E:5B:6F:67: Amdtp.
2024-06-10 18:38:22,049	DEBUG	bleak.backends.winrt.scanner._received_handler	Received 2E:B0:C7:AC:9B:C9: .
2024-06-10 18:38:22,051	DEBUG	bleak.backends.winrt.scanner._received_handler	Received 2E:B0:C7:AC:9B:C9: .
2024-06-10 18:38:22,172	DEBUG	bleak.backends.winrt.scanner._received_handler	Received 68:02:15:5A:DB:AC: .
2024-06-10 18:38:22,175	DEBUG	bleak.backends.winrt.scanner._received_handler	Received 68:02:15:5A:DB:AC: Amdtp.
2024-06-10 18:38:22,177	DEBUG	bleak.backends.winrt.scanner._received_handler	Received 28:3B:0F:4F:00:CF: .
2024-06-10 18:38:22,182	DEBUG	bleak.backends.winrt.scanner._received_handler	Received 14:3E:25:F8:EC:57: .
2024-06-10 18:38:22,186	DEBUG	bleak.backends.winrt.scanner._received_handler	Received 14:3E:25:F8:EC:57: .
2024-06-10 18:38:22,298	DEBUG	bleak.backends.winrt.scanner._received_handler	Received 68:08:68:2E:01:9D: .
2024-06-10 18:38:22,298	DEBUG	bleak.backends.winrt.scanner._received_handler	Received 68:08:68:2E:01:9D: Amdtp.
2024-06-10 18:38:22,527	DEBUG	bleak.backends.winrt.scanner._received_handler	Received 38:01:95:99:1C:66: .
2024-06-10 18:38:22,532	DEBUG	bleak.backends.winrt.scanner._received_handler	Received 00:AF:C2:52:0C:B6: .
2024-06-10 18:38:22,537	DEBUG	bleak.backends.winrt.scanner._received_handler	Received 6F:27:81:22:50:6F: .
2024-06-10 18:38:22,541	DEBUG	bleak.backends.winrt.scanner._received_handler	Received 6F:27:81:22:50:6F: .
2024-06-10 18:38:22,879	DEBUG	bleak.backends.winrt.scanner._received_handler	Received 09:4C:B0:44:B8:46: .
2024-06-10 18:38:23,007	DEBUG	bleak.backends.winrt.scanner._received_handler	Received F8:77:B8:FF:80:9D: .
2024-06-10 18:38:23,013	DEBUG	bleak.backends.winrt.scanner._received_handler	Received 68:02:15:5A:DB:AC: .
2024-06-10 18:38:23,015	DEBUG	bleak.backends.winrt.scanner._received_handler	Received 68:02:15:5A:DB:AC: Amdtp.
2024-06-10 18:38:23,021	DEBUG	bleak.backends.winrt.scanner._received_handler	Received 6F:27:81:22:50:6F: .
2024-06-10 18:38:23,113	DEBUG	bleak.backends.winrt.scanner._received_handler	Received 68:02:15:5A:DB:AC: .
2024-06-10 18:38:23,116	DEBUG	bleak.backends.winrt.scanner._received_handler	Received 68:02:15:5A:DB:AC: Amdtp.
2024-06-10 18:38:23,123	DEBUG	bleak.backends.winrt.scanner._received_handler	Received 6F:27:81:22:50:6F: LE_WH-1000XM5.
2024-06-10 18:38:23,126	DEBUG	bleak.backends.winrt.scanner._received_handler	Received 6F:27:81:22:50:6F: .
2024-06-10 18:38:23,227	DEBUG	bleak.backends.winrt.scanner._received_handler	Received 28:3B:0F:4F:00:CF: .
2024-06-10 18:38:23,362	DEBUG	bleak.backends.winrt.scanner._received_handler	Received 68:08:FC:E1:F4:00: .
2024-06-10 18:38:23,367	DEBUG	bleak.backends.winrt.scanner._received_handler	Received 68:08:FC:E1:F4:00: Amdtp.
2024-06-10 18:38:23,468	DEBUG	bleak.backends.winrt.scanner._received_handler	Received 68:08:FC:E1:F4:00: .
2024-06-10 18:38:23,473	DEBUG	bleak.backends.winrt.scanner._received_handler	Received 68:08:FC:E1:F4:00: Amdtp.
2024-06-10 18:38:23,478	DEBUG	bleak.backends.winrt.scanner._received_handler	Received 00:AF:C2:52:0C:B6: .
2024-06-10 18:38:23,478	DEBUG	bleak.backends.winrt.scanner._received_handler	Received 2E:B0:C7:AC:9B:C9: .
2024-06-10 18:38:23,584	DEBUG	bleak.backends.winrt.scanner._received_handler	Received 4C:83:52:8A:AF:97: .
2024-06-10 18:38:23,592	DEBUG	bleak.backends.winrt.scanner._received_handler	Received 4C:83:52:8A:AF:97: .
2024-06-10 18:38:23,592	DEBUG	bleak.backends.winrt.scanner._received_handler	Received 38:01:95:99:1C:66: .
2024-06-10 18:38:23,831	DEBUG	bleak.backends.winrt.scanner._received_handler	Received 68:05:16:46:BF:24: .
2024-06-10 18:38:23,831	DEBUG	bleak.backends.winrt.scanner._received_handler	Received 68:05:16:46:BF:24: Ixana YR22 EVK.
2024-06-10 18:38:23,831	DEBUG	bleak.backends.winrt.scanner._received_handler	Received 68:06:34:3B:EF:9C: .
2024-06-10 18:38:23,847	DEBUG	bleak.backends.winrt.scanner._received_handler	Received 68:06:34:3B:EF:9C: Amdtp.
2024-06-10 18:38:23,847	DEBUG	bleak.backends.winrt.scanner._received_handler	Received 68:03:71:74:E0:2A: .
2024-06-10 18:38:23,847	DEBUG	bleak.backends.winrt.scanner._received_handler	Received 68:03:71:74:E0:2A: Amdtp.
2024-06-10 18:38:23,944	DEBUG	bleak.backends.winrt.scanner._received_handler	Received 68:02:15:5A:DB:AC: .
2024-06-10 18:38:23,944	DEBUG	bleak.backends.winrt.scanner._received_handler	Received 68:02:15:5A:DB:AC: Amdtp.
2024-06-10 18:38:23,957	DEBUG	bleak.backends.winrt.scanner._received_handler	Received 68:07:2E:5B:6F:67: .
2024-06-10 18:38:23,957	DEBUG	bleak.backends.winrt.scanner._received_handler	Received 68:07:2E:5B:6F:67: Amdtp.
2024-06-10 18:38:24,056	DEBUG	bleak.backends.winrt.scanner._received_handler	Received 2E:B0:C7:AC:9B:C9: .
2024-06-10 18:38:24,056	DEBUG	bleak.backends.winrt.scanner._received_handler	Received F8:77:B8:FF:80:9D: .
2024-06-10 18:38:24,067	DEBUG	bleak.backends.winrt.scanner._received_handler	Received 6F:27:81:22:50:6F: LE_WH-1000XM5.
2024-06-10 18:38:24,073	DEBUG	bleak.backends.winrt.scanner._received_handler	Received 6F:27:81:22:50:6F: .
2024-06-10 18:38:24,179	DEBUG	bleak.backends.winrt.scanner._received_handler	Received 14:3E:25:F8:EC:57: .
2024-06-10 18:38:24,179	DEBUG	bleak.backends.winrt.scanner._received_handler	Received 14:3E:25:F8:EC:57: .
2024-06-10 18:38:24,289	DEBUG	bleak.backends.winrt.scanner._received_handler	Received 68:08:FC:E1:F4:00: .
2024-06-10 18:38:24,421	DEBUG	bleak.backends.winrt.scanner._received_handler	Received 4C:83:52:8A:AF:97: .
2024-06-10 18:38:24,421	DEBUG	bleak.backends.winrt.scanner._received_handler	Received 4C:83:52:8A:AF:97: .
2024-06-10 18:38:24,653	DEBUG	bleak.backends.winrt.scanner._received_handler	Received 38:01:95:99:1C:66: .
2024-06-10 18:38:24,657	DEBUG	bleak.backends.winrt.scanner._received_handler	Received 09:4C:B0:44:B8:46: .
2024-06-10 18:38:24,657	DEBUG	bleak.backends.winrt.scanner._received_handler	Received 68:05:16:46:BF:24: .
2024-06-10 18:38:24,663	DEBUG	bleak.backends.winrt.scanner._received_handler	Received 68:05:16:46:BF:24: Ixana YR22 EVK.
2024-06-10 18:38:24,770	DEBUG	bleak.backends.winrt.scanner._received_handler	Received 68:03:71:74:E0:2A: .
2024-06-10 18:38:24,776	DEBUG	bleak.backends.winrt.scanner._received_handler	Received 68:02:15:5A:DB:AC: .
2024-06-10 18:38:24,779	DEBUG	bleak.backends.winrt.scanner._received_handler	Received 68:02:15:5A:DB:AC: Amdtp.
2024-06-10 18:38:24,891	DEBUG	bleak.backends.winrt.scanner._received_handler	Received 68:06:34:3B:EF:9C: .
2024-06-10 18:38:25,121	DEBUG	bleak.backends.winrt.scanner._received_handler	Received F8:77:B8:FF:80:9D: .
2024-06-10 18:38:25,132	DEBUG	bleak.backends.winrt.scanner._received_handler	Received 68:08:FC:E1:F4:00: .
2024-06-10 18:38:25,137	DEBUG	bleak.backends.winrt.scanner._received_handler	Received 68:08:FC:E1:F4:00: Amdtp.
2024-06-10 18:38:25,139	DEBUG	bleak.backends.winrt.scanner._received_handler	Received 00:AF:C2:52:0C:B6: .
2024-06-10 18:38:25,144	DEBUG	bleak.backends.winrt.scanner._received_handler	Received 28:3B:0F:4F:00:CF: .
2024-06-10 18:38:25,239	DEBUG	bleak.backends.winrt.scanner._received_handler	Received 68:08:FC:E1:F4:00: .
2024-06-10 18:38:25,248	DEBUG	bleak.backends.winrt.scanner._received_handler	Received 68:03:E8:3F:09:02: .
2024-06-10 18:38:25,252	DEBUG	bleak.backends.winrt.scanner._stopped_handler	19 devices found. Watcher status: <BluetoothLEAdvertisementWatcherStatus.STOPPED: 3>.
2024-06-10 18:38:25,283	DEBUG	bleak.backends.winrt.client.connect	Connecting to BLE device @ 68:03:E8:3F:09:02
2024-06-10 18:38:25,484	DEBUG	bleak.backends.winrt.client.get_services	getting services (service_cache_mode=None, cache_mode=None)...
2024-06-10 18:38:26,738	DEBUG	bleak.backends.winrt.client.connect	max_pdu_size_changed event not received, using default
2024-06-10 18:38:26,828	DEBUG	bleak.backends.winrt.client.session_status_changed_event_handler	session_status_changed_event_handler: id: BluetoothLE#BluetoothLEe8:48:b8:c8:20:00-68:03:e8:3f:09:02, error: <BluetoothError.SUCCESS: 0>, status: <GattSessionStatus.ACTIVE: 1>
2024-06-10 18:38:26,856	DEBUG	bleak.backends.winrt.client.max_pdu_size_changed_handler	max_pdu_size_changed_handler: 247
2024-06-10 18:38:27,284	TRACE	evk.IxanaEVK.mode_reset	CALL *() **{}
2024-06-10 18:38:27,284	TRACE	evk.IxanaEVK._write	CALL *(bytearray(b'\x00\x03\x01\x00'),) **{}
2024-06-10 18:38:27,317	TRACE	evk.IxanaEVK._write	RETURN None
2024-06-10 18:38:27,819	TRACE	evk.IxanaEVK.data_enable	CALL *(False,) **{}
2024-06-10 18:38:27,819	TRACE	evk.IxanaEVK._write	CALL *(bytearray(b'\x04\x00'),) **{}
2024-06-10 18:38:27,882	TRACE	evk.IxanaEVK._write	RETURN None
2024-06-10 18:38:27,882	TRACE	evk.IxanaEVK.data_enable	RETURN None
2024-06-10 18:38:27,882	TRACE	evk.IxanaEVK.mode_reset	RETURN None
2024-06-10 18:38:27,882	TRACE	evk.IxanaEVK.field_rd	CALL *(<FIELD_NAME.VERSION: 0>,) **{}
2024-06-10 18:38:27,882	TRACE	evk.IxanaEVK._write	CALL *(bytearray(b'\x00\x00\x00'),) **{}
2024-06-10 18:38:27,914	TRACE	evk.IxanaEVK._write	RETURN None
2024-06-10 18:38:27,914	TRACE	evk.IxanaEVK._read	CALL *(4,) **{}
2024-06-10 18:38:27,914	TRACE	evk.IxanaEVK._read	RETURN bytearray(b'\x02\x00\x00\x00')
2024-06-10 18:38:27,915	TRACE	evk.IxanaEVK._read	CALL *(3,) **{}
2024-06-10 18:38:27,915	TRACE	evk.IxanaEVK._read	RETURN bytearray(b'\x00\x00\x01')
2024-06-10 18:38:27,915	TRACE	evk.IxanaEVK.field_rd	RETURN bytearray(b'\x00\x00\x01')
2024-06-10 18:38:27,915	TRACE	evk.IxanaEVK.field_rd	CALL *(<FIELD_NAME.BOARDID: 1>,) **{}
2024-06-10 18:38:27,915	TRACE	evk.IxanaEVK._write	CALL *(bytearray(b'\x00\x01\x00'),) **{}
2024-06-10 18:38:27,959	TRACE	evk.IxanaEVK._write	RETURN None
2024-06-10 18:38:27,959	TRACE	evk.IxanaEVK._read	CALL *(4,) **{}
2024-06-10 18:38:27,959	TRACE	evk.IxanaEVK._read	RETURN bytearray(b'\x02\x01\x00\x00')
2024-06-10 18:38:27,959	TRACE	evk.IxanaEVK._read	CALL *(16,) **{}
2024-06-10 18:38:27,959	TRACE	evk.IxanaEVK._read	RETURN bytearray(b'\x18 4\x08\x08\x03he\x02\t?\xe81\xbf\x0e\x00')
2024-06-10 18:38:27,959	TRACE	evk.IxanaEVK.field_rd	RETURN bytearray(b'\x18 4\x08\x08\x03he\x02\t?\xe81\xbf\x0e\x00')
2024-06-10 18:38:27,960	TRACE	evk.IxanaEVK.__init__	RETURN None
2024-06-10 18:38:27,960	TRACE	evk.IxanaEVK.mode_rd	CALL *() **{}
2024-06-10 18:38:27,960	TRACE	evk.IxanaEVK.field_rd	CALL *(<FIELD_NAME.MODE: 3>,) **{}
2024-06-10 18:38:27,960	TRACE	evk.IxanaEVK._write	CALL *(bytearray(b'\x00\x03\x00'),) **{}
2024-06-10 18:38:28,002	TRACE	evk.IxanaEVK._write	RETURN None
2024-06-10 18:38:28,002	TRACE	evk.IxanaEVK._read	CALL *(4,) **{}
2024-06-10 18:38:28,002	TRACE	evk.IxanaEVK._read	RETURN bytearray(b'\x02\x03\x00\x00')
2024-06-10 18:38:28,002	TRACE	evk.IxanaEVK._read	CALL *(1,) **{}
2024-06-10 18:38:28,002	TRACE	evk.IxanaEVK._read	RETURN bytearray(b'\x00')
2024-06-10 18:38:28,002	TRACE	evk.IxanaEVK.field_rd	RETURN bytearray(b'\x00')
2024-06-10 18:38:28,002	TRACE	evk.IxanaEVK.mode_rd	RETURN <MODE.NONE: 0>
2024-06-10 18:38:28,002	TRACE	evk.IxanaEVK.mode_start	CALL *(<MODE.STATS_TX: 1>, <FIELD_NAME.MODE_STATS_TX: 4>, FieldModeStatsTX(icsetting_bitrate=0, data_size=32)) **{}
2024-06-10 18:38:28,002	TRACE	evk.IxanaEVK.mode_reset	CALL *() **{}
2024-06-10 18:38:28,002	TRACE	evk.IxanaEVK._write	CALL *(bytearray(b'\x00\x03\x01\x00'),) **{}
2024-06-10 18:38:28,033	TRACE	evk.IxanaEVK._write	RETURN None
2024-06-10 18:38:28,536	TRACE	evk.IxanaEVK.data_enable	CALL *(False,) **{}
2024-06-10 18:38:28,536	TRACE	evk.IxanaEVK._write	CALL *(bytearray(b'\x04\x00'),) **{}
2024-06-10 18:38:28,565	TRACE	evk.IxanaEVK._write	RETURN None
2024-06-10 18:38:28,565	TRACE	evk.IxanaEVK.data_enable	RETURN None
2024-06-10 18:38:28,565	TRACE	evk.IxanaEVK.mode_reset	RETURN None
2024-06-10 18:38:28,565	TRACE	evk.IxanaEVK.mode_wrrd	CALL *(<MODE.NONE: 0>,) **{}
2024-06-10 18:38:28,565	TRACE	evk.IxanaEVK.mode_wr	CALL *(<MODE.NONE: 0>,) **{}
2024-06-10 18:38:28,565	TRACE	evk.IxanaEVK.field_wr	CALL *(<FIELD_NAME.MODE: 3>, <MODE.NONE: 0>) **{}
2024-06-10 18:38:28,565	TRACE	evk.IxanaEVK._field_data_format	CALL *(<MODE.NONE: 0>,) **{}
2024-06-10 18:38:28,565	TRACE	evk.IxanaEVK._field_data_format	RETURN b'\x00'
2024-06-10 18:38:28,565	TRACE	evk.IxanaEVK._write	CALL *(bytearray(b'\x00\x03\x01\x00'),) **{}
2024-06-10 18:38:28,612	TRACE	evk.IxanaEVK._write	RETURN None
2024-06-10 18:38:28,612	TRACE	evk.IxanaEVK._read	CALL *(4,) **{}
2024-06-10 18:38:28,612	TRACE	evk.IxanaEVK._read	RETURN bytearray(b'\x02\x03\x01\x00')
2024-06-10 18:38:28,612	TRACE	evk.IxanaEVK.field_wr	RETURN None
2024-06-10 18:38:28,620	TRACE	evk.IxanaEVK.mode_wr	RETURN None
2024-06-10 18:38:28,620	TRACE	evk.IxanaEVK.mode_rd	CALL *() **{}
2024-06-10 18:38:28,620	TRACE	evk.IxanaEVK.field_rd	CALL *(<FIELD_NAME.MODE: 3>,) **{}
2024-06-10 18:38:28,620	TRACE	evk.IxanaEVK._write	CALL *(bytearray(b'\x00\x03\x00'),) **{}
2024-06-10 18:38:28,647	TRACE	evk.IxanaEVK._write	RETURN None
2024-06-10 18:38:28,649	TRACE	evk.IxanaEVK._read	CALL *(4,) **{}
2024-06-10 18:38:28,649	TRACE	evk.IxanaEVK._read	RETURN bytearray(b'\x02\x03\x00\x00')
2024-06-10 18:38:28,649	TRACE	evk.IxanaEVK._read	CALL *(1,) **{}
2024-06-10 18:38:28,649	TRACE	evk.IxanaEVK._read	RETURN bytearray(b'\x00')
2024-06-10 18:38:28,649	TRACE	evk.IxanaEVK.field_rd	RETURN bytearray(b'\x00')
2024-06-10 18:38:28,649	TRACE	evk.IxanaEVK.mode_rd	RETURN <MODE.NONE: 0>
2024-06-10 18:38:28,649	TRACE	evk.IxanaEVK.mode_wrrd	RETURN None
2024-06-10 18:38:28,649	TRACE	evk.IxanaEVK.field_wrrd	CALL *(<FIELD_NAME.MODE_STATS_TX: 4>, bytearray(b'\x00 ')) **{}
2024-06-10 18:38:28,649	TRACE	evk.IxanaEVK.field_wr	CALL *(<FIELD_NAME.MODE_STATS_TX: 4>, bytearray(b'\x00 ')) **{}
2024-06-10 18:38:28,649	TRACE	evk.IxanaEVK._field_data_format	CALL *(bytearray(b'\x00 '),) **{}
2024-06-10 18:38:28,649	TRACE	evk.IxanaEVK._field_data_format	RETURN bytearray(b'\x00 ')
2024-06-10 18:38:28,649	TRACE	evk.IxanaEVK._write	CALL *(bytearray(b'\x00\x04\x01\x00 '),) **{}
2024-06-10 18:38:28,678	TRACE	evk.IxanaEVK._write	RETURN None
2024-06-10 18:38:28,678	TRACE	evk.IxanaEVK._read	CALL *(4,) **{}
2024-06-10 18:38:28,678	TRACE	evk.IxanaEVK._read	RETURN bytearray(b'\x02\x04\x01\x00')
2024-06-10 18:38:28,678	TRACE	evk.IxanaEVK.field_wr	RETURN None
2024-06-10 18:38:28,678	TRACE	evk.IxanaEVK._field_data_format	CALL *(bytearray(b'\x00 '),) **{}
2024-06-10 18:38:28,678	TRACE	evk.IxanaEVK._field_data_format	RETURN bytearray(b'\x00 ')
2024-06-10 18:38:28,678	TRACE	evk.IxanaEVK.field_rd	CALL *(<FIELD_NAME.MODE_STATS_TX: 4>,) **{}
2024-06-10 18:38:28,679	TRACE	evk.IxanaEVK._write	CALL *(bytearray(b'\x00\x04\x00'),) **{}
2024-06-10 18:38:28,708	TRACE	evk.IxanaEVK._write	RETURN None
2024-06-10 18:38:28,708	TRACE	evk.IxanaEVK._read	CALL *(4,) **{}
2024-06-10 18:38:28,724	TRACE	evk.IxanaEVK._read	RETURN bytearray(b'\x02\x04\x00\x00')
2024-06-10 18:38:28,724	TRACE	evk.IxanaEVK._read	CALL *(2,) **{}
2024-06-10 18:38:28,724	TRACE	evk.IxanaEVK._read	RETURN bytearray(b'\x00 ')
2024-06-10 18:38:28,724	TRACE	evk.IxanaEVK.field_rd	RETURN bytearray(b'\x00 ')
2024-06-10 18:38:28,724	TRACE	evk.IxanaEVK.field_wrrd	RETURN None
2024-06-10 18:38:28,724	TRACE	evk.IxanaEVK.mode_wrrd	CALL *(<MODE.STATS_TX: 1>,) **{}
2024-06-10 18:38:28,724	TRACE	evk.IxanaEVK.mode_wr	CALL *(<MODE.STATS_TX: 1>,) **{}
2024-06-10 18:38:28,724	TRACE	evk.IxanaEVK.field_wr	CALL *(<FIELD_NAME.MODE: 3>, <MODE.STATS_TX: 1>) **{}
2024-06-10 18:38:28,724	TRACE	evk.IxanaEVK._field_data_format	CALL *(<MODE.STATS_TX: 1>,) **{}
2024-06-10 18:38:28,724	TRACE	evk.IxanaEVK._field_data_format	RETURN b'\x01'
2024-06-10 18:38:28,724	TRACE	evk.IxanaEVK._write	CALL *(bytearray(b'\x00\x03\x01\x01'),) **{}
2024-06-10 18:38:28,752	TRACE	evk.IxanaEVK._write	RETURN None
2024-06-10 18:38:28,752	TRACE	evk.IxanaEVK._read	CALL *(4,) **{}
2024-06-10 18:38:29,098	TRACE	evk.IxanaEVK._read	RETURN bytearray(b'\x02\x03\x01\x00')
2024-06-10 18:38:29,098	TRACE	evk.IxanaEVK.field_wr	RETURN None
2024-06-10 18:38:29,098	TRACE	evk.IxanaEVK.mode_wr	RETURN None
2024-06-10 18:38:29,098	TRACE	evk.IxanaEVK.mode_rd	CALL *() **{}
2024-06-10 18:38:29,098	TRACE	evk.IxanaEVK.field_rd	CALL *(<FIELD_NAME.MODE: 3>,) **{}
2024-06-10 18:38:29,098	TRACE	evk.IxanaEVK._write	CALL *(bytearray(b'\x00\x03\x00'),) **{}
2024-06-10 18:38:29,143	TRACE	evk.IxanaEVK._write	RETURN None
2024-06-10 18:38:29,143	TRACE	evk.IxanaEVK._read	CALL *(4,) **{}
2024-06-10 18:38:29,143	TRACE	evk.IxanaEVK._read	RETURN bytearray(b'\x02\x03\x00\x00')
2024-06-10 18:38:29,143	TRACE	evk.IxanaEVK._read	CALL *(1,) **{}
2024-06-10 18:38:29,143	TRACE	evk.IxanaEVK._read	RETURN bytearray(b'\x01')
2024-06-10 18:38:29,143	TRACE	evk.IxanaEVK.field_rd	RETURN bytearray(b'\x01')
2024-06-10 18:38:29,143	TRACE	evk.IxanaEVK.mode_rd	RETURN <MODE.STATS_TX: 1>
2024-06-10 18:38:29,143	TRACE	evk.IxanaEVK.mode_wrrd	RETURN None
2024-06-10 18:38:29,143	TRACE	evk.IxanaEVK.check_ic_status	CALL *() **{}
2024-06-10 18:38:29,143	TRACE	evk.IxanaEVK.icstatus_rd	CALL *() **{}
2024-06-10 18:38:29,143	TRACE	evk.IxanaEVK.field_rd	CALL *(<FIELD_NAME.ICSTATUS: 2>,) **{}
2024-06-10 18:38:29,143	TRACE	evk.IxanaEVK._write	CALL *(bytearray(b'\x00\x02\x00'),) **{}
2024-06-10 18:38:29,212	TRACE	evk.IxanaEVK._write	RETURN None
2024-06-10 18:38:29,212	TRACE	evk.IxanaEVK._read	CALL *(4,) **{}
2024-06-10 18:38:29,212	TRACE	evk.IxanaEVK._read	RETURN bytearray(b'\x02\x02\x00\x00')
2024-06-10 18:38:29,212	TRACE	evk.IxanaEVK._read	CALL *(1,) **{}
2024-06-10 18:38:29,212	TRACE	evk.IxanaEVK._read	RETURN bytearray(b'\x05')
2024-06-10 18:38:29,212	TRACE	evk.IxanaEVK.field_rd	RETURN bytearray(b'\x05')
2024-06-10 18:38:29,212	TRACE	evk.IxanaEVK.icstatus_rd	RETURN <IC_STATUS.SUCCESS: 5>
2024-06-10 18:38:29,212	TRACE	evk.IxanaEVK.check_ic_status	RETURN None
2024-06-10 18:38:29,212	TRACE	evk.IxanaEVK.data_enable	CALL *(True,) **{}
2024-06-10 18:38:29,212	TRACE	evk.IxanaEVK._write	CALL *(bytearray(b'\x04\x01'),) **{}
2024-06-10 18:38:29,256	TRACE	evk.IxanaEVK._write	RETURN None
2024-06-10 18:38:29,256	TRACE	evk.IxanaEVK.data_enable	RETURN None
2024-06-10 18:38:29,256	TRACE	evk.IxanaEVK.mode_start	RETURN None
2024-06-10 18:38:29,366	DEBUG	bleak.backends.winrt.client.disconnect	Disconnecting from BLE device...
2024-06-10 18:38:32,576	DEBUG	bleak.backends.winrt.client.max_pdu_size_changed_handler	max_pdu_size_changed_handler: 23
2024-06-10 18:38:32,576	DEBUG	bleak.backends.winrt.client.session_status_changed_event_handler	session_status_changed_event_handler: id: BluetoothLE#BluetoothLEe8:48:b8:c8:20:00-68:03:e8:3f:09:02, error: <BluetoothError.SUCCESS: 0>, status: <GattSessionStatus.CLOSED: 0>
2024-06-10 18:38:32,576	DEBUG	bleak.backends.winrt.client.handle_disconnect	closing requester
2024-06-10 18:38:32,576	DEBUG	bleak.backends.winrt.client.handle_disconnect	closing session
