2024-06-10 14:44:57,836	TRACE	evk.IxanaEVK.__init__	CALL *('68:05:16:46:BF:24',) **{}
2024-06-10 14:44:57,836	DEBUG	asyncio.__init__	Using proactor: IocpProactor
2024-06-10 14:44:57,997	DEBUG	bleak.backends.winrt.scanner._received_handler	Received 68:02:15:5A:DB:AC: .
2024-06-10 14:44:58,001	DEBUG	bleak.backends.winrt.scanner._received_handler	Received 68:02:15:5A:DB:AC: Amdtp.
2024-06-10 14:44:58,114	DEBUG	bleak.backends.winrt.scanner._received_handler	Received 68:03:71:74:E0:2A: .
2024-06-10 14:44:58,115	DEBUG	bleak.backends.winrt.scanner._received_handler	Received 68:03:71:74:E0:2A: Amdtp.
2024-06-10 14:44:58,119	DEBUG	bleak.backends.winrt.scanner._received_handler	Received 5C:38:07:05:A8:58: .
2024-06-10 14:44:58,123	DEBUG	bleak.backends.winrt.scanner._received_handler	Received 68:03:E8:3F:09:02: .
2024-06-10 14:44:58,230	DEBUG	bleak.backends.winrt.scanner._received_handler	Received 68:03:E8:3F:09:02: .
2024-06-10 14:44:58,231	DEBUG	bleak.backends.winrt.scanner._received_handler	Received 68:03:E8:3F:09:02: Ixana YR22 EVK.
2024-06-10 14:44:58,232	DEBUG	bleak.backends.winrt.scanner._received_handler	Received 24:10:7D:44:6D:85: .
2024-06-10 14:44:58,235	DEBUG	bleak.backends.winrt.scanner._received_handler	Received 30:29:7C:13:D2:91: .
2024-06-10 14:44:58,353	DEBUG	bleak.backends.winrt.scanner._received_handler	Received 68:08:FC:E1:F4:00: .
2024-06-10 14:44:58,354	DEBUG	bleak.backends.winrt.scanner._received_handler	Received 68:08:FC:E1:F4:00: Amdtp.
2024-06-10 14:44:58,361	DEBUG	bleak.backends.winrt.scanner._received_handler	Received 22:5F:B1:BE:8A:FD: .
2024-06-10 14:44:58,364	DEBUG	bleak.backends.winrt.scanner._received_handler	Received 08:FF:82:A4:A1:14: .
2024-06-10 14:44:58,472	DEBUG	bleak.backends.winrt.scanner._received_handler	Received 08:FF:82:A4:A1:14: .
2024-06-10 14:44:58,474	DEBUG	bleak.backends.winrt.scanner._received_handler	Received 2A:8F:19:41:05:D1: .
2024-06-10 14:44:58,583	DEBUG	bleak.backends.winrt.scanner._received_handler	Received 2A:8F:19:41:05:D1: .
2024-06-10 14:44:58,592	DEBUG	bleak.backends.winrt.scanner._received_handler	Received 29:54:9C:E6:83:E4: .
2024-06-10 14:44:58,702	DEBUG	bleak.backends.winrt.scanner._received_handler	Received 32:E6:85:09:BB:58: .
2024-06-10 14:44:58,705	DEBUG	bleak.backends.winrt.scanner._received_handler	Received 32:E6:85:09:BB:58: .
2024-06-10 14:44:58,708	DEBUG	bleak.backends.winrt.scanner._received_handler	Received 4B:EF:CE:82:82:9E: .
2024-06-10 14:44:58,710	DEBUG	bleak.backends.winrt.scanner._received_handler	Received 4B:EF:CE:82:82:9E: .
2024-06-10 14:44:58,833	DEBUG	bleak.backends.winrt.scanner._received_handler	Received D4:B0:3D:5D:13:47: .
2024-06-10 14:44:58,942	DEBUG	bleak.backends.winrt.scanner._received_handler	Received 68:03:71:74:E0:2A: .
2024-06-10 14:44:58,944	DEBUG	bleak.backends.winrt.scanner._received_handler	Received 68:03:71:74:E0:2A: Amdtp.
2024-06-10 14:44:58,946	DEBUG	bleak.backends.winrt.scanner._received_handler	Received 44:D5:E5:DD:27:3C: .
2024-06-10 14:44:58,947	DEBUG	bleak.backends.winrt.scanner._received_handler	Received 4B:EF:CE:82:82:9E: LE_WH-1000XM5.
2024-06-10 14:44:58,949	DEBUG	bleak.backends.winrt.scanner._received_handler	Received 4B:EF:CE:82:82:9E: .
2024-06-10 14:44:59,296	DEBUG	bleak.backends.winrt.scanner._received_handler	Received 22:5F:B1:BE:8A:FD: .
2024-06-10 14:44:59,302	DEBUG	bleak.backends.winrt.scanner._received_handler	Received 4A:9E:BD:5F:4C:2B: .
2024-06-10 14:44:59,305	DEBUG	bleak.backends.winrt.scanner._received_handler	Received 4A:9E:BD:5F:4C:2B: .
2024-06-10 14:44:59,308	DEBUG	bleak.backends.winrt.scanner._received_handler	Received 74:14:73:B7:07:36: .
2024-06-10 14:44:59,309	DEBUG	bleak.backends.winrt.scanner._received_handler	Received 74:14:73:B7:07:36: .
2024-06-10 14:44:59,419	DEBUG	bleak.backends.winrt.scanner._received_handler	Received 2A:8F:19:41:05:D1: .
2024-06-10 14:44:59,421	DEBUG	bleak.backends.winrt.scanner._received_handler	Received 08:FF:82:A4:A1:14: .
2024-06-10 14:44:59,648	DEBUG	bleak.backends.winrt.scanner._received_handler	Received 4B:EF:CE:82:82:9E: .
2024-06-10 14:44:59,649	DEBUG	bleak.backends.winrt.scanner._received_handler	Received 4B:EF:CE:82:82:9E: .
2024-06-10 14:44:59,770	DEBUG	bleak.backends.winrt.scanner._received_handler	Received 4B:EF:CE:82:82:9E: LE_WH-1000XM5.
2024-06-10 14:44:59,771	DEBUG	bleak.backends.winrt.scanner._received_handler	Received 4B:EF:CE:82:82:9E: .
2024-06-10 14:44:59,774	DEBUG	bleak.backends.winrt.scanner._received_handler	Received 26:A7:46:D0:3A:F6: .
2024-06-10 14:44:59,776	DEBUG	bleak.backends.winrt.scanner._received_handler	Received 3C:BC:51:D5:C6:78: .
2024-06-10 14:44:59,780	DEBUG	bleak.backends.winrt.scanner._received_handler	Received 68:03:71:74:E0:2A: .
2024-06-10 14:44:59,782	DEBUG	bleak.backends.winrt.scanner._received_handler	Received 68:03:71:74:E0:2A: Amdtp.
2024-06-10 14:44:59,887	DEBUG	bleak.backends.winrt.scanner._received_handler	Received 68:03:71:74:E0:2A: .
2024-06-10 14:44:59,888	DEBUG	bleak.backends.winrt.scanner._received_handler	Received 68:03:71:74:E0:2A: Amdtp.
2024-06-10 14:44:59,896	DEBUG	bleak.backends.winrt.scanner._received_handler	Received 68:03:E8:3F:09:02: .
2024-06-10 14:44:59,898	DEBUG	bleak.backends.winrt.scanner._received_handler	Received 68:03:E8:3F:09:02: Ixana YR22 EVK.
2024-06-10 14:45:00,001	DEBUG	bleak.backends.winrt.scanner._received_handler	Received 3D:AE:DC:2B:D0:6E: .
2024-06-10 14:45:00,005	DEBUG	bleak.backends.winrt.scanner._received_handler	Received 68:03:E8:3F:09:02: .
2024-06-10 14:45:00,006	DEBUG	bleak.backends.winrt.scanner._received_handler	Received 68:03:E8:3F:09:02: Ixana YR22 EVK.
2024-06-10 14:45:00,007	DEBUG	bleak.backends.winrt.scanner._received_handler	Received 03:3F:96:59:DF:EA: .
2024-06-10 14:45:00,012	DEBUG	bleak.backends.winrt.scanner._received_handler	Received 68:07:2E:5B:6F:67: .
2024-06-10 14:45:00,013	DEBUG	bleak.backends.winrt.scanner._received_handler	Received 68:07:2E:5B:6F:67: Amdtp.
2024-06-10 14:45:00,016	DEBUG	bleak.backends.winrt.scanner._received_handler	Received 30:29:7C:13:D2:91: .
2024-06-10 14:45:00,120	DEBUG	bleak.backends.winrt.scanner._received_handler	Received 22:5F:B1:BE:8A:FD: .
2024-06-10 14:45:00,239	DEBUG	bleak.backends.winrt.scanner._received_handler	Received 68:08:FC:E1:F4:00: .
2024-06-10 14:45:00,240	DEBUG	bleak.backends.winrt.scanner._received_handler	Received 68:08:FC:E1:F4:00: Amdtp.
2024-06-10 14:45:00,372	DEBUG	bleak.backends.winrt.scanner._received_handler	Received 42:36:77:94:0E:B2: .
2024-06-10 14:45:00,479	DEBUG	bleak.backends.winrt.scanner._received_handler	Received 74:14:73:B7:07:36: .
2024-06-10 14:45:00,712	DEBUG	bleak.backends.winrt.scanner._received_handler	Received 06:FD:C4:F3:DA:B6: .
2024-06-10 14:45:00,716	DEBUG	bleak.backends.winrt.scanner._received_handler	Received 68:02:15:5A:DB:AC: .
2024-06-10 14:45:00,717	DEBUG	bleak.backends.winrt.scanner._received_handler	Received 26:A7:46:D0:3A:F6: .
2024-06-10 14:45:00,721	DEBUG	bleak.backends.winrt.scanner._received_handler	Received 25:6E:CD:13:FC:4B: .
2024-06-10 14:45:00,722	DEBUG	bleak.backends.winrt.scanner._received_handler	Received 08:FF:82:A4:A1:14: .
2024-06-10 14:45:00,726	DEBUG	bleak.backends.winrt.scanner._received_handler	Received 4B:EF:CE:82:82:9E: LE_WH-1000XM5.
2024-06-10 14:45:00,832	DEBUG	bleak.backends.winrt.scanner._received_handler	Received 3C:BC:51:D5:C6:78: .
2024-06-10 14:45:00,951	DEBUG	bleak.backends.winrt.scanner._received_handler	Received 22:5F:B1:BE:8A:FD: .
2024-06-10 14:45:01,183	DEBUG	bleak.backends.winrt.scanner._received_handler	Received 2A:8F:19:41:05:D1: .
2024-06-10 14:45:01,188	DEBUG	bleak.backends.winrt.scanner._received_handler	Received 68:08:FC:E1:F4:00: .
2024-06-10 14:45:01,189	DEBUG	bleak.backends.winrt.scanner._received_handler	Received 68:08:FC:E1:F4:00: Amdtp.
2024-06-10 14:45:01,313	DEBUG	bleak.backends.winrt.scanner._received_handler	Received 76:1B:4A:69:D2:F0: .
2024-06-10 14:45:01,426	DEBUG	bleak.backends.winrt.scanner._received_handler	Received C5:61:DD:06:A1:8B: .
2024-06-10 14:45:01,429	DEBUG	bleak.backends.winrt.scanner._received_handler	Received 4B:EF:CE:82:82:9E: LE_WH-1000XM5.
2024-06-10 14:45:01,430	DEBUG	bleak.backends.winrt.scanner._received_handler	Received 4B:EF:CE:82:82:9E: .
2024-06-10 14:45:01,539	DEBUG	bleak.backends.winrt.scanner._received_handler	Received 12:5F:54:0B:91:F0: .
2024-06-10 14:45:01,670	DEBUG	bleak.backends.winrt.scanner._received_handler	Received 68:03:71:74:E0:2A: .
2024-06-10 14:45:01,671	DEBUG	bleak.backends.winrt.scanner._received_handler	Received 68:03:71:74:E0:2A: Amdtp.
2024-06-10 14:45:01,674	DEBUG	bleak.backends.winrt.scanner._received_handler	Received 68:02:15:5A:DB:AC: .
2024-06-10 14:45:01,675	DEBUG	bleak.backends.winrt.scanner._received_handler	Received 68:02:15:5A:DB:AC: Amdtp.
2024-06-10 14:45:01,772	DEBUG	bleak.backends.winrt.scanner._received_handler	Received 26:A7:46:D0:3A:F6: .
2024-06-10 14:45:01,775	DEBUG	bleak.backends.winrt.scanner._received_handler	Received 68:03:71:74:E0:2A: .
2024-06-10 14:45:01,777	DEBUG	bleak.backends.winrt.scanner._received_handler	Received 68:03:71:74:E0:2A: Amdtp.
2024-06-10 14:45:01,894	DEBUG	bleak.backends.winrt.scanner._received_handler	Received 68:03:E8:3F:09:02: .
2024-06-10 14:45:01,895	DEBUG	bleak.backends.winrt.scanner._received_handler	Received 68:03:E8:3F:09:02: Ixana YR22 EVK.
2024-06-10 14:45:02,248	DEBUG	bleak.backends.winrt.scanner._received_handler	Received 44:D5:E5:DD:27:3C: .
2024-06-10 14:45:02,249	DEBUG	bleak.backends.winrt.scanner._received_handler	Received 44:D5:E5:DD:27:3C: .
2024-06-10 14:45:02,261	DEBUG	bleak.backends.winrt.scanner._received_handler	Received 4B:EF:CE:82:82:9E: .
2024-06-10 14:45:02,262	DEBUG	bleak.backends.winrt.scanner._received_handler	Received 4B:EF:CE:82:82:9E: .
2024-06-10 14:45:02,368	DEBUG	bleak.backends.winrt.scanner._received_handler	Received 4B:EF:CE:82:82:9E: LE_WH-1000XM5.
2024-06-10 14:45:02,369	DEBUG	bleak.backends.winrt.scanner._received_handler	Received 4B:EF:CE:82:82:9E: .
2024-06-10 14:45:02,486	DEBUG	bleak.backends.winrt.scanner._received_handler	Received E6:2D:B4:8B:D1:FE: .
2024-06-10 14:45:02,487	DEBUG	bleak.backends.winrt.scanner._received_handler	Received E6:2D:B4:8B:D1:FE: .
2024-06-10 14:45:02,602	DEBUG	bleak.backends.winrt.scanner._received_handler	Received 4B:EF:CE:82:82:9E: .
2024-06-10 14:45:02,604	DEBUG	bleak.backends.winrt.scanner._received_handler	Received 4B:EF:CE:82:82:9E: LE_WH-1000XM5.
2024-06-10 14:45:02,605	DEBUG	bleak.backends.winrt.scanner._received_handler	Received 26:A7:46:D0:3A:F6: .
2024-06-10 14:45:02,607	DEBUG	bleak.backends.winrt.scanner._received_handler	Received 06:93:A5:42:C8:E2: .
2024-06-10 14:45:02,610	DEBUG	bleak.backends.winrt.scanner._received_handler	Received 06:93:A5:42:C8:E2: .
2024-06-10 14:45:02,613	DEBUG	bleak.backends.winrt.scanner._received_handler	Received 3C:BC:51:D5:C6:78: .
2024-06-10 14:45:02,717	DEBUG	bleak.backends.winrt.scanner._received_handler	Received 22:5F:B1:BE:8A:FD: .
2024-06-10 14:45:02,840	DEBUG	bleak.backends.winrt.scanner._received_handler	Received 30:29:7C:13:D2:91: .
2024-06-10 14:45:03,073	DEBUG	bleak.backends.winrt.scanner._received_handler	Received 08:FF:82:A4:A1:14: .
2024-06-10 14:45:03,084	DEBUG	bleak.backends.winrt.scanner._received_handler	Received 60:12:86:7C:AD:5F: .
2024-06-10 14:45:03,191	DEBUG	bleak.backends.winrt.scanner._received_handler	Received 2A:8F:19:41:05:D1: .
2024-06-10 14:45:03,192	DEBUG	bleak.backends.winrt.scanner._received_handler	Received 29:54:9C:E6:83:E4: .
2024-06-10 14:45:03,193	DEBUG	bleak.backends.winrt.scanner._received_handler	Received 29:54:9C:E6:83:E4: .
2024-06-10 14:45:03,198	DEBUG	bleak.backends.winrt.scanner._received_handler	Received 68:08:FC:E1:F4:00: .
2024-06-10 14:45:03,199	DEBUG	bleak.backends.winrt.scanner._received_handler	Received 68:08:FC:E1:F4:00: Amdtp.
2024-06-10 14:45:03,202	DEBUG	bleak.backends.winrt.scanner._received_handler	Received F8:77:B8:FF:80:9D: .
2024-06-10 14:45:03,205	DEBUG	bleak.backends.winrt.scanner._received_handler	Received 08:9F:78:57:20:A1: .
2024-06-10 14:45:03,309	DEBUG	bleak.backends.winrt.scanner._received_handler	Received 4B:EF:CE:82:82:9E: LE_WH-1000XM5.
2024-06-10 14:45:03,310	DEBUG	bleak.backends.winrt.scanner._received_handler	Received 4B:EF:CE:82:82:9E: .
2024-06-10 14:45:03,543	DEBUG	bleak.backends.winrt.scanner._received_handler	Received 38:01:95:99:1C:66: .
2024-06-10 14:45:03,560	DEBUG	bleak.backends.winrt.scanner._received_handler	Received 26:A7:46:D0:3A:F6: .
2024-06-10 14:45:03,562	DEBUG	bleak.backends.winrt.scanner._received_handler	Received 3D:AE:DC:2B:D0:6E: .
2024-06-10 14:45:03,565	DEBUG	bleak.backends.winrt.scanner._received_handler	Received 03:3F:96:59:DF:EA: .
2024-06-10 14:45:03,663	DEBUG	bleak.backends.winrt.scanner._received_handler	Received 24:10:7D:44:6D:85: .
2024-06-10 14:45:03,665	DEBUG	bleak.backends.winrt.scanner._received_handler	Received 24:10:7D:44:6D:85: .
2024-06-10 14:45:03,670	DEBUG	bleak.backends.winrt.scanner._received_handler	Received 68:03:E8:3F:09:02: .
2024-06-10 14:45:03,671	DEBUG	bleak.backends.winrt.scanner._received_handler	Received 68:03:E8:3F:09:02: Ixana YR22 EVK.
2024-06-10 14:45:03,676	DEBUG	bleak.backends.winrt.scanner._received_handler	Received 06:FD:C4:F3:DA:B6: .
2024-06-10 14:45:03,787	DEBUG	bleak.backends.winrt.scanner._received_handler	Received 74:14:73:B7:07:36: .
2024-06-10 14:45:03,901	DEBUG	bleak.backends.winrt.scanner._received_handler	Received 44:D5:E5:DD:27:3C: .
2024-06-10 14:45:03,901	DEBUG	bleak.backends.winrt.scanner._received_handler	Received 44:D5:E5:DD:27:3C: .
2024-06-10 14:45:04,031	DEBUG	bleak.backends.winrt.scanner._received_handler	Received 4B:EF:CE:82:82:9E: LE_WH-1000XM5.
2024-06-10 14:45:04,032	DEBUG	bleak.backends.winrt.scanner._received_handler	Received 4B:EF:CE:82:82:9E: .
2024-06-10 14:45:04,139	DEBUG	bleak.backends.winrt.scanner._received_handler	Received 2A:8F:19:41:05:D1: .
2024-06-10 14:45:04,143	DEBUG	bleak.backends.winrt.scanner._received_handler	Received 08:FF:82:A4:A1:14: .
2024-06-10 14:45:04,266	DEBUG	bleak.backends.winrt.scanner._received_handler	Received F8:77:B8:FF:80:9D: .
2024-06-10 14:45:04,507	DEBUG	bleak.backends.winrt.scanner._received_handler	Received 68:03:E8:3F:09:02: .
2024-06-10 14:45:04,608	DEBUG	bleak.backends.winrt.scanner._received_handler	Received 06:93:A5:42:C8:E2: .
2024-06-10 14:45:04,610	DEBUG	bleak.backends.winrt.scanner._received_handler	Received 06:93:A5:42:C8:E2: .
2024-06-10 14:45:04,614	DEBUG	bleak.backends.winrt.scanner._received_handler	Received 68:03:E8:3F:09:02: .
2024-06-10 14:45:04,616	DEBUG	bleak.backends.winrt.scanner._received_handler	Received 68:03:E8:3F:09:02: Ixana YR22 EVK.
2024-06-10 14:45:04,618	DEBUG	bleak.backends.winrt.scanner._received_handler	Received 26:A7:46:D0:3A:F6: .
2024-06-10 14:45:04,619	DEBUG	bleak.backends.winrt.scanner._received_handler	Received 29:54:9C:E6:83:E4: .
2024-06-10 14:45:04,623	DEBUG	bleak.backends.winrt.scanner._received_handler	Received 68:02:15:5A:DB:AC: .
2024-06-10 14:45:04,624	DEBUG	bleak.backends.winrt.scanner._received_handler	Received 68:02:15:5A:DB:AC: Amdtp.
2024-06-10 14:45:04,726	DEBUG	bleak.backends.winrt.scanner._received_handler	Received 06:FD:C4:F3:DA:B6: .
2024-06-10 14:45:04,729	DEBUG	bleak.backends.winrt.scanner._received_handler	Received 68:02:15:5A:DB:AC: .
2024-06-10 14:45:04,731	DEBUG	bleak.backends.winrt.scanner._received_handler	Received 68:02:15:5A:DB:AC: Amdtp.
2024-06-10 14:45:04,733	DEBUG	bleak.backends.winrt.scanner._received_handler	Received 22:5F:B1:BE:8A:FD: .
2024-06-10 14:45:04,737	DEBUG	bleak.backends.winrt.scanner._received_handler	Received 4B:EF:CE:82:82:9E: .
2024-06-10 14:45:04,739	DEBUG	bleak.backends.winrt.scanner._received_handler	Received 4B:EF:CE:82:82:9E: .
2024-06-10 14:45:04,974	DEBUG	bleak.backends.winrt.scanner._received_handler	Received 12:5F:54:0B:91:F0: .
2024-06-10 14:45:04,977	DEBUG	bleak.backends.winrt.scanner._received_handler	Received 12:5F:54:0B:91:F0: .
2024-06-10 14:45:04,979	DEBUG	bleak.backends.winrt.scanner._received_handler	Received 08:FF:82:A4:A1:14: .
2024-06-10 14:45:05,081	DEBUG	bleak.backends.winrt.scanner._received_handler	Received 4B:EF:CE:82:82:9E: LE_WH-1000XM5.
2024-06-10 14:45:05,082	DEBUG	bleak.backends.winrt.scanner._received_handler	Received 4B:EF:CE:82:82:9E: .
2024-06-10 14:45:05,096	DEBUG	bleak.backends.winrt.scanner._received_handler	Received 25:6E:CD:13:FC:4B: .
2024-06-10 14:45:05,097	DEBUG	bleak.backends.winrt.scanner._received_handler	Received 24:10:7D:44:6D:85: .
2024-06-10 14:45:05,101	DEBUG	bleak.backends.winrt.scanner._received_handler	Received 24:10:7D:44:6D:85: .
2024-06-10 14:45:05,334	DEBUG	bleak.backends.winrt.scanner._received_handler	Received 42:36:77:94:0E:B2: .
2024-06-10 14:45:05,444	DEBUG	bleak.backends.winrt.scanner._received_handler	Received 68:03:E8:3F:09:02: .
2024-06-10 14:45:05,446	DEBUG	bleak.backends.winrt.scanner._received_handler	Received 68:03:E8:3F:09:02: Ixana YR22 EVK.
2024-06-10 14:45:05,448	DEBUG	bleak.backends.winrt.scanner._received_handler	Received 3C:BC:51:D5:C6:78: .
2024-06-10 14:45:05,450	DEBUG	bleak.backends.winrt.scanner._received_handler	Received 30:29:7C:13:D2:91: .
2024-06-10 14:45:05,564	DEBUG	bleak.backends.winrt.scanner._received_handler	Received 68:02:15:5A:DB:AC: .
2024-06-10 14:45:05,565	DEBUG	bleak.backends.winrt.scanner._received_handler	Received 68:02:15:5A:DB:AC: Amdtp.
2024-06-10 14:45:05,567	DEBUG	bleak.backends.winrt.scanner._received_handler	Received 22:5F:B1:BE:8A:FD: .
2024-06-10 14:45:05,672	DEBUG	bleak.backends.winrt.scanner._received_handler	Received 22:5F:B1:BE:8A:FD: .
2024-06-10 14:45:05,674	DEBUG	bleak.backends.winrt.scanner._received_handler	Received 68:02:15:5A:DB:AC: .
2024-06-10 14:45:05,676	DEBUG	bleak.backends.winrt.scanner._received_handler	Received 68:02:15:5A:DB:AC: Amdtp.
2024-06-10 14:45:05,678	DEBUG	bleak.backends.winrt.scanner._received_handler	Received 26:A7:46:D0:3A:F6: .
2024-06-10 14:45:05,682	DEBUG	bleak.backends.winrt.scanner._received_handler	Received 68:03:71:74:E0:2A: .
2024-06-10 14:45:05,682	DEBUG	bleak.backends.winrt.scanner._received_handler	Received 68:03:71:74:E0:2A: Amdtp.
2024-06-10 14:45:06,025	DEBUG	bleak.backends.winrt.scanner._received_handler	Received 68:08:FC:E1:F4:00: .
2024-06-10 14:45:06,027	DEBUG	bleak.backends.winrt.scanner._received_handler	Received 68:08:FC:E1:F4:00: Amdtp.
2024-06-10 14:45:06,038	DEBUG	bleak.backends.winrt.scanner._received_handler	Received 08:FF:82:A4:A1:14: .
2024-06-10 14:45:06,394	DEBUG	bleak.backends.winrt.scanner._received_handler	Received F8:77:B8:FF:80:9D: .
2024-06-10 14:45:06,498	DEBUG	bleak.backends.winrt.scanner._received_handler	Received 3C:BC:51:D5:C6:78: .
2024-06-10 14:45:06,500	DEBUG	bleak.backends.winrt.scanner._received_handler	Received 30:29:7C:13:D2:91: .
2024-06-10 14:45:06,504	DEBUG	bleak.backends.winrt.scanner._received_handler	Received 22:5F:B1:BE:8A:FD: .
2024-06-10 14:45:06,512	DEBUG	bleak.backends.winrt.scanner._received_handler	Received 68:02:15:5A:DB:AC: .
2024-06-10 14:45:06,513	DEBUG	bleak.backends.winrt.scanner._received_handler	Received 68:02:15:5A:DB:AC: Amdtp.
2024-06-10 14:45:06,516	DEBUG	bleak.backends.winrt.scanner._received_handler	Received 76:1B:4A:69:D2:F0: .
2024-06-10 14:45:06,517	DEBUG	bleak.backends.winrt.scanner._received_handler	Received 76:1B:4A:69:D2:F0: .
2024-06-10 14:45:06,622	DEBUG	bleak.backends.winrt.scanner._received_handler	Received 68:02:15:5A:DB:AC: .
2024-06-10 14:45:06,623	DEBUG	bleak.backends.winrt.scanner._received_handler	Received 68:02:15:5A:DB:AC: Amdtp.
2024-06-10 14:45:06,627	DEBUG	bleak.backends.winrt.scanner._received_handler	Received 68:03:71:74:E0:2A: .
2024-06-10 14:45:06,628	DEBUG	bleak.backends.winrt.scanner._received_handler	Received 06:93:A5:42:C8:E2: .
2024-06-10 14:45:06,630	DEBUG	bleak.backends.winrt.scanner._received_handler	Received 06:93:A5:42:C8:E2: .
2024-06-10 14:45:06,735	DEBUG	bleak.backends.winrt.scanner._received_handler	Received 68:03:71:74:E0:2A: .
2024-06-10 14:45:06,736	DEBUG	bleak.backends.winrt.scanner._received_handler	Received 4B:EF:CE:82:82:9E: .
2024-06-10 14:45:07,100	DEBUG	bleak.backends.winrt.scanner._received_handler	Received 25:6E:CD:13:FC:4B: .
2024-06-10 14:45:07,101	DEBUG	bleak.backends.winrt.scanner._received_handler	Received 03:3F:96:59:DF:EA: .
2024-06-10 14:45:07,104	DEBUG	bleak.backends.winrt.scanner._received_handler	Received 24:10:7D:44:6D:85: .
2024-06-10 14:45:07,335	DEBUG	bleak.backends.winrt.scanner._received_handler	Received 68:03:E8:3F:09:02: .
2024-06-10 14:45:07,336	DEBUG	bleak.backends.winrt.scanner._received_handler	Received 68:03:E8:3F:09:02: Ixana YR22 EVK.
2024-06-10 14:45:07,450	DEBUG	bleak.backends.winrt.scanner._received_handler	Received 22:5F:B1:BE:8A:FD: .
2024-06-10 14:45:07,458	DEBUG	bleak.backends.winrt.scanner._received_handler	Received 30:29:7C:13:D2:91: .
2024-06-10 14:45:07,460	DEBUG	bleak.backends.winrt.scanner._received_handler	Received F8:77:B8:FF:80:9D: .
2024-06-10 14:45:07,567	DEBUG	bleak.backends.winrt.scanner._received_handler	Received 68:02:15:5A:DB:AC: .
2024-06-10 14:45:07,569	DEBUG	bleak.backends.winrt.scanner._received_handler	Received 68:02:15:5A:DB:AC: Amdtp.
2024-06-10 14:45:07,571	DEBUG	bleak.backends.winrt.scanner._received_handler	Received 26:A7:46:D0:3A:F6: .
2024-06-10 14:45:07,573	DEBUG	bleak.backends.winrt.scanner._received_handler	Received DF:27:A3:21:65:D9: .
2024-06-10 14:45:07,576	DEBUG	bleak.backends.winrt.scanner._received_handler	Received 06:FD:C4:F3:DA:B6: .
2024-06-10 14:45:07,797	DEBUG	bleak.backends.winrt.scanner._received_handler	Received 60:4F:93:7E:1D:8E: .
2024-06-10 14:45:07,798	DEBUG	bleak.backends.winrt.scanner._received_handler	Received 60:4F:93:7E:1D:8E: .
2024-06-10 14:45:07,813	DEBUG	bleak.backends.winrt.scanner._received_handler	Received 08:9F:78:57:20:A1: .
2024-06-10 14:45:07,919	DEBUG	bleak.backends.winrt.scanner._received_handler	Received F8:77:B8:FF:80:9D: .
2024-06-10 14:45:07,921	DEBUG	bleak.backends.winrt.scanner._stopped_handler	36 devices found. Watcher status: <BluetoothLEAdvertisementWatcherStatus.STOPPED: 3>.
