2024-06-10 17:25:29,088	TRACE	evk.IxanaEVK.__init__	CALL *('68:05:16:46:BF:24',) **{}
2024-06-10 17:25:29,088	DEBUG	asyncio.__init__	Using proactor: IocpProactor
2024-06-10 17:25:29,365	DEBUG	bleak.backends.winrt.scanner._received_handler	Received 68:03:E8:3F:09:02: .
2024-06-10 17:25:29,368	DEBUG	bleak.backends.winrt.scanner._received_handler	Received 68:03:E8:3F:09:02: Ixana YR22 EVK.
2024-06-10 17:25:29,475	DEBUG	bleak.backends.winrt.scanner._received_handler	Received 68:07:2E:5B:6F:67: .
2024-06-10 17:25:29,476	DEBUG	bleak.backends.winrt.scanner._received_handler	Received 68:07:2E:5B:6F:67: Amdtp.
2024-06-10 17:25:29,477	DEBUG	bleak.backends.winrt.scanner._received_handler	Received 0F:BF:FE:03:1F:1E: .
2024-06-10 17:25:29,482	DEBUG	bleak.backends.winrt.scanner._received_handler	Received 68:05:16:46:BF:24: .
2024-06-10 17:25:29,483	DEBUG	bleak.backends.winrt.scanner._received_handler	Received 68:05:16:46:BF:24: Ixana YR22 EVK.
2024-06-10 17:25:29,483	DEBUG	bleak.backends.winrt.scanner._stopped_handler	4 devices found. Watcher status: <BluetoothLEAdvertisementWatcherStatus.STOPPED: 3>.
2024-06-10 17:25:29,494	DEBUG	bleak.backends.winrt.client.connect	Connecting to BLE device @ 68:05:16:46:BF:24
2024-06-10 17:25:29,559	DEBUG	bleak.backends.winrt.client.get_services	getting services (service_cache_mode=None, cache_mode=None)...
2024-06-10 17:25:30,664	DEBUG	bleak.backends.winrt.client.connect	max_pdu_size_changed event not received, using default
2024-06-10 17:25:32,217	DEBUG	bleak.backends.winrt.client.session_status_changed_event_handler	session_status_changed_event_handler: id: BluetoothLE#BluetoothLEe8:48:b8:c8:20:00-68:05:16:46:bf:24, error: <BluetoothError.SUCCESS: 0>, status: <GattSessionStatus.ACTIVE: 1>
2024-06-10 17:25:32,245	DEBUG	bleak.backends.winrt.client.max_pdu_size_changed_handler	max_pdu_size_changed_handler: 247
2024-06-10 17:25:32,666	TRACE	evk.IxanaEVK.mode_reset	CALL *() **{}
2024-06-10 17:25:32,666	TRACE	evk.IxanaEVK._write	CALL *(bytearray(b'\x00\x03\x01\x00'),) **{}
2024-06-10 17:25:32,696	TRACE	evk.IxanaEVK._write	RETURN None
2024-06-10 17:25:33,196	TRACE	evk.IxanaEVK.data_enable	CALL *(False,) **{}
2024-06-10 17:25:33,196	TRACE	evk.IxanaEVK._write	CALL *(bytearray(b'\x04\x00'),) **{}
2024-06-10 17:25:33,220	TRACE	evk.IxanaEVK._write	RETURN None
2024-06-10 17:25:33,221	TRACE	evk.IxanaEVK.data_enable	RETURN None
2024-06-10 17:25:33,221	TRACE	evk.IxanaEVK.mode_reset	RETURN None
2024-06-10 17:25:33,221	TRACE	evk.IxanaEVK.field_rd	CALL *(<FIELD_NAME.VERSION: 0>,) **{}
2024-06-10 17:25:33,221	TRACE	evk.IxanaEVK._write	CALL *(bytearray(b'\x00\x00\x00'),) **{}
2024-06-10 17:25:33,264	TRACE	evk.IxanaEVK._write	RETURN None
2024-06-10 17:25:33,264	TRACE	evk.IxanaEVK._read	CALL *(4,) **{}
2024-06-10 17:25:33,264	TRACE	evk.IxanaEVK._read	RETURN bytearray(b'\x02\x00\x00\x00')
2024-06-10 17:25:33,264	TRACE	evk.IxanaEVK._read	CALL *(3,) **{}
2024-06-10 17:25:33,264	TRACE	evk.IxanaEVK._read	RETURN bytearray(b'\x00\x00\x01')
2024-06-10 17:25:33,264	TRACE	evk.IxanaEVK.field_rd	RETURN bytearray(b'\x00\x00\x01')
2024-06-10 17:25:33,264	TRACE	evk.IxanaEVK.field_rd	CALL *(<FIELD_NAME.BOARDID: 1>,) **{}
2024-06-10 17:25:33,264	TRACE	evk.IxanaEVK._write	CALL *(bytearray(b'\x00\x01\x00'),) **{}
2024-06-10 17:25:33,296	TRACE	evk.IxanaEVK._write	RETURN None
2024-06-10 17:25:33,296	TRACE	evk.IxanaEVK._read	CALL *(4,) **{}
2024-06-10 17:25:33,296	TRACE	evk.IxanaEVK._read	RETURN bytearray(b'\x02\x01\x00\x00')
2024-06-10 17:25:33,296	TRACE	evk.IxanaEVK._read	CALL *(16,) **{}
2024-06-10 17:25:33,296	TRACE	evk.IxanaEVK._read	RETURN bytearray(b'\x18 4\x08\x02\x05he$\xbfF\x161\xbf\x0e\x00')
2024-06-10 17:25:33,296	TRACE	evk.IxanaEVK.field_rd	RETURN bytearray(b'\x18 4\x08\x02\x05he$\xbfF\x161\xbf\x0e\x00')
2024-06-10 17:25:33,296	TRACE	evk.IxanaEVK.__init__	RETURN None
2024-06-10 17:25:33,297	TRACE	evk.IxanaEVK.mode_rd	CALL *() **{}
2024-06-10 17:25:33,297	TRACE	evk.IxanaEVK.field_rd	CALL *(<FIELD_NAME.MODE: 3>,) **{}
2024-06-10 17:25:33,297	TRACE	evk.IxanaEVK._write	CALL *(bytearray(b'\x00\x03\x00'),) **{}
2024-06-10 17:25:33,325	TRACE	evk.IxanaEVK._write	RETURN None
2024-06-10 17:25:33,325	TRACE	evk.IxanaEVK._read	CALL *(4,) **{}
2024-06-10 17:25:33,325	TRACE	evk.IxanaEVK._read	RETURN bytearray(b'\x02\x03\x00\x00')
2024-06-10 17:25:33,325	TRACE	evk.IxanaEVK._read	CALL *(1,) **{}
2024-06-10 17:25:33,325	TRACE	evk.IxanaEVK._read	RETURN bytearray(b'\x00')
2024-06-10 17:25:33,325	TRACE	evk.IxanaEVK.field_rd	RETURN bytearray(b'\x00')
2024-06-10 17:25:33,325	TRACE	evk.IxanaEVK.mode_rd	RETURN <MODE.NONE: 0>
2024-06-10 17:25:33,326	TRACE	evk.IxanaEVK.mode_start	CALL *(<MODE.STATS_RX: 2>, <FIELD_NAME.MODE_STATS_RX: 5>, FieldModeStatsRX(icsetting_bitrate=0, data_size=32, duration_us=1000000)) **{}
2024-06-10 17:25:33,327	TRACE	evk.IxanaEVK.mode_reset	CALL *() **{}
2024-06-10 17:25:33,327	TRACE	evk.IxanaEVK._write	CALL *(bytearray(b'\x00\x03\x01\x00'),) **{}
2024-06-10 17:25:33,356	TRACE	evk.IxanaEVK._write	RETURN None
2024-06-10 17:25:33,856	TRACE	evk.IxanaEVK.data_enable	CALL *(False,) **{}
2024-06-10 17:25:33,856	TRACE	evk.IxanaEVK._write	CALL *(bytearray(b'\x04\x00'),) **{}
2024-06-10 17:25:33,880	TRACE	evk.IxanaEVK._write	RETURN None
2024-06-10 17:25:33,881	TRACE	evk.IxanaEVK.data_enable	RETURN None
2024-06-10 17:25:33,881	TRACE	evk.IxanaEVK.mode_reset	RETURN None
2024-06-10 17:25:33,881	TRACE	evk.IxanaEVK.mode_wrrd	CALL *(<MODE.NONE: 0>,) **{}
2024-06-10 17:25:33,881	TRACE	evk.IxanaEVK.mode_wr	CALL *(<MODE.NONE: 0>,) **{}
2024-06-10 17:25:33,881	TRACE	evk.IxanaEVK.field_wr	CALL *(<FIELD_NAME.MODE: 3>, <MODE.NONE: 0>) **{}
2024-06-10 17:25:33,881	TRACE	evk.IxanaEVK._field_data_format	CALL *(<MODE.NONE: 0>,) **{}
2024-06-10 17:25:33,881	TRACE	evk.IxanaEVK._field_data_format	RETURN b'\x00'
2024-06-10 17:25:33,881	TRACE	evk.IxanaEVK._write	CALL *(bytearray(b'\x00\x03\x01\x00'),) **{}
2024-06-10 17:25:33,904	TRACE	evk.IxanaEVK._write	RETURN None
2024-06-10 17:25:33,904	TRACE	evk.IxanaEVK._read	CALL *(4,) **{}
2024-06-10 17:25:33,904	TRACE	evk.IxanaEVK._read	RETURN bytearray(b'\x02\x03\x01\x00')
2024-06-10 17:25:33,904	TRACE	evk.IxanaEVK.field_wr	RETURN None
2024-06-10 17:25:33,904	TRACE	evk.IxanaEVK.mode_wr	RETURN None
2024-06-10 17:25:33,904	TRACE	evk.IxanaEVK.mode_rd	CALL *() **{}
2024-06-10 17:25:33,904	TRACE	evk.IxanaEVK.field_rd	CALL *(<FIELD_NAME.MODE: 3>,) **{}
2024-06-10 17:25:33,904	TRACE	evk.IxanaEVK._write	CALL *(bytearray(b'\x00\x03\x00'),) **{}
2024-06-10 17:25:33,941	TRACE	evk.IxanaEVK._write	RETURN None
2024-06-10 17:25:33,941	TRACE	evk.IxanaEVK._read	CALL *(4,) **{}
2024-06-10 17:25:33,941	TRACE	evk.IxanaEVK._read	RETURN bytearray(b'\x02\x03\x00\x00')
2024-06-10 17:25:33,941	TRACE	evk.IxanaEVK._read	CALL *(1,) **{}
2024-06-10 17:25:33,941	TRACE	evk.IxanaEVK._read	RETURN bytearray(b'\x00')
2024-06-10 17:25:33,941	TRACE	evk.IxanaEVK.field_rd	RETURN bytearray(b'\x00')
2024-06-10 17:25:33,941	TRACE	evk.IxanaEVK.mode_rd	RETURN <MODE.NONE: 0>
2024-06-10 17:25:33,941	TRACE	evk.IxanaEVK.mode_wrrd	RETURN None
2024-06-10 17:25:33,941	TRACE	evk.IxanaEVK.field_wrrd	CALL *(<FIELD_NAME.MODE_STATS_RX: 5>, bytearray(b'\x00 @B\x0f\x00')) **{}
2024-06-10 17:25:33,941	TRACE	evk.IxanaEVK.field_wr	CALL *(<FIELD_NAME.MODE_STATS_RX: 5>, bytearray(b'\x00 @B\x0f\x00')) **{}
2024-06-10 17:25:33,941	TRACE	evk.IxanaEVK._field_data_format	CALL *(bytearray(b'\x00 @B\x0f\x00'),) **{}
2024-06-10 17:25:33,941	TRACE	evk.IxanaEVK._field_data_format	RETURN bytearray(b'\x00 @B\x0f\x00')
2024-06-10 17:25:33,941	TRACE	evk.IxanaEVK._write	CALL *(bytearray(b'\x00\x05\x01\x00 @B\x0f\x00'),) **{}
2024-06-10 17:25:33,960	TRACE	evk.IxanaEVK._write	RETURN None
2024-06-10 17:25:33,960	TRACE	evk.IxanaEVK._read	CALL *(4,) **{}
2024-06-10 17:25:33,960	TRACE	evk.IxanaEVK._read	RETURN bytearray(b'\x02\x05\x01\x00')
2024-06-10 17:25:33,960	TRACE	evk.IxanaEVK.field_wr	RETURN None
2024-06-10 17:25:33,960	TRACE	evk.IxanaEVK._field_data_format	CALL *(bytearray(b'\x00 @B\x0f\x00'),) **{}
2024-06-10 17:25:33,960	TRACE	evk.IxanaEVK._field_data_format	RETURN bytearray(b'\x00 @B\x0f\x00')
2024-06-10 17:25:33,960	TRACE	evk.IxanaEVK.field_rd	CALL *(<FIELD_NAME.MODE_STATS_RX: 5>,) **{}
2024-06-10 17:25:33,960	TRACE	evk.IxanaEVK._write	CALL *(bytearray(b'\x00\x05\x00'),) **{}
2024-06-10 17:25:34,001	TRACE	evk.IxanaEVK._write	RETURN None
2024-06-10 17:25:34,001	TRACE	evk.IxanaEVK._read	CALL *(4,) **{}
2024-06-10 17:25:34,001	TRACE	evk.IxanaEVK._read	RETURN bytearray(b'\x02\x05\x00\x00')
2024-06-10 17:25:34,001	TRACE	evk.IxanaEVK._read	CALL *(6,) **{}
2024-06-10 17:25:34,001	TRACE	evk.IxanaEVK._read	RETURN bytearray(b'\x00 @B\x0f\x00')
2024-06-10 17:25:34,001	TRACE	evk.IxanaEVK.field_rd	RETURN bytearray(b'\x00 @B\x0f\x00')
2024-06-10 17:25:34,001	TRACE	evk.IxanaEVK.field_wrrd	RETURN None
2024-06-10 17:25:34,001	TRACE	evk.IxanaEVK.mode_wrrd	CALL *(<MODE.STATS_RX: 2>,) **{}
2024-06-10 17:25:34,001	TRACE	evk.IxanaEVK.mode_wr	CALL *(<MODE.STATS_RX: 2>,) **{}
2024-06-10 17:25:34,001	TRACE	evk.IxanaEVK.field_wr	CALL *(<FIELD_NAME.MODE: 3>, <MODE.STATS_RX: 2>) **{}
2024-06-10 17:25:34,001	TRACE	evk.IxanaEVK._field_data_format	CALL *(<MODE.STATS_RX: 2>,) **{}
2024-06-10 17:25:34,001	TRACE	evk.IxanaEVK._field_data_format	RETURN b'\x02'
2024-06-10 17:25:34,001	TRACE	evk.IxanaEVK._write	CALL *(bytearray(b'\x00\x03\x01\x02'),) **{}
2024-06-10 17:25:34,023	TRACE	evk.IxanaEVK._write	RETURN None
2024-06-10 17:25:34,023	TRACE	evk.IxanaEVK._read	CALL *(4,) **{}
2024-06-10 17:25:34,374	TRACE	evk.IxanaEVK._read	RETURN bytearray(b'\x02\x03\x01\x00')
2024-06-10 17:25:34,375	TRACE	evk.IxanaEVK.field_wr	RETURN None
2024-06-10 17:25:34,375	TRACE	evk.IxanaEVK.mode_wr	RETURN None
2024-06-10 17:25:34,375	TRACE	evk.IxanaEVK.mode_rd	CALL *() **{}
2024-06-10 17:25:34,375	TRACE	evk.IxanaEVK.field_rd	CALL *(<FIELD_NAME.MODE: 3>,) **{}
2024-06-10 17:25:34,375	TRACE	evk.IxanaEVK._write	CALL *(bytearray(b'\x00\x03\x00'),) **{}
2024-06-10 17:25:34,419	TRACE	evk.IxanaEVK._write	RETURN None
2024-06-10 17:25:34,419	TRACE	evk.IxanaEVK._read	CALL *(4,) **{}
2024-06-10 17:25:34,420	TRACE	evk.IxanaEVK._read	RETURN bytearray(b'\x02\x03\x00\x00')
2024-06-10 17:25:34,420	TRACE	evk.IxanaEVK._read	CALL *(1,) **{}
2024-06-10 17:25:34,420	TRACE	evk.IxanaEVK._read	RETURN bytearray(b'\x02')
2024-06-10 17:25:34,420	TRACE	evk.IxanaEVK.field_rd	RETURN bytearray(b'\x02')
2024-06-10 17:25:34,420	TRACE	evk.IxanaEVK.mode_rd	RETURN <MODE.STATS_RX: 2>
2024-06-10 17:25:34,420	TRACE	evk.IxanaEVK.mode_wrrd	RETURN None
2024-06-10 17:25:34,420	TRACE	evk.IxanaEVK.check_ic_status	CALL *() **{}
2024-06-10 17:25:34,420	TRACE	evk.IxanaEVK.icstatus_rd	CALL *() **{}
2024-06-10 17:25:34,420	TRACE	evk.IxanaEVK.field_rd	CALL *(<FIELD_NAME.ICSTATUS: 2>,) **{}
2024-06-10 17:25:34,420	TRACE	evk.IxanaEVK._write	CALL *(bytearray(b'\x00\x02\x00'),) **{}
2024-06-10 17:25:34,461	TRACE	evk.IxanaEVK._write	RETURN None
2024-06-10 17:25:34,461	TRACE	evk.IxanaEVK._read	CALL *(4,) **{}
2024-06-10 17:25:34,461	TRACE	evk.IxanaEVK._read	RETURN bytearray(b'\x02\x02\x00\x00')
2024-06-10 17:25:34,461	TRACE	evk.IxanaEVK._read	CALL *(1,) **{}
2024-06-10 17:25:34,461	TRACE	evk.IxanaEVK._read	RETURN bytearray(b'\x05')
2024-06-10 17:25:34,461	TRACE	evk.IxanaEVK.field_rd	RETURN bytearray(b'\x05')
2024-06-10 17:25:34,461	TRACE	evk.IxanaEVK.icstatus_rd	RETURN <IC_STATUS.SUCCESS: 5>
2024-06-10 17:25:34,461	TRACE	evk.IxanaEVK.check_ic_status	RETURN None
2024-06-10 17:25:34,461	TRACE	evk.IxanaEVK.data_enable	CALL *(True,) **{}
2024-06-10 17:25:34,461	TRACE	evk.IxanaEVK._write	CALL *(bytearray(b'\x04\x01'),) **{}
2024-06-10 17:25:34,510	TRACE	evk.IxanaEVK._write	RETURN None
2024-06-10 17:25:34,510	TRACE	evk.IxanaEVK.data_enable	RETURN None
2024-06-10 17:25:34,510	TRACE	evk.IxanaEVK.mode_start	RETURN None
2024-06-10 17:25:35,510	TRACE	evk.IxanaEVK.data_rd	CALL *() **{}
2024-06-10 17:25:35,510	TRACE	evk.IxanaEVK.rd8	CALL *() **{}
2024-06-10 17:25:35,510	TRACE	evk.IxanaEVK._read	CALL *(1,) **{}
2024-06-10 17:25:35,510	TRACE	evk.IxanaEVK._read	RETURN bytearray(b'\x01')
2024-06-10 17:25:35,510	TRACE	evk.IxanaEVK.rd8	RETURN 1
2024-06-10 17:25:35,510	TRACE	evk.IxanaEVK.rd8	CALL *() **{}
2024-06-10 17:25:35,510	TRACE	evk.IxanaEVK._read	CALL *(1,) **{}
2024-06-10 17:25:35,510	TRACE	evk.IxanaEVK._read	RETURN bytearray(b'\x02')
2024-06-10 17:25:35,510	TRACE	evk.IxanaEVK.rd8	RETURN 2
2024-06-10 17:25:35,510	TRACE	evk.IxanaEVK.rd8	CALL *() **{}
2024-06-10 17:25:35,510	TRACE	evk.IxanaEVK._read	CALL *(1,) **{}
2024-06-10 17:25:35,510	TRACE	evk.IxanaEVK._read	RETURN bytearray(b' ')
2024-06-10 17:25:35,510	TRACE	evk.IxanaEVK.rd8	RETURN 32
2024-06-10 17:25:35,510	TRACE	evk.IxanaEVK._read	CALL *(32,) **{}
2024-06-10 17:25:35,510	TRACE	evk.IxanaEVK._read	RETURN bytearray(b' \x00\x00\x00@B\x0f\x00\x06\x00\x00\x00w\x01\x00\x00\x18\x00\x00\x00\x00w\x01\x00^\x00\x00\x001\x00\xc1\x00')
2024-06-10 17:25:35,510	TRACE	evk.IxanaEVK.data_rd	RETURN (<MODE.STATS_RX: 2>, bytearray(b' \x00\x00\x00@B\x0f\x00\x06\x00\x00\x00w\x01\x00\x00\x18\x00\x00\x00\x00w\x01\x00^\x00\x00\x001\x00\xc1\x00'))
2024-06-10 17:25:35,514	DEBUG	urllib3.connectionpool._new_conn	Starting new HTTP connection (1): 3.25.191.180:80
2024-06-10 17:25:36,745	DEBUG	urllib3.connectionpool._make_request	http://3.25.191.180:80 "POST /processdev HTTP/1.1" 200 274
2024-06-10 17:25:37,749	TRACE	evk.IxanaEVK.data_rd	CALL *() **{}
2024-06-10 17:25:37,749	TRACE	evk.IxanaEVK.rd8	CALL *() **{}
2024-06-10 17:25:37,749	TRACE	evk.IxanaEVK._read	CALL *(1,) **{}
2024-06-10 17:25:37,749	TRACE	evk.IxanaEVK._read	RETURN bytearray(b'\x01')
2024-06-10 17:25:37,749	TRACE	evk.IxanaEVK.rd8	RETURN 1
2024-06-10 17:25:37,749	TRACE	evk.IxanaEVK.rd8	CALL *() **{}
2024-06-10 17:25:37,749	TRACE	evk.IxanaEVK._read	CALL *(1,) **{}
2024-06-10 17:25:37,749	TRACE	evk.IxanaEVK._read	RETURN bytearray(b'\x02')
2024-06-10 17:25:37,749	TRACE	evk.IxanaEVK.rd8	RETURN 2
2024-06-10 17:25:37,749	TRACE	evk.IxanaEVK.rd8	CALL *() **{}
2024-06-10 17:25:37,749	TRACE	evk.IxanaEVK._read	CALL *(1,) **{}
2024-06-10 17:25:37,749	TRACE	evk.IxanaEVK._read	RETURN bytearray(b' ')
2024-06-10 17:25:37,749	TRACE	evk.IxanaEVK.rd8	RETURN 32
2024-06-10 17:25:37,749	TRACE	evk.IxanaEVK._read	CALL *(32,) **{}
2024-06-10 17:25:37,749	TRACE	evk.IxanaEVK._read	RETURN bytearray(b' \x00\x00\x00@B\x0f\x00\x00\x00\x00\x00}\x01\x00\x00\x05\x00\x00\x00\x00}\x01\x00\x0c\x00\x00\x000\x00\xc1\x00')
2024-06-10 17:25:37,749	TRACE	evk.IxanaEVK.data_rd	RETURN (<MODE.STATS_RX: 2>, bytearray(b' \x00\x00\x00@B\x0f\x00\x00\x00\x00\x00}\x01\x00\x00\x05\x00\x00\x00\x00}\x01\x00\x0c\x00\x00\x000\x00\xc1\x00'))
2024-06-10 17:25:37,753	DEBUG	urllib3.connectionpool._new_conn	Starting new HTTP connection (1): 3.25.191.180:80
2024-06-10 17:25:38,957	DEBUG	urllib3.connectionpool._make_request	http://3.25.191.180:80 "POST /processdev HTTP/1.1" 200 292
2024-06-10 17:25:39,961	TRACE	evk.IxanaEVK.data_rd	CALL *() **{}
2024-06-10 17:25:39,961	TRACE	evk.IxanaEVK.rd8	CALL *() **{}
2024-06-10 17:25:39,961	TRACE	evk.IxanaEVK._read	CALL *(1,) **{}
2024-06-10 17:25:39,961	TRACE	evk.IxanaEVK._read	RETURN bytearray(b'\x01')
2024-06-10 17:25:39,961	TRACE	evk.IxanaEVK.rd8	RETURN 1
2024-06-10 17:25:39,961	TRACE	evk.IxanaEVK.rd8	CALL *() **{}
2024-06-10 17:25:39,961	TRACE	evk.IxanaEVK._read	CALL *(1,) **{}
2024-06-10 17:25:39,961	TRACE	evk.IxanaEVK._read	RETURN bytearray(b'\x02')
2024-06-10 17:25:39,961	TRACE	evk.IxanaEVK.rd8	RETURN 2
2024-06-10 17:25:39,961	TRACE	evk.IxanaEVK.rd8	CALL *() **{}
2024-06-10 17:25:39,961	TRACE	evk.IxanaEVK._read	CALL *(1,) **{}
2024-06-10 17:25:39,961	TRACE	evk.IxanaEVK._read	RETURN bytearray(b' ')
2024-06-10 17:25:39,961	TRACE	evk.IxanaEVK.rd8	RETURN 32
2024-06-10 17:25:39,961	TRACE	evk.IxanaEVK._read	CALL *(32,) **{}
2024-06-10 17:25:39,961	TRACE	evk.IxanaEVK._read	RETURN bytearray(b' \x00\x00\x00@B\x0f\x00\x01\x00\x00\x00{\x01\x00\x00\x07\x00\x00\x00\x00{\x01\x00\x10\x00\x00\x000\x00\xc0\x00')
2024-06-10 17:25:39,961	TRACE	evk.IxanaEVK.data_rd	RETURN (<MODE.STATS_RX: 2>, bytearray(b' \x00\x00\x00@B\x0f\x00\x01\x00\x00\x00{\x01\x00\x00\x07\x00\x00\x00\x00{\x01\x00\x10\x00\x00\x000\x00\xc0\x00'))
2024-06-10 17:25:39,964	DEBUG	urllib3.connectionpool._new_conn	Starting new HTTP connection (1): 3.25.191.180:80
2024-06-10 17:25:41,207	DEBUG	urllib3.connectionpool._make_request	http://3.25.191.180:80 "POST /processdev HTTP/1.1" 200 291
2024-06-10 17:25:42,214	TRACE	evk.IxanaEVK.data_rd	CALL *() **{}
2024-06-10 17:25:42,215	TRACE	evk.IxanaEVK.rd8	CALL *() **{}
2024-06-10 17:25:42,215	TRACE	evk.IxanaEVK._read	CALL *(1,) **{}
2024-06-10 17:25:42,215	TRACE	evk.IxanaEVK._read	RETURN bytearray(b'\x01')
2024-06-10 17:25:42,215	TRACE	evk.IxanaEVK.rd8	RETURN 1
2024-06-10 17:25:42,215	TRACE	evk.IxanaEVK.rd8	CALL *() **{}
2024-06-10 17:25:42,215	TRACE	evk.IxanaEVK._read	CALL *(1,) **{}
2024-06-10 17:25:42,215	TRACE	evk.IxanaEVK._read	RETURN bytearray(b'\x02')
2024-06-10 17:25:42,215	TRACE	evk.IxanaEVK.rd8	RETURN 2
2024-06-10 17:25:42,215	TRACE	evk.IxanaEVK.rd8	CALL *() **{}
2024-06-10 17:25:42,215	TRACE	evk.IxanaEVK._read	CALL *(1,) **{}
2024-06-10 17:25:42,215	TRACE	evk.IxanaEVK._read	RETURN bytearray(b' ')
2024-06-10 17:25:42,215	TRACE	evk.IxanaEVK.rd8	RETURN 32
2024-06-10 17:25:42,215	TRACE	evk.IxanaEVK._read	CALL *(32,) **{}
2024-06-10 17:25:42,215	TRACE	evk.IxanaEVK._read	RETURN bytearray(b' \x00\x00\x00@B\x0f\x00\x01\x00\x00\x00|\x01\x00\x00\x13\x00\x00\x00\x00|\x01\x00%\x00\x00\x000\x00\xbf\x00')
2024-06-10 17:25:42,215	TRACE	evk.IxanaEVK.data_rd	RETURN (<MODE.STATS_RX: 2>, bytearray(b' \x00\x00\x00@B\x0f\x00\x01\x00\x00\x00|\x01\x00\x00\x13\x00\x00\x00\x00|\x01\x00%\x00\x00\x000\x00\xbf\x00'))
2024-06-10 17:25:42,216	DEBUG	urllib3.connectionpool._new_conn	Starting new HTTP connection (1): 3.25.191.180:80
2024-06-10 17:25:43,403	DEBUG	urllib3.connectionpool._make_request	http://3.25.191.180:80 "POST /processdev HTTP/1.1" 200 274
2024-06-10 17:25:44,502	DEBUG	bleak.backends.winrt.client.disconnect	Disconnecting from BLE device...
2024-06-10 17:25:47,683	DEBUG	bleak.backends.winrt.client.max_pdu_size_changed_handler	max_pdu_size_changed_handler: 23
2024-06-10 17:25:47,683	DEBUG	bleak.backends.winrt.client.session_status_changed_event_handler	session_status_changed_event_handler: id: BluetoothLE#BluetoothLEe8:48:b8:c8:20:00-68:05:16:46:bf:24, error: <BluetoothError.SUCCESS: 0>, status: <GattSessionStatus.CLOSED: 0>
2024-06-10 17:25:47,683	DEBUG	bleak.backends.winrt.client.handle_disconnect	closing requester
2024-06-10 17:25:47,698	DEBUG	bleak.backends.winrt.client.handle_disconnect	closing session
