2024-06-07 15:14:53,260	TRACE	evk.IxanaEVK.__init__	CALL *('68:05:16:46:BF:24',) **{}
2024-06-07 15:14:53,261	DEBUG	asyncio.__init__	Using proactor: IocpProactor
2024-06-07 15:14:53,469	DEBUG	bleak.backends.winrt.scanner._received_handler	Received 68:07:2E:5B:6F:67: .
2024-06-07 15:14:53,472	DEBUG	bleak.backends.winrt.scanner._received_handler	Received 68:07:2E:5B:6F:67: Amdtp.
2024-06-07 15:14:53,583	DEBUG	bleak.backends.winrt.scanner._received_handler	Received 68:03:71:74:E0:2A: .
2024-06-07 15:14:53,585	DEBUG	bleak.backends.winrt.scanner._received_handler	Received 68:03:71:74:E0:2A: Amdtp.
2024-06-07 15:14:53,588	DEBUG	bleak.backends.winrt.scanner._received_handler	Received 68:03:04:31:9C:D5: .
2024-06-07 15:14:53,590	DEBUG	bleak.backends.winrt.scanner._received_handler	Received 68:03:04:31:9C:D5: Amdtp.
2024-06-07 15:14:53,592	DEBUG	bleak.backends.winrt.scanner._received_handler	Received 36:D0:17:5C:17:7D: .
2024-06-07 15:14:53,693	DEBUG	bleak.backends.winrt.scanner._received_handler	Received 36:D0:17:5C:17:7D: .
2024-06-07 15:14:53,704	DEBUG	bleak.backends.winrt.scanner._received_handler	Received 68:09:DD:FB:53:D2: .
2024-06-07 15:14:53,704	DEBUG	bleak.backends.winrt.scanner._received_handler	Received 68:09:DD:FB:53:D2: Amdtp.
2024-06-07 15:14:53,708	DEBUG	bleak.backends.winrt.scanner._received_handler	Received 68:02:15:5A:DB:AC: .
2024-06-07 15:14:53,709	DEBUG	bleak.backends.winrt.scanner._received_handler	Received 68:02:15:5A:DB:AC: Amdtp.
2024-06-07 15:14:53,815	DEBUG	bleak.backends.winrt.scanner._received_handler	Received 03:AE:EF:07:7F:E9: .
2024-06-07 15:14:53,818	DEBUG	bleak.backends.winrt.scanner._received_handler	Received 2A:BF:42:C0:C9:04: .
2024-06-07 15:14:53,820	DEBUG	bleak.backends.winrt.scanner._received_handler	Received 2A:BF:42:C0:C9:04: .
2024-06-07 15:14:53,823	DEBUG	bleak.backends.winrt.scanner._received_handler	Received 78:7B:97:88:26:AD: .
2024-06-07 15:14:53,825	DEBUG	bleak.backends.winrt.scanner._received_handler	Received 78:7B:97:88:26:AD: .
2024-06-07 15:14:53,929	DEBUG	bleak.backends.winrt.scanner._received_handler	Received 38:01:95:99:1C:66: .
2024-06-07 15:14:53,945	DEBUG	bleak.backends.winrt.scanner._received_handler	Received 78:7B:97:88:26:AD: LE_WH-1000XM5.
2024-06-07 15:14:54,063	DEBUG	bleak.backends.winrt.scanner._received_handler	Received 68:08:FC:E1:F4:00: .
2024-06-07 15:14:54,064	DEBUG	bleak.backends.winrt.scanner._received_handler	Received 68:08:FC:E1:F4:00: Amdtp.
2024-06-07 15:14:54,168	DEBUG	bleak.backends.winrt.scanner._received_handler	Received 68:08:FC:E1:F4:00: .
2024-06-07 15:14:54,171	DEBUG	bleak.backends.winrt.scanner._received_handler	Received 68:08:FC:E1:F4:00: Amdtp.
2024-06-07 15:14:54,180	DEBUG	bleak.backends.winrt.scanner._received_handler	Received 3F:88:AE:5F:A9:EC: .
2024-06-07 15:14:54,283	DEBUG	bleak.backends.winrt.scanner._received_handler	Received 0E:80:7D:BD:24:33: .
2024-06-07 15:14:54,287	DEBUG	bleak.backends.winrt.scanner._received_handler	Received 78:7B:97:88:26:AD: .
2024-06-07 15:14:54,289	DEBUG	bleak.backends.winrt.scanner._received_handler	Received 78:7B:97:88:26:AD: .
2024-06-07 15:14:54,291	DEBUG	bleak.backends.winrt.scanner._received_handler	Received 78:36:D9:BF:F4:DB: .
2024-06-07 15:14:54,292	DEBUG	bleak.backends.winrt.scanner._received_handler	Received 78:36:D9:BF:F4:DB: .
2024-06-07 15:14:54,295	DEBUG	bleak.backends.winrt.scanner._received_handler	Received 68:05:16:46:BF:24: .
2024-06-07 15:14:54,296	DEBUG	bleak.backends.winrt.scanner._stopped_handler	15 devices found. Watcher status: <BluetoothLEAdvertisementWatcherStatus.STOPPED: 3>.
2024-06-07 15:14:54,307	DEBUG	bleak.backends.winrt.client.connect	Connecting to BLE device @ 68:05:16:46:BF:24
2024-06-07 15:14:54,367	DEBUG	bleak.backends.winrt.client.get_services	getting services (service_cache_mode=None, cache_mode=None)...
2024-06-07 15:14:55,460	DEBUG	bleak.backends.winrt.client.connect	max_pdu_size_changed event not received, using default
2024-06-07 15:14:57,014	DEBUG	bleak.backends.winrt.client.session_status_changed_event_handler	session_status_changed_event_handler: id: BluetoothLE#BluetoothLEe8:48:b8:c8:20:00-68:05:16:46:bf:24, error: <BluetoothError.SUCCESS: 0>, status: <GattSessionStatus.ACTIVE: 1>
2024-06-07 15:14:57,064	DEBUG	bleak.backends.winrt.client.max_pdu_size_changed_handler	max_pdu_size_changed_handler: 247
2024-06-07 15:14:57,461	TRACE	evk.IxanaEVK.mode_reset	CALL *() **{}
2024-06-07 15:14:57,462	TRACE	evk.IxanaEVK._write	CALL *(bytearray(b'\x00\x03\x01\x00'),) **{}
2024-06-07 15:14:57,491	TRACE	evk.IxanaEVK._write	RETURN None
2024-06-07 15:14:57,993	TRACE	evk.IxanaEVK.data_enable	CALL *(False,) **{}
2024-06-07 15:14:57,993	TRACE	evk.IxanaEVK._write	CALL *(bytearray(b'\x04\x00'),) **{}
2024-06-07 15:14:58,017	TRACE	evk.IxanaEVK._write	RETURN None
2024-06-07 15:14:58,017	TRACE	evk.IxanaEVK.data_enable	RETURN None
2024-06-07 15:14:58,017	TRACE	evk.IxanaEVK.mode_reset	RETURN None
2024-06-07 15:14:58,017	TRACE	evk.IxanaEVK.field_rd	CALL *(<FIELD_NAME.VERSION: 0>,) **{}
2024-06-07 15:14:58,017	TRACE	evk.IxanaEVK._write	CALL *(bytearray(b'\x00\x00\x00'),) **{}
2024-06-07 15:14:58,046	TRACE	evk.IxanaEVK._write	RETURN None
2024-06-07 15:14:58,046	TRACE	evk.IxanaEVK._read	CALL *(4,) **{}
2024-06-07 15:14:58,047	TRACE	evk.IxanaEVK._read	RETURN bytearray(b'\x02\x00\x00\x00')
2024-06-07 15:14:58,047	TRACE	evk.IxanaEVK._read	CALL *(3,) **{}
2024-06-07 15:14:58,047	TRACE	evk.IxanaEVK._read	RETURN bytearray(b'\x00\x00\x01')
2024-06-07 15:14:58,047	TRACE	evk.IxanaEVK.field_rd	RETURN bytearray(b'\x00\x00\x01')
2024-06-07 15:14:58,047	TRACE	evk.IxanaEVK.field_rd	CALL *(<FIELD_NAME.BOARDID: 1>,) **{}
2024-06-07 15:14:58,048	TRACE	evk.IxanaEVK._write	CALL *(bytearray(b'\x00\x01\x00'),) **{}
2024-06-07 15:14:58,077	TRACE	evk.IxanaEVK._write	RETURN None
2024-06-07 15:14:58,077	TRACE	evk.IxanaEVK._read	CALL *(4,) **{}
2024-06-07 15:14:58,077	TRACE	evk.IxanaEVK._read	RETURN bytearray(b'\x02\x01\x00\x00')
2024-06-07 15:14:58,077	TRACE	evk.IxanaEVK._read	CALL *(16,) **{}
2024-06-07 15:14:58,077	TRACE	evk.IxanaEVK._read	RETURN bytearray(b'\x18 4\x08\x02\x05he$\xbfF\x161\xbf\x0e\x00')
2024-06-07 15:14:58,077	TRACE	evk.IxanaEVK.field_rd	RETURN bytearray(b'\x18 4\x08\x02\x05he$\xbfF\x161\xbf\x0e\x00')
2024-06-07 15:14:58,077	TRACE	evk.IxanaEVK.__init__	RETURN None
2024-06-07 15:14:58,078	TRACE	evk.IxanaEVK.mode_rd	CALL *() **{}
2024-06-07 15:14:58,078	TRACE	evk.IxanaEVK.field_rd	CALL *(<FIELD_NAME.MODE: 3>,) **{}
2024-06-07 15:14:58,078	TRACE	evk.IxanaEVK._write	CALL *(bytearray(b'\x00\x03\x00'),) **{}
2024-06-07 15:14:58,106	TRACE	evk.IxanaEVK._write	RETURN None
2024-06-07 15:14:58,106	TRACE	evk.IxanaEVK._read	CALL *(4,) **{}
2024-06-07 15:14:58,106	TRACE	evk.IxanaEVK._read	RETURN bytearray(b'\x02\x03\x00\x00')
2024-06-07 15:14:58,106	TRACE	evk.IxanaEVK._read	CALL *(1,) **{}
2024-06-07 15:14:58,106	TRACE	evk.IxanaEVK._read	RETURN bytearray(b'\x00')
2024-06-07 15:14:58,106	TRACE	evk.IxanaEVK.field_rd	RETURN bytearray(b'\x00')
2024-06-07 15:14:58,106	TRACE	evk.IxanaEVK.mode_rd	RETURN <MODE.NONE: 0>
2024-06-07 15:14:58,109	TRACE	evk.IxanaEVK.mode_start	CALL *(<MODE.STATS_RX: 2>, <FIELD_NAME.MODE_STATS_RX: 5>, FieldModeStatsRX(icsetting_bitrate=0, data_size=32, duration_us=1000000)) **{}
2024-06-07 15:14:58,109	TRACE	evk.IxanaEVK.mode_reset	CALL *() **{}
2024-06-07 15:14:58,109	TRACE	evk.IxanaEVK._write	CALL *(bytearray(b'\x00\x03\x01\x00'),) **{}
2024-06-07 15:14:58,136	TRACE	evk.IxanaEVK._write	RETURN None
2024-06-07 15:14:58,638	TRACE	evk.IxanaEVK.data_enable	CALL *(False,) **{}
2024-06-07 15:14:58,638	TRACE	evk.IxanaEVK._write	CALL *(bytearray(b'\x04\x00'),) **{}
2024-06-07 15:14:58,661	TRACE	evk.IxanaEVK._write	RETURN None
2024-06-07 15:14:58,662	TRACE	evk.IxanaEVK.data_enable	RETURN None
2024-06-07 15:14:58,662	TRACE	evk.IxanaEVK.mode_reset	RETURN None
2024-06-07 15:14:58,662	TRACE	evk.IxanaEVK.mode_wrrd	CALL *(<MODE.NONE: 0>,) **{}
2024-06-07 15:14:58,662	TRACE	evk.IxanaEVK.mode_wr	CALL *(<MODE.NONE: 0>,) **{}
2024-06-07 15:14:58,662	TRACE	evk.IxanaEVK.field_wr	CALL *(<FIELD_NAME.MODE: 3>, <MODE.NONE: 0>) **{}
2024-06-07 15:14:58,662	TRACE	evk.IxanaEVK._field_data_format	CALL *(<MODE.NONE: 0>,) **{}
2024-06-07 15:14:58,662	TRACE	evk.IxanaEVK._field_data_format	RETURN b'\x00'
2024-06-07 15:14:58,662	TRACE	evk.IxanaEVK._write	CALL *(bytearray(b'\x00\x03\x01\x00'),) **{}
2024-06-07 15:14:58,691	TRACE	evk.IxanaEVK._write	RETURN None
2024-06-07 15:14:58,691	TRACE	evk.IxanaEVK._read	CALL *(4,) **{}
2024-06-07 15:14:58,691	TRACE	evk.IxanaEVK._read	RETURN bytearray(b'\x02\x03\x01\x00')
2024-06-07 15:14:58,691	TRACE	evk.IxanaEVK.field_wr	RETURN None
2024-06-07 15:14:58,691	TRACE	evk.IxanaEVK.mode_wr	RETURN None
2024-06-07 15:14:58,692	TRACE	evk.IxanaEVK.mode_rd	CALL *() **{}
2024-06-07 15:14:58,692	TRACE	evk.IxanaEVK.field_rd	CALL *(<FIELD_NAME.MODE: 3>,) **{}
2024-06-07 15:14:58,692	TRACE	evk.IxanaEVK._write	CALL *(bytearray(b'\x00\x03\x00'),) **{}
2024-06-07 15:14:58,722	TRACE	evk.IxanaEVK._write	RETURN None
2024-06-07 15:14:58,722	TRACE	evk.IxanaEVK._read	CALL *(4,) **{}
2024-06-07 15:14:58,722	TRACE	evk.IxanaEVK._read	RETURN bytearray(b'\x02\x03\x00\x00')
2024-06-07 15:14:58,722	TRACE	evk.IxanaEVK._read	CALL *(1,) **{}
2024-06-07 15:14:58,722	TRACE	evk.IxanaEVK._read	RETURN bytearray(b'\x00')
2024-06-07 15:14:58,722	TRACE	evk.IxanaEVK.field_rd	RETURN bytearray(b'\x00')
2024-06-07 15:14:58,722	TRACE	evk.IxanaEVK.mode_rd	RETURN <MODE.NONE: 0>
2024-06-07 15:14:58,722	TRACE	evk.IxanaEVK.mode_wrrd	RETURN None
2024-06-07 15:14:58,722	TRACE	evk.IxanaEVK.field_wrrd	CALL *(<FIELD_NAME.MODE_STATS_RX: 5>, bytearray(b'\x00 @B\x0f\x00')) **{}
2024-06-07 15:14:58,722	TRACE	evk.IxanaEVK.field_wr	CALL *(<FIELD_NAME.MODE_STATS_RX: 5>, bytearray(b'\x00 @B\x0f\x00')) **{}
2024-06-07 15:14:58,722	TRACE	evk.IxanaEVK._field_data_format	CALL *(bytearray(b'\x00 @B\x0f\x00'),) **{}
2024-06-07 15:14:58,722	TRACE	evk.IxanaEVK._field_data_format	RETURN bytearray(b'\x00 @B\x0f\x00')
2024-06-07 15:14:58,722	TRACE	evk.IxanaEVK._write	CALL *(bytearray(b'\x00\x05\x01\x00 @B\x0f\x00'),) **{}
2024-06-07 15:14:58,752	TRACE	evk.IxanaEVK._write	RETURN None
2024-06-07 15:14:58,752	TRACE	evk.IxanaEVK._read	CALL *(4,) **{}
2024-06-07 15:14:58,752	TRACE	evk.IxanaEVK._read	RETURN bytearray(b'\x02\x05\x01\x00')
2024-06-07 15:14:58,752	TRACE	evk.IxanaEVK.field_wr	RETURN None
2024-06-07 15:14:58,752	TRACE	evk.IxanaEVK._field_data_format	CALL *(bytearray(b'\x00 @B\x0f\x00'),) **{}
2024-06-07 15:14:58,752	TRACE	evk.IxanaEVK._field_data_format	RETURN bytearray(b'\x00 @B\x0f\x00')
2024-06-07 15:14:58,753	TRACE	evk.IxanaEVK.field_rd	CALL *(<FIELD_NAME.MODE_STATS_RX: 5>,) **{}
2024-06-07 15:14:58,753	TRACE	evk.IxanaEVK._write	CALL *(bytearray(b'\x00\x05\x00'),) **{}
2024-06-07 15:14:58,782	TRACE	evk.IxanaEVK._write	RETURN None
2024-06-07 15:14:58,782	TRACE	evk.IxanaEVK._read	CALL *(4,) **{}
2024-06-07 15:14:58,782	TRACE	evk.IxanaEVK._read	RETURN bytearray(b'\x02\x05\x00\x00')
2024-06-07 15:14:58,782	TRACE	evk.IxanaEVK._read	CALL *(6,) **{}
2024-06-07 15:14:58,782	TRACE	evk.IxanaEVK._read	RETURN bytearray(b'\x00 @B\x0f\x00')
2024-06-07 15:14:58,782	TRACE	evk.IxanaEVK.field_rd	RETURN bytearray(b'\x00 @B\x0f\x00')
2024-06-07 15:14:58,782	TRACE	evk.IxanaEVK.field_wrrd	RETURN None
2024-06-07 15:14:58,783	TRACE	evk.IxanaEVK.mode_wrrd	CALL *(<MODE.STATS_RX: 2>,) **{}
2024-06-07 15:14:58,783	TRACE	evk.IxanaEVK.mode_wr	CALL *(<MODE.STATS_RX: 2>,) **{}
2024-06-07 15:14:58,783	TRACE	evk.IxanaEVK.field_wr	CALL *(<FIELD_NAME.MODE: 3>, <MODE.STATS_RX: 2>) **{}
2024-06-07 15:14:58,783	TRACE	evk.IxanaEVK._field_data_format	CALL *(<MODE.STATS_RX: 2>,) **{}
2024-06-07 15:14:58,783	TRACE	evk.IxanaEVK._field_data_format	RETURN b'\x02'
2024-06-07 15:14:58,783	TRACE	evk.IxanaEVK._write	CALL *(bytearray(b'\x00\x03\x01\x02'),) **{}
2024-06-07 15:14:58,811	TRACE	evk.IxanaEVK._write	RETURN None
2024-06-07 15:14:58,811	TRACE	evk.IxanaEVK._read	CALL *(4,) **{}
2024-06-07 15:14:59,194	TRACE	evk.IxanaEVK._read	RETURN bytearray(b'\x02\x03\x01\x00')
2024-06-07 15:14:59,194	TRACE	evk.IxanaEVK.field_wr	RETURN None
2024-06-07 15:14:59,194	TRACE	evk.IxanaEVK.mode_wr	RETURN None
2024-06-07 15:14:59,194	TRACE	evk.IxanaEVK.mode_rd	CALL *() **{}
2024-06-07 15:14:59,194	TRACE	evk.IxanaEVK.field_rd	CALL *(<FIELD_NAME.MODE: 3>,) **{}
2024-06-07 15:14:59,194	TRACE	evk.IxanaEVK._write	CALL *(bytearray(b'\x00\x03\x00'),) **{}
2024-06-07 15:14:59,239	TRACE	evk.IxanaEVK._write	RETURN None
2024-06-07 15:14:59,239	TRACE	evk.IxanaEVK._read	CALL *(4,) **{}
2024-06-07 15:14:59,239	TRACE	evk.IxanaEVK._read	RETURN bytearray(b'\x02\x03\x00\x00')
2024-06-07 15:14:59,239	TRACE	evk.IxanaEVK._read	CALL *(1,) **{}
2024-06-07 15:14:59,239	TRACE	evk.IxanaEVK._read	RETURN bytearray(b'\x02')
2024-06-07 15:14:59,239	TRACE	evk.IxanaEVK.field_rd	RETURN bytearray(b'\x02')
2024-06-07 15:14:59,239	TRACE	evk.IxanaEVK.mode_rd	RETURN <MODE.STATS_RX: 2>
2024-06-07 15:14:59,239	TRACE	evk.IxanaEVK.mode_wrrd	RETURN None
2024-06-07 15:14:59,239	TRACE	evk.IxanaEVK.check_ic_status	CALL *() **{}
2024-06-07 15:14:59,239	TRACE	evk.IxanaEVK.icstatus_rd	CALL *() **{}
2024-06-07 15:14:59,239	TRACE	evk.IxanaEVK.field_rd	CALL *(<FIELD_NAME.ICSTATUS: 2>,) **{}
2024-06-07 15:14:59,239	TRACE	evk.IxanaEVK._write	CALL *(bytearray(b'\x00\x02\x00'),) **{}
2024-06-07 15:14:59,284	TRACE	evk.IxanaEVK._write	RETURN None
2024-06-07 15:14:59,284	TRACE	evk.IxanaEVK._read	CALL *(4,) **{}
2024-06-07 15:14:59,284	TRACE	evk.IxanaEVK._read	RETURN bytearray(b'\x02\x02\x00\x00')
2024-06-07 15:14:59,284	TRACE	evk.IxanaEVK._read	CALL *(1,) **{}
2024-06-07 15:14:59,284	TRACE	evk.IxanaEVK._read	RETURN bytearray(b'\x05')
2024-06-07 15:14:59,284	TRACE	evk.IxanaEVK.field_rd	RETURN bytearray(b'\x05')
2024-06-07 15:14:59,284	TRACE	evk.IxanaEVK.icstatus_rd	RETURN <IC_STATUS.SUCCESS: 5>
2024-06-07 15:14:59,284	TRACE	evk.IxanaEVK.check_ic_status	RETURN None
2024-06-07 15:14:59,284	TRACE	evk.IxanaEVK.data_enable	CALL *(True,) **{}
2024-06-07 15:14:59,284	TRACE	evk.IxanaEVK._write	CALL *(bytearray(b'\x04\x01'),) **{}
2024-06-07 15:14:59,352	TRACE	evk.IxanaEVK._write	RETURN None
2024-06-07 15:14:59,352	TRACE	evk.IxanaEVK.data_enable	RETURN None
2024-06-07 15:14:59,352	TRACE	evk.IxanaEVK.mode_start	RETURN None
2024-06-07 15:15:00,353	TRACE	evk.IxanaEVK.data_rd	CALL *() **{}
2024-06-07 15:15:00,353	TRACE	evk.IxanaEVK.rd8	CALL *() **{}
2024-06-07 15:15:00,353	TRACE	evk.IxanaEVK._read	CALL *(1,) **{}
2024-06-07 15:15:00,353	TRACE	evk.IxanaEVK._read	RETURN bytearray(b'\x01')
2024-06-07 15:15:00,353	TRACE	evk.IxanaEVK.rd8	RETURN 1
2024-06-07 15:15:00,353	TRACE	evk.IxanaEVK.rd8	CALL *() **{}
2024-06-07 15:15:00,353	TRACE	evk.IxanaEVK._read	CALL *(1,) **{}
2024-06-07 15:15:00,353	TRACE	evk.IxanaEVK._read	RETURN bytearray(b'\x02')
2024-06-07 15:15:00,353	TRACE	evk.IxanaEVK.rd8	RETURN 2
2024-06-07 15:15:00,353	TRACE	evk.IxanaEVK.rd8	CALL *() **{}
2024-06-07 15:15:00,353	TRACE	evk.IxanaEVK._read	CALL *(1,) **{}
2024-06-07 15:15:00,353	TRACE	evk.IxanaEVK._read	RETURN bytearray(b' ')
2024-06-07 15:15:00,353	TRACE	evk.IxanaEVK.rd8	RETURN 32
2024-06-07 15:15:00,353	TRACE	evk.IxanaEVK._read	CALL *(32,) **{}
2024-06-07 15:15:00,353	TRACE	evk.IxanaEVK._read	RETURN bytearray(b' \x00\x00\x00@B\x0f\x00n\x00\x00\x00\x0e\x01\x00\x00\xee\x00\x00\x00\x00\x0e\x01\x00j\x02\x00\x00"\x01\x9b\x00')
2024-06-07 15:15:00,353	TRACE	evk.IxanaEVK.data_rd	RETURN (<MODE.STATS_RX: 2>, bytearray(b' \x00\x00\x00@B\x0f\x00n\x00\x00\x00\x0e\x01\x00\x00\xee\x00\x00\x00\x00\x0e\x01\x00j\x02\x00\x00"\x01\x9b\x00'))
2024-06-07 15:15:00,361	DEBUG	urllib3.connectionpool._new_conn	Starting new HTTP connection (1): 127.0.0.1:5000
2024-06-07 15:15:00,509	DEBUG	urllib3.connectionpool._make_request	http://127.0.0.1:5000 "POST /processdev HTTP/1.1" 500 265
2024-06-07 15:15:00,590	DEBUG	bleak.backends.winrt.client.disconnect	Disconnecting from BLE device...
2024-06-07 15:15:03,807	DEBUG	bleak.backends.winrt.client.max_pdu_size_changed_handler	max_pdu_size_changed_handler: 23
2024-06-07 15:15:03,807	DEBUG	bleak.backends.winrt.client.session_status_changed_event_handler	session_status_changed_event_handler: id: BluetoothLE#BluetoothLEe8:48:b8:c8:20:00-68:05:16:46:bf:24, error: <BluetoothError.SUCCESS: 0>, status: <GattSessionStatus.CLOSED: 0>
2024-06-07 15:15:03,807	DEBUG	bleak.backends.winrt.client.handle_disconnect	closing requester
2024-06-07 15:15:03,807	DEBUG	bleak.backends.winrt.client.handle_disconnect	closing session
